 <<< Combine >>> 
 <<< v10.0.1 >>>
>>> Random number generator seed is 123456
>>> Method used is FitDiagnostics
Set Default Value of Parameter mask_pass_SIG To : 1
Set Default Value of Parameter mask_pass_HIGH To : 1
Set Default Value of Parameter r To : 1
>>> 2 out of 6 channels masked

>> Found 16 floating parameters
>> The following parameters are protected in the event of negative eigenvalues: r
>> Verifying eigenvalues are all positive (iteration 0)
Eigenvalue 15 : -0.0131619
 - 0.968688	r
 - -0.244774	SVM
 - -0.0397306	Background_fail_HIGH_bin_4-1
 - -0.0113414	Background_fail_HIGH_bin_3-1
 - -0.00325935	Background_fail_HIGH_bin_2-1
>> Attempt 0 failed, remove the variable with largest eigenvector component...
>> Dropping SVM from the hessian
>> Verifying eigenvalues are all positive (iteration 1)
Eigenvalue 13 : -5.55112e-17
 - -1	Background_fail_HIGH_bin_5-1
 - 1.06333e-07	r
 - -4.77974e-09	Background_fail_HIGH_bin_4-1
 - -1.3348e-09	Background_fail_HIGH_bin_3-1
 - -4.9523e-10	lumi
Eigenvalue 14 : -0.000125781
 - 0.998956	r
 - -0.0436543	Background_fail_HIGH_bin_4-1
 - -0.0124597	Background_fail_HIGH_bin_3-1
 - -0.00357877	lumi
 - -0.0035744	Background_fail_HIGH_bin_2-1
>> Attempt 1 failed, remove the variable with largest eigenvector component...
>> Dropping Background_fail_HIGH_bin_4-1 from the hessian
>> Verifying eigenvalues are all positive (iteration 2)
>> All eigenvalues are positive
>> Inverting Hessian...
>> Matrix inverted
>> Note: the following parameters were dropped to make the covariance matrix pos-def:
     - SVM
     - Background_fail_HIGH_bin_4-1

 --- FitDiagnostics ---
Best fit r: 7.72364e-13  -7.72364e-13/+10  (68% CL)
Done in 0.00 min (cpu), 0.00 min (real)
