 <<< Combine >>> 
 <<< v10.0.1 >>>
>>> Random number generator seed is 123456
>>> Method used is FitDiagnostics
Set Default Value of Parameter mask_pass_SIG To : 1
Set Default Value of Parameter mask_pass_HIGH To : 1
Set Default Value of Parameter r To : 1
>>> 2 out of 6 channels masked

>> Found 16 floating parameters
>> The following parameters are protected in the event of negative eigenvalues: r
>> Verifying eigenvalues are all positive (iteration 0)
Eigenvalue 14 : -5.82077e-11
 - 1	Background_fail_HIGH_bin_5-1
 - -1.41278e-08	r
 - 1.70316e-09	SVM
 - 9.25608e-10	Background_fail_HIGH_bin_4-1
 - 3.20739e-10	Background_fail_HIGH_bin_3-1
Eigenvalue 15 : -0.00319
 - -0.989968	r
 - 0.120008	SVM
 - 0.0703692	Background_fail_HIGH_bin_4-1
 - 0.0226522	Background_fail_HIGH_bin_3-1
 - 0.00836513	Background_fail_HIGH_bin_2-1
>> Attempt 0 failed, remove the variable with largest eigenvector component...
>> Dropping SVM from the hessian
>> Verifying eigenvalues are all positive (iteration 1)
Eigenvalue 13 : -5.82077e-11
 - 1	Background_fail_HIGH_bin_5-1
 - -1.2933e-07	r
 - 9.24573e-09	Background_fail_HIGH_bin_4-1
 - 2.99893e-09	Background_fail_HIGH_bin_3-1
 - 1.1098e-09	Background_fail_HIGH_bin_2-1
Eigenvalue 14 : -0.000346724
 - -0.997094	r
 - 0.0718866	Background_fail_HIGH_bin_4-1
 - 0.0231399	Background_fail_HIGH_bin_3-1
 - 0.00854178	Background_fail_HIGH_bin_2-1
 - 0.00374071	lumi
>> Attempt 1 failed, remove the variable with largest eigenvector component...
>> Dropping Background_fail_HIGH_bin_4-1 from the hessian
>> Verifying eigenvalues are all positive (iteration 2)
Eigenvalue 13 : -5.82077e-11
 - -1	Background_fail_HIGH_bin_5-1
 - -6.34638e-08	r
 - 1.48309e-09	Background_fail_HIGH_bin_3-1
 - 5.44592e-10	Background_fail_HIGH_bin_2-1
 - 2.76536e-10	lumi
>> Attempt 2 failed, remove the variable with largest eigenvector component...
>> Dropping Background_fail_HIGH_bin_5-1 from the hessian
>> Verifying eigenvalues are all positive (iteration 3)
>> All eigenvalues are positive
>> Inverting Hessian...
>> Matrix inverted
>> Note: the following parameters were dropped to make the covariance matrix pos-def:
     - SVM
     - Background_fail_HIGH_bin_4-1
     - Background_fail_HIGH_bin_5-1

 --- FitDiagnostics ---
Best fit r: 2.95719e-14  -2.95719e-14/+10  (68% CL)
Done in 0.00 min (cpu), 0.00 min (real)
