 <<< Combine >>> 
 <<< v10.0.1 >>>
>>> Random number generator seed is 123456
>>> Method used is FitDiagnostics
Set Default Value of Parameter mask_pass_SIG To : 1
Set Default Value of Parameter mask_pass_HIGH To : 1
Set Default Value of Parameter r To : 1
>>> 2 out of 6 channels masked

>> Found 16 floating parameters
>> The following parameters are protected in the event of negative eigenvalues: r
>> Verifying eigenvalues are all positive (iteration 0)
Eigenvalue 14 : -5.82077e-11
 - -1	Background_fail_HIGH_bin_5-1
 - 7.02296e-08	r
 - -9.08557e-09	SVM
 - -2.81086e-09	Background_fail_HIGH_bin_4-1
 - -8.40764e-10	Background_fail_HIGH_bin_3-1
Eigenvalue 15 : -0.0032562
 - 0.991164	r
 - -0.126082	SVM
 - -0.0390486	Background_fail_HIGH_bin_4-1
 - -0.0116753	Background_fail_HIGH_bin_3-1
 - -0.00440595	Background_fail_HIGH_bin_2-1
>> Attempt 0 failed, remove the variable with largest eigenvector component...
>> Dropping SVM from the hessian
>> Verifying eigenvalues are all positive (iteration 1)
Eigenvalue 13 : -5.82072e-11
 - -1	Background_fail_HIGH_bin_5-1
 - 2.07843e-06	r
 - -8.31869e-08	Background_fail_HIGH_bin_4-1
 - -2.48823e-08	Background_fail_HIGH_bin_3-1
 - -9.366e-09	Background_fail_HIGH_bin_2-1
Eigenvalue 14 : -0.000111831
 - 0.999111	r
 - -0.0399665	Background_fail_HIGH_bin_4-1
 - -0.0119543	Background_fail_HIGH_bin_3-1
 - -0.00450923	Background_fail_HIGH_bin_2-1
 - -0.00365163	lumi
>> Attempt 1 failed, remove the variable with largest eigenvector component...
>> Dropping Background_fail_HIGH_bin_4-1 from the hessian
>> Verifying eigenvalues are all positive (iteration 2)
Eigenvalue 13 : -5.82079e-11
 - 1	Background_fail_HIGH_bin_5-1
 - 1.08007e-06	r
 - -1.29302e-08	Background_fail_HIGH_bin_3-1
 - -4.89684e-09	Background_fail_HIGH_bin_2-1
 - -3.91181e-09	lumi
>> Attempt 2 failed, remove the variable with largest eigenvector component...
>> Dropping Background_fail_HIGH_bin_5-1 from the hessian
>> Verifying eigenvalues are all positive (iteration 3)
>> All eigenvalues are positive
>> Inverting Hessian...
>> Matrix inverted
>> Note: the following parameters were dropped to make the covariance matrix pos-def:
     - SVM
     - Background_fail_HIGH_bin_4-1
     - Background_fail_HIGH_bin_5-1

 --- FitDiagnostics ---
Best fit r: 1.14932e-09  -1.14932e-09/+5  (68% CL)
Done in 0.00 min (cpu), 0.00 min (real)
