 <<< Combine >>> 
 <<< v10.0.1 >>>
>>> Random number generator seed is 123456
>>> Method used is FitDiagnostics
Set Default Value of Parameter mask_pass_SIG To : 1
Set Default Value of Parameter mask_pass_HIGH To : 1
Set Default Value of Parameter r To : 1
>>> 2 out of 6 channels masked

>> Found 16 floating parameters
>> The following parameters are protected in the event of negative eigenvalues: r
>> Verifying eigenvalues are all positive (iteration 0)
Eigenvalue 14 : -5.82077e-11
 - 1	Background_fail_HIGH_bin_5-1
 - -4.687e-08	r
 - 6.4849e-09	Background_fail_HIGH_bin_4-1
 - 6.3886e-09	SVM
 - 2.24887e-09	Background_fail_HIGH_bin_3-1
Eigenvalue 15 : -0.00475595
 - -0.981362	r
 - 0.131671	Background_fail_HIGH_bin_4-1
 - 0.130521	SVM
 - 0.0468191	Background_fail_HIGH_bin_3-1
 - 0.0174401	Background_fail_HIGH_bin_2-1
>> Attempt 0 failed, remove the variable with largest eigenvector component...
>> Dropping Background_fail_HIGH_bin_4-1 from the hessian
>> Verifying eigenvalues are all positive (iteration 1)
Eigenvalue 13 : -5.82076e-11
 - -1	Background_fail_HIGH_bin_5-1
 - 2.14297e-07	r
 - -2.92097e-08	SVM
 - -1.0427e-08	Background_fail_HIGH_bin_3-1
 - -3.89162e-09	Background_fail_HIGH_bin_2-1
Eigenvalue 14 : -0.00106497
 - 0.989602	r
 - -0.134141	SVM
 - -0.0480812	Background_fail_HIGH_bin_3-1
 - -0.0179009	Background_fail_HIGH_bin_2-1
 - -0.00672239	Background_fail_HIGH_bin_1-1
>> Attempt 1 failed, remove the variable with largest eigenvector component...
>> Dropping SVM from the hessian
>> Verifying eigenvalues are all positive (iteration 2)
Eigenvalue 13 : -5.82076e-11
 - -1	Background_fail_HIGH_bin_5-1
 - -9.4416e-08	r
 - 4.65235e-09	Background_fail_HIGH_bin_3-1
 - 1.72164e-09	Background_fail_HIGH_bin_2-1
 - 6.09392e-10	Background_fail_HIGH_bin_1-1
>> Attempt 2 failed, remove the variable with largest eigenvector component...
>> Dropping Background_fail_HIGH_bin_5-1 from the hessian
>> Verifying eigenvalues are all positive (iteration 3)
>> All eigenvalues are positive
>> Inverting Hessian...
>> Matrix inverted
>> Note: the following parameters were dropped to make the covariance matrix pos-def:
     - Background_fail_HIGH_bin_4-1
     - SVM
     - Background_fail_HIGH_bin_5-1

 --- FitDiagnostics ---
Best fit r: 1.36308e-13  -1.36308e-13/+10  (68% CL)
Done in 0.00 min (cpu), 0.00 min (real)
