 <<< Combine >>> 
 <<< v10.0.1 >>>
>>> Random number generator seed is 123456
>>> Method used is FitDiagnostics
Set Default Value of Parameter mask_pass_SIG To : 1
Set Default Value of Parameter mask_pass_HIGH To : 1
Set Default Value of Parameter r To : 1
>>> 2 out of 6 channels masked

>> Found 16 floating parameters
>> The following parameters are protected in the event of negative eigenvalues: r
>> Verifying eigenvalues are all positive (iteration 0)
Eigenvalue 14 : -5.82077e-11
 - 1	Background_fail_HIGH_bin_5-1
 - -2.77475e-08	r
 - 4.27146e-09	SVM
 - 1.68463e-09	Background_fail_HIGH_bin_4-1
 - 4.94842e-10	Background_fail_HIGH_bin_3-1
Eigenvalue 15 : -0.00459669
 - 0.987051	r
 - -0.147063	SVM
 - -0.0610443	Background_fail_HIGH_bin_4-1
 - -0.0180096	Background_fail_HIGH_bin_3-1
 - -0.00588551	Background_fail_HIGH_bin_2-1
>> Attempt 0 failed, remove the variable with largest eigenvector component...
>> Dropping SVM from the hessian
>> Verifying eigenvalues are all positive (iteration 1)
Eigenvalue 13 : -5.82075e-11
 - -1	Background_fail_HIGH_bin_5-1
 - 4.97621e-07	r
 - -3.14152e-08	Background_fail_HIGH_bin_4-1
 - -9.26563e-09	Background_fail_HIGH_bin_3-1
 - -2.98095e-09	Background_fail_HIGH_bin_2-1
Eigenvalue 14 : -0.000264311
 - -0.997809	r
 - 0.0630512	Background_fail_HIGH_bin_4-1
 - 0.0186007	Background_fail_HIGH_bin_3-1
 - 0.00607499	Background_fail_HIGH_bin_2-1
 - 0.00367082	lumi
>> Attempt 1 failed, remove the variable with largest eigenvector component...
>> Dropping Background_fail_HIGH_bin_4-1 from the hessian
>> Verifying eigenvalues are all positive (iteration 2)
Eigenvalue 13 : -5.82077e-11
 - -1	Background_fail_HIGH_bin_5-1
 - -2.46959e-07	r
 - 4.6329e-09	Background_fail_HIGH_bin_3-1
 - 1.55813e-09	Background_fail_HIGH_bin_2-1
 - 1.02383e-09	lumi
>> Attempt 2 failed, remove the variable with largest eigenvector component...
>> Dropping Background_fail_HIGH_bin_5-1 from the hessian
>> Verifying eigenvalues are all positive (iteration 3)
>> All eigenvalues are positive
>> Inverting Hessian...
>> Matrix inverted
>> Note: the following parameters were dropped to make the covariance matrix pos-def:
     - SVM
     - Background_fail_HIGH_bin_4-1
     - Background_fail_HIGH_bin_5-1

 --- FitDiagnostics ---
Best fit r: 1.16323e-11  -1.16323e-11/+10  (68% CL)
Done in 0.00 min (cpu), 0.00 min (real)
