 <<< Combine >>> 
 <<< v10.0.1 >>>
>>> Random number generator seed is 123456
>>> Method used is FitDiagnostics
Set Default Value of Parameter mask_pass_SIG To : 1
Set Default Value of Parameter mask_pass_HIGH To : 1
Set Default Value of Parameter r To : 1
>>> 2 out of 6 channels masked

>> Found 16 floating parameters
>> The following parameters are protected in the event of negative eigenvalues: r
>> Verifying eigenvalues are all positive (iteration 0)
Eigenvalue 14 : -1.11022e-16
 - -1	Background_fail_HIGH_bin_5-1
 - 8.09692e-10	r
 - 2.84258e-10	Background_rpf_expo_par0
 - 2.24414e-10	Background_rpf_expo_par1
 - 2.05517e-10	Background_fail_LOW_bin_3-1
Eigenvalue 15 : -0.00294699
 - 0.991025	r
 - -0.116864	SVM
 - -0.0605708	Background_fail_HIGH_bin_4-1
 - -0.0213637	Background_fail_HIGH_bin_3-1
 - -0.00789811	Background_fail_HIGH_bin_2-1
>> Attempt 0 failed, remove the variable with largest eigenvector component...
>> Dropping SVM from the hessian
>> Verifying eigenvalues are all positive (iteration 1)
Eigenvalue 14 : -0.000256078
 - 0.997805	r
 - -0.0618087	Background_fail_HIGH_bin_4-1
 - -0.0217996	Background_fail_HIGH_bin_3-1
 - -0.00805619	Background_fail_HIGH_bin_2-1
 - -0.00364878	lumi
>> Attempt 1 failed, remove the variable with largest eigenvector component...
>> Dropping Background_fail_HIGH_bin_4-1 from the hessian
>> Verifying eigenvalues are all positive (iteration 2)
>> All eigenvalues are positive
>> Inverting Hessian...
>> Matrix inverted
>> Note: the following parameters were dropped to make the covariance matrix pos-def:
     - SVM
     - Background_fail_HIGH_bin_4-1

 --- FitDiagnostics ---
Best fit r: 6.10977e-12  -6.10977e-12/+5  (68% CL)
Done in 0.00 min (cpu), 0.00 min (real)
