 <<< Combine >>> 
 <<< v10.0.1 >>>
>>> Random number generator seed is 123456
>>> Method used is FitDiagnostics
Set Default Value of Parameter mask_pass_SIG To : 1
Set Default Value of Parameter mask_pass_HIGH To : 1
Set Default Value of Parameter r To : 1
>>> 2 out of 6 channels masked

>> Found 16 floating parameters
>> The following parameters are protected in the event of negative eigenvalues: r
>> Verifying eigenvalues are all positive (iteration 0)
Eigenvalue 15 : -0.00513949
 - 0.980029	r
 - -0.136927	Background_fail_HIGH_bin_4-1
 - -0.132862	SVM
 - -0.0515031	Background_fail_HIGH_bin_3-1
 - -0.0199459	Background_fail_HIGH_bin_2-1
>> Attempt 0 failed, remove the variable with largest eigenvector component...
>> Dropping Background_fail_HIGH_bin_4-1 from the hessian
>> Verifying eigenvalues are all positive (iteration 1)
Eigenvalue 14 : -0.0011344
 - 0.988923	r
 - -0.13676	SVM
 - -0.053008	Background_fail_HIGH_bin_3-1
 - -0.0205172	Background_fail_HIGH_bin_2-1
 - -0.0085143	Background_fail_HIGH_bin_1-1
>> Attempt 1 failed, remove the variable with largest eigenvector component...
>> Dropping SVM from the hessian
>> Verifying eigenvalues are all positive (iteration 2)
Eigenvalue 13 : -5.55112e-17
 - -1	Background_fail_HIGH_bin_5-1
 - -1.06858e-10	Background_fail_HIGH_bin_1-1
 - 6.8234e-11	r
 - -4.44898e-11	Background_fail_LOW_bin_2-1
 - -2.56761e-11	Background_rpf_expo_par0
>> Attempt 2 failed, remove the variable with largest eigenvector component...
>> Dropping Background_fail_HIGH_bin_5-1 from the hessian
>> Verifying eigenvalues are all positive (iteration 3)
>> All eigenvalues are positive
>> Inverting Hessian...
>> Matrix inverted
>> Note: the following parameters were dropped to make the covariance matrix pos-def:
     - Background_fail_HIGH_bin_4-1
     - SVM
     - Background_fail_HIGH_bin_5-1

 --- FitDiagnostics ---
Best fit r: 1.23605e-10  -1.23605e-10/+10  (68% CL)
Done in 0.00 min (cpu), 0.00 min (real)
