 <<< Combine >>> 
 <<< v10.0.1 >>>
>>> Random number generator seed is 123456
>>> Method used is FitDiagnostics
Set Default Value of Parameter mask_pass_SIG To : 1
Set Default Value of Parameter mask_pass_HIGH To : 1
Set Default Value of Parameter r To : 1
>>> 2 out of 6 channels masked

>> Found 16 floating parameters
>> The following parameters are protected in the event of negative eigenvalues: r
>> Verifying eigenvalues are all positive (iteration 0)
Eigenvalue 14 : -5.82077e-11
 - 1	Background_fail_HIGH_bin_5-1
 - 8.39021e-10	r
 - -3.43279e-10	SVM
 - -2.48943e-10	Background_rpf_expo_par0
 - -2.04197e-10	Background_fail_LOW_bin_3-1
Eigenvalue 15 : -0.00998232
 - 0.972973	r
 - -0.210764	SVM
 - -0.089493	Background_fail_HIGH_bin_4-1
 - -0.0280329	Background_fail_HIGH_bin_3-1
 - -0.00911509	Background_fail_HIGH_bin_2-1
>> Attempt 0 failed, remove the variable with largest eigenvector component...
>> Dropping SVM from the hessian
>> Verifying eigenvalues are all positive (iteration 1)
Eigenvalue 13 : -5.82077e-11
 - -1	Background_fail_HIGH_bin_5-1
 - -2.45711e-08	r
 - 2.37338e-09	Background_fail_HIGH_bin_4-1
 - 6.12045e-10	Background_fail_HIGH_bin_3-1
 - 2.60944e-10	Background_fail_HIGH_bin_2-1
Eigenvalue 14 : -0.000624563
 - -0.994887	r
 - 0.095798	Background_fail_HIGH_bin_4-1
 - 0.0300048	Background_fail_HIGH_bin_3-1
 - 0.00974374	Background_fail_HIGH_bin_2-1
 - 0.00366391	lumi
>> Attempt 1 failed, remove the variable with largest eigenvector component...
>> Dropping Background_fail_HIGH_bin_4-1 from the hessian
>> Verifying eigenvalues are all positive (iteration 2)
Eigenvalue 13 : -5.82077e-11
 - -1	Background_fail_HIGH_bin_5-1
 - 1.2649e-08	r
 - -5.13991e-10	Background_fail_HIGH_bin_3-1
 - 2.51639e-10	Background_rpf_expo_par0
 - 2.04304e-10	Background_fail_LOW_bin_3-1
>> Attempt 2 failed, remove the variable with largest eigenvector component...
>> Dropping Background_fail_HIGH_bin_5-1 from the hessian
>> Verifying eigenvalues are all positive (iteration 3)
>> All eigenvalues are positive
>> Inverting Hessian...
>> Matrix inverted
>> Note: the following parameters were dropped to make the covariance matrix pos-def:
     - SVM
     - Background_fail_HIGH_bin_4-1
     - Background_fail_HIGH_bin_5-1

 --- FitDiagnostics ---
Best fit r: 2.41325e-11  -2.41325e-11/+10  (68% CL)
Done in 0.00 min (cpu), 0.00 min (real)
