 <<< Combine >>> 
 <<< v10.0.1 >>>
>>> Random number generator seed is 123456
>>> Method used is FitDiagnostics
Set Default Value of Parameter mask_pass_SIG To : 1
Set Default Value of Parameter mask_pass_HIGH To : 1
Set Default Value of Parameter r To : 1
>>> 2 out of 6 channels masked

>> Found 16 floating parameters
>> The following parameters are protected in the event of negative eigenvalues: r
>> Verifying eigenvalues are all positive (iteration 0)
Eigenvalue 14 : -5.82077e-11
 - 1	Background_fail_HIGH_bin_5-1
 - -4.97686e-08	r
 - 6.32994e-09	Background_fail_HIGH_bin_4-1
 - 5.94114e-09	SVM
 - 2.24692e-09	Background_fail_HIGH_bin_3-1
Eigenvalue 15 : -0.00359602
 - -0.984987	r
 - 0.120987	Background_fail_HIGH_bin_4-1
 - 0.113199	SVM
 - 0.0441312	Background_fail_HIGH_bin_3-1
 - 0.0180323	Background_fail_HIGH_bin_2-1
>> Attempt 0 failed, remove the variable with largest eigenvector component...
>> Dropping Background_fail_HIGH_bin_4-1 from the hessian
>> Verifying eigenvalues are all positive (iteration 1)
Eigenvalue 13 : -5.82075e-11
 - -1	Background_fail_HIGH_bin_5-1
 - 3.13833e-07	r
 - -3.68588e-08	SVM
 - -1.42913e-08	Background_fail_HIGH_bin_3-1
 - -5.69417e-09	Background_fail_HIGH_bin_2-1
Eigenvalue 14 : -0.000587049
 - -0.992037	r
 - 0.115796	SVM
 - 0.0451155	Background_fail_HIGH_bin_3-1
 - 0.0184267	Background_fail_HIGH_bin_2-1
 - 0.00750312	Background_fail_HIGH_bin_1-1
>> Attempt 1 failed, remove the variable with largest eigenvector component...
>> Dropping SVM from the hessian
>> Verifying eigenvalues are all positive (iteration 2)
Eigenvalue 13 : -5.82077e-11
 - -1	Background_fail_HIGH_bin_5-1
 - -9.36032e-08	r
 - 4.29249e-09	Background_fail_HIGH_bin_3-1
 - 1.89543e-09	Background_fail_HIGH_bin_2-1
 - 6.82352e-10	Background_fail_HIGH_bin_1-1
>> Attempt 2 failed, remove the variable with largest eigenvector component...
>> Dropping Background_fail_HIGH_bin_5-1 from the hessian
>> Verifying eigenvalues are all positive (iteration 3)
>> All eigenvalues are positive
>> Inverting Hessian...
>> Matrix inverted
>> Note: the following parameters were dropped to make the covariance matrix pos-def:
     - Background_fail_HIGH_bin_4-1
     - SVM
     - Background_fail_HIGH_bin_5-1

 --- FitDiagnostics ---
Best fit r: 5.33041e-13  -5.33041e-13/+10  (68% CL)
Done in 0.00 min (cpu), 0.03 min (real)
