 <<< Combine >>> 
 <<< v10.0.1 >>>
>>> Random number generator seed is 123456
>>> Method used is FitDiagnostics
Set Default Value of Parameter mask_pass_SIG To : 1
Set Default Value of Parameter mask_pass_HIGH To : 1
Set Default Value of Parameter r To : 1
>>> 2 out of 6 channels masked

>> Found 16 floating parameters
>> The following parameters are protected in the event of negative eigenvalues: r
>> Verifying eigenvalues are all positive (iteration 0)
Eigenvalue 14 : -5.82077e-11
 - -1	Background_fail_HIGH_bin_5-1
 - 5.57692e-10	r
 - 1.90426e-10	Background_fail_LOW_bin_1-1
 - -1.55567e-10	Background_fail_HIGH_bin_4-1
 - 1.51857e-10	Background_fail_SIG_bin_1-1
Eigenvalue 15 : -0.00933489
 - -0.974865	r
 - 0.205128	SVM
 - 0.0821611	Background_fail_HIGH_bin_4-1
 - 0.0265198	Background_fail_HIGH_bin_3-1
 - 0.00932172	Background_fail_HIGH_bin_2-1
>> Attempt 0 failed, remove the variable with largest eigenvector component...
>> Dropping SVM from the hessian
>> Verifying eigenvalues are all positive (iteration 1)
Eigenvalue 13 : -5.82077e-11
 - 1	Background_fail_HIGH_bin_5-1
 - 1.77485e-09	r
 - -2.1266e-10	Background_fail_HIGH_bin_3-1
 - -1.90451e-10	Background_fail_LOW_bin_1-1
 - -1.52626e-10	Background_fail_SIG_bin_1-1
Eigenvalue 14 : -0.000520308
 - -0.995691	r
 - 0.0876235	Background_fail_HIGH_bin_4-1
 - 0.0282802	Background_fail_HIGH_bin_3-1
 - 0.00992843	Background_fail_HIGH_bin_2-1
 - 0.00367505	lumi
>> Attempt 1 failed, remove the variable with largest eigenvector component...
>> Dropping Background_fail_HIGH_bin_4-1 from the hessian
>> Verifying eigenvalues are all positive (iteration 2)
Eigenvalue 13 : -5.82077e-11
 - -1	Background_fail_HIGH_bin_5-1
 - -9.13733e-10	r
 - 1.90442e-10	Background_fail_LOW_bin_1-1
 - 1.88138e-10	Background_fail_HIGH_bin_3-1
 - 1.52342e-10	Background_fail_SIG_bin_1-1
>> Attempt 2 failed, remove the variable with largest eigenvector component...
>> Dropping Background_fail_HIGH_bin_5-1 from the hessian
>> Verifying eigenvalues are all positive (iteration 3)
>> All eigenvalues are positive
>> Inverting Hessian...
>> Matrix inverted
>> Note: the following parameters were dropped to make the covariance matrix pos-def:
     - SVM
     - Background_fail_HIGH_bin_4-1
     - Background_fail_HIGH_bin_5-1

 --- FitDiagnostics ---
Best fit r: 2.84102e-11  -2.84102e-11/+10  (68% CL)
Done in 0.00 min (cpu), 0.00 min (real)
