 <<< Combine >>> 
 <<< v10.0.1 >>>
>>> Random number generator seed is 123456
>>> Method used is FitDiagnostics
Set Default Value of Parameter mask_pass_SIG To : 1
Set Default Value of Parameter mask_pass_HIGH To : 1
Set Default Value of Parameter r To : 1
>>> 2 out of 6 channels masked

>> Found 16 floating parameters
>> The following parameters are protected in the event of negative eigenvalues: r
>> Verifying eigenvalues are all positive (iteration 0)
Eigenvalue 14 : -5.82075e-11
 - -1	Background_fail_HIGH_bin_5-1
 - -1.27941e-09	r
 - 1.96716e-10	Background_fail_LOW_bin_1-1
 - -1.7916e-10	Background_rpf_expo_par1
 - 1.78136e-10	Background_fail_HIGH_bin_3-1
Eigenvalue 15 : -0.00188558
 - 0.994553	r
 - -0.0955369	SVM
 - -0.0392727	Background_fail_HIGH_bin_4-1
 - -0.0123346	Background_fail_HIGH_bin_3-1
 - -0.00493788	Background_fail_HIGH_bin_2-1
>> Attempt 0 failed, remove the variable with largest eigenvector component...
>> Dropping SVM from the hessian
>> Verifying eigenvalues are all positive (iteration 1)
Eigenvalue 13 : -5.82077e-11
 - -1	Background_fail_HIGH_bin_5-1
 - 3.64665e-09	r
 - 1.96718e-10	Background_fail_LOW_bin_1-1
 - -1.79384e-10	Background_rpf_expo_par1
 - -1.59873e-10	Background_fail_LOW_bin_2-1
Eigenvalue 14 : -0.000105131
 - -0.999108	r
 - 0.0398054	Background_fail_HIGH_bin_4-1
 - 0.0125016	Background_fail_HIGH_bin_3-1
 - 0.00500347	Background_fail_HIGH_bin_2-1
 - 0.00358396	lumi
>> Attempt 1 failed, remove the variable with largest eigenvector component...
>> Dropping Background_fail_HIGH_bin_4-1 from the hessian
>> Verifying eigenvalues are all positive (iteration 2)
Eigenvalue 13 : -5.82077e-11
 - -1	Background_fail_HIGH_bin_5-1
 - -9.30309e-10	r
 - 1.96716e-10	Background_fail_LOW_bin_1-1
 - -1.79176e-10	Background_rpf_expo_par1
 - 1.73765e-10	Background_fail_HIGH_bin_3-1
>> Attempt 2 failed, remove the variable with largest eigenvector component...
>> Dropping Background_fail_HIGH_bin_5-1 from the hessian
>> Verifying eigenvalues are all positive (iteration 3)
>> All eigenvalues are positive
>> Inverting Hessian...
>> Matrix inverted
>> Note: the following parameters were dropped to make the covariance matrix pos-def:
     - SVM
     - Background_fail_HIGH_bin_4-1
     - Background_fail_HIGH_bin_5-1

 --- FitDiagnostics ---
Best fit r: 3.05717e-11  -3.05717e-11/+10  (68% CL)
Done in 0.00 min (cpu), 0.00 min (real)
