 <<< Combine >>> 
 <<< v10.0.1 >>>
>>> Random number generator seed is 123456
>>> Method used is FitDiagnostics
Set Default Value of Parameter mask_pass_SIG To : 1
Set Default Value of Parameter mask_pass_HIGH To : 1
Set Default Value of Parameter r To : 1
>>> 2 out of 6 channels masked

>> Found 16 floating parameters
>> The following parameters are protected in the event of negative eigenvalues: r
>> Verifying eigenvalues are all positive (iteration 0)
Eigenvalue 14 : -5.55112e-17
 - 1	Background_fail_HIGH_bin_5-1
 - -1.57698e-08	r
 - 1.84714e-09	Background_fail_HIGH_bin_4-1
 - 1.84333e-09	SVM
 - 7.29646e-10	Background_fail_HIGH_bin_3-1
Eigenvalue 15 : -0.00386107
 - -0.98454	r
 - 0.119786	SVM
 - 0.118011	Background_fail_HIGH_bin_4-1
 - 0.0446882	Background_fail_HIGH_bin_3-1
 - 0.0180113	Background_fail_HIGH_bin_2-1
>> Attempt 0 failed, remove the variable with largest eigenvector component...
>> Dropping SVM from the hessian
>> Verifying eigenvalues are all positive (iteration 1)
Eigenvalue 13 : -5.55112e-17
 - 1	Background_fail_HIGH_bin_5-1
 - -5.80058e-08	r
 - 7.00791e-09	Background_fail_HIGH_bin_4-1
 - 2.68384e-09	Background_fail_HIGH_bin_3-1
 - 1.08111e-09	Background_fail_HIGH_bin_2-1
Eigenvalue 14 : -0.00101912
 - -0.991446	r
 - 0.120527	Background_fail_HIGH_bin_4-1
 - 0.0456395	Background_fail_HIGH_bin_3-1
 - 0.0183874	Background_fail_HIGH_bin_2-1
 - 0.00790462	Background_fail_HIGH_bin_1-1
>> Attempt 1 failed, remove the variable with largest eigenvector component...
>> Dropping Background_fail_HIGH_bin_4-1 from the hessian
>> Verifying eigenvalues are all positive (iteration 2)
>> All eigenvalues are positive
>> Inverting Hessian...
>> Matrix inverted
>> Note: the following parameters were dropped to make the covariance matrix pos-def:
     - SVM
     - Background_fail_HIGH_bin_4-1

 --- FitDiagnostics ---
Best fit r: 2.4551e-11  -2.4551e-11/+10  (68% CL)
Done in 0.00 min (cpu), 0.00 min (real)
