 <<< Combine >>> 
 <<< v10.0.1 >>>
>>> Random number generator seed is 123456
>>> Method used is FitDiagnostics
Set Default Value of Parameter mask_pass_SIG To : 1
Set Default Value of Parameter mask_pass_HIGH To : 1
Set Default Value of Parameter r To : 1
>>> 2 out of 6 channels masked

>> Found 16 floating parameters
>> The following parameters are protected in the event of negative eigenvalues: r
>> Verifying eigenvalues are all positive (iteration 0)
Eigenvalue 15 : -0.0112489
 - 0.972627	r
 - -0.227918	SVM
 - -0.0434826	Background_fail_HIGH_bin_4-1
 - -0.0112614	Background_fail_HIGH_bin_3-1
 - -0.00445789	Background_fail_HIGH_bin_2-1
>> Attempt 0 failed, remove the variable with largest eigenvector component...
>> Dropping SVM from the hessian
>> Verifying eigenvalues are all positive (iteration 1)
Eigenvalue 13 : -5.55112e-17
 - 1	Background_fail_HIGH_bin_5-1
 - -1.68286e-09	r
 - 5.28971e-11	Background_fail_HIGH_bin_4-1
 - 3.87155e-11	Background_fail_LOW_bin_3-1
 - 3.87096e-11	Background_fail_SIG_bin_2-1
Eigenvalue 14 : -0.000146209
 - 0.998795	r
 - -0.0471418	Background_fail_HIGH_bin_4-1
 - -0.0122076	Background_fail_HIGH_bin_3-1
 - -0.00482511	Background_fail_HIGH_bin_2-1
 - -0.00355873	lumi
>> Attempt 1 failed, remove the variable with largest eigenvector component...
>> Dropping Background_fail_HIGH_bin_4-1 from the hessian
>> Verifying eigenvalues are all positive (iteration 2)
>> All eigenvalues are positive
>> Inverting Hessian...
>> Matrix inverted
>> Note: the following parameters were dropped to make the covariance matrix pos-def:
     - SVM
     - Background_fail_HIGH_bin_4-1

 --- FitDiagnostics ---
Best fit r: 4.82694e-12  -4.82694e-12/+10  (68% CL)
Done in 0.00 min (cpu), 0.00 min (real)
