CascadeMinimizer.cc[188] : (in function: improveOnce) - Minimization configured with Type=Minuit2, Algo=Migrad, strategy=0, tolerance=0.1
CascadeMinimizer.cc[215] : (in function: improveOnce) - Minimization finished with status=0
CascadeMinimizer.cc[219] : (in function: improveOnce) - Minimization success! status=0
ToyMCSamplerOpt.cc[146] : (in function: generateAsimov) - Using internal logic for binned/unbinned Asimov dataset generation
ToyMCSamplerOpt.cc[214] : (in function: generateWithHisto) - Generating asimov with histogram for pdf pdf_binpass_LOW_obsOnly: in 4 x-bins
ToyMCSamplerOpt.cc[215] : (in function: generateWithHisto) -  , in 1 y-bins
ToyMCSamplerOpt.cc[146] : (in function: generateAsimov) - Using internal logic for binned/unbinned Asimov dataset generation
ToyMCSamplerOpt.cc[214] : (in function: generateWithHisto) - Generating asimov with histogram for pdf pdf_binpass_SIG_obsOnly: in 6 x-bins
ToyMCSamplerOpt.cc[215] : (in function: generateWithHisto) -  , in 1 y-bins
ToyMCSamplerOpt.cc[146] : (in function: generateAsimov) - Using internal logic for binned/unbinned Asimov dataset generation
ToyMCSamplerOpt.cc[214] : (in function: generateWithHisto) - Generating asimov with histogram for pdf pdf_binpass_HIGH_obsOnly: in 1 x-bins
ToyMCSamplerOpt.cc[215] : (in function: generateWithHisto) -  , in 1 y-bins
ToyMCSamplerOpt.cc[146] : (in function: generateAsimov) - Using internal logic for binned/unbinned Asimov dataset generation
ToyMCSamplerOpt.cc[214] : (in function: generateWithHisto) - Generating asimov with histogram for pdf pdf_binfail_LOW_obsOnly: in 4 x-bins
ToyMCSamplerOpt.cc[215] : (in function: generateWithHisto) -  , in 1 y-bins
ToyMCSamplerOpt.cc[146] : (in function: generateAsimov) - Using internal logic for binned/unbinned Asimov dataset generation
ToyMCSamplerOpt.cc[214] : (in function: generateWithHisto) - Generating asimov with histogram for pdf pdf_binfail_SIG_obsOnly: in 6 x-bins
ToyMCSamplerOpt.cc[215] : (in function: generateWithHisto) -  , in 1 y-bins
ToyMCSamplerOpt.cc[146] : (in function: generateAsimov) - Using internal logic for binned/unbinned Asimov dataset generation
ToyMCSamplerOpt.cc[214] : (in function: generateWithHisto) - Generating asimov with histogram for pdf pdf_binfail_HIGH_obsOnly: in 1 x-bins
ToyMCSamplerOpt.cc[215] : (in function: generateWithHisto) -  , in 1 y-bins
AsymptoticLimits.cc[415] : (in function: runLimitExpected) - [WARNING] Best fit of asimov dataset is at r = 0.037484 (0.001874 times rMax), while it should be at zero
AsymptoticLimits.cc[428] : (in function: runLimitExpected) - Median for expected limits = 17.125, Sigma for expected limits = 8.73741
AsymptoticLimits.cc[191] : (in function: runLimit) - NLL at global minimum of data = -223562 (r=3.95561e-09)
AsymptoticLimits.cc[211] : (in function: runLimit) - NLL at global minimum of asimov = -223562 (r=3.66381e-06)
AsymptoticLimits.cc[337] : (in function: getCLs) - At r = 11.100196:	q_mu = 3.10298	q_A  = 2.19604	Pmu = 0.03690	1-Pb  = 0.37980	CLs  = 0.09714
AsymptoticLimits.cc[337] : (in function: getCLs) - At r = 22.200392:	q_mu = 6.41572	q_A  = 5.30198	Pmu = 0.00547	1-Pb  = 0.40445	CLs  = 0.01353
AsymptoticLimits.cc[337] : (in function: getCLs) - At r = 11.100196:	q_mu = 3.10279	q_A  = 2.19605	Pmu = 0.03690	1-Pb  = 0.37983	CLs  = 0.09715
AsymptoticLimits.cc[337] : (in function: getCLs) - At r = 16.650294:	q_mu = 4.73831	q_A  = 3.70571	Pmu = 0.01415	1-Pb  = 0.39427	CLs  = 0.03588
AsymptoticLimits.cc[337] : (in function: getCLs) - At r = 14.060892:	q_mu = 3.96953	q_A  = 2.98793	Pmu = 0.02208	1-Pb  = 0.38823	CLs  = 0.05688
AsymptoticLimits.cc[337] : (in function: getCLs) - At r = 15.158478:	q_mu = 4.29424	q_A  = 3.28968	Pmu = 0.01828	1-Pb  = 0.39092	CLs  = 0.04676
AsymptoticLimits.cc[337] : (in function: getCLs) - At r = 14.638658:	q_mu = 4.14022	q_A  = 3.14626	Pmu = 0.01999	1-Pb  = 0.38967	CLs  = 0.05130
AsymptoticLimits.cc[337] : (in function: getCLs) - At r = 14.857785:	q_mu = 4.20507	q_A  = 3.20659	Pmu = 0.01925	1-Pb  = 0.39020	CLs  = 0.04933
AsymptoticLimits.cc[337] : (in function: getCLs) - At r = 14.753779:	q_mu = 4.17427	q_A  = 3.17793	Pmu = 0.01960	1-Pb  = 0.38995	CLs  = 0.05026
AsymptoticLimits.cc[337] : (in function: getCLs) - At r = 14.797603:	q_mu = 4.18725	q_A  = 3.19000	Pmu = 0.01945	1-Pb  = 0.39006	CLs  = 0.04987
AsymptoticLimits.cc[337] : (in function: getCLs) - At r = 14.776801:	q_mu = 4.18109	q_A  = 3.18427	Pmu = 0.01952	1-Pb  = 0.39000	CLs  = 0.05005
AsymptoticLimits.cc[337] : (in function: getCLs) - At r = 14.785566:	q_mu = 4.18368	q_A  = 3.18669	Pmu = 0.01949	1-Pb  = 0.39003	CLs  = 0.04997
AsymptoticLimits.cc[337] : (in function: getCLs) - At r = 14.781406:	q_mu = 4.18245	q_A  = 3.18554	Pmu = 0.01950	1-Pb  = 0.39002	CLs  = 0.05001
AsymptoticLimits.cc[337] : (in function: getCLs) - At r = 14.783159:	q_mu = 4.18297	q_A  = 3.18602	Pmu = 0.01950	1-Pb  = 0.39002	CLs  = 0.04999
AsymptoticLimits.cc[337] : (in function: getCLs) - At r = 14.782327:	q_mu = 4.18273	q_A  = 3.18579	Pmu = 0.01950	1-Pb  = 0.39002	CLs  = 0.05000
AsymptoticLimits.cc[337] : (in function: getCLs) - At r = 14.782678:	q_mu = 4.18283	q_A  = 3.18589	Pmu = 0.01950	1-Pb  = 0.39002	CLs  = 0.05000
AsymptoticLimits.cc[337] : (in function: getCLs) - At r = 14.782512:	q_mu = 4.18278	q_A  = 3.18584	Pmu = 0.01950	1-Pb  = 0.39002	CLs  = 0.05000
AsymptoticLimits.cc[337] : (in function: getCLs) - At r = 14.782582:	q_mu = 4.18280	q_A  = 3.18586	Pmu = 0.01950	1-Pb  = 0.39002	CLs  = 0.05000
AsymptoticLimits.cc[337] : (in function: getCLs) - At r = 14.782549:	q_mu = 4.18279	q_A  = 3.18585	Pmu = 0.01950	1-Pb  = 0.39002	CLs  = 0.05000
