 <<< Combine >>> 
 <<< v10.0.1 >>>
>>> Random number generator seed is 123456
>>> Method used is FitDiagnostics
Set Default Value of Parameter mask_pass_SIG To : 1
Set Default Value of Parameter mask_pass_HIGH To : 1
Set Default Value of Parameter r To : 1
>>> 2 out of 6 channels masked

>> Found 16 floating parameters
>> The following parameters are protected in the event of negative eigenvalues: r
>> Verifying eigenvalues are all positive (iteration 0)
Eigenvalue 14 : -5.82076e-11
 - 1	Background_fail_HIGH_bin_5-1
 - -1.49816e-08	r
 - 4.07047e-09	SVM
 - 3.56728e-10	Background_fail_HIGH_bin_4-1
 - 2.18849e-10	Background_fail_HIGH_bin_3-1
Eigenvalue 15 : -0.0139566
 - -0.967433	r
 - 0.25185	SVM
 - 0.0245596	Background_fail_HIGH_bin_4-1
 - 0.00528278	Background_fail_HIGH_bin_3-1
 - 0.0033405	lumi
>> Attempt 0 failed, remove the variable with largest eigenvector component...
>> Dropping SVM from the hessian
>> Verifying eigenvalues are all positive (iteration 1)
Eigenvalue 13 : -5.82067e-11
 - -1	Background_fail_HIGH_bin_5-1
 - 4.42427e-06	r
 - -1.20143e-07	Background_fail_HIGH_bin_4-1
 - -2.59809e-08	Background_fail_HIGH_bin_3-1
 - -1.63907e-08	lumi
Eigenvalue 14 : -4.93148e-05
 - 0.999606	r
 - -0.0271493	Background_fail_HIGH_bin_4-1
 - -0.00583894	Background_fail_HIGH_bin_3-1
 - -0.00370232	lumi
 - -0.00183057	Background_fail_HIGH_bin_2-1
>> Attempt 1 failed, remove the variable with largest eigenvector component...
>> Dropping Background_fail_HIGH_bin_4-1 from the hessian
>> Verifying eigenvalues are all positive (iteration 2)
Eigenvalue 13 : -5.82081e-11
 - 1	Background_fail_HIGH_bin_5-1
 - 2.23632e-06	r
 - -1.29348e-08	Background_fail_HIGH_bin_3-1
 - -8.28495e-09	lumi
 - -3.96408e-09	Background_fail_HIGH_bin_2-1
>> Attempt 2 failed, remove the variable with largest eigenvector component...
>> Dropping Background_fail_HIGH_bin_5-1 from the hessian
>> Verifying eigenvalues are all positive (iteration 3)
>> All eigenvalues are positive
>> Inverting Hessian...
>> Matrix inverted
>> Note: the following parameters were dropped to make the covariance matrix pos-def:
     - SVM
     - Background_fail_HIGH_bin_4-1
     - Background_fail_HIGH_bin_5-1

 --- FitDiagnostics ---
Best fit r: 1.7236e-09  -1.7236e-09/+10  (68% CL)
Done in 0.00 min (cpu), 0.00 min (real)
