 <<< Combine >>> 
 <<< v10.0.1 >>>
>>> Random number generator seed is 123456
>>> Method used is FitDiagnostics
Set Default Value of Parameter mask_pass_SIG To : 1
Set Default Value of Parameter mask_pass_HIGH To : 1
Set Default Value of Parameter r To : 1
>>> 2 out of 6 channels masked

>> Found 16 floating parameters
>> The following parameters are protected in the event of negative eigenvalues: r
>> Verifying eigenvalues are all positive (iteration 0)
Eigenvalue 14 : -5.82076e-11
 - -1	Background_fail_HIGH_bin_5-1
 - 1.17159e-09	r
 - -2.10231e-10	Background_fail_HIGH_bin_4-1
 - -1.73194e-10	Background_fail_LOW_bin_2-1
 - 1.23181e-10	Background_fail_HIGH_bin_1-1
Eigenvalue 15 : -0.00535347
 - 0.966737	r
 - -0.209586	Background_fail_HIGH_bin_4-1
 - -0.101786	Background_fail_HIGH_bin_3-1
 - -0.0900364	SVM
 - -0.0483901	Background_fail_HIGH_bin_2-1
>> Attempt 0 failed, remove the variable with largest eigenvector component...
>> Dropping Background_fail_HIGH_bin_4-1 from the hessian
>> Verifying eigenvalues are all positive (iteration 1)
Eigenvalue 14 : -5.82077e-11
 - 1	Background_fail_HIGH_bin_5-1
 - 1.00782e-09	r
 - -2.12807e-10	SVM
 - -1.76767e-10	Background_fail_HIGH_bin_1-1
 - 1.72494e-10	Background_fail_LOW_bin_2-1
>> Attempt 1 failed, remove the variable with largest eigenvector component...
>> Dropping Background_fail_HIGH_bin_5-1 from the hessian
>> Verifying eigenvalues are all positive (iteration 2)
>> All eigenvalues are positive
>> Inverting Hessian...
>> Matrix inverted
>> Note: the following parameters were dropped to make the covariance matrix pos-def:
     - Background_fail_HIGH_bin_4-1
     - Background_fail_HIGH_bin_5-1

 --- FitDiagnostics ---
Best fit r: 8.59338e-10  -8.59338e-10/+10  (68% CL)
Done in 0.00 min (cpu), 0.00 min (real)
