 <<< Combine >>> 
 <<< v10.0.1 >>>
>>> Random number generator seed is 123456
>>> Method used is FitDiagnostics
Set Default Value of Parameter mask_pass_SIG To : 1
Set Default Value of Parameter mask_pass_HIGH To : 1
Set Default Value of Parameter r To : 1
>>> 2 out of 6 channels masked

>> Found 16 floating parameters
>> The following parameters are protected in the event of negative eigenvalues: r
>> Verifying eigenvalues are all positive (iteration 0)
Eigenvalue 14 : -5.82077e-11
 - -1	Background_fail_HIGH_bin_5-1
 - 1.06061e-08	r
 - -1.41286e-09	Background_fail_HIGH_bin_4-1
 - -1.3236e-09	SVM
 - -5.20196e-10	Background_fail_HIGH_bin_3-1
Eigenvalue 15 : -0.00391494
 - 0.983407	r
 - -0.128473	Background_fail_HIGH_bin_4-1
 - -0.116811	SVM
 - -0.0480047	Background_fail_HIGH_bin_3-1
 - -0.0192916	Background_fail_HIGH_bin_2-1
>> Attempt 0 failed, remove the variable with largest eigenvector component...
>> Dropping Background_fail_HIGH_bin_4-1 from the hessian
>> Verifying eigenvalues are all positive (iteration 1)
Eigenvalue 13 : -5.82077e-11
 - 1	Background_fail_HIGH_bin_5-1
 - -8.2711e-08	r
 - 1.00635e-08	SVM
 - 4.10905e-09	Background_fail_HIGH_bin_3-1
 - 1.64858e-09	Background_fail_HIGH_bin_2-1
Eigenvalue 14 : -0.000510453
 - -0.991331	r
 - 0.119841	SVM
 - 0.0492153	Background_fail_HIGH_bin_3-1
 - 0.0197686	Background_fail_HIGH_bin_2-1
 - 0.00815403	Background_fail_HIGH_bin_1-1
>> Attempt 1 failed, remove the variable with largest eigenvector component...
>> Dropping SVM from the hessian
>> Verifying eigenvalues are all positive (iteration 2)
Eigenvalue 13 : -5.82076e-11
 - 1	Background_fail_HIGH_bin_5-1
 - 1.91237e-08	r
 - -9.5954e-10	Background_fail_HIGH_bin_3-1
 - -3.87194e-10	Background_fail_HIGH_bin_2-1
 - -1.95702e-10	Background_fail_HIGH_bin_1-1
>> Attempt 2 failed, remove the variable with largest eigenvector component...
>> Dropping Background_fail_HIGH_bin_5-1 from the hessian
>> Verifying eigenvalues are all positive (iteration 3)
>> All eigenvalues are positive
>> Inverting Hessian...
>> Matrix inverted
>> Note: the following parameters were dropped to make the covariance matrix pos-def:
     - Background_fail_HIGH_bin_4-1
     - SVM
     - Background_fail_HIGH_bin_5-1

 --- FitDiagnostics ---
Best fit r: 2.37399e-12  -2.37399e-12/+10  (68% CL)
Done in 0.00 min (cpu), 0.00 min (real)
