 <<< Combine >>> 
 <<< v10.0.1 >>>
>>> Random number generator seed is 123456
>>> Method used is FitDiagnostics
Set Default Value of Parameter mask_pass_SIG To : 1
Set Default Value of Parameter mask_pass_HIGH To : 1
Set Default Value of Parameter r To : 1
>>> 2 out of 6 channels masked

>> Found 16 floating parameters
>> The following parameters are protected in the event of negative eigenvalues: r
>> Verifying eigenvalues are all positive (iteration 0)
Eigenvalue 14 : -5.82077e-11
 - 1	Background_fail_HIGH_bin_5-1
 - -2.31297e-08	r
 - 7.01576e-09	Background_fail_HIGH_bin_4-1
 - 3.59039e-09	Background_fail_HIGH_bin_3-1
 - 2.61837e-09	SVM
Eigenvalue 15 : -0.00879726
 - -0.943662	r
 - 0.271488	Background_fail_HIGH_bin_4-1
 - 0.141199	Background_fail_HIGH_bin_3-1
 - 0.102132	SVM
 - 0.0654965	Background_fail_HIGH_bin_2-1
>> Attempt 0 failed, remove the variable with largest eigenvector component...
>> Dropping Background_fail_HIGH_bin_4-1 from the hessian
>> Verifying eigenvalues are all positive (iteration 1)
Eigenvalue 14 : -5.82077e-11
 - 1	Background_fail_HIGH_bin_5-1
 - 2.75718e-08	r
 - -4.33055e-09	Background_fail_HIGH_bin_3-1
 - -3.12124e-09	SVM
 - -2.04826e-09	Background_fail_HIGH_bin_2-1
>> Attempt 1 failed, remove the variable with largest eigenvector component...
>> Dropping Background_fail_HIGH_bin_5-1 from the hessian
>> Verifying eigenvalues are all positive (iteration 2)
>> All eigenvalues are positive
>> Inverting Hessian...
>> Matrix inverted
>> Note: the following parameters were dropped to make the covariance matrix pos-def:
     - Background_fail_HIGH_bin_4-1
     - Background_fail_HIGH_bin_5-1

 --- FitDiagnostics ---
Best fit r: 1.17691e-10  -1.17691e-10/+10  (68% CL)
Done in 0.00 min (cpu), 0.00 min (real)
