CascadeMinimizer.cc[188] : (in function: improveOnce) - Minimization configured with Type=Minuit2, Algo=Migrad, strategy=0, tolerance=0.1
CascadeMinimizer.cc[215] : (in function: improveOnce) - Minimization finished with status=0
CascadeMinimizer.cc[219] : (in function: improveOnce) - Minimization success! status=0
ToyMCSamplerOpt.cc[146] : (in function: generateAsimov) - Using internal logic for binned/unbinned Asimov dataset generation
ToyMCSamplerOpt.cc[214] : (in function: generateWithHisto) - Generating asimov with histogram for pdf pdf_binpass_LOW_obsOnly: in 4 x-bins
ToyMCSamplerOpt.cc[215] : (in function: generateWithHisto) -  , in 1 y-bins
ToyMCSamplerOpt.cc[146] : (in function: generateAsimov) - Using internal logic for binned/unbinned Asimov dataset generation
ToyMCSamplerOpt.cc[214] : (in function: generateWithHisto) - Generating asimov with histogram for pdf pdf_binpass_SIG_obsOnly: in 6 x-bins
ToyMCSamplerOpt.cc[215] : (in function: generateWithHisto) -  , in 1 y-bins
ToyMCSamplerOpt.cc[146] : (in function: generateAsimov) - Using internal logic for binned/unbinned Asimov dataset generation
ToyMCSamplerOpt.cc[214] : (in function: generateWithHisto) - Generating asimov with histogram for pdf pdf_binpass_HIGH_obsOnly: in 3 x-bins
ToyMCSamplerOpt.cc[215] : (in function: generateWithHisto) -  , in 1 y-bins
ToyMCSamplerOpt.cc[146] : (in function: generateAsimov) - Using internal logic for binned/unbinned Asimov dataset generation
ToyMCSamplerOpt.cc[214] : (in function: generateWithHisto) - Generating asimov with histogram for pdf pdf_binfail_LOW_obsOnly: in 4 x-bins
ToyMCSamplerOpt.cc[215] : (in function: generateWithHisto) -  , in 1 y-bins
ToyMCSamplerOpt.cc[146] : (in function: generateAsimov) - Using internal logic for binned/unbinned Asimov dataset generation
ToyMCSamplerOpt.cc[214] : (in function: generateWithHisto) - Generating asimov with histogram for pdf pdf_binfail_SIG_obsOnly: in 6 x-bins
ToyMCSamplerOpt.cc[215] : (in function: generateWithHisto) -  , in 1 y-bins
ToyMCSamplerOpt.cc[146] : (in function: generateAsimov) - Using internal logic for binned/unbinned Asimov dataset generation
ToyMCSamplerOpt.cc[214] : (in function: generateWithHisto) - Generating asimov with histogram for pdf pdf_binfail_HIGH_obsOnly: in 3 x-bins
ToyMCSamplerOpt.cc[215] : (in function: generateWithHisto) -  , in 1 y-bins
AsymptoticLimits.cc[428] : (in function: runLimitExpected) - Median for expected limits = 0.742188, Sigma for expected limits = 0.378674
AsymptoticLimits.cc[191] : (in function: runLimit) - NLL at global minimum of data = -135056 (r=0.330524)
AsymptoticLimits.cc[211] : (in function: runLimit) - NLL at global minimum of asimov = -134983 (r=7.04635e-07)
AsymptoticLimits.cc[337] : (in function: getCLs) - At r = 1.905664:	q_mu = 3.59152	q_A  = 10.14688	Pmu = 0.02904	1-Pb  = 0.90152	CLs  = 0.03221
AsymptoticLimits.cc[337] : (in function: getCLs) - At r = 1.118094:	q_mu = 1.21490	q_A  = 5.85053	Pmu = 0.13518	1-Pb  = 0.90601	CLs  = 0.14921
AsymptoticLimits.cc[337] : (in function: getCLs) - At r = 1.567417:	q_mu = 2.49083	q_A  = 8.29291	Pmu = 0.05726	1-Pb  = 0.90346	CLs  = 0.06337
AsymptoticLimits.cc[337] : (in function: getCLs) - At r = 1.729837:	q_mu = 3.00722	q_A  = 9.18168	Pmu = 0.04145	1-Pb  = 0.90251	CLs  = 0.04592
AsymptoticLimits.cc[337] : (in function: getCLs) - At r = 1.663048:	q_mu = 2.79186	q_A  = 8.81586	Pmu = 0.04737	1-Pb  = 0.90290	CLs  = 0.05247
AsymptoticLimits.cc[337] : (in function: getCLs) - At r = 1.695724:	q_mu = 2.89668	q_A  = 8.99477	Pmu = 0.04438	1-Pb  = 0.90271	CLs  = 0.04916
AsymptoticLimits.cc[337] : (in function: getCLs) - At r = 1.682410:	q_mu = 2.85385	q_A  = 8.92186	Pmu = 0.04558	1-Pb  = 0.90279	CLs  = 0.05049
AsymptoticLimits.cc[337] : (in function: getCLs) - At r = 1.688953:	q_mu = 2.87487	q_A  = 8.95768	Pmu = 0.04499	1-Pb  = 0.90275	CLs  = 0.04983
