 <<< Combine >>> 
 <<< v10.0.1 >>>
>>> Random number generator seed is 123456
>>> Method used is FitDiagnostics
Set Default Value of Parameter mask_pass_SIG To : 1
Set Default Value of Parameter mask_pass_HIGH To : 1
Set Default Value of Parameter r To : 1
>>> 2 out of 6 channels masked

>> Found 16 floating parameters
>> The following parameters are protected in the event of negative eigenvalues: r
>> Verifying eigenvalues are all positive (iteration 0)
Eigenvalue 15 : -0.00347718
 - 0.986369	r
 - -0.11354	SVM
 - -0.110641	Background_fail_HIGH_bin_4-1
 - -0.0402599	Background_fail_HIGH_bin_3-1
 - -0.0160481	Background_fail_HIGH_bin_2-1
>> Attempt 0 failed, remove the variable with largest eigenvector component...
>> Dropping SVM from the hessian
>> Verifying eigenvalues are all positive (iteration 1)
Eigenvalue 14 : -0.000932533
 - 0.992611	r
 - -0.11272	Background_fail_HIGH_bin_4-1
 - -0.041029	Background_fail_HIGH_bin_3-1
 - -0.0163488	Background_fail_HIGH_bin_2-1
 - -0.00679469	Background_fail_HIGH_bin_1-1
>> Attempt 1 failed, remove the variable with largest eigenvector component...
>> Dropping Background_fail_HIGH_bin_4-1 from the hessian
>> Verifying eigenvalues are all positive (iteration 2)
>> All eigenvalues are positive
>> Inverting Hessian...
>> Matrix inverted
>> Note: the following parameters were dropped to make the covariance matrix pos-def:
     - SVM
     - Background_fail_HIGH_bin_4-1

 --- FitDiagnostics ---
Best fit r: 5.7671e-11  -5.7671e-11/+10  (68% CL)
Done in 0.00 min (cpu), 0.00 min (real)
