 <<< Combine >>> 
 <<< v10.0.1 >>>
>>> Random number generator seed is 123456
>>> Method used is FitDiagnostics
Set Default Value of Parameter mask_pass_SIG To : 1
Set Default Value of Parameter mask_pass_HIGH To : 1
Set Default Value of Parameter r To : 1
>>> 2 out of 6 channels masked

>> Found 16 floating parameters
>> The following parameters are protected in the event of negative eigenvalues: r
>> Verifying eigenvalues are all positive (iteration 0)
Eigenvalue 14 : -5.82077e-11
 - -1	Background_fail_HIGH_bin_5-1
 - 1.80315e-08	r
 - -5.97224e-09	Background_fail_HIGH_bin_4-1
 - -4.65084e-09	Background_fail_HIGH_bin_3-1
 - -3.4976e-09	Background_fail_HIGH_bin_2-1
Eigenvalue 15 : -0.00959453
 - 0.90673	r
 - -0.282044	Background_fail_HIGH_bin_4-1
 - -0.223511	Background_fail_HIGH_bin_3-1
 - -0.168266	Background_fail_HIGH_bin_2-1
 - -0.101808	Background_fail_HIGH_bin_1-1
>> Attempt 0 failed, remove the variable with largest eigenvector component...
>> Dropping Background_fail_HIGH_bin_4-1 from the hessian
>> Verifying eigenvalues are all positive (iteration 1)
Eigenvalue 14 : -5.82077e-11
 - 1	Background_fail_HIGH_bin_5-1
 - 2.20526e-08	r
 - -5.7051e-09	Background_fail_HIGH_bin_3-1
 - -4.28844e-09	Background_fail_HIGH_bin_2-1
 - -2.59845e-09	Background_fail_HIGH_bin_1-1
>> Attempt 1 failed, remove the variable with largest eigenvector component...
>> Dropping Background_fail_HIGH_bin_5-1 from the hessian
>> Verifying eigenvalues are all positive (iteration 2)
>> All eigenvalues are positive
>> Inverting Hessian...
>> Matrix inverted
>> Note: the following parameters were dropped to make the covariance matrix pos-def:
     - Background_fail_HIGH_bin_4-1
     - Background_fail_HIGH_bin_5-1

 --- FitDiagnostics ---
Best fit r: 1.56917e-09  -1.56917e-09/+10  (68% CL)
Done in 0.00 min (cpu), 0.00 min (real)
