 <<< Combine >>> 
 <<< v10.0.1 >>>
>>> Random number generator seed is 123456
>>> Method used is FitDiagnostics
Set Default Value of Parameter mask_pass_SIG To : 1
Set Default Value of Parameter mask_pass_HIGH To : 1
Set Default Value of Parameter r To : 1
>>> 2 out of 6 channels masked

>> Found 16 floating parameters
>> The following parameters are protected in the event of negative eigenvalues: r
>> Verifying eigenvalues are all positive (iteration 0)
Eigenvalue 14 : -5.82077e-11
 - 1	Background_fail_HIGH_bin_5-1
 - -7.14918e-08	r
 - 8.90061e-09	SVM
 - 2.63789e-09	Background_fail_HIGH_bin_4-1
 - 9.31466e-10	Background_fail_HIGH_bin_3-1
Eigenvalue 15 : -0.00301283
 - -0.99179	r
 - 0.121563	SVM
 - 0.0373437	Background_fail_HIGH_bin_4-1
 - 0.0122811	Background_fail_HIGH_bin_3-1
 - 0.00391797	Background_fail_HIGH_bin_2-1
>> Attempt 0 failed, remove the variable with largest eigenvector component...
>> Dropping SVM from the hessian
>> Verifying eigenvalues are all positive (iteration 1)
Eigenvalue 13 : -5.82072e-11
 - -1	Background_fail_HIGH_bin_5-1
 - 2.25959e-06	r
 - -8.62734e-08	Background_fail_HIGH_bin_4-1
 - -2.84354e-08	Background_fail_HIGH_bin_3-1
 - -8.93848e-09	Background_fail_HIGH_bin_2-1
Eigenvalue 14 : -9.67736e-05
 - 0.999177	r
 - -0.0381729	Background_fail_HIGH_bin_4-1
 - -0.0125533	Background_fail_HIGH_bin_3-1
 - -0.00400316	Background_fail_HIGH_bin_2-1
 - -0.00346823	lumi
>> Attempt 1 failed, remove the variable with largest eigenvector component...
>> Dropping Background_fail_HIGH_bin_4-1 from the hessian
>> Verifying eigenvalues are all positive (iteration 2)
Eigenvalue 13 : -5.82079e-11
 - 1	Background_fail_HIGH_bin_5-1
 - 1.1264e-06	r
 - -1.41258e-08	Background_fail_HIGH_bin_3-1
 - -4.63377e-09	Background_fail_HIGH_bin_2-1
 - -3.94983e-09	lumi
>> Attempt 2 failed, remove the variable with largest eigenvector component...
>> Dropping Background_fail_HIGH_bin_5-1 from the hessian
>> Verifying eigenvalues are all positive (iteration 3)
>> All eigenvalues are positive
>> Inverting Hessian...
>> Matrix inverted
>> Note: the following parameters were dropped to make the covariance matrix pos-def:
     - SVM
     - Background_fail_HIGH_bin_4-1
     - Background_fail_HIGH_bin_5-1

 --- FitDiagnostics ---
Best fit r: 1.15721e-11  -1.15721e-11/+10  (68% CL)
Done in 0.00 min (cpu), 0.00 min (real)
