 <<< Combine >>> 
 <<< v10.0.1 >>>
>>> Random number generator seed is 123456
>>> Method used is FitDiagnostics
Set Default Value of Parameter mask_pass_SIG To : 1
Set Default Value of Parameter mask_pass_HIGH To : 1
Set Default Value of Parameter r To : 1
>>> 2 out of 6 channels masked

>> Found 16 floating parameters
>> The following parameters are protected in the event of negative eigenvalues: r
>> Verifying eigenvalues are all positive (iteration 0)
Eigenvalue 14 : -5.82077e-11
 - -1	Background_fail_HIGH_bin_5-1
 - 3.38112e-08	r
 - -4.27051e-09	SVM
 - -2.45769e-09	Background_fail_HIGH_bin_4-1
 - -9.09163e-10	Background_fail_HIGH_bin_3-1
Eigenvalue 15 : -0.00339973
 - 0.989359	r
 - -0.123873	SVM
 - -0.0719862	Background_fail_HIGH_bin_4-1
 - -0.0233239	Background_fail_HIGH_bin_3-1
 - -0.00850586	Background_fail_HIGH_bin_2-1
>> Attempt 0 failed, remove the variable with largest eigenvector component...
>> Dropping SVM from the hessian
>> Verifying eigenvalues are all positive (iteration 1)
Eigenvalue 13 : -5.82076e-11
 - 1	Background_fail_HIGH_bin_5-1
 - -3.18041e-07	r
 - 2.34917e-08	Background_fail_HIGH_bin_4-1
 - 7.72403e-09	Background_fail_HIGH_bin_3-1
 - 2.76489e-09	Background_fail_HIGH_bin_2-1
Eigenvalue 14 : -0.000364228
 - -0.996948	r
 - 0.0736428	Background_fail_HIGH_bin_4-1
 - 0.0238598	Background_fail_HIGH_bin_3-1
 - 0.00869755	Background_fail_HIGH_bin_2-1
 - 0.00365388	lumi
>> Attempt 1 failed, remove the variable with largest eigenvector component...
>> Dropping Background_fail_HIGH_bin_4-1 from the hessian
>> Verifying eigenvalues are all positive (iteration 2)
Eigenvalue 13 : -5.82077e-11
 - 1	Background_fail_HIGH_bin_5-1
 - 1.60213e-07	r
 - -3.74288e-09	Background_fail_HIGH_bin_3-1
 - -1.41488e-09	Background_fail_HIGH_bin_2-1
 - -5.6323e-10	Background_fail_HIGH_bin_1-1
>> Attempt 2 failed, remove the variable with largest eigenvector component...
>> Dropping Background_fail_HIGH_bin_5-1 from the hessian
>> Verifying eigenvalues are all positive (iteration 3)
>> All eigenvalues are positive
>> Inverting Hessian...
>> Matrix inverted
>> Note: the following parameters were dropped to make the covariance matrix pos-def:
     - SVM
     - Background_fail_HIGH_bin_4-1
     - Background_fail_HIGH_bin_5-1

 --- FitDiagnostics ---
Best fit r: 1.84037e-12  -1.84037e-12/+10  (68% CL)
Done in 0.00 min (cpu), 0.00 min (real)
