CascadeMinimizer.cc[188] : (in function: improveOnce) - Minimization configured with Type=Minuit2, Algo=Migrad, strategy=1, tolerance=0.1
CascadeMinimizer.cc[215] : (in function: improveOnce) - Minimization finished with status=0
CascadeMinimizer.cc[219] : (in function: improveOnce) - Minimization success! status=0
ToyMCSamplerOpt.cc[146] : (in function: generateAsimov) - Using internal logic for binned/unbinned Asimov dataset generation
ToyMCSamplerOpt.cc[214] : (in function: generateWithHisto) - Generating asimov with histogram for pdf pdf_binpass_LOW_obsOnly: in 4 x-bins
ToyMCSamplerOpt.cc[215] : (in function: generateWithHisto) -  , in 1 y-bins
ToyMCSamplerOpt.cc[146] : (in function: generateAsimov) - Using internal logic for binned/unbinned Asimov dataset generation
ToyMCSamplerOpt.cc[214] : (in function: generateWithHisto) - Generating asimov with histogram for pdf pdf_binpass_SIG_obsOnly: in 2 x-bins
ToyMCSamplerOpt.cc[215] : (in function: generateWithHisto) -  , in 1 y-bins
ToyMCSamplerOpt.cc[146] : (in function: generateAsimov) - Using internal logic for binned/unbinned Asimov dataset generation
ToyMCSamplerOpt.cc[214] : (in function: generateWithHisto) - Generating asimov with histogram for pdf pdf_binpass_HIGH_obsOnly: in 4 x-bins
ToyMCSamplerOpt.cc[215] : (in function: generateWithHisto) -  , in 1 y-bins
ToyMCSamplerOpt.cc[146] : (in function: generateAsimov) - Using internal logic for binned/unbinned Asimov dataset generation
ToyMCSamplerOpt.cc[214] : (in function: generateWithHisto) - Generating asimov with histogram for pdf pdf_binfail_LOW_obsOnly: in 4 x-bins
ToyMCSamplerOpt.cc[215] : (in function: generateWithHisto) -  , in 1 y-bins
ToyMCSamplerOpt.cc[146] : (in function: generateAsimov) - Using internal logic for binned/unbinned Asimov dataset generation
ToyMCSamplerOpt.cc[214] : (in function: generateWithHisto) - Generating asimov with histogram for pdf pdf_binfail_SIG_obsOnly: in 2 x-bins
ToyMCSamplerOpt.cc[215] : (in function: generateWithHisto) -  , in 1 y-bins
ToyMCSamplerOpt.cc[146] : (in function: generateAsimov) - Using internal logic for binned/unbinned Asimov dataset generation
ToyMCSamplerOpt.cc[214] : (in function: generateWithHisto) - Generating asimov with histogram for pdf pdf_binfail_HIGH_obsOnly: in 4 x-bins
ToyMCSamplerOpt.cc[215] : (in function: generateWithHisto) -  , in 1 y-bins
AsymptoticLimits.cc[428] : (in function: runLimitExpected) - Median for expected limits = 0.695312, Sigma for expected limits = 0.354758
AsymptoticLimits.cc[191] : (in function: runLimit) - NLL at global minimum of data = -610049 (r=1.3037e-06)
AsymptoticLimits.cc[211] : (in function: runLimit) - NLL at global minimum of asimov = -610049 (r=9.82079e-08)
AsymptoticLimits.cc[337] : (in function: getCLs) - At r = 1.200001:	q_mu = 11.37187	q_A  = 8.10396	Pmu = 0.00031	1-Pb  = 0.28299	CLs  = 0.00110
AsymptoticLimits.cc[337] : (in function: getCLs) - At r = 0.600001:	q_mu = 5.35542	q_A  = 3.10596	Pmu = 0.00818	1-Pb  = 0.26168	CLs  = 0.03128
AsymptoticLimits.cc[337] : (in function: getCLs) - At r = 0.300001:	q_mu = 2.47144	q_A  = 1.05157	Pmu = 0.04292	1-Pb  = 0.24437	CLs  = 0.17563
AsymptoticLimits.cc[337] : (in function: getCLs) - At r = 0.450001:	q_mu = 3.88947	q_A  = 2.01235	Pmu = 0.01875	1-Pb  = 0.25411	CLs  = 0.07380
AsymptoticLimits.cc[337] : (in function: getCLs) - At r = 0.534431:	q_mu = 4.71009	q_A  = 2.61528	Pmu = 0.01176	1-Pb  = 0.25860	CLs  = 0.04548
AsymptoticLimits.cc[337] : (in function: getCLs) - At r = 0.504323:	q_mu = 4.41598	q_A  = 2.39620	Pmu = 0.01389	1-Pb  = 0.25707	CLs  = 0.05403
AsymptoticLimits.cc[337] : (in function: getCLs) - At r = 0.521186:	q_mu = 4.58052	q_A  = 2.51836	Pmu = 0.01265	1-Pb  = 0.25793	CLs  = 0.04906
AsymptoticLimits.cc[337] : (in function: getCLs) - At r = 0.515161:	q_mu = 4.52168	q_A  = 2.47453	Pmu = 0.01308	1-Pb  = 0.25762	CLs  = 0.05078
AsymptoticLimits.cc[337] : (in function: getCLs) - At r = 0.518534:	q_mu = 4.55460	q_A  = 2.49903	Pmu = 0.01284	1-Pb  = 0.25780	CLs  = 0.04981
AsymptoticLimits.cc[337] : (in function: getCLs) - At r = 0.517329:	q_mu = 4.54284	q_A  = 2.49027	Pmu = 0.01293	1-Pb  = 0.25773	CLs  = 0.05016
AsymptoticLimits.cc[337] : (in function: getCLs) - At r = 0.518003:	q_mu = 4.54943	q_A  = 2.49517	Pmu = 0.01288	1-Pb  = 0.25777	CLs  = 0.04996
AsymptoticLimits.cc[337] : (in function: getCLs) - At r = 0.517762:	q_mu = 4.54707	q_A  = 2.49342	Pmu = 0.01290	1-Pb  = 0.25776	CLs  = 0.05003
AsymptoticLimits.cc[337] : (in function: getCLs) - At r = 0.517897:	q_mu = 4.54839	q_A  = 2.49440	Pmu = 0.01289	1-Pb  = 0.25776	CLs  = 0.04999
AsymptoticLimits.cc[337] : (in function: getCLs) - At r = 0.517849:	q_mu = 4.54792	q_A  = 2.49405	Pmu = 0.01289	1-Pb  = 0.25776	CLs  = 0.05001
AsymptoticLimits.cc[337] : (in function: getCLs) - At r = 0.517876:	q_mu = 4.54818	q_A  = 2.49424	Pmu = 0.01289	1-Pb  = 0.25776	CLs  = 0.05000
AsymptoticLimits.cc[337] : (in function: getCLs) - At r = 0.517867:	q_mu = 4.54809	q_A  = 2.49417	Pmu = 0.01289	1-Pb  = 0.25776	CLs  = 0.05000
AsymptoticLimits.cc[337] : (in function: getCLs) - At r = 0.517872:	q_mu = 4.54814	q_A  = 2.49421	Pmu = 0.01289	1-Pb  = 0.25776	CLs  = 0.05000
AsymptoticLimits.cc[337] : (in function: getCLs) - At r = 0.517870:	q_mu = 4.54812	q_A  = 2.49420	Pmu = 0.01289	1-Pb  = 0.25776	CLs  = 0.05000
AsymptoticLimits.cc[337] : (in function: getCLs) - At r = 0.517871:	q_mu = 4.54813	q_A  = 2.49421	Pmu = 0.01289	1-Pb  = 0.25776	CLs  = 0.05000
AsymptoticLimits.cc[337] : (in function: getCLs) - At r = 0.517871:	q_mu = 4.54813	q_A  = 2.49420	Pmu = 0.01289	1-Pb  = 0.25776	CLs  = 0.05000
AsymptoticLimits.cc[337] : (in function: getCLs) - At r = 0.517871:	q_mu = 4.54813	q_A  = 2.49421	Pmu = 0.01289	1-Pb  = 0.25776	CLs  = 0.05000
AsymptoticLimits.cc[337] : (in function: getCLs) - At r = 0.517871:	q_mu = 4.54813	q_A  = 2.49421	Pmu = 0.01289	1-Pb  = 0.25776	CLs  = 0.05000
AsymptoticLimits.cc[337] : (in function: getCLs) - At r = 0.517871:	q_mu = 4.54813	q_A  = 2.49421	Pmu = 0.01289	1-Pb  = 0.25776	CLs  = 0.05000
