 <<< Combine >>> 
 <<< v10.0.1 >>>
>>> Random number generator seed is 123456
>>> Method used is FitDiagnostics
Set Default Value of Parameter mask_pass_SIG To : 1
Set Default Value of Parameter mask_pass_HIGH To : 1
Set Default Value of Parameter r To : 1
>>> 2 out of 6 channels masked

>> Found 16 floating parameters
>> The following parameters are protected in the event of negative eigenvalues: r
>> Verifying eigenvalues are all positive (iteration 0)
Eigenvalue 14 : -5.55112e-17
 - -1	Background_fail_HIGH_bin_5-1
 - 9.02931e-10	r
 - 1.89599e-10	Background_fail_LOW_bin_1-1
 - -1.51597e-10	Background_fail_LOW_bin_2-1
 - -1.45409e-10	Background_rpf_expo_par1
Eigenvalue 15 : -0.00386057
 - 0.98847	r
 - -0.13346	SVM
 - -0.0672319	Background_fail_HIGH_bin_4-1
 - -0.0225347	Background_fail_HIGH_bin_3-1
 - -0.00787061	Background_fail_HIGH_bin_2-1
>> Attempt 0 failed, remove the variable with largest eigenvector component...
>> Dropping SVM from the hessian
>> Verifying eigenvalues are all positive (iteration 1)
Eigenvalue 14 : -0.000319819
 - 0.9973	r
 - -0.0690374	Background_fail_HIGH_bin_4-1
 - -0.023139	Background_fail_HIGH_bin_3-1
 - -0.00807759	Background_fail_HIGH_bin_2-1
 - -0.00369789	lumi
>> Attempt 1 failed, remove the variable with largest eigenvector component...
>> Dropping Background_fail_HIGH_bin_4-1 from the hessian
>> Verifying eigenvalues are all positive (iteration 2)
>> All eigenvalues are positive
>> Inverting Hessian...
>> Matrix inverted
>> Note: the following parameters were dropped to make the covariance matrix pos-def:
     - SVM
     - Background_fail_HIGH_bin_4-1

 --- FitDiagnostics ---
Best fit r: 7.04731e-17  -7.04731e-17/+10  (68% CL)
Done in 0.00 min (cpu), 0.00 min (real)
