CascadeMinimizer.cc[188] : (in function: improveOnce) - Minimization configured with Type=Minuit2, Algo=Migrad, strategy=0, tolerance=0.1
CascadeMinimizer.cc[215] : (in function: improveOnce) - Minimization finished with status=0
CascadeMinimizer.cc[219] : (in function: improveOnce) - Minimization success! status=0
ToyMCSamplerOpt.cc[146] : (in function: generateAsimov) - Using internal logic for binned/unbinned Asimov dataset generation
ToyMCSamplerOpt.cc[214] : (in function: generateWithHisto) - Generating asimov with histogram for pdf pdf_binpass_LOW_obsOnly: in 4 x-bins
ToyMCSamplerOpt.cc[215] : (in function: generateWithHisto) -  , in 1 y-bins
ToyMCSamplerOpt.cc[146] : (in function: generateAsimov) - Using internal logic for binned/unbinned Asimov dataset generation
ToyMCSamplerOpt.cc[214] : (in function: generateWithHisto) - Generating asimov with histogram for pdf pdf_binpass_SIG_obsOnly: in 2 x-bins
ToyMCSamplerOpt.cc[215] : (in function: generateWithHisto) -  , in 1 y-bins
ToyMCSamplerOpt.cc[146] : (in function: generateAsimov) - Using internal logic for binned/unbinned Asimov dataset generation
ToyMCSamplerOpt.cc[214] : (in function: generateWithHisto) - Generating asimov with histogram for pdf pdf_binpass_HIGH_obsOnly: in 11 x-bins
ToyMCSamplerOpt.cc[215] : (in function: generateWithHisto) -  , in 1 y-bins
ToyMCSamplerOpt.cc[146] : (in function: generateAsimov) - Using internal logic for binned/unbinned Asimov dataset generation
ToyMCSamplerOpt.cc[214] : (in function: generateWithHisto) - Generating asimov with histogram for pdf pdf_binfail_LOW_obsOnly: in 4 x-bins
ToyMCSamplerOpt.cc[215] : (in function: generateWithHisto) -  , in 1 y-bins
ToyMCSamplerOpt.cc[146] : (in function: generateAsimov) - Using internal logic for binned/unbinned Asimov dataset generation
ToyMCSamplerOpt.cc[214] : (in function: generateWithHisto) - Generating asimov with histogram for pdf pdf_binfail_SIG_obsOnly: in 2 x-bins
ToyMCSamplerOpt.cc[215] : (in function: generateWithHisto) -  , in 1 y-bins
ToyMCSamplerOpt.cc[146] : (in function: generateAsimov) - Using internal logic for binned/unbinned Asimov dataset generation
ToyMCSamplerOpt.cc[214] : (in function: generateWithHisto) - Generating asimov with histogram for pdf pdf_binfail_HIGH_obsOnly: in 11 x-bins
ToyMCSamplerOpt.cc[215] : (in function: generateWithHisto) -  , in 1 y-bins
AsymptoticLimits.cc[428] : (in function: runLimitExpected) - Median for expected limits = 0.0307617, Sigma for expected limits = 0.015695
AsymptoticLimits.cc[191] : (in function: runLimit) - NLL at global minimum of data = -110125 (r=5.0693e-11)
AsymptoticLimits.cc[211] : (in function: runLimit) - NLL at global minimum of asimov = -110124 (r=1.58908e-05)
AsymptoticLimits.cc[337] : (in function: getCLs) - At r = 1.200000:	q_mu = 408.71565	q_A  = 403.38473	Pmu = 0.00000	1-Pb  = 0.44721	CLs  = 0.00000
AsymptoticLimits.cc[337] : (in function: getCLs) - At r = 0.600000:	q_mu = 191.88436	q_A  = 185.63924	Pmu = 0.00000	1-Pb  = 0.40936	CLs  = 0.00000
AsymptoticLimits.cc[337] : (in function: getCLs) - At r = 0.300000:	q_mu = 83.76094	q_A  = 80.73848	Pmu = 0.00000	1-Pb  = 0.43322	CLs  = 0.00000
AsymptoticLimits.cc[337] : (in function: getCLs) - At r = 0.150000:	q_mu = 36.91675	q_A  = 31.43145	Pmu = 0.00000	1-Pb  = 0.31235	CLs  = 0.00000
AsymptoticLimits.cc[337] : (in function: getCLs) - At r = 0.075000:	q_mu = 17.46601	q_A  = 12.56157	Pmu = 0.00001	1-Pb  = 0.24450	CLs  = 0.00005
AsymptoticLimits.cc[337] : (in function: getCLs) - At r = 0.037500:	q_mu = 8.50625	q_A  = 5.02373	Pmu = 0.00127	1-Pb  = 0.21862	CLs  = 0.00581
AsymptoticLimits.cc[337] : (in function: getCLs) - At r = 0.018750:	q_mu = 4.17945	q_A  = 1.91414	Pmu = 0.01383	1-Pb  = 0.20649	CLs  = 0.06696
AsymptoticLimits.cc[337] : (in function: getCLs) - At r = 0.028125:	q_mu = 6.32790	q_A  = 3.39063	Pmu = 0.00416	1-Pb  = 0.21256	CLs  = 0.01956
AsymptoticLimits.cc[337] : (in function: getCLs) - At r = 0.022405:	q_mu = 5.01365	q_A  = 2.46741	Pmu = 0.00863	1-Pb  = 0.20883	CLs  = 0.04131
AsymptoticLimits.cc[337] : (in function: getCLs) - At r = 0.020518:	q_mu = 4.58235	q_A  = 2.17764	Pmu = 0.01100	1-Pb  = 0.20760	CLs  = 0.05297
AsymptoticLimits.cc[337] : (in function: getCLs) - At r = 0.021246:	q_mu = 4.74859	q_A  = 2.28844	Pmu = 0.01001	1-Pb  = 0.20807	CLs  = 0.04812
AsymptoticLimits.cc[337] : (in function: getCLs) - At r = 0.020868:	q_mu = 4.66226	q_A  = 2.23076	Pmu = 0.01051	1-Pb  = 0.20783	CLs  = 0.05058
AsymptoticLimits.cc[337] : (in function: getCLs) - At r = 0.021013:	q_mu = 4.69548	q_A  = 2.25292	Pmu = 0.01032	1-Pb  = 0.20792	CLs  = 0.04962
AsymptoticLimits.cc[337] : (in function: getCLs) - At r = 0.020938:	q_mu = 4.67821	q_A  = 2.24139	Pmu = 0.01042	1-Pb  = 0.20787	CLs  = 0.05012
AsymptoticLimits.cc[337] : (in function: getCLs) - At r = 0.020967:	q_mu = 4.68486	q_A  = 2.24583	Pmu = 0.01038	1-Pb  = 0.20789	CLs  = 0.04992
AsymptoticLimits.cc[337] : (in function: getCLs) - At r = 0.020952:	q_mu = 4.68140	q_A  = 2.24352	Pmu = 0.01040	1-Pb  = 0.20788	CLs  = 0.05002
AsymptoticLimits.cc[337] : (in function: getCLs) - At r = 0.020958:	q_mu = 4.68273	q_A  = 2.24441	Pmu = 0.01039	1-Pb  = 0.20788	CLs  = 0.04998
AsymptoticLimits.cc[337] : (in function: getCLs) - At r = 0.020955:	q_mu = 4.68204	q_A  = 2.24395	Pmu = 0.01040	1-Pb  = 0.20788	CLs  = 0.05000
