 <<< Combine >>> 
 <<< v10.0.1 >>>
>>> Random number generator seed is 123456
>>> Method used is FitDiagnostics
Set Default Value of Parameter mask_pass_SIG To : 1
Set Default Value of Parameter mask_pass_HIGH To : 1
Set Default Value of Parameter r To : 1
>>> 2 out of 6 channels masked

>> Found 16 floating parameters
>> The following parameters are protected in the event of negative eigenvalues: r
>> Verifying eigenvalues are all positive (iteration 0)
Eigenvalue 14 : -2.1684e-19
 - -1	Background_fail_HIGH_bin_5-1
 - -1.49486e-10	Background_fail_SIG_bin_2-1
 - -1.14029e-10	Background_fail_HIGH_bin_1-1
 - 4.03132e-11	Background_fail_HIGH_bin_3-1
 - 1.66991e-11	r
Eigenvalue 15 : -0.00182254
 - 0.994715	r
 - -0.0938869	SVM
 - -0.0390261	Background_fail_HIGH_bin_4-1
 - -0.0127718	Background_fail_HIGH_bin_3-1
 - -0.0046997	Background_fail_HIGH_bin_2-1
>> Attempt 0 failed, remove the variable with largest eigenvector component...
>> Dropping SVM from the hessian
>> Verifying eigenvalues are all positive (iteration 1)
Eigenvalue 14 : -0.000104155
 - 0.999113	r
 - -0.0395369	Background_fail_HIGH_bin_4-1
 - -0.0129388	Background_fail_HIGH_bin_3-1
 - -0.00475996	Background_fail_HIGH_bin_2-1
 - -0.00375222	lumi
>> Attempt 1 failed, remove the variable with largest eigenvector component...
>> Dropping Background_fail_HIGH_bin_4-1 from the hessian
>> Verifying eigenvalues are all positive (iteration 2)
>> All eigenvalues are positive
>> Inverting Hessian...
>> Matrix inverted
>> Note: the following parameters were dropped to make the covariance matrix pos-def:
     - SVM
     - Background_fail_HIGH_bin_4-1

 --- FitDiagnostics ---
Best fit r: 1.06241e-11  -1.06241e-11/+10  (68% CL)
Done in 0.00 min (cpu), 0.00 min (real)
