 <<< Combine >>> 
 <<< v10.0.1 >>>
>>> Random number generator seed is 123456
>>> Method used is FitDiagnostics
Set Default Value of Parameter mask_pass_SIG To : 1
Set Default Value of Parameter mask_pass_HIGH To : 1
Set Default Value of Parameter r To : 1
>>> 2 out of 6 channels masked

>> Found 16 floating parameters
>> The following parameters are protected in the event of negative eigenvalues: r
>> Verifying eigenvalues are all positive (iteration 0)
Eigenvalue 14 : -5.55112e-17
 - -1	Background_fail_HIGH_bin_5-1
 - -1.75746e-10	Background_fail_LOW_bin_3-1
 - -1.21979e-10	Background_rpf_expo_par0
 - -1.0631e-10	Background_fail_SIG_bin_1-1
 - -7.15819e-11	Background_rpf_expo_par1
Eigenvalue 15 : -0.00394895
 - -0.984576	r
 - 0.120683	SVM
 - 0.117434	Background_fail_HIGH_bin_4-1
 - 0.0430922	Background_fail_HIGH_bin_3-1
 - 0.0179189	Background_fail_HIGH_bin_2-1
>> Attempt 0 failed, remove the variable with largest eigenvector component...
>> Dropping SVM from the hessian
>> Verifying eigenvalues are all positive (iteration 1)
Eigenvalue 14 : -0.0010623
 - 0.991596	r
 - -0.119932	Background_fail_HIGH_bin_4-1
 - -0.0440241	Background_fail_HIGH_bin_3-1
 - -0.018299	Background_fail_HIGH_bin_2-1
 - -0.00771403	Background_fail_HIGH_bin_1-1
>> Attempt 1 failed, remove the variable with largest eigenvector component...
>> Dropping Background_fail_HIGH_bin_4-1 from the hessian
>> Verifying eigenvalues are all positive (iteration 2)
Eigenvalue 13 : -5.55112e-17
 - 1	Background_fail_HIGH_bin_5-1
 - 1.75743e-10	Background_fail_LOW_bin_3-1
 - 1.21978e-10	Background_rpf_expo_par0
 - 1.06287e-10	Background_fail_SIG_bin_1-1
 - 7.15815e-11	Background_rpf_expo_par1
>> Attempt 2 failed, remove the variable with largest eigenvector component...
>> Dropping Background_fail_HIGH_bin_5-1 from the hessian
>> Verifying eigenvalues are all positive (iteration 3)
>> All eigenvalues are positive
>> Inverting Hessian...
>> Matrix inverted
>> Note: the following parameters were dropped to make the covariance matrix pos-def:
     - SVM
     - Background_fail_HIGH_bin_4-1
     - Background_fail_HIGH_bin_5-1

 --- FitDiagnostics ---
Best fit r: 3.77479e-11  -3.77479e-11/+10  (68% CL)
Done in 0.00 min (cpu), 0.00 min (real)
