 <<< Combine >>> 
 <<< v10.0.1 >>>
>>> Random number generator seed is 123456
>>> Method used is FitDiagnostics
Set Default Value of Parameter mask_pass_SIG To : 1
Set Default Value of Parameter mask_pass_HIGH To : 1
Set Default Value of Parameter r To : 1
>>> 2 out of 6 channels masked

>> Found 16 floating parameters
>> The following parameters are protected in the event of negative eigenvalues: r
>> Verifying eigenvalues are all positive (iteration 0)
Eigenvalue 15 : -0.0105461
 - -0.972032	r
 - 0.217116	SVM
 - 0.0843494	Background_fail_HIGH_bin_4-1
 - 0.0279672	Background_fail_HIGH_bin_3-1
 - 0.0095487	Background_fail_HIGH_bin_2-1
>> Attempt 0 failed, remove the variable with largest eigenvector component...
>> Dropping SVM from the hessian
>> Verifying eigenvalues are all positive (iteration 1)
Eigenvalue 13 : -1.66533e-16
 - 1	Background_fail_HIGH_bin_5-1
 - 1.03243e-07	r
 - -9.43381e-09	Background_fail_HIGH_bin_4-1
 - -3.12754e-09	Background_fail_HIGH_bin_3-1
 - -1.06628e-09	Background_fail_HIGH_bin_2-1
Eigenvalue 14 : -0.000559375
 - -0.995357	r
 - 0.0906957	Background_fail_HIGH_bin_4-1
 - 0.0300681	Background_fail_HIGH_bin_3-1
 - 0.010252	Background_fail_HIGH_bin_2-1
 - 0.0038005	Background_fail_HIGH_bin_1-1
>> Attempt 1 failed, remove the variable with largest eigenvector component...
>> Dropping Background_fail_HIGH_bin_4-1 from the hessian
>> Verifying eigenvalues are all positive (iteration 2)
>> All eigenvalues are positive
>> Inverting Hessian...
>> Matrix inverted
>> Note: the following parameters were dropped to make the covariance matrix pos-def:
     - SVM
     - Background_fail_HIGH_bin_4-1

 --- FitDiagnostics ---
Best fit r: 1.07473e-11  -1.07473e-11/+10  (68% CL)
Done in 0.00 min (cpu), 0.00 min (real)
