 <<< Combine >>> 
 <<< v10.0.1 >>>
>>> Random number generator seed is 123456
>>> Method used is FitDiagnostics
Set Default Value of Parameter mask_pass_SIG To : 1
Set Default Value of Parameter mask_pass_HIGH To : 1
Set Default Value of Parameter r To : 1
>>> 2 out of 6 channels masked

>> Found 16 floating parameters
>> The following parameters are protected in the event of negative eigenvalues: r
>> Verifying eigenvalues are all positive (iteration 0)
Eigenvalue 15 : -0.0137851
 - 0.967774	r
 - -0.250466	SVM
 - -0.0253514	Background_fail_HIGH_bin_4-1
 - -0.00490801	Background_fail_HIGH_bin_3-1
 - -0.00319663	lumi
>> Attempt 0 failed, remove the variable with largest eigenvector component...
>> Dropping SVM from the hessian
>> Verifying eigenvalues are all positive (iteration 1)
Eigenvalue 14 : -5.19452e-05
 - -0.999585	r
 - 0.0279913	Background_fail_HIGH_bin_4-1
 - 0.00541827	Background_fail_HIGH_bin_3-1
 - 0.00353853	lumi
 - 0.00180533	Background_fail_HIGH_bin_2-1
>> Attempt 1 failed, remove the variable with largest eigenvector component...
>> Dropping Background_fail_HIGH_bin_4-1 from the hessian
>> Verifying eigenvalues are all positive (iteration 2)
>> All eigenvalues are positive
>> Inverting Hessian...
>> Matrix inverted
>> Note: the following parameters were dropped to make the covariance matrix pos-def:
     - SVM
     - Background_fail_HIGH_bin_4-1

 --- FitDiagnostics ---
Best fit r: 1.76644e-10  -1.76644e-10/+10  (68% CL)
Done in 0.00 min (cpu), 0.01 min (real)
