 <<< Combine >>> 
 <<< v10.0.1 >>>
>>> Random number generator seed is 123456
>>> Method used is FitDiagnostics
Set Default Value of Parameter mask_pass_SIG To : 1
Set Default Value of Parameter mask_pass_HIGH To : 1
Set Default Value of Parameter r To : 1
>>> 2 out of 6 channels masked

>> Found 16 floating parameters
>> The following parameters are protected in the event of negative eigenvalues: r
>> Verifying eigenvalues are all positive (iteration 0)
Eigenvalue 15 : -0.00405431
 - -0.989554	r
 - 0.141808	SVM
 - 0.0243695	Background_fail_HIGH_bin_4-1
 - 0.00768064	Background_fail_HIGH_bin_3-1
 - 0.00365384	lumi
>> Attempt 0 failed, remove the variable with largest eigenvector component...
>> Dropping SVM from the hessian
>> Verifying eigenvalues are all positive (iteration 1)
Eigenvalue 14 : -4.31008e-05
 - -0.999643	r
 - 0.0251141	Background_fail_HIGH_bin_4-1
 - 0.00791494	Background_fail_HIGH_bin_3-1
 - 0.00376843	lumi
 - 0.00243336	Background_fail_HIGH_bin_2-1
>> Attempt 1 failed, remove the variable with largest eigenvector component...
>> Dropping Background_fail_HIGH_bin_4-1 from the hessian
>> Verifying eigenvalues are all positive (iteration 2)
>> All eigenvalues are positive
>> Inverting Hessian...
>> Matrix inverted
>> Note: the following parameters were dropped to make the covariance matrix pos-def:
     - SVM
     - Background_fail_HIGH_bin_4-1

 --- FitDiagnostics ---
Best fit r: 7.33048e-10  -7.33048e-10/+10  (68% CL)
Done in 0.00 min (cpu), 0.00 min (real)
