 <<< Combine >>> 
 <<< v10.0.1 >>>
>>> Random number generator seed is 123456
>>> Method used is FitDiagnostics
Set Default Value of Parameter mask_pass_SIG To : 1
Set Default Value of Parameter mask_pass_HIGH To : 1
Set Default Value of Parameter r To : 1
>>> 2 out of 6 channels masked

>> Found 16 floating parameters
>> The following parameters are protected in the event of negative eigenvalues: r
>> Verifying eigenvalues are all positive (iteration 0)
Eigenvalue 15 : -0.00302263
 - -0.986979	r
 - 0.114983	Background_fail_HIGH_bin_4-1
 - 0.102684	SVM
 - 0.0418997	Background_fail_HIGH_bin_3-1
 - 0.0168193	Background_fail_HIGH_bin_2-1
>> Attempt 0 failed, remove the variable with largest eigenvector component...
>> Dropping Background_fail_HIGH_bin_4-1 from the hessian
>> Verifying eigenvalues are all positive (iteration 1)
Eigenvalue 14 : -0.000316276
 - -0.99339	r
 - 0.10481	SVM
 - 0.0427431	Background_fail_HIGH_bin_3-1
 - 0.0171513	Background_fail_HIGH_bin_2-1
 - 0.00694948	Background_fail_HIGH_bin_1-1
>> Attempt 1 failed, remove the variable with largest eigenvector component...
>> Dropping SVM from the hessian
>> Verifying eigenvalues are all positive (iteration 2)
>> All eigenvalues are positive
>> Inverting Hessian...
>> Matrix inverted
>> Note: the following parameters were dropped to make the covariance matrix pos-def:
     - Background_fail_HIGH_bin_4-1
     - SVM

 --- FitDiagnostics ---
Best fit r: 4.0498e-11  -4.0498e-11/+10  (68% CL)
Done in 0.00 min (cpu), 0.00 min (real)
