CascadeMinimizer.cc[188] : (in function: improveOnce) - Minimization configured with Type=Minuit2, Algo=Migrad, strategy=0, tolerance=0.1
CascadeMinimizer.cc[215] : (in function: improveOnce) - Minimization finished with status=0
CascadeMinimizer.cc[219] : (in function: improveOnce) - Minimization success! status=0
ToyMCSamplerOpt.cc[146] : (in function: generateAsimov) - Using internal logic for binned/unbinned Asimov dataset generation
ToyMCSamplerOpt.cc[214] : (in function: generateWithHisto) - Generating asimov with histogram for pdf pdf_binpass_LOW_obsOnly: in 10 x-bins
ToyMCSamplerOpt.cc[215] : (in function: generateWithHisto) -  , in 1 y-bins
ToyMCSamplerOpt.cc[146] : (in function: generateAsimov) - Using internal logic for binned/unbinned Asimov dataset generation
ToyMCSamplerOpt.cc[214] : (in function: generateWithHisto) - Generating asimov with histogram for pdf pdf_binpass_SIG_obsOnly: in 3 x-bins
ToyMCSamplerOpt.cc[215] : (in function: generateWithHisto) -  , in 1 y-bins
ToyMCSamplerOpt.cc[146] : (in function: generateAsimov) - Using internal logic for binned/unbinned Asimov dataset generation
ToyMCSamplerOpt.cc[214] : (in function: generateWithHisto) - Generating asimov with histogram for pdf pdf_binpass_HIGH_obsOnly: in 1 x-bins
ToyMCSamplerOpt.cc[215] : (in function: generateWithHisto) -  , in 1 y-bins
ToyMCSamplerOpt.cc[146] : (in function: generateAsimov) - Using internal logic for binned/unbinned Asimov dataset generation
ToyMCSamplerOpt.cc[214] : (in function: generateWithHisto) - Generating asimov with histogram for pdf pdf_binfail_LOW_obsOnly: in 10 x-bins
ToyMCSamplerOpt.cc[215] : (in function: generateWithHisto) -  , in 1 y-bins
ToyMCSamplerOpt.cc[146] : (in function: generateAsimov) - Using internal logic for binned/unbinned Asimov dataset generation
ToyMCSamplerOpt.cc[214] : (in function: generateWithHisto) - Generating asimov with histogram for pdf pdf_binfail_SIG_obsOnly: in 3 x-bins
ToyMCSamplerOpt.cc[215] : (in function: generateWithHisto) -  , in 1 y-bins
ToyMCSamplerOpt.cc[146] : (in function: generateAsimov) - Using internal logic for binned/unbinned Asimov dataset generation
ToyMCSamplerOpt.cc[214] : (in function: generateWithHisto) - Generating asimov with histogram for pdf pdf_binfail_HIGH_obsOnly: in 1 x-bins
ToyMCSamplerOpt.cc[215] : (in function: generateWithHisto) -  , in 1 y-bins
AsymptoticLimits.cc[428] : (in function: runLimitExpected) - Median for expected limits = 2.60156, Sigma for expected limits = 1.32735
AsymptoticLimits.cc[191] : (in function: runLimit) - NLL at global minimum of data = -367317 (r=1.83353e-06)
AsymptoticLimits.cc[211] : (in function: runLimit) - NLL at global minimum of asimov = -367313 (r=6.33895e-08)
AsymptoticLimits.cc[337] : (in function: getCLs) - At r = 1.362655:	q_mu = 3.05285	q_A  = 1.55914	Pmu = 0.03239	1-Pb  = 0.27488	CLs  = 0.11783
AsymptoticLimits.cc[337] : (in function: getCLs) - At r = 2.725309:	q_mu = 6.24381	q_A  = 4.09015	Pmu = 0.00531	1-Pb  = 0.29721	CLs  = 0.01787
AsymptoticLimits.cc[337] : (in function: getCLs) - At r = 1.362655:	q_mu = 3.05286	q_A  = 1.55914	Pmu = 0.03239	1-Pb  = 0.27488	CLs  = 0.11783
AsymptoticLimits.cc[337] : (in function: getCLs) - At r = 2.130660:	q_mu = 4.83623	q_A  = 2.93106	Pmu = 0.01165	1-Pb  = 0.28897	CLs  = 0.04032
AsymptoticLimits.cc[337] : (in function: getCLs) - At r = 1.853783:	q_mu = 4.18859	q_A  = 2.41715	Pmu = 0.01682	1-Pb  = 0.28444	CLs  = 0.05913
AsymptoticLimits.cc[337] : (in function: getCLs) - At r = 2.006157:	q_mu = 4.54427	q_A  = 2.69750	Pmu = 0.01374	1-Pb  = 0.28698	CLs  = 0.04788
AsymptoticLimits.cc[337] : (in function: getCLs) - At r = 1.950631:	q_mu = 4.41445	q_A  = 2.59462	Pmu = 0.01479	1-Pb  = 0.28607	CLs  = 0.05170
AsymptoticLimits.cc[337] : (in function: getCLs) - At r = 1.981072:	q_mu = 4.48559	q_A  = 2.65091	Pmu = 0.01420	1-Pb  = 0.28658	CLs  = 0.04957
AsymptoticLimits.cc[337] : (in function: getCLs) - At r = 1.969963:	q_mu = 4.45962	q_A  = 2.63034	Pmu = 0.01442	1-Pb  = 0.28639	CLs  = 0.05034
AsymptoticLimits.cc[337] : (in function: getCLs) - At r = 1.976050:	q_mu = 4.47384	q_A  = 2.64161	Pmu = 0.01430	1-Pb  = 0.28649	CLs  = 0.04991
