 <<< Combine >>> 
 <<< v10.0.1 >>>
>>> Random number generator seed is 123456
>>> Method used is FitDiagnostics
Set Default Value of Parameter mask_pass_SIG To : 1
Set Default Value of Parameter mask_pass_HIGH To : 1
Set Default Value of Parameter r To : 1
>>> 2 out of 6 channels masked

>> Found 16 floating parameters
>> The following parameters are protected in the event of negative eigenvalues: r
>> Verifying eigenvalues are all positive (iteration 0)
Eigenvalue 14 : -5.55112e-17
 - -1	Background_fail_HIGH_bin_5-1
 - 1.31822e-10	Background_fail_LOW_bin_2-1
 - 1.1398e-10	Background_fail_SIG_bin_1-1
 - 7.72816e-11	Background_rpf_expo_par0
 - 2.52109e-11	Background_rpf_expo_par1
Eigenvalue 15 : -0.00668541
 - -0.960035	r
 - 0.223762	Background_fail_HIGH_bin_4-1
 - 0.115802	Background_fail_HIGH_bin_3-1
 - 0.106312	SVM
 - 0.0531798	Background_fail_HIGH_bin_2-1
>> Attempt 0 failed, remove the variable with largest eigenvector component...
>> Dropping Background_fail_HIGH_bin_4-1 from the hessian
>> Verifying eigenvalues are all positive (iteration 1)
>> All eigenvalues are positive
>> Inverting Hessian...
>> Matrix inverted
>> Note: the following parameters were dropped to make the covariance matrix pos-def:
     - Background_fail_HIGH_bin_4-1

 --- FitDiagnostics ---
Best fit r: 8.11958e-10  -8.11958e-10/+10  (68% CL)
Done in 0.00 min (cpu), 0.00 min (real)
