 <<< Combine >>> 
 <<< v10.0.1 >>>
>>> Random number generator seed is 123456
>>> Method used is FitDiagnostics
Set Default Value of Parameter mask_pass_SIG To : 1
Set Default Value of Parameter mask_pass_HIGH To : 1
Set Default Value of Parameter r To : 1
>>> 2 out of 6 channels masked

>> Found 16 floating parameters
>> The following parameters are protected in the event of negative eigenvalues: r
>> Verifying eigenvalues are all positive (iteration 0)
Eigenvalue 15 : -0.00342813
 - 0.986332	r
 - -0.113434	Background_fail_HIGH_bin_4-1
 - -0.10939	SVM
 - -0.0438464	Background_fail_HIGH_bin_3-1
 - -0.01758	Background_fail_HIGH_bin_2-1
>> Attempt 0 failed, remove the variable with largest eigenvector component...
>> Dropping Background_fail_HIGH_bin_4-1 from the hessian
>> Verifying eigenvalues are all positive (iteration 1)
Eigenvalue 14 : -0.000716674
 - 0.992543	r
 - -0.111578	SVM
 - -0.04472	Background_fail_HIGH_bin_3-1
 - -0.0179235	Background_fail_HIGH_bin_2-1
 - -0.0078844	Background_fail_HIGH_bin_1-1
>> Attempt 1 failed, remove the variable with largest eigenvector component...
>> Dropping SVM from the hessian
>> Verifying eigenvalues are all positive (iteration 2)
Eigenvalue 13 : -5.55112e-17
 - 1	Background_fail_HIGH_bin_5-1
 - -3.23816e-08	r
 - 1.46423e-09	Background_fail_HIGH_bin_3-1
 - 5.86792e-10	Background_fail_HIGH_bin_2-1
 - 2.58157e-10	Background_fail_HIGH_bin_1-1
>> Attempt 2 failed, remove the variable with largest eigenvector component...
>> Dropping Background_fail_HIGH_bin_5-1 from the hessian
>> Verifying eigenvalues are all positive (iteration 3)
>> All eigenvalues are positive
>> Inverting Hessian...
>> Matrix inverted
>> Note: the following parameters were dropped to make the covariance matrix pos-def:
     - Background_fail_HIGH_bin_4-1
     - SVM
     - Background_fail_HIGH_bin_5-1

 --- FitDiagnostics ---
Best fit r: 3.03789e-08  -3.03789e-08/+10  (68% CL)
Done in 0.00 min (cpu), 0.00 min (real)
