 <<< Combine >>> 
 <<< v10.0.1 >>>
>>> Random number generator seed is 123456
>>> Method used is FitDiagnostics
Set Default Value of Parameter mask_pass_SIG To : 1
Set Default Value of Parameter mask_pass_HIGH To : 1
Set Default Value of Parameter r To : 1
>>> 2 out of 6 channels masked

>> Found 16 floating parameters
>> The following parameters are protected in the event of negative eigenvalues: r
>> Verifying eigenvalues are all positive (iteration 0)
Eigenvalue 14 : -5.82077e-11
 - -1	Background_fail_HIGH_bin_5-1
 - 5.53397e-08	r
 - -6.75555e-09	SVM
 - -4.02618e-09	Background_fail_HIGH_bin_4-1
 - -1.39036e-09	Background_fail_HIGH_bin_3-1
Eigenvalue 15 : -0.00305105
 - -0.99022	r
 - 0.116975	SVM
 - 0.0709545	Background_fail_HIGH_bin_4-1
 - 0.0250465	Background_fail_HIGH_bin_3-1
 - 0.00932892	Background_fail_HIGH_bin_2-1
>> Attempt 0 failed, remove the variable with largest eigenvector component...
>> Dropping SVM from the hessian
>> Verifying eigenvalues are all positive (iteration 1)
Eigenvalue 13 : -5.82075e-11
 - 1	Background_fail_HIGH_bin_5-1
 - -4.91618e-07	r
 - 3.57671e-08	Background_fail_HIGH_bin_4-1
 - 1.25943e-08	Background_fail_HIGH_bin_3-1
 - 4.5816e-09	Background_fail_HIGH_bin_2-1
Eigenvalue 14 : -0.000353555
 - 0.996986	r
 - -0.0724059	Background_fail_HIGH_bin_4-1
 - -0.0255581	Background_fail_HIGH_bin_3-1
 - -0.0095158	Background_fail_HIGH_bin_2-1
 - -0.0039401	Background_fail_HIGH_bin_1-1
>> Attempt 1 failed, remove the variable with largest eigenvector component...
>> Dropping Background_fail_HIGH_bin_4-1 from the hessian
>> Verifying eigenvalues are all positive (iteration 2)
Eigenvalue 13 : -5.82077e-11
 - 1	Background_fail_HIGH_bin_5-1
 - 2.50645e-07	r
 - -6.46755e-09	Background_fail_HIGH_bin_3-1
 - -2.51517e-09	Background_fail_HIGH_bin_2-1
 - -9.94892e-10	Background_fail_HIGH_bin_1-1
>> Attempt 2 failed, remove the variable with largest eigenvector component...
>> Dropping Background_fail_HIGH_bin_5-1 from the hessian
>> Verifying eigenvalues are all positive (iteration 3)
>> All eigenvalues are positive
>> Inverting Hessian...
>> Matrix inverted
>> Note: the following parameters were dropped to make the covariance matrix pos-def:
     - SVM
     - Background_fail_HIGH_bin_4-1
     - Background_fail_HIGH_bin_5-1

 --- FitDiagnostics ---
Best fit r: 1.26911e-10  -1.26911e-10/+10  (68% CL)
Done in 0.00 min (cpu), 0.00 min (real)
