CascadeMinimizer.cc[188] : (in function: improveOnce) - Minimization configured with Type=Minuit2, Algo=Migrad, strategy=0, tolerance=0.1
CascadeMinimizer.cc[215] : (in function: improveOnce) - Minimization finished with status=0
CascadeMinimizer.cc[219] : (in function: improveOnce) - Minimization success! status=0
ToyMCSamplerOpt.cc[146] : (in function: generateAsimov) - Using internal logic for binned/unbinned Asimov dataset generation
ToyMCSamplerOpt.cc[214] : (in function: generateWithHisto) - Generating asimov with histogram for pdf pdf_binpass_LOW_obsOnly: in 4 x-bins
ToyMCSamplerOpt.cc[215] : (in function: generateWithHisto) -  , in 1 y-bins
ToyMCSamplerOpt.cc[146] : (in function: generateAsimov) - Using internal logic for binned/unbinned Asimov dataset generation
ToyMCSamplerOpt.cc[214] : (in function: generateWithHisto) - Generating asimov with histogram for pdf pdf_binpass_SIG_obsOnly: in 6 x-bins
ToyMCSamplerOpt.cc[215] : (in function: generateWithHisto) -  , in 1 y-bins
ToyMCSamplerOpt.cc[146] : (in function: generateAsimov) - Using internal logic for binned/unbinned Asimov dataset generation
ToyMCSamplerOpt.cc[214] : (in function: generateWithHisto) - Generating asimov with histogram for pdf pdf_binpass_HIGH_obsOnly: in 1 x-bins
ToyMCSamplerOpt.cc[215] : (in function: generateWithHisto) -  , in 1 y-bins
ToyMCSamplerOpt.cc[146] : (in function: generateAsimov) - Using internal logic for binned/unbinned Asimov dataset generation
ToyMCSamplerOpt.cc[214] : (in function: generateWithHisto) - Generating asimov with histogram for pdf pdf_binfail_LOW_obsOnly: in 4 x-bins
ToyMCSamplerOpt.cc[215] : (in function: generateWithHisto) -  , in 1 y-bins
ToyMCSamplerOpt.cc[146] : (in function: generateAsimov) - Using internal logic for binned/unbinned Asimov dataset generation
ToyMCSamplerOpt.cc[214] : (in function: generateWithHisto) - Generating asimov with histogram for pdf pdf_binfail_SIG_obsOnly: in 6 x-bins
ToyMCSamplerOpt.cc[215] : (in function: generateWithHisto) -  , in 1 y-bins
ToyMCSamplerOpt.cc[146] : (in function: generateAsimov) - Using internal logic for binned/unbinned Asimov dataset generation
ToyMCSamplerOpt.cc[214] : (in function: generateWithHisto) - Generating asimov with histogram for pdf pdf_binfail_HIGH_obsOnly: in 1 x-bins
ToyMCSamplerOpt.cc[215] : (in function: generateWithHisto) -  , in 1 y-bins
AsymptoticLimits.cc[415] : (in function: runLimitExpected) - [WARNING] Best fit of asimov dataset is at r = 0.027377 (0.001369 times rMax), while it should be at zero
AsymptoticLimits.cc[428] : (in function: runLimitExpected) - Median for expected limits = 8.53125, Sigma for expected limits = 4.35276
AsymptoticLimits.cc[191] : (in function: runLimit) - NLL at global minimum of data = -484921 (r=7.62279e-07)
AsymptoticLimits.cc[211] : (in function: runLimit) - NLL at global minimum of asimov = -484920 (r=1.80331e-08)
AsymptoticLimits.cc[337] : (in function: getCLs) - At r = 4.269338:	q_mu = 3.02967	q_A  = 1.48637	Pmu = 0.03201	1-Pb  = 0.26339	CLs  = 0.12152
AsymptoticLimits.cc[337] : (in function: getCLs) - At r = 8.538676:	q_mu = 6.11213	q_A  = 3.85213	Pmu = 0.00557	1-Pb  = 0.28239	CLs  = 0.01972
AsymptoticLimits.cc[337] : (in function: getCLs) - At r = 4.269339:	q_mu = 3.02963	q_A  = 1.48626	Pmu = 0.03201	1-Pb  = 0.26337	CLs  = 0.12152
AsymptoticLimits.cc[337] : (in function: getCLs) - At r = 6.790992:	q_mu = 4.84461	q_A  = 2.83918	Pmu = 0.01130	1-Pb  = 0.27589	CLs  = 0.04096
AsymptoticLimits.cc[337] : (in function: getCLs) - At r = 5.916865:	q_mu = 4.21351	q_A  = 2.35274	Pmu = 0.01616	1-Pb  = 0.27207	CLs  = 0.05940
AsymptoticLimits.cc[337] : (in function: getCLs) - At r = 6.415826:	q_mu = 4.57350	q_A  = 2.62850	Pmu = 0.01317	1-Pb  = 0.27431	CLs  = 0.04802
AsymptoticLimits.cc[337] : (in function: getCLs) - At r = 6.240149:	q_mu = 4.44667	q_A  = 2.53081	Pmu = 0.01415	1-Pb  = 0.27354	CLs  = 0.05174
AsymptoticLimits.cc[337] : (in function: getCLs) - At r = 6.339760:	q_mu = 4.51857	q_A  = 2.58612	Pmu = 0.01359	1-Pb  = 0.27398	CLs  = 0.04960
AsymptoticLimits.cc[337] : (in function: getCLs) - At r = 6.304594:	q_mu = 4.49318	q_A  = 2.56656	Pmu = 0.01379	1-Pb  = 0.27382	CLs  = 0.05034
AsymptoticLimits.cc[337] : (in function: getCLs) - At r = 6.324512:	q_mu = 4.50756	q_A  = 2.57763	Pmu = 0.01367	1-Pb  = 0.27391	CLs  = 0.04992
AsymptoticLimits.cc[337] : (in function: getCLs) - At r = 6.317480:	q_mu = 4.50248	q_A  = 2.57372	Pmu = 0.01371	1-Pb  = 0.27388	CLs  = 0.05007
AsymptoticLimits.cc[337] : (in function: getCLs) - At r = 6.321464:	q_mu = 4.50536	q_A  = 2.57594	Pmu = 0.01369	1-Pb  = 0.27389	CLs  = 0.04998
AsymptoticLimits.cc[337] : (in function: getCLs) - At r = 6.320059:	q_mu = 4.50434	q_A  = 2.57516	Pmu = 0.01370	1-Pb  = 0.27389	CLs  = 0.05001
AsymptoticLimits.cc[337] : (in function: getCLs) - At r = 6.320856:	q_mu = 4.50492	q_A  = 2.57560	Pmu = 0.01369	1-Pb  = 0.27389	CLs  = 0.05000
AsymptoticLimits.cc[337] : (in function: getCLs) - At r = 6.320576:	q_mu = 4.50471	q_A  = 2.57544	Pmu = 0.01370	1-Pb  = 0.27389	CLs  = 0.05000
AsymptoticLimits.cc[337] : (in function: getCLs) - At r = 6.320735:	q_mu = 4.50483	q_A  = 2.57553	Pmu = 0.01369	1-Pb  = 0.27389	CLs  = 0.05000
AsymptoticLimits.cc[337] : (in function: getCLs) - At r = 6.320680:	q_mu = 4.50479	q_A  = 2.57550	Pmu = 0.01369	1-Pb  = 0.27389	CLs  = 0.05000
AsymptoticLimits.cc[337] : (in function: getCLs) - At r = 6.320712:	q_mu = 4.50481	q_A  = 2.57552	Pmu = 0.01369	1-Pb  = 0.27389	CLs  = 0.05000
