 <<< Combine >>> 
 <<< v10.0.1 >>>
>>> Random number generator seed is 123456
>>> Method used is FitDiagnostics
Set Default Value of Parameter mask_pass_SIG To : 1
Set Default Value of Parameter mask_pass_HIGH To : 1
Set Default Value of Parameter r To : 1
>>> 2 out of 6 channels masked

>> Found 16 floating parameters
>> The following parameters are protected in the event of negative eigenvalues: r
>> Verifying eigenvalues are all positive (iteration 0)
Eigenvalue 14 : -5.82077e-11
 - -1	Background_fail_HIGH_bin_5-1
 - 5.32122e-08	r
 - -6.13567e-09	Background_fail_HIGH_bin_4-1
 - -5.9475e-09	SVM
 - -2.34612e-09	Background_fail_HIGH_bin_3-1
Eigenvalue 15 : -0.00327863
 - 0.986248	r
 - -0.115543	Background_fail_HIGH_bin_4-1
 - -0.108376	SVM
 - -0.0427804	Background_fail_HIGH_bin_3-1
 - -0.0176404	Background_fail_HIGH_bin_2-1
>> Attempt 0 failed, remove the variable with largest eigenvector component...
>> Dropping Background_fail_HIGH_bin_4-1 from the hessian
>> Verifying eigenvalues are all positive (iteration 1)
Eigenvalue 13 : -5.82076e-11
 - 1	Background_fail_HIGH_bin_5-1
 - -3.17527e-07	r
 - 3.54898e-08	SVM
 - 1.39997e-08	Background_fail_HIGH_bin_3-1
 - 5.77007e-09	Background_fail_HIGH_bin_2-1
Eigenvalue 14 : -0.000542096
 - -0.992698	r
 - 0.11064	SVM
 - 0.0436493	Background_fail_HIGH_bin_3-1
 - 0.0179917	Background_fail_HIGH_bin_2-1
 - 0.00763172	Background_fail_HIGH_bin_1-1
>> Attempt 1 failed, remove the variable with largest eigenvector component...
>> Dropping SVM from the hessian
>> Verifying eigenvalues are all positive (iteration 2)
Eigenvalue 13 : -5.82076e-11
 - -1	Background_fail_HIGH_bin_5-1
 - -9.48827e-08	r
 - 4.18336e-09	Background_fail_HIGH_bin_3-1
 - 1.7242e-09	Background_fail_HIGH_bin_2-1
 - 7.4174e-10	Background_fail_HIGH_bin_1-1
>> Attempt 2 failed, remove the variable with largest eigenvector component...
>> Dropping Background_fail_HIGH_bin_5-1 from the hessian
>> Verifying eigenvalues are all positive (iteration 3)
>> All eigenvalues are positive
>> Inverting Hessian...
>> Matrix inverted
>> Note: the following parameters were dropped to make the covariance matrix pos-def:
     - Background_fail_HIGH_bin_4-1
     - SVM
     - Background_fail_HIGH_bin_5-1

 --- FitDiagnostics ---
Best fit r: 7.39455e-13  -7.39455e-13/+10  (68% CL)
Done in 0.00 min (cpu), 0.00 min (real)
