 <<< Combine >>> 
 <<< v10.0.1 >>>
>>> Random number generator seed is 123456
>>> Method used is FitDiagnostics
Set Default Value of Parameter mask_pass_SIG To : 1
Set Default Value of Parameter mask_pass_HIGH To : 1
Set Default Value of Parameter r To : 1
>>> 2 out of 6 channels masked

>> Found 16 floating parameters
>> The following parameters are protected in the event of negative eigenvalues: r
>> Verifying eigenvalues are all positive (iteration 0)
Eigenvalue 14 : -5.55112e-17
 - -1	Background_fail_HIGH_bin_5-1
 - 1.14544e-08	r
 - -1.73143e-09	SVM
 - -9.06789e-10	Background_fail_HIGH_bin_4-1
 - -2.86035e-10	Background_fail_HIGH_bin_3-1
Eigenvalue 15 : -0.00522092
 - 0.984732	r
 - -0.154442	SVM
 - -0.0759632	Background_fail_HIGH_bin_4-1
 - -0.0239631	Background_fail_HIGH_bin_3-1
 - -0.00898498	Background_fail_HIGH_bin_2-1
>> Attempt 0 failed, remove the variable with largest eigenvector component...
>> Dropping SVM from the hessian
>> Verifying eigenvalues are all positive (iteration 1)
Eigenvalue 14 : -0.000417079
 - 0.99653	r
 - -0.0787251	Background_fail_HIGH_bin_4-1
 - -0.0248329	Background_fail_HIGH_bin_3-1
 - -0.00930486	Background_fail_HIGH_bin_2-1
 - -0.00366602	lumi
>> Attempt 1 failed, remove the variable with largest eigenvector component...
>> Dropping Background_fail_HIGH_bin_4-1 from the hessian
>> Verifying eigenvalues are all positive (iteration 2)
>> All eigenvalues are positive
>> Inverting Hessian...
>> Matrix inverted
>> Note: the following parameters were dropped to make the covariance matrix pos-def:
     - SVM
     - Background_fail_HIGH_bin_4-1

 --- FitDiagnostics ---
Best fit r: 1.20176e-11  -1.20176e-11/+10  (68% CL)
Done in 0.00 min (cpu), 0.00 min (real)
