 <<< Combine >>> 
 <<< v10.0.1 >>>
>>> Random number generator seed is 123456
>>> Method used is FitDiagnostics
Set Default Value of Parameter r To : 1
>>> 0 out of 6 channels masked

>> Found 13 floating parameters
>> The following parameters are protected in the event of negative eigenvalues:
>> Verifying eigenvalues are all positive (iteration 0)
>> All eigenvalues are positive
>> Inverting Hessian...
>> Matrix inverted
 Fit B-only, status = 0, numBadNLL = 0, covariance quality = -1
Running Minos for POI r
>> Found 14 floating parameters
>> The following parameters are protected in the event of negative eigenvalues: r
>> Verifying eigenvalues are all positive (iteration 0)
Eigenvalue 13 : -2.25512e-05
 - -0.998728	r
 - 0.0292513	Background_rpf_expo2_par1
 - 0.0288058	Background_fail_HIGH_bin_1-1
 - -0.0247901	Background_rpf_expo2_par2
 - -0.0138837	Background_rpf_expo2_par0
>> Attempt 0 failed, remove the variable with largest eigenvector component...
>> Dropping Background_rpf_expo2_par1 from the hessian
>> Verifying eigenvalues are all positive (iteration 1)
Eigenvalue 12 : -1.22427e-05
 - 0.9996	r
 - -0.0267477	Background_fail_HIGH_bin_1-1
 - 0.00665109	Background_rpf_expo2_par2
 - -0.00365086	lumi
 - -0.0028842	Background_fail_SIG_bin_4-1
>> Attempt 1 failed, remove the variable with largest eigenvector component...
>> Dropping Background_fail_HIGH_bin_1-1 from the hessian
>> Verifying eigenvalues are all positive (iteration 2)
>> All eigenvalues are positive
>> Inverting Hessian...
>> Matrix inverted
>> Note: the following parameters were dropped to make the covariance matrix pos-def:
     - Background_rpf_expo2_par1
     - Background_fail_HIGH_bin_1-1
Fit S+B, status = 0, numBadNLL = 0, covariance quality = -1

 --- FitDiagnostics ---
Best fit r: 1.31638e-06  -1.31638e-06/+50  (68% CL)
Done in 0.00 min (cpu), 0.00 min (real)
21 log messages saved to combine_logger.out
