 <<< Combine >>> 
 <<< v10.0.1 >>>
>>> Random number generator seed is 123456
>>> Method used is FitDiagnostics
Set Default Value of Parameter mask_pass_SIG To : 1
Set Default Value of Parameter mask_pass_HIGH To : 1
Set Default Value of Parameter r To : 1
>>> 2 out of 6 channels masked

>> Found 16 floating parameters
>> The following parameters are protected in the event of negative eigenvalues: r
>> Verifying eigenvalues are all positive (iteration 0)
Eigenvalue 15 : -0.00480983
 - 0.982111	r
 - -0.135043	SVM
 - -0.122209	Background_fail_HIGH_bin_4-1
 - -0.0440948	Background_fail_HIGH_bin_3-1
 - -0.0169411	Background_fail_HIGH_bin_2-1
>> Attempt 0 failed, remove the variable with largest eigenvector component...
>> Dropping SVM from the hessian
>> Verifying eigenvalues are all positive (iteration 1)
Eigenvalue 13 : -5.55112e-17
 - 1	Background_fail_HIGH_bin_5-1
 - 3.3791e-10	r
 - 1.47233e-10	Background_fail_HIGH_bin_1-1
 - -1.32653e-10	Background_fail_LOW_bin_3-1
 - 1.12886e-10	lumi
Eigenvalue 14 : -0.00116616
 - -0.990879	r
 - 0.125484	Background_fail_HIGH_bin_4-1
 - 0.0452964	Background_fail_HIGH_bin_3-1
 - 0.0173938	Background_fail_HIGH_bin_2-1
 - 0.00636373	Background_fail_HIGH_bin_1-1
>> Attempt 1 failed, remove the variable with largest eigenvector component...
>> Dropping Background_fail_HIGH_bin_4-1 from the hessian
>> Verifying eigenvalues are all positive (iteration 2)
>> All eigenvalues are positive
>> Inverting Hessian...
>> Matrix inverted
>> Note: the following parameters were dropped to make the covariance matrix pos-def:
     - SVM
     - Background_fail_HIGH_bin_4-1

 --- FitDiagnostics ---
Best fit r: 8.86509e-11  -8.86509e-11/+10  (68% CL)
Done in 0.00 min (cpu), 0.00 min (real)
