 <<< Combine >>> 
 <<< v10.0.1 >>>
>>> Random number generator seed is 123456
>>> Method used is FitDiagnostics
Set Default Value of Parameter mask_pass_SIG To : 1
Set Default Value of Parameter mask_pass_HIGH To : 1
Set Default Value of Parameter r To : 1
>>> 2 out of 6 channels masked

>> Found 16 floating parameters
>> The following parameters are protected in the event of negative eigenvalues: r
>> Verifying eigenvalues are all positive (iteration 0)
Eigenvalue 14 : -5.82077e-11
 - -1	Background_fail_HIGH_bin_5-1
 - 3.5336e-08	r
 - -4.97146e-09	Background_fail_HIGH_bin_4-1
 - -4.77412e-09	SVM
 - -2.01441e-09	Background_fail_HIGH_bin_3-1
Eigenvalue 15 : -0.00501438
 - 0.979322	r
 - -0.139832	Background_fail_HIGH_bin_4-1
 - -0.133042	SVM
 - -0.0552924	Background_fail_HIGH_bin_3-1
 - -0.0225298	Background_fail_HIGH_bin_2-1
>> Attempt 0 failed, remove the variable with largest eigenvector component...
>> Dropping Background_fail_HIGH_bin_4-1 from the hessian
>> Verifying eigenvalues are all positive (iteration 1)
Eigenvalue 13 : -5.82076e-11
 - 1	Background_fail_HIGH_bin_5-1
 - -1.84746e-07	r
 - 2.56033e-08	SVM
 - 1.06621e-08	Background_fail_HIGH_bin_3-1
 - 4.33437e-09	Background_fail_HIGH_bin_2-1
Eigenvalue 14 : -0.000947242
 - -0.988582	r
 - 0.137139	SVM
 - 0.0569479	Background_fail_HIGH_bin_3-1
 - 0.0231912	Background_fail_HIGH_bin_2-1
 - 0.00959899	Background_fail_HIGH_bin_1-1
>> Attempt 1 failed, remove the variable with largest eigenvector component...
>> Dropping SVM from the hessian
>> Verifying eigenvalues are all positive (iteration 2)
Eigenvalue 13 : -5.82077e-11
 - 1	Background_fail_HIGH_bin_5-1
 - 6.36312e-08	r
 - -3.71373e-09	Background_fail_HIGH_bin_3-1
 - -1.51918e-09	Background_fail_HIGH_bin_2-1
 - -6.20801e-10	Background_fail_HIGH_bin_1-1
>> Attempt 2 failed, remove the variable with largest eigenvector component...
>> Dropping Background_fail_HIGH_bin_5-1 from the hessian
>> Verifying eigenvalues are all positive (iteration 3)
>> All eigenvalues are positive
>> Inverting Hessian...
>> Matrix inverted
>> Note: the following parameters were dropped to make the covariance matrix pos-def:
     - Background_fail_HIGH_bin_4-1
     - SVM
     - Background_fail_HIGH_bin_5-1

 --- FitDiagnostics ---
Best fit r: 6.78236e-11  -6.78236e-11/+10  (68% CL)
Done in 0.00 min (cpu), 0.00 min (real)
