 <<< Combine >>> 
 <<< v10.0.1 >>>
>>> Random number generator seed is 123456
>>> Method used is FitDiagnostics
Set Default Value of Parameter mask_pass_SIG To : 1
Set Default Value of Parameter mask_pass_HIGH To : 1
Set Default Value of Parameter r To : 1
>>> 2 out of 6 channels masked

>> Found 16 floating parameters
>> The following parameters are protected in the event of negative eigenvalues: r
>> Verifying eigenvalues are all positive (iteration 0)
Eigenvalue 14 : -5.55112e-17
 - -1	Background_fail_HIGH_bin_5-1
 - 6.81897e-09	r
 - -6.87761e-10	SVM
 - -6.24212e-10	Background_fail_HIGH_bin_4-1
 - -2.26668e-10	Background_rpf_expo_par0
Eigenvalue 15 : -0.00276963
 - -0.987946	r
 - 0.110747	Background_fail_HIGH_bin_4-1
 - 0.0982229	SVM
 - 0.0412371	Background_fail_HIGH_bin_3-1
 - 0.0163116	Background_fail_HIGH_bin_2-1
>> Attempt 0 failed, remove the variable with largest eigenvector component...
>> Dropping Background_fail_HIGH_bin_4-1 from the hessian
>> Verifying eigenvalues are all positive (iteration 1)
Eigenvalue 14 : -0.000264481
 - -0.993907	r
 - 0.100107	SVM
 - 0.0420063	Background_fail_HIGH_bin_3-1
 - 0.0166099	Background_fail_HIGH_bin_2-1
 - 0.00785782	Background_fail_HIGH_bin_1-1
>> Attempt 1 failed, remove the variable with largest eigenvector component...
>> Dropping SVM from the hessian
>> Verifying eigenvalues are all positive (iteration 2)
>> All eigenvalues are positive
>> Inverting Hessian...
>> Matrix inverted
>> Note: the following parameters were dropped to make the covariance matrix pos-def:
     - Background_fail_HIGH_bin_4-1
     - SVM

 --- FitDiagnostics ---
Best fit r: 6.64896e-13  -6.64896e-13/+10  (68% CL)
Done in 0.00 min (cpu), 0.00 min (real)
