 <<< Combine >>> 
 <<< v10.0.1 >>>
>>> Random number generator seed is 123456
>>> Method used is FitDiagnostics
Set Default Value of Parameter mask_pass_SIG To : 1
Set Default Value of Parameter mask_pass_HIGH To : 1
Set Default Value of Parameter r To : 1
>>> 2 out of 6 channels masked

>> Found 16 floating parameters
>> The following parameters are protected in the event of negative eigenvalues: r
>> Verifying eigenvalues are all positive (iteration 0)
Eigenvalue 15 : -0.00251266
 - 0.993037	r
 - -0.110918	SVM
 - -0.0375706	Background_fail_HIGH_bin_4-1
 - -0.0114383	Background_fail_HIGH_bin_3-1
 - -0.00398983	Background_fail_HIGH_bin_2-1
>> Attempt 0 failed, remove the variable with largest eigenvector component...
>> Dropping SVM from the hessian
>> Verifying eigenvalues are all positive (iteration 1)
Eigenvalue 13 : -1.35525e-20
 - 1	Background_fail_HIGH_bin_5-1
 - 1.06294e-10	Background_fail_SIG_bin_1-1
 - 4.02552e-11	r
 - -1.54225e-12	Background_fail_HIGH_bin_4-1
 - -4.69553e-13	Background_fail_HIGH_bin_3-1
Eigenvalue 14 : -9.72408e-05
 - 0.999183	r
 - -0.0382617	Background_fail_HIGH_bin_4-1
 - -0.0116484	Background_fail_HIGH_bin_3-1
 - -0.00406171	Background_fail_HIGH_bin_2-1
 - -0.00372035	lumi
>> Attempt 1 failed, remove the variable with largest eigenvector component...
>> Dropping Background_fail_HIGH_bin_4-1 from the hessian
>> Verifying eigenvalues are all positive (iteration 2)
>> All eigenvalues are positive
>> Inverting Hessian...
>> Matrix inverted
>> Note: the following parameters were dropped to make the covariance matrix pos-def:
     - SVM
     - Background_fail_HIGH_bin_4-1

 --- FitDiagnostics ---
Best fit r: 4.8465e-09  -4.8465e-09/+10  (68% CL)
Done in 0.00 min (cpu), 0.00 min (real)
