 <<< Combine >>> 
 <<< v10.0.1 >>>
>>> Random number generator seed is 123456
>>> Method used is FitDiagnostics
Set Default Value of Parameter mask_pass_SIG To : 1
Set Default Value of Parameter mask_pass_HIGH To : 1
Set Default Value of Parameter r To : 1
>>> 2 out of 6 channels masked

>> Found 16 floating parameters
>> The following parameters are protected in the event of negative eigenvalues: r
>> Verifying eigenvalues are all positive (iteration 0)
Eigenvalue 14 : -5.55112e-17
 - -1	Background_fail_HIGH_bin_5-1
 - 1.37491e-08	r
 - -1.54106e-09	SVM
 - -1.44826e-09	Background_fail_HIGH_bin_4-1
 - -5.21943e-10	Background_fail_HIGH_bin_3-1
Eigenvalue 15 : -0.00310342
 - 0.988054	r
 - -0.108979	SVM
 - -0.100744	Background_fail_HIGH_bin_4-1
 - -0.0374788	Background_fail_HIGH_bin_3-1
 - -0.0161457	Background_fail_HIGH_bin_2-1
>> Attempt 0 failed, remove the variable with largest eigenvector component...
>> Dropping SVM from the hessian
>> Verifying eigenvalues are all positive (iteration 1)
Eigenvalue 14 : -0.000765908
 - 0.993837	r
 - -0.102487	Background_fail_HIGH_bin_4-1
 - -0.0381382	Background_fail_HIGH_bin_3-1
 - -0.0164243	Background_fail_HIGH_bin_2-1
 - -0.00633075	Background_fail_HIGH_bin_1-1
>> Attempt 1 failed, remove the variable with largest eigenvector component...
>> Dropping Background_fail_HIGH_bin_4-1 from the hessian
>> Verifying eigenvalues are all positive (iteration 2)
>> All eigenvalues are positive
>> Inverting Hessian...
>> Matrix inverted
>> Note: the following parameters were dropped to make the covariance matrix pos-def:
     - SVM
     - Background_fail_HIGH_bin_4-1

 --- FitDiagnostics ---
Best fit r: 8.54001e-12  -8.54001e-12/+10  (68% CL)
Done in 0.00 min (cpu), 0.00 min (real)
