 <<< Combine >>> 
 <<< v10.0.1 >>>
>>> Random number generator seed is 123456
>>> Method used is FitDiagnostics
Set Default Value of Parameter mask_pass_SIG To : 1
Set Default Value of Parameter mask_pass_HIGH To : 1
Set Default Value of Parameter r To : 1
>>> 2 out of 6 channels masked

>> Found 16 floating parameters
>> The following parameters are protected in the event of negative eigenvalues: r
>> Verifying eigenvalues are all positive (iteration 0)
Eigenvalue 14 : -5.55112e-17
 - -1	Background_fail_HIGH_bin_5-1
 - -3.06204e-10	r
 - -1.68599e-10	Background_fail_LOW_bin_2-1
 - -1.66322e-10	Background_fail_HIGH_bin_4-1
 - 1.53182e-10	lumi
Eigenvalue 15 : -0.00268918
 - 0.992653	r
 - -0.115019	SVM
 - -0.0354589	Background_fail_HIGH_bin_4-1
 - -0.0111158	Background_fail_HIGH_bin_3-1
 - -0.0037477	Background_fail_HIGH_bin_2-1
>> Attempt 0 failed, remove the variable with largest eigenvector component...
>> Dropping SVM from the hessian
>> Verifying eigenvalues are all positive (iteration 1)
Eigenvalue 14 : -8.70483e-05
 - -0.999266	r
 - 0.0361616	Background_fail_HIGH_bin_4-1
 - 0.0113357	Background_fail_HIGH_bin_3-1
 - 0.00382044	Background_fail_HIGH_bin_2-1
 - 0.0036853	lumi
>> Attempt 1 failed, remove the variable with largest eigenvector component...
>> Dropping Background_fail_HIGH_bin_4-1 from the hessian
>> Verifying eigenvalues are all positive (iteration 2)
>> All eigenvalues are positive
>> Inverting Hessian...
>> Matrix inverted
>> Note: the following parameters were dropped to make the covariance matrix pos-def:
     - SVM
     - Background_fail_HIGH_bin_4-1

 --- FitDiagnostics ---
Best fit r: 5.57253e-15  -5.57253e-15/+10  (68% CL)
Done in 0.00 min (cpu), 0.00 min (real)
