 <<< Combine >>> 
 <<< v10.0.1 >>>
>>> Random number generator seed is 123456
>>> Method used is FitDiagnostics
Set Default Value of Parameter mask_pass_SIG To : 1
Set Default Value of Parameter mask_pass_HIGH To : 1
Set Default Value of Parameter r To : 1
>>> 2 out of 6 channels masked

>> Found 15 floating parameters
>> The following parameters are protected in the event of negative eigenvalues:
>> Verifying eigenvalues are all positive (iteration 0)
Eigenvalue 14 : -0.00174644
 - -0.793611	Background_fail_par1
 - 0.557269	Background_fail_par2
 - 0.244197	Background_fail_par0
 - 1.66291e-11	Background_fail_LOW_bin_3-1
 - 1.45074e-11	Background_fail_SIG_bin_1-1
>> Attempt 0 failed, remove the variable with largest eigenvector component...
>> Dropping Background_fail_par1 from the hessian
>> Verifying eigenvalues are all positive (iteration 1)
>> All eigenvalues are positive
>> Inverting Hessian...
>> Matrix inverted
>> Note: the following parameters were dropped to make the covariance matrix pos-def:
     - Background_fail_par1
 Fit B-only, status = 0, numBadNLL = 0, covariance quality = -1
Running Minos for POI r
>> Found 16 floating parameters
>> The following parameters are protected in the event of negative eigenvalues: r
>> Verifying eigenvalues are all positive (iteration 0)
Eigenvalue 14 : -0.00149138
 - -0.797716	Background_fail_par1
 - 0.506803	Background_fail_par2
 - 0.320017	Background_fail_par0
 - -0.0645022	r
 - 0.0150799	SVM
Eigenvalue 15 : -0.00856978
 - 0.946575	r
 - -0.213696	SVM
 - -0.177235	Background_fail_par0
 - 0.15462	Background_fail_par2
 - -0.0534602	Background_fail_par1
>> Attempt 0 failed, remove the variable with largest eigenvector component...
>> Dropping SVM from the hessian
>> Verifying eigenvalues are all positive (iteration 1)
Eigenvalue 13 : -0.000440281
 - 0.697936	Background_fail_par0
 - -0.555032	r
 - -0.333635	Background_fail_par1
 - -0.305706	Background_fail_par2
 - 0.00688972	Background_fail_HIGH_bin_2-1
Eigenvalue 14 : -0.00167049
 - -0.734961	Background_fail_par1
 - 0.626071	Background_fail_par2
 - 0.235888	r
 - 0.110518	Background_fail_par0
 - -0.00291067	Background_fail_HIGH_bin_2-1
>> Attempt 1 failed, remove the variable with largest eigenvector component...
>> Dropping Background_fail_par1 from the hessian
>> Verifying eigenvalues are all positive (iteration 2)
Eigenvalue 13 : -0.000650832
 - 0.598313	r
 - -0.591629	Background_fail_par0
 - 0.540307	Background_fail_par2
 - -0.00741935	Background_fail_HIGH_bin_2-1
 - -0.00224152	Background_fail_HIGH_bin_1-1
>> Attempt 2 failed, remove the variable with largest eigenvector component...
>> Dropping Background_fail_par0 from the hessian
>> Verifying eigenvalues are all positive (iteration 3)
>> All eigenvalues are positive
>> Inverting Hessian...
>> Matrix inverted
>> Note: the following parameters were dropped to make the covariance matrix pos-def:
     - SVM
     - Background_fail_par1
     - Background_fail_par0
Fit S+B, status = 0, numBadNLL = 0, covariance quality = -1

 --- FitDiagnostics ---
Best fit r: 4.21647e-07  -4.21647e-07/+50  (68% CL)
Done in 0.00 min (cpu), 0.00 min (real)
28 log messages saved to combine_logger.out
