CascadeMinimizer.cc[188] : (in function: improveOnce) - Minimization configured with Type=Minuit2, Algo=Migrad, strategy=0, tolerance=0.1
CascadeMinimizer.cc[215] : (in function: improveOnce) - Minimization finished with status=0
CascadeMinimizer.cc[219] : (in function: improveOnce) - Minimization success! status=0
ToyMCSamplerOpt.cc[146] : (in function: generateAsimov) - Using internal logic for binned/unbinned Asimov dataset generation
ToyMCSamplerOpt.cc[214] : (in function: generateWithHisto) - Generating asimov with histogram for pdf pdf_binpass_LOW_obsOnly: in 4 x-bins
ToyMCSamplerOpt.cc[215] : (in function: generateWithHisto) -  , in 1 y-bins
ToyMCSamplerOpt.cc[146] : (in function: generateAsimov) - Using internal logic for binned/unbinned Asimov dataset generation
ToyMCSamplerOpt.cc[214] : (in function: generateWithHisto) - Generating asimov with histogram for pdf pdf_binpass_SIG_obsOnly: in 2 x-bins
ToyMCSamplerOpt.cc[215] : (in function: generateWithHisto) -  , in 1 y-bins
ToyMCSamplerOpt.cc[146] : (in function: generateAsimov) - Using internal logic for binned/unbinned Asimov dataset generation
ToyMCSamplerOpt.cc[214] : (in function: generateWithHisto) - Generating asimov with histogram for pdf pdf_binpass_HIGH_obsOnly: in 5 x-bins
ToyMCSamplerOpt.cc[215] : (in function: generateWithHisto) -  , in 1 y-bins
ToyMCSamplerOpt.cc[146] : (in function: generateAsimov) - Using internal logic for binned/unbinned Asimov dataset generation
ToyMCSamplerOpt.cc[214] : (in function: generateWithHisto) - Generating asimov with histogram for pdf pdf_binfail_LOW_obsOnly: in 4 x-bins
ToyMCSamplerOpt.cc[215] : (in function: generateWithHisto) -  , in 1 y-bins
ToyMCSamplerOpt.cc[146] : (in function: generateAsimov) - Using internal logic for binned/unbinned Asimov dataset generation
ToyMCSamplerOpt.cc[214] : (in function: generateWithHisto) - Generating asimov with histogram for pdf pdf_binfail_SIG_obsOnly: in 2 x-bins
ToyMCSamplerOpt.cc[215] : (in function: generateWithHisto) -  , in 1 y-bins
ToyMCSamplerOpt.cc[146] : (in function: generateAsimov) - Using internal logic for binned/unbinned Asimov dataset generation
ToyMCSamplerOpt.cc[214] : (in function: generateWithHisto) - Generating asimov with histogram for pdf pdf_binfail_HIGH_obsOnly: in 5 x-bins
ToyMCSamplerOpt.cc[215] : (in function: generateWithHisto) -  , in 1 y-bins
AsymptoticLimits.cc[428] : (in function: runLimitExpected) - Median for expected limits = 22.625, Sigma for expected limits = 11.5436
AsymptoticLimits.cc[191] : (in function: runLimit) - NLL at global minimum of data = -972058 (r=2.85534e-06)
AsymptoticLimits.cc[211] : (in function: runLimit) - NLL at global minimum of asimov = -972057 (r=1.37731e-06)
AsymptoticLimits.cc[337] : (in function: getCLs) - At r = 14.954891:	q_mu = 3.16375	q_A  = 2.40032	Pmu = 0.03627	1-Pb  = 0.40269	CLs  = 0.09008
AsymptoticLimits.cc[337] : (in function: getCLs) - At r = 29.909782:	q_mu = 6.32648	q_A  = 5.23128	Pmu = 0.00576	1-Pb  = 0.40539	CLs  = 0.01420
AsymptoticLimits.cc[337] : (in function: getCLs) - At r = 14.954893:	q_mu = 3.16371	q_A  = 2.40034	Pmu = 0.03627	1-Pb  = 0.40270	CLs  = 0.09008
AsymptoticLimits.cc[337] : (in function: getCLs) - At r = 22.432338:	q_mu = 4.74523	q_A  = 3.80199	Pmu = 0.01420	1-Pb  = 0.40444	CLs  = 0.03511
AsymptoticLimits.cc[337] : (in function: getCLs) - At r = 18.691985:	q_mu = 3.95416	q_A  = 3.09636	Pmu = 0.02257	1-Pb  = 0.40372	CLs  = 0.05590
AsymptoticLimits.cc[337] : (in function: getCLs) - At r = 20.157627:	q_mu = 4.26414	q_A  = 3.37193	Pmu = 0.01880	1-Pb  = 0.40403	CLs  = 0.04653
AsymptoticLimits.cc[337] : (in function: getCLs) - At r = 19.404666:	q_mu = 4.10489	q_A  = 3.23020	Pmu = 0.02064	1-Pb  = 0.40387	CLs  = 0.05112
AsymptoticLimits.cc[337] : (in function: getCLs) - At r = 19.696732:	q_mu = 4.16666	q_A  = 3.28513	Pmu = 0.01991	1-Pb  = 0.40393	CLs  = 0.04928
AsymptoticLimits.cc[337] : (in function: getCLs) - At r = 19.545936:	q_mu = 4.13476	q_A  = 3.25676	Pmu = 0.02028	1-Pb  = 0.40390	CLs  = 0.05022
AsymptoticLimits.cc[337] : (in function: getCLs) - At r = 19.604311:	q_mu = 4.14711	q_A  = 3.26774	Pmu = 0.02014	1-Pb  = 0.40391	CLs  = 0.04986
AsymptoticLimits.cc[337] : (in function: getCLs) - At r = 19.574144:	q_mu = 4.14073	q_A  = 3.26207	Pmu = 0.02021	1-Pb  = 0.40391	CLs  = 0.05004
AsymptoticLimits.cc[337] : (in function: getCLs) - At r = 19.585819:	q_mu = 4.14320	q_A  = 3.26427	Pmu = 0.02018	1-Pb  = 0.40391	CLs  = 0.04997
AsymptoticLimits.cc[337] : (in function: getCLs) - At r = 19.579786:	q_mu = 4.14192	q_A  = 3.26313	Pmu = 0.02020	1-Pb  = 0.40391	CLs  = 0.05001
AsymptoticLimits.cc[337] : (in function: getCLs) - At r = 19.582121:	q_mu = 4.14242	q_A  = 3.26357	Pmu = 0.02019	1-Pb  = 0.40391	CLs  = 0.04999
AsymptoticLimits.cc[337] : (in function: getCLs) - At r = 19.580915:	q_mu = 4.14216	q_A  = 3.26334	Pmu = 0.02020	1-Pb  = 0.40391	CLs  = 0.05000
AsymptoticLimits.cc[337] : (in function: getCLs) - At r = 19.581382:	q_mu = 4.14226	q_A  = 3.26343	Pmu = 0.02020	1-Pb  = 0.40391	CLs  = 0.05000
AsymptoticLimits.cc[337] : (in function: getCLs) - At r = 19.581141:	q_mu = 4.14221	q_A  = 3.26339	Pmu = 0.02020	1-Pb  = 0.40391	CLs  = 0.05000
AsymptoticLimits.cc[337] : (in function: getCLs) - At r = 19.581234:	q_mu = 4.14223	q_A  = 3.26340	Pmu = 0.02020	1-Pb  = 0.40391	CLs  = 0.05000
AsymptoticLimits.cc[337] : (in function: getCLs) - At r = 19.581186:	q_mu = 4.14222	q_A  = 3.26339	Pmu = 0.02020	1-Pb  = 0.40391	CLs  = 0.05000
