 <<< Combine >>> 
 <<< v10.0.1 >>>
>>> Random number generator seed is 123456
>>> Method used is FitDiagnostics
Set Default Value of Parameter mask_pass_SIG To : 1
Set Default Value of Parameter mask_pass_HIGH To : 1
Set Default Value of Parameter r To : 1
>>> 2 out of 6 channels masked

>> Found 16 floating parameters
>> The following parameters are protected in the event of negative eigenvalues: r
>> Verifying eigenvalues are all positive (iteration 0)
Eigenvalue 14 : -1.11022e-16
 - 1	Background_fail_HIGH_bin_5-1
 - -2.11505e-09	r
 - 3.63511e-10	Background_fail_HIGH_bin_4-1
 - 3.29724e-10	SVM
 - 2.24724e-10	Background_rpf_expo_par0
Eigenvalue 15 : -0.00542366
 - -0.97771	r
 - 0.1523	Background_fail_HIGH_bin_4-1
 - 0.131263	SVM
 - 0.0551928	Background_fail_HIGH_bin_3-1
 - 0.0223655	Background_fail_HIGH_bin_2-1
>> Attempt 0 failed, remove the variable with largest eigenvector component...
>> Dropping Background_fail_HIGH_bin_4-1 from the hessian
>> Verifying eigenvalues are all positive (iteration 1)
Eigenvalue 14 : -0.000439865
 - 0.988715	r
 - -0.136069	SVM
 - -0.0572053	Background_fail_HIGH_bin_3-1
 - -0.0231649	Background_fail_HIGH_bin_2-1
 - -0.00962385	Background_fail_HIGH_bin_1-1
>> Attempt 1 failed, remove the variable with largest eigenvector component...
>> Dropping SVM from the hessian
>> Verifying eigenvalues are all positive (iteration 2)
Eigenvalue 13 : -5.55112e-17
 - 1	Background_fail_HIGH_bin_5-1
 - 4.17806e-09	r
 - 2.26367e-10	Background_rpf_expo_par0
 - -2.01744e-10	Background_fail_HIGH_bin_3-1
 - 1.98514e-10	Background_fail_LOW_bin_3-1
>> Attempt 2 failed, remove the variable with largest eigenvector component...
>> Dropping Background_fail_HIGH_bin_5-1 from the hessian
>> Verifying eigenvalues are all positive (iteration 3)
>> All eigenvalues are positive
>> Inverting Hessian...
>> Matrix inverted
>> Note: the following parameters were dropped to make the covariance matrix pos-def:
     - Background_fail_HIGH_bin_4-1
     - SVM
     - Background_fail_HIGH_bin_5-1

 --- FitDiagnostics ---
Best fit r: 1.25561e-10  -1.25561e-10/+10  (68% CL)
Done in 0.00 min (cpu), 0.00 min (real)
