 <<< Combine >>> 
 <<< v10.0.1 >>>
>>> Random number generator seed is 123456
>>> Method used is FitDiagnostics
Set Default Value of Parameter mask_pass_SIG To : 1
Set Default Value of Parameter mask_pass_HIGH To : 1
Set Default Value of Parameter r To : 1
>>> 2 out of 6 channels masked

>> Found 16 floating parameters
>> The following parameters are protected in the event of negative eigenvalues: r
>> Verifying eigenvalues are all positive (iteration 0)
Eigenvalue 14 : -5.82077e-11
 - -1	Background_fail_HIGH_bin_5-1
 - 1.52818e-08	r
 - -1.87201e-09	SVM
 - -3.95708e-10	Background_fail_HIGH_bin_4-1
 - -1.46244e-10	Background_fail_HIGH_bin_3-1
Eigenvalue 15 : -0.00292521
 - -0.991987	r
 - 0.119688	SVM
 - 0.0381787	Background_fail_HIGH_bin_4-1
 - 0.0119488	Background_fail_HIGH_bin_3-1
 - 0.00450817	Background_fail_HIGH_bin_2-1
>> Attempt 0 failed, remove the variable with largest eigenvector component...
>> Dropping SVM from the hessian
>> Verifying eigenvalues are all positive (iteration 1)
Eigenvalue 13 : -5.82075e-11
 - 1	Background_fail_HIGH_bin_5-1
 - -4.49288e-07	r
 - 1.73449e-08	Background_fail_HIGH_bin_4-1
 - 5.45065e-09	Background_fail_HIGH_bin_3-1
 - 2.07091e-09	Background_fail_HIGH_bin_2-1
Eigenvalue 14 : -0.000100962
 - 0.999146	r
 - -0.0389996	Background_fail_HIGH_bin_4-1
 - -0.0122053	Background_fail_HIGH_bin_3-1
 - -0.00460311	Background_fail_HIGH_bin_2-1
 - -0.00360922	lumi
>> Attempt 1 failed, remove the variable with largest eigenvector component...
>> Dropping Background_fail_HIGH_bin_4-1 from the hessian
>> Verifying eigenvalues are all positive (iteration 2)
Eigenvalue 13 : -5.82077e-11
 - 1	Background_fail_HIGH_bin_5-1
 - 2.16809e-07	r
 - -2.69036e-09	Background_fail_HIGH_bin_3-1
 - -9.99337e-10	Background_fail_HIGH_bin_2-1
 - -9.35644e-10	lumi
>> Attempt 2 failed, remove the variable with largest eigenvector component...
>> Dropping Background_fail_HIGH_bin_5-1 from the hessian
>> Verifying eigenvalues are all positive (iteration 3)
>> All eigenvalues are positive
>> Inverting Hessian...
>> Matrix inverted
>> Note: the following parameters were dropped to make the covariance matrix pos-def:
     - SVM
     - Background_fail_HIGH_bin_4-1
     - Background_fail_HIGH_bin_5-1

 --- FitDiagnostics ---
Best fit r: 4.95793e-11  -4.95793e-11/+10  (68% CL)
Done in 0.00 min (cpu), 0.00 min (real)
