 <<< Combine >>> 
 <<< v10.0.1 >>>
>>> Random number generator seed is 123456
>>> Method used is FitDiagnostics
Set Default Value of Parameter mask_pass_SIG To : 1
Set Default Value of Parameter mask_pass_HIGH To : 1
Set Default Value of Parameter r To : 1
>>> 2 out of 6 channels masked

>> Found 16 floating parameters
>> The following parameters are protected in the event of negative eigenvalues: r
>> Verifying eigenvalues are all positive (iteration 0)
Eigenvalue 15 : -0.00284975
 - -0.991184	r
 - 0.114436	SVM
 - 0.0625208	Background_fail_HIGH_bin_4-1
 - 0.0215625	Background_fail_HIGH_bin_3-1
 - 0.00780707	Background_fail_HIGH_bin_2-1
>> Attempt 0 failed, remove the variable with largest eigenvector component...
>> Dropping SVM from the hessian
>> Verifying eigenvalues are all positive (iteration 1)
Eigenvalue 14 : -0.000272251
 - -0.99768	r
 - 0.0637444	Background_fail_HIGH_bin_4-1
 - 0.0219839	Background_fail_HIGH_bin_3-1
 - 0.00795672	Background_fail_HIGH_bin_2-1
 - 0.00361473	lumi
>> Attempt 1 failed, remove the variable with largest eigenvector component...
>> Dropping Background_fail_HIGH_bin_4-1 from the hessian
>> Verifying eigenvalues are all positive (iteration 2)
>> All eigenvalues are positive
>> Inverting Hessian...
>> Matrix inverted
>> Note: the following parameters were dropped to make the covariance matrix pos-def:
     - SVM
     - Background_fail_HIGH_bin_4-1

 --- FitDiagnostics ---
Best fit r: 1.67507e-09  -1.67507e-09/+10  (68% CL)
Done in 0.01 min (cpu), 0.01 min (real)
