 <<< Combine >>> 
 <<< v10.0.1 >>>
>>> Random number generator seed is 123456
>>> Method used is FitDiagnostics
Set Default Value of Parameter mask_pass_SIG To : 1
Set Default Value of Parameter mask_pass_HIGH To : 1
Set Default Value of Parameter r To : 1
>>> 2 out of 6 channels masked

>> Found 16 floating parameters
>> The following parameters are protected in the event of negative eigenvalues: r
>> Verifying eigenvalues are all positive (iteration 0)
Eigenvalue 14 : -5.55112e-17
 - -1	Background_fail_HIGH_bin_5-1
 - -2.6418e-08	r
 - 2.48506e-09	SVM
 - 7.3835e-10	Background_fail_HIGH_bin_4-1
 - 2.45023e-10	Background_fail_HIGH_bin_3-1
Eigenvalue 15 : -0.00159936
 - -0.995464	r
 - 0.0886027	SVM
 - 0.0324612	Background_fail_HIGH_bin_4-1
 - 0.0106744	Background_fail_HIGH_bin_3-1
 - 0.00402919	Background_fail_HIGH_bin_2-1
>> Attempt 0 failed, remove the variable with largest eigenvector component...
>> Dropping SVM from the hessian
>> Verifying eigenvalues are all positive (iteration 1)
Eigenvalue 14 : -7.22086e-05
 - -0.999386	r
 - 0.0328391	Background_fail_HIGH_bin_4-1
 - 0.0107984	Background_fail_HIGH_bin_3-1
 - 0.00407513	Background_fail_HIGH_bin_2-1
 - 0.00366402	lumi
>> Attempt 1 failed, remove the variable with largest eigenvector component...
>> Dropping Background_fail_HIGH_bin_4-1 from the hessian
>> Verifying eigenvalues are all positive (iteration 2)
>> All eigenvalues are positive
>> Inverting Hessian...
>> Matrix inverted
>> Note: the following parameters were dropped to make the covariance matrix pos-def:
     - SVM
     - Background_fail_HIGH_bin_4-1

 --- FitDiagnostics ---
Best fit r: 5.84832e-10  -5.84832e-10/+10  (68% CL)
Done in 0.00 min (cpu), 0.00 min (real)
