 <<< Combine >>> 
 <<< v10.0.1 >>>
>>> Random number generator seed is 123456
>>> Method used is FitDiagnostics
Set Default Value of Parameter mask_pass_SIG To : 1
Set Default Value of Parameter mask_pass_HIGH To : 1
Set Default Value of Parameter r To : 1
>>> 2 out of 6 channels masked

>> Found 16 floating parameters
>> The following parameters are protected in the event of negative eigenvalues: r
>> Verifying eigenvalues are all positive (iteration 0)
Eigenvalue 14 : -5.82075e-11
 - 1	Background_fail_HIGH_bin_5-1
 - -5.94787e-08	r
 - 7.03638e-09	SVM
 - 3.77189e-09	Background_fail_HIGH_bin_4-1
 - 1.28171e-09	Background_fail_HIGH_bin_3-1
Eigenvalue 15 : -0.00290704
 - 0.990997	r
 - -0.115482	SVM
 - -0.0634957	Background_fail_HIGH_bin_4-1
 - -0.0215541	Background_fail_HIGH_bin_3-1
 - -0.00842297	Background_fail_HIGH_bin_2-1
>> Attempt 0 failed, remove the variable with largest eigenvector component...
>> Dropping SVM from the hessian
>> Verifying eigenvalues are all positive (iteration 1)
Eigenvalue 13 : -5.82075e-11
 - 1	Background_fail_HIGH_bin_5-1
 - -6.24159e-07	r
 - 4.04809e-08	Background_fail_HIGH_bin_4-1
 - 1.37424e-08	Background_fail_HIGH_bin_3-1
 - 5.38012e-09	Background_fail_HIGH_bin_2-1
Eigenvalue 14 : -0.000280808
 - 0.99761	r
 - -0.0647617	Background_fail_HIGH_bin_4-1
 - -0.0219832	Background_fail_HIGH_bin_3-1
 - -0.00858745	Background_fail_HIGH_bin_2-1
 - -0.00353183	lumi
>> Attempt 1 failed, remove the variable with largest eigenvector component...
>> Dropping Background_fail_HIGH_bin_4-1 from the hessian
>> Verifying eigenvalues are all positive (iteration 2)
Eigenvalue 13 : -5.82077e-11
 - 1	Background_fail_HIGH_bin_5-1
 - 3.12931e-07	r
 - -6.93621e-09	Background_fail_HIGH_bin_3-1
 - -2.6974e-09	Background_fail_HIGH_bin_2-1
 - -1.26155e-09	lumi
>> Attempt 2 failed, remove the variable with largest eigenvector component...
>> Dropping Background_fail_HIGH_bin_5-1 from the hessian
>> Verifying eigenvalues are all positive (iteration 3)
>> All eigenvalues are positive
>> Inverting Hessian...
>> Matrix inverted
>> Note: the following parameters were dropped to make the covariance matrix pos-def:
     - SVM
     - Background_fail_HIGH_bin_4-1
     - Background_fail_HIGH_bin_5-1

 --- FitDiagnostics ---
Best fit r: 3.68077e-11  -3.68077e-11/+10  (68% CL)
Done in 0.00 min (cpu), 0.00 min (real)
