 <<< Combine >>> 
 <<< v10.0.1 >>>
>>> Random number generator seed is 123456
>>> Method used is FitDiagnostics
Set Default Value of Parameter mask_pass_SIG To : 1
Set Default Value of Parameter mask_pass_HIGH To : 1
Set Default Value of Parameter r To : 1
>>> 2 out of 6 channels masked

>> Found 14 floating parameters
>> The following parameters are protected in the event of negative eigenvalues:
>> Verifying eigenvalues are all positive (iteration 0)
>> All eigenvalues are positive
>> Inverting Hessian...
>> Matrix inverted
 Fit B-only, status = 0, numBadNLL = 0, covariance quality = -1
Running Minos for POI r
>> Found 15 floating parameters
>> The following parameters are protected in the event of negative eigenvalues: r
>> Verifying eigenvalues are all positive (iteration 0)
Eigenvalue 14 : -0.00368029
 - 0.674421	r
 - -0.497303	Background_fail_SIG_bin_5-1
 - -0.416443	Background_fail_SIG_bin_4-1
 - -0.245684	Background_fail_SIG_bin_3-1
 - -0.166651	Background_fail_SIG_bin_6-1
>> Attempt 0 failed, remove the variable with largest eigenvector component...
>> Dropping Background_fail_SIG_bin_5-1 from the hessian
>> Verifying eigenvalues are all positive (iteration 1)
>> All eigenvalues are positive
>> Inverting Hessian...
>> Matrix inverted
>> Note: the following parameters were dropped to make the covariance matrix pos-def:
     - Background_fail_SIG_bin_5-1
Fit S+B, status = 0, numBadNLL = 0, covariance quality = -1

 --- FitDiagnostics ---
Best fit r: 0.00627382  -0.00627382/+0.0437262  (68% CL)
Done in 0.00 min (cpu), 0.00 min (real)
23 log messages saved to combine_logger.out
