 <<< Combine >>> 
 <<< v10.0.1 >>>
>>> Random number generator seed is 123456
>>> Method used is FitDiagnostics
Set Default Value of Parameter mask_pass_SIG To : 1
Set Default Value of Parameter mask_pass_HIGH To : 1
Set Default Value of Parameter r To : 1
>>> 2 out of 6 channels masked

>> Found 16 floating parameters
>> The following parameters are protected in the event of negative eigenvalues: r
>> Verifying eigenvalues are all positive (iteration 0)
Eigenvalue 14 : -5.82078e-11
 - -1	Background_fail_HIGH_bin_5-1
 - -3.81361e-10	Background_rpf_expo_par0
 - -2.9831e-10	Background_rpf_expo_par1
 - -2.27522e-10	Background_fail_LOW_bin_3-1
 - -2.15988e-10	Background_fail_LOW_bin_2-1
Eigenvalue 15 : -0.00832218
 - -0.978846	r
 - 0.197893	SVM
 - 0.0494709	Background_fail_HIGH_bin_4-1
 - 0.0146352	Background_fail_HIGH_bin_3-1
 - 0.00474892	Background_fail_HIGH_bin_2-1
>> Attempt 0 failed, remove the variable with largest eigenvector component...
>> Dropping SVM from the hessian
>> Verifying eigenvalues are all positive (iteration 1)
Eigenvalue 13 : -5.82077e-11
 - 1	Background_fail_HIGH_bin_5-1
 - -4.06766e-09	r
 - 3.81142e-10	Background_rpf_expo_par0
 - 2.98169e-10	Background_rpf_expo_par1
 - 2.27532e-10	Background_fail_LOW_bin_3-1
Eigenvalue 14 : -0.000182638
 - -0.998478	r
 - 0.0525252	Background_fail_HIGH_bin_4-1
 - 0.0155373	Background_fail_HIGH_bin_3-1
 - 0.00503597	Background_fail_HIGH_bin_2-1
 - 0.00364368	lumi
>> Attempt 1 failed, remove the variable with largest eigenvector component...
>> Dropping Background_fail_HIGH_bin_4-1 from the hessian
>> Verifying eigenvalues are all positive (iteration 2)
Eigenvalue 13 : -5.82077e-11
 - -1	Background_fail_HIGH_bin_5-1
 - -2.02207e-09	r
 - -3.81478e-10	Background_rpf_expo_par0
 - -2.98384e-10	Background_rpf_expo_par1
 - -2.27517e-10	Background_fail_LOW_bin_3-1
>> Attempt 2 failed, remove the variable with largest eigenvector component...
>> Dropping Background_fail_HIGH_bin_5-1 from the hessian
>> Verifying eigenvalues are all positive (iteration 3)
>> All eigenvalues are positive
>> Inverting Hessian...
>> Matrix inverted
>> Note: the following parameters were dropped to make the covariance matrix pos-def:
     - SVM
     - Background_fail_HIGH_bin_4-1
     - Background_fail_HIGH_bin_5-1

 --- FitDiagnostics ---
Best fit r: 1.56558e-11  -1.56558e-11/+10  (68% CL)
Done in 0.00 min (cpu), 0.00 min (real)
