 <<< Combine >>> 
 <<< v10.0.1 >>>
>>> Random number generator seed is 123456
>>> Method used is FitDiagnostics
Set Default Value of Parameter mask_pass_SIG To : 1
Set Default Value of Parameter mask_pass_HIGH To : 1
Set Default Value of Parameter r To : 1
>>> 2 out of 6 channels masked

>> Found 16 floating parameters
>> The following parameters are protected in the event of negative eigenvalues: r
>> Verifying eigenvalues are all positive (iteration 0)
Eigenvalue 14 : -5.82077e-11
 - -1	Background_fail_HIGH_bin_5-1
 - -9.34897e-09	r
 - 1.68364e-09	SVM
 - 2.18546e-10	Background_fail_HIGH_bin_3-1
 - 1.98729e-10	Background_rpf_expo_par0
Eigenvalue 15 : -0.00605486
 - 0.984802	r
 - -0.171913	SVM
 - -0.0237015	Background_fail_HIGH_bin_4-1
 - -0.00576882	Background_fail_HIGH_bin_3-1
 - -0.00345543	lumi
>> Attempt 0 failed, remove the variable with largest eigenvector component...
>> Dropping SVM from the hessian
>> Verifying eigenvalues are all positive (iteration 1)
Eigenvalue 13 : -5.82076e-11
 - 1	Background_fail_HIGH_bin_5-1
 - 1.40836e-06	r
 - -3.48204e-08	Background_fail_HIGH_bin_4-1
 - -8.66251e-09	Background_fail_HIGH_bin_3-1
 - -5.21196e-09	lumi
Eigenvalue 14 : -4.14553e-05
 - -0.999666	r
 - 0.0247861	Background_fail_HIGH_bin_4-1
 - 0.00603239	Background_fail_HIGH_bin_3-1
 - 0.00361776	lumi
 - 0.00178888	Background_fail_HIGH_bin_2-1
>> Attempt 1 failed, remove the variable with largest eigenvector component...
>> Dropping Background_fail_HIGH_bin_4-1 from the hessian
>> Verifying eigenvalues are all positive (iteration 2)
Eigenvalue 13 : -5.82077e-11
 - -1	Background_fail_HIGH_bin_5-1
 - 7.15596e-07	r
 - -4.15698e-09	Background_fail_HIGH_bin_3-1
 - -2.47624e-09	lumi
 - -1.12898e-09	Background_fail_HIGH_bin_2-1
>> Attempt 2 failed, remove the variable with largest eigenvector component...
>> Dropping Background_fail_HIGH_bin_5-1 from the hessian
>> Verifying eigenvalues are all positive (iteration 3)
>> All eigenvalues are positive
>> Inverting Hessian...
>> Matrix inverted
>> Note: the following parameters were dropped to make the covariance matrix pos-def:
     - SVM
     - Background_fail_HIGH_bin_4-1
     - Background_fail_HIGH_bin_5-1

 --- FitDiagnostics ---
Best fit r: 9.28744e-13  -9.28744e-13/+10  (68% CL)
Done in 0.00 min (cpu), 0.00 min (real)
