 <<< Combine >>> 
 <<< v10.0.1 >>>
>>> Random number generator seed is 123456
>>> Method used is FitDiagnostics
Set Default Value of Parameter mask_pass_SIG To : 1
Set Default Value of Parameter mask_pass_HIGH To : 1
Set Default Value of Parameter r To : 1
>>> 2 out of 6 channels masked

>> Found 16 floating parameters
>> The following parameters are protected in the event of negative eigenvalues: r
>> Verifying eigenvalues are all positive (iteration 0)
Eigenvalue 14 : -5.82076e-11
 - 1	Background_fail_HIGH_bin_5-1
 - -1.09063e-08	r
 - 1.5572e-09	SVM
 - 4.42735e-10	Background_fail_HIGH_bin_4-1
 - 1.79593e-10	Background_fail_HIGH_bin_2-1
Eigenvalue 15 : -0.00393664
 - 0.989406	r
 - -0.138421	SVM
 - -0.0414921	Background_fail_HIGH_bin_4-1
 - -0.0126381	Background_fail_HIGH_bin_3-1
 - -0.00421394	Background_fail_HIGH_bin_2-1
>> Attempt 0 failed, remove the variable with largest eigenvector component...
>> Dropping SVM from the hessian
>> Verifying eigenvalues are all positive (iteration 1)
Eigenvalue 13 : -5.82077e-11
 - 1	Background_fail_HIGH_bin_5-1
 - -3.62344e-07	r
 - 1.54723e-08	Background_fail_HIGH_bin_4-1
 - 4.71202e-09	Background_fail_HIGH_bin_3-1
 - 1.70507e-09	Background_fail_HIGH_bin_2-1
Eigenvalue 14 : -0.000120848
 - 0.998986	r
 - -0.0426967	Background_fail_HIGH_bin_4-1
 - -0.0130044	Background_fail_HIGH_bin_3-1
 - -0.00433374	Background_fail_HIGH_bin_2-1
 - -0.00370885	lumi
>> Attempt 1 failed, remove the variable with largest eigenvector component...
>> Dropping Background_fail_HIGH_bin_4-1 from the hessian
>> Verifying eigenvalues are all positive (iteration 2)
Eigenvalue 13 : -5.82077e-11
 - 1	Background_fail_HIGH_bin_5-1
 - 1.7983e-07	r
 - -2.35009e-09	Background_fail_HIGH_bin_3-1
 - -7.82102e-10	lumi
 - -6.48335e-10	Background_fail_HIGH_bin_2-1
>> Attempt 2 failed, remove the variable with largest eigenvector component...
>> Dropping Background_fail_HIGH_bin_5-1 from the hessian
>> Verifying eigenvalues are all positive (iteration 3)
>> All eigenvalues are positive
>> Inverting Hessian...
>> Matrix inverted
>> Note: the following parameters were dropped to make the covariance matrix pos-def:
     - SVM
     - Background_fail_HIGH_bin_4-1
     - Background_fail_HIGH_bin_5-1

 --- FitDiagnostics ---
Best fit r: 5.96501e-15  -5.96501e-15/+10  (68% CL)
Done in 0.00 min (cpu), 0.00 min (real)
