 <<< Combine >>> 
 <<< v10.0.1 >>>
>>> Random number generator seed is 123456
>>> Method used is FitDiagnostics
Set Default Value of Parameter mask_pass_SIG To : 1
Set Default Value of Parameter mask_pass_HIGH To : 1
Set Default Value of Parameter r To : 1
>>> 2 out of 6 channels masked

>> Found 16 floating parameters
>> The following parameters are protected in the event of negative eigenvalues: r
>> Verifying eigenvalues are all positive (iteration 0)
Eigenvalue 14 : -1.11022e-16
 - 1	Background_fail_HIGH_bin_5-1
 - 2.10334e-08	r
 - -2.53445e-09	SVM
 - -8.97482e-10	Background_fail_HIGH_bin_4-1
 - 1.41283e-10	Background_fail_SIG_bin_1-1
Eigenvalue 15 : -0.00258076
 - 0.99295	r
 - -0.112743	SVM
 - -0.0347975	Background_fail_HIGH_bin_4-1
 - -0.0100131	Background_fail_HIGH_bin_3-1
 - -0.00372047	Background_fail_HIGH_bin_2-1
>> Attempt 0 failed, remove the variable with largest eigenvector component...
>> Dropping SVM from the hessian
>> Verifying eigenvalues are all positive (iteration 1)
Eigenvalue 14 : -8.32843e-05
 - 0.999304	r
 - -0.0354595	Background_fail_HIGH_bin_4-1
 - -0.0102033	Background_fail_HIGH_bin_3-1
 - -0.00378979	Background_fail_HIGH_bin_2-1
 - -0.00354353	lumi
>> Attempt 1 failed, remove the variable with largest eigenvector component...
>> Dropping Background_fail_HIGH_bin_4-1 from the hessian
>> Verifying eigenvalues are all positive (iteration 2)
>> All eigenvalues are positive
>> Inverting Hessian...
>> Matrix inverted
>> Note: the following parameters were dropped to make the covariance matrix pos-def:
     - SVM
     - Background_fail_HIGH_bin_4-1

 --- FitDiagnostics ---
Best fit r: 2.05208e-11  -2.05208e-11/+10  (68% CL)
Done in 0.00 min (cpu), 0.00 min (real)
