 <<< Combine >>> 
 <<< v10.0.1 >>>
>>> Random number generator seed is 123456
>>> Method used is FitDiagnostics
Set Default Value of Parameter mask_pass_SIG To : 1
Set Default Value of Parameter mask_pass_HIGH To : 1
Set Default Value of Parameter r To : 1
>>> 2 out of 6 channels masked

>> Found 16 floating parameters
>> The following parameters are protected in the event of negative eigenvalues: r
>> Verifying eigenvalues are all positive (iteration 0)
Eigenvalue 14 : -5.82076e-11
 - 1	Background_fail_HIGH_bin_5-1
 - -6.48859e-08	r
 - 8.3705e-09	SVM
 - 4.37782e-09	Background_fail_HIGH_bin_4-1
 - 1.3907e-09	Background_fail_HIGH_bin_3-1
Eigenvalue 15 : -0.00353167
 - 0.989603	r
 - -0.125274	SVM
 - -0.0666984	Background_fail_HIGH_bin_4-1
 - -0.0213028	Background_fail_HIGH_bin_3-1
 - -0.0080463	Background_fail_HIGH_bin_2-1
>> Attempt 0 failed, remove the variable with largest eigenvector component...
>> Dropping SVM from the hessian
>> Verifying eigenvalues are all positive (iteration 1)
Eigenvalue 13 : -5.82074e-11
 - -1	Background_fail_HIGH_bin_5-1
 - 7.42643e-07	r
 - -5.08517e-08	Background_fail_HIGH_bin_4-1
 - -1.62389e-08	Background_fail_HIGH_bin_3-1
 - -5.99031e-09	Background_fail_HIGH_bin_2-1
Eigenvalue 14 : -0.000313901
 - -0.99738	r
 - 0.0682851	Background_fail_HIGH_bin_4-1
 - 0.0218161	Background_fail_HIGH_bin_3-1
 - 0.0082364	Background_fail_HIGH_bin_2-1
 - 0.00361801	lumi
>> Attempt 1 failed, remove the variable with largest eigenvector component...
>> Dropping Background_fail_HIGH_bin_4-1 from the hessian
>> Verifying eigenvalues are all positive (iteration 2)
Eigenvalue 13 : -5.82077e-11
 - 1	Background_fail_HIGH_bin_5-1
 - 3.64535e-07	r
 - -8.01697e-09	Background_fail_HIGH_bin_3-1
 - -3.16677e-09	Background_fail_HIGH_bin_2-1
 - -1.36254e-09	lumi
>> Attempt 2 failed, remove the variable with largest eigenvector component...
>> Dropping Background_fail_HIGH_bin_5-1 from the hessian
>> Verifying eigenvalues are all positive (iteration 3)
>> All eigenvalues are positive
>> Inverting Hessian...
>> Matrix inverted
>> Note: the following parameters were dropped to make the covariance matrix pos-def:
     - SVM
     - Background_fail_HIGH_bin_4-1
     - Background_fail_HIGH_bin_5-1

 --- FitDiagnostics ---
Best fit r: 5.2258e-07  -5.2258e-07/+10  (68% CL)
Done in 0.00 min (cpu), 0.00 min (real)
