 <<< Combine >>> 
 <<< v10.0.1 >>>
>>> Random number generator seed is 123456
>>> Method used is FitDiagnostics
Set Default Value of Parameter mask_pass_SIG To : 1
Set Default Value of Parameter mask_pass_HIGH To : 1
Set Default Value of Parameter r To : 1
>>> 2 out of 6 channels masked

>> Found 16 floating parameters
>> The following parameters are protected in the event of negative eigenvalues: r
>> Verifying eigenvalues are all positive (iteration 0)
Eigenvalue 15 : -0.0049442
 - 0.987247	r
 - -0.155458	SVM
 - -0.0329422	Background_fail_HIGH_bin_4-1
 - -0.00847846	Background_fail_HIGH_bin_3-1
 - -0.00349534	lumi
>> Attempt 0 failed, remove the variable with largest eigenvector component...
>> Dropping SVM from the hessian
>> Verifying eigenvalues are all positive (iteration 1)
Eigenvalue 13 : -5.55112e-17
 - 1	Background_fail_HIGH_bin_5-1
 - 3.19124e-09	r
 - -1.38758e-10	Background_fail_LOW_bin_2-1
 - 1.13159e-10	Background_fail_SIG_bin_2-1
 - -1.08082e-10	Background_rpf_expo_par0
Eigenvalue 14 : -8.16172e-05
 - 0.999368	r
 - -0.0341385	Background_fail_HIGH_bin_4-1
 - -0.00879172	Background_fail_HIGH_bin_3-1
 - -0.0036281	lumi
 - -0.00265153	Background_fail_HIGH_bin_2-1
>> Attempt 1 failed, remove the variable with largest eigenvector component...
>> Dropping Background_fail_HIGH_bin_4-1 from the hessian
>> Verifying eigenvalues are all positive (iteration 2)
Eigenvalue 13 : -5.55112e-17
 - 1	Background_fail_HIGH_bin_5-1
 - -5.43215e-10	r
 - -1.38761e-10	Background_fail_LOW_bin_2-1
 - 1.16012e-10	lumi
 - 1.14184e-10	Background_fail_SIG_bin_2-1
>> Attempt 2 failed, remove the variable with largest eigenvector component...
>> Dropping Background_fail_HIGH_bin_5-1 from the hessian
>> Verifying eigenvalues are all positive (iteration 3)
>> All eigenvalues are positive
>> Inverting Hessian...
>> Matrix inverted
>> Note: the following parameters were dropped to make the covariance matrix pos-def:
     - SVM
     - Background_fail_HIGH_bin_4-1
     - Background_fail_HIGH_bin_5-1

 --- FitDiagnostics ---
Best fit r: 5.43634e-08  -5.43634e-08/+10  (68% CL)
Done in 0.00 min (cpu), 0.00 min (real)
