 <<< Combine >>> 
 <<< v10.0.1 >>>
>>> Random number generator seed is 123456
>>> Method used is FitDiagnostics
Set Default Value of Parameter mask_pass_SIG To : 1
Set Default Value of Parameter mask_pass_HIGH To : 1
Set Default Value of Parameter r To : 1
>>> 2 out of 6 channels masked

>> Found 16 floating parameters
>> The following parameters are protected in the event of negative eigenvalues: r
>> Verifying eigenvalues are all positive (iteration 0)
Eigenvalue 14 : -5.55112e-17
 - -1	Background_fail_HIGH_bin_5-1
 - 2.29527e-08	r
 - -3.09898e-09	Background_fail_HIGH_bin_4-1
 - -2.99932e-09	SVM
 - -1.29323e-09	Background_fail_HIGH_bin_3-1
Eigenvalue 15 : -0.00407218
 - 0.982907	r
 - -0.130047	Background_fail_HIGH_bin_4-1
 - -0.119389	SVM
 - -0.0477917	Background_fail_HIGH_bin_3-1
 - -0.0186826	Background_fail_HIGH_bin_2-1
>> Attempt 0 failed, remove the variable with largest eigenvector component...
>> Dropping Background_fail_HIGH_bin_4-1 from the hessian
>> Verifying eigenvalues are all positive (iteration 1)
Eigenvalue 14 : -0.000579708
 - 0.991014	r
 - -0.122563	SVM
 - -0.0490271	Background_fail_HIGH_bin_3-1
 - -0.019156	Background_fail_HIGH_bin_2-1
 - -0.0086749	Background_fail_HIGH_bin_1-1
>> Attempt 1 failed, remove the variable with largest eigenvector component...
>> Dropping SVM from the hessian
>> Verifying eigenvalues are all positive (iteration 2)
Eigenvalue 13 : -5.55112e-17
 - 1	Background_fail_HIGH_bin_5-1
 - 4.26416e-08	r
 - -1.96126e-09	Background_fail_HIGH_bin_3-1
 - -8.26578e-10	Background_fail_HIGH_bin_2-1
 - -4.12355e-10	Background_fail_HIGH_bin_1-1
>> Attempt 2 failed, remove the variable with largest eigenvector component...
>> Dropping Background_fail_HIGH_bin_5-1 from the hessian
>> Verifying eigenvalues are all positive (iteration 3)
>> All eigenvalues are positive
>> Inverting Hessian...
>> Matrix inverted
>> Note: the following parameters were dropped to make the covariance matrix pos-def:
     - Background_fail_HIGH_bin_4-1
     - SVM
     - Background_fail_HIGH_bin_5-1

 --- FitDiagnostics ---
Best fit r: 3.33108e-14  -3.33108e-14/+10  (68% CL)
Done in 0.00 min (cpu), 0.00 min (real)
