 <<< Combine >>> 
 <<< v10.0.1 >>>
>>> Random number generator seed is 123456
>>> Method used is FitDiagnostics
Set Default Value of Parameter mask_pass_SIG To : 1
Set Default Value of Parameter mask_pass_HIGH To : 1
Set Default Value of Parameter r To : 1
>>> 2 out of 6 channels masked

>> Found 16 floating parameters
>> The following parameters are protected in the event of negative eigenvalues: r
>> Verifying eigenvalues are all positive (iteration 0)
Eigenvalue 14 : -5.82077e-11
 - -1	Background_fail_HIGH_bin_5-1
 - 5.9954e-08	r
 - -7.60997e-09	SVM
 - -2.54286e-09	Background_fail_HIGH_bin_4-1
 - -7.46181e-10	Background_fail_HIGH_bin_3-1
Eigenvalue 15 : -0.0030577
 - 0.991573	r
 - -0.122025	SVM
 - -0.0414196	Background_fail_HIGH_bin_4-1
 - -0.0119962	Background_fail_HIGH_bin_3-1
 - -0.00431145	Background_fail_HIGH_bin_2-1
>> Attempt 0 failed, remove the variable with largest eigenvector component...
>> Dropping SVM from the hessian
>> Verifying eigenvalues are all positive (iteration 1)
Eigenvalue 13 : -5.82073e-11
 - -1	Background_fail_HIGH_bin_5-1
 - 1.59478e-06	r
 - -6.76401e-08	Background_fail_HIGH_bin_4-1
 - -1.95994e-08	Background_fail_HIGH_bin_3-1
 - -6.98485e-09	Background_fail_HIGH_bin_2-1
Eigenvalue 14 : -0.000118421
 - 0.99901	r
 - -0.0423463	Background_fail_HIGH_bin_4-1
 - -0.0122642	Background_fail_HIGH_bin_3-1
 - -0.00440591	Background_fail_HIGH_bin_2-1
 - -0.00354078	lumi
>> Attempt 1 failed, remove the variable with largest eigenvector component...
>> Dropping Background_fail_HIGH_bin_4-1 from the hessian
>> Verifying eigenvalues are all positive (iteration 2)
Eigenvalue 13 : -5.82078e-11
 - 1	Background_fail_HIGH_bin_5-1
 - 7.90644e-07	r
 - -9.70227e-09	Background_fail_HIGH_bin_3-1
 - -3.5416e-09	Background_fail_HIGH_bin_2-1
 - -2.84202e-09	lumi
>> Attempt 2 failed, remove the variable with largest eigenvector component...
>> Dropping Background_fail_HIGH_bin_5-1 from the hessian
>> Verifying eigenvalues are all positive (iteration 3)
>> All eigenvalues are positive
>> Inverting Hessian...
>> Matrix inverted
>> Note: the following parameters were dropped to make the covariance matrix pos-def:
     - SVM
     - Background_fail_HIGH_bin_4-1
     - Background_fail_HIGH_bin_5-1

 --- FitDiagnostics ---
Best fit r: 2.13336e-10  -2.13336e-10/+10  (68% CL)
Done in 0.00 min (cpu), 0.00 min (real)
