 <<< Combine >>> 
 <<< v10.0.1 >>>
>>> Random number generator seed is 123456
>>> Method used is FitDiagnostics
Set Default Value of Parameter mask_pass_SIG To : 1
Set Default Value of Parameter mask_pass_HIGH To : 1
Set Default Value of Parameter r To : 1
>>> 2 out of 6 channels masked

>> Found 16 floating parameters
>> The following parameters are protected in the event of negative eigenvalues: r
>> Verifying eigenvalues are all positive (iteration 0)
Eigenvalue 14 : -5.55112e-17
 - 1	Background_fail_HIGH_bin_5-1
 - -3.95397e-11	Background_fail_LOW_bin_4-1
 - -2.63222e-11	Background_rpf_expo_par0
 - -2.62147e-11	r
 - -1.77536e-11	Background_rpf_expo_par1
Eigenvalue 15 : -0.00902941
 - -0.834008	r
 - 0.301392	Background_fail_HIGH_bin_2-1
 - 0.286125	Background_fail_HIGH_bin_3-1
 - 0.235074	Background_fail_HIGH_bin_4-1
 - 0.221005	Background_fail_HIGH_bin_1-1
>> Attempt 0 failed, remove the variable with largest eigenvector component...
>> Dropping Background_fail_HIGH_bin_2-1 from the hessian
>> Verifying eigenvalues are all positive (iteration 1)
Eigenvalue 14 : -5.55112e-17
 - 1	Background_fail_HIGH_bin_5-1
 - -4.1801e-11	Background_fail_LOW_bin_4-1
 - -2.40378e-11	Background_rpf_expo_par0
 - 2.14709e-11	r
 - -1.62691e-11	Background_rpf_expo_par1
>> Attempt 1 failed, remove the variable with largest eigenvector component...
>> Dropping Background_fail_HIGH_bin_5-1 from the hessian
>> Verifying eigenvalues are all positive (iteration 2)
>> All eigenvalues are positive
>> Inverting Hessian...
>> Matrix inverted
>> Note: the following parameters were dropped to make the covariance matrix pos-def:
     - Background_fail_HIGH_bin_2-1
     - Background_fail_HIGH_bin_5-1

 --- FitDiagnostics ---
Best fit r: 1.31065e-08  -1.31065e-08/+10  (68% CL)
Done in 0.00 min (cpu), 0.00 min (real)
