 <<< Combine >>> 
 <<< v10.0.1 >>>
>>> Random number generator seed is 123456
>>> Method used is FitDiagnostics
Set Default Value of Parameter mask_pass_SIG To : 1
Set Default Value of Parameter mask_pass_HIGH To : 1
Set Default Value of Parameter r To : 1
>>> 2 out of 6 channels masked

>> Found 16 floating parameters
>> The following parameters are protected in the event of negative eigenvalues: r
>> Verifying eigenvalues are all positive (iteration 0)
Eigenvalue 15 : -0.0111584
 - -0.972875	r
 - 0.227239	SVM
 - 0.0408159	Background_fail_HIGH_bin_4-1
 - 0.0136801	Background_fail_HIGH_bin_3-1
 - 0.00334221	lumi
>> Attempt 0 failed, remove the variable with largest eigenvector component...
>> Dropping SVM from the hessian
>> Verifying eigenvalues are all positive (iteration 1)
Eigenvalue 14 : -0.000130056
 - 0.998898	r
 - -0.0442286	Background_fail_HIGH_bin_4-1
 - -0.0148221	Background_fail_HIGH_bin_3-1
 - -0.00362919	lumi
 - -0.00356094	Background_fail_HIGH_bin_2-1
>> Attempt 1 failed, remove the variable with largest eigenvector component...
>> Dropping Background_fail_HIGH_bin_4-1 from the hessian
>> Verifying eigenvalues are all positive (iteration 2)
Eigenvalue 13 : -1.33357e-17
 - 1	Background_fail_HIGH_bin_5-1
 - 1.67373e-07	r
 - -2.48518e-09	Background_fail_HIGH_bin_3-1
 - -6.01934e-10	Background_fail_HIGH_bin_2-1
 - -4.94474e-10	lumi
>> Attempt 2 failed, remove the variable with largest eigenvector component...
>> Dropping Background_fail_HIGH_bin_5-1 from the hessian
>> Verifying eigenvalues are all positive (iteration 3)
>> All eigenvalues are positive
>> Inverting Hessian...
>> Matrix inverted
>> Note: the following parameters were dropped to make the covariance matrix pos-def:
     - SVM
     - Background_fail_HIGH_bin_4-1
     - Background_fail_HIGH_bin_5-1

 --- FitDiagnostics ---
Best fit r: 2.01073e-11  -2.01073e-11/+10  (68% CL)
Done in 0.01 min (cpu), 0.01 min (real)
