CascadeMinimizer.cc[188] : (in function: improveOnce) - Minimization configured with Type=Minuit2, Algo=Migrad, strategy=0, tolerance=0.1
CascadeMinimizer.cc[215] : (in function: improveOnce) - Minimization finished with status=0
CascadeMinimizer.cc[219] : (in function: improveOnce) - Minimization success! status=0
ToyMCSamplerOpt.cc[146] : (in function: generateAsimov) - Using internal logic for binned/unbinned Asimov dataset generation
ToyMCSamplerOpt.cc[214] : (in function: generateWithHisto) - Generating asimov with histogram for pdf pdf_binpass_LOW_obsOnly: in 10 x-bins
ToyMCSamplerOpt.cc[215] : (in function: generateWithHisto) -  , in 1 y-bins
ToyMCSamplerOpt.cc[146] : (in function: generateAsimov) - Using internal logic for binned/unbinned Asimov dataset generation
ToyMCSamplerOpt.cc[214] : (in function: generateWithHisto) - Generating asimov with histogram for pdf pdf_binpass_SIG_obsOnly: in 3 x-bins
ToyMCSamplerOpt.cc[215] : (in function: generateWithHisto) -  , in 1 y-bins
ToyMCSamplerOpt.cc[146] : (in function: generateAsimov) - Using internal logic for binned/unbinned Asimov dataset generation
ToyMCSamplerOpt.cc[214] : (in function: generateWithHisto) - Generating asimov with histogram for pdf pdf_binpass_HIGH_obsOnly: in 1 x-bins
ToyMCSamplerOpt.cc[215] : (in function: generateWithHisto) -  , in 1 y-bins
ToyMCSamplerOpt.cc[146] : (in function: generateAsimov) - Using internal logic for binned/unbinned Asimov dataset generation
ToyMCSamplerOpt.cc[214] : (in function: generateWithHisto) - Generating asimov with histogram for pdf pdf_binfail_LOW_obsOnly: in 10 x-bins
ToyMCSamplerOpt.cc[215] : (in function: generateWithHisto) -  , in 1 y-bins
ToyMCSamplerOpt.cc[146] : (in function: generateAsimov) - Using internal logic for binned/unbinned Asimov dataset generation
ToyMCSamplerOpt.cc[214] : (in function: generateWithHisto) - Generating asimov with histogram for pdf pdf_binfail_SIG_obsOnly: in 3 x-bins
ToyMCSamplerOpt.cc[215] : (in function: generateWithHisto) -  , in 1 y-bins
ToyMCSamplerOpt.cc[146] : (in function: generateAsimov) - Using internal logic for binned/unbinned Asimov dataset generation
ToyMCSamplerOpt.cc[214] : (in function: generateWithHisto) - Generating asimov with histogram for pdf pdf_binfail_HIGH_obsOnly: in 1 x-bins
ToyMCSamplerOpt.cc[215] : (in function: generateWithHisto) -  , in 1 y-bins
AsymptoticLimits.cc[428] : (in function: runLimitExpected) - Median for expected limits = 3.17188, Sigma for expected limits = 1.61833
AsymptoticLimits.cc[191] : (in function: runLimit) - NLL at global minimum of data = -910896 (r=1.64017e-08)
AsymptoticLimits.cc[211] : (in function: runLimit) - NLL at global minimum of asimov = -910896 (r=0.000958073)
AsymptoticLimits.cc[337] : (in function: getCLs) - At r = 1.222910:	q_mu = 3.02698	q_A  = 0.86430	Pmu = 0.01818	1-Pb  = 0.12239	CLs  = 0.14857
AsymptoticLimits.cc[337] : (in function: getCLs) - At r = 2.445819:	q_mu = 6.10781	q_A  = 2.61019	Pmu = 0.00349	1-Pb  = 0.13953	CLs  = 0.02499
AsymptoticLimits.cc[337] : (in function: getCLs) - At r = 1.222910:	q_mu = 3.02698	q_A  = 0.86429	Pmu = 0.01818	1-Pb  = 0.12238	CLs  = 0.14857
AsymptoticLimits.cc[337] : (in function: getCLs) - At r = 1.820650:	q_mu = 4.52683	q_A  = 1.65174	Pmu = 0.00811	1-Pb  = 0.13167	CLs  = 0.06163
AsymptoticLimits.cc[337] : (in function: getCLs) - At r = 2.061543:	q_mu = 5.13487	q_A  = 2.00756	Pmu = 0.00586	1-Pb  = 0.13489	CLs  = 0.04344
AsymptoticLimits.cc[337] : (in function: getCLs) - At r = 1.935884:	q_mu = 4.81729	q_A  = 1.81939	Pmu = 0.00694	1-Pb  = 0.13322	CLs  = 0.05213
AsymptoticLimits.cc[337] : (in function: getCLs) - At r = 1.983985:	q_mu = 4.93868	q_A  = 1.89079	Pmu = 0.00651	1-Pb  = 0.13387	CLs  = 0.04861
AsymptoticLimits.cc[337] : (in function: getCLs) - At r = 1.958848:	q_mu = 4.87515	q_A  = 1.85336	Pmu = 0.00673	1-Pb  = 0.13354	CLs  = 0.05042
AsymptoticLimits.cc[337] : (in function: getCLs) - At r = 1.968482:	q_mu = 4.89945	q_A  = 1.86765	Pmu = 0.00665	1-Pb  = 0.13367	CLs  = 0.04972
AsymptoticLimits.cc[337] : (in function: getCLs) - At r = 1.963463:	q_mu = 4.88676	q_A  = 1.86018	Pmu = 0.00669	1-Pb  = 0.13360	CLs  = 0.05008
