 <<< Combine >>> 
 <<< v10.0.1 >>>
>>> Random number generator seed is 123456
>>> Method used is FitDiagnostics
Set Default Value of Parameter mask_pass_SIG To : 1
Set Default Value of Parameter mask_pass_HIGH To : 1
Set Default Value of Parameter r To : 1
>>> 2 out of 6 channels masked

>> Found 16 floating parameters
>> The following parameters are protected in the event of negative eigenvalues: r
>> Verifying eigenvalues are all positive (iteration 0)
Eigenvalue 14 : -5.82077e-11
 - 1	Background_fail_HIGH_bin_5-1
 - -1.11194e-08	r
 - 3.535e-09	Background_fail_HIGH_bin_3-1
 - 3.35616e-09	Background_fail_HIGH_bin_4-1
 - 3.20455e-09	Background_fail_HIGH_bin_2-1
Eigenvalue 15 : -0.00869841
 - -0.873923	r
 - 0.265486	Background_fail_HIGH_bin_3-1
 - 0.252955	Background_fail_HIGH_bin_4-1
 - 0.250212	Background_fail_HIGH_bin_2-1
 - 0.15998	Background_fail_HIGH_bin_1-1
>> Attempt 0 failed, remove the variable with largest eigenvector component...
>> Dropping Background_fail_HIGH_bin_3-1 from the hessian
>> Verifying eigenvalues are all positive (iteration 1)
Eigenvalue 14 : -5.82077e-11
 - 1	Background_fail_HIGH_bin_5-1
 - 1.50541e-08	r
 - -4.60652e-09	Background_fail_HIGH_bin_2-1
 - -4.54377e-09	Background_fail_HIGH_bin_4-1
 - -3.02865e-09	Background_fail_HIGH_bin_1-1
>> Attempt 1 failed, remove the variable with largest eigenvector component...
>> Dropping Background_fail_HIGH_bin_5-1 from the hessian
>> Verifying eigenvalues are all positive (iteration 2)
>> All eigenvalues are positive
>> Inverting Hessian...
>> Matrix inverted
>> Note: the following parameters were dropped to make the covariance matrix pos-def:
     - Background_fail_HIGH_bin_3-1
     - Background_fail_HIGH_bin_5-1

 --- FitDiagnostics ---
Best fit r: 3.03247e-08  -3.03247e-08/+10  (68% CL)
Done in 0.00 min (cpu), 0.00 min (real)
