 <<< Combine >>> 
 <<< v10.0.1 >>>
>>> Random number generator seed is 123456
>>> Method used is FitDiagnostics
Set Default Value of Parameter mask_pass_SIG To : 1
Set Default Value of Parameter mask_pass_HIGH To : 1
Set Default Value of Parameter r To : 1
>>> 2 out of 6 channels masked

>> Found 16 floating parameters
>> The following parameters are protected in the event of negative eigenvalues: r
>> Verifying eigenvalues are all positive (iteration 0)
Eigenvalue 15 : -0.0036253
 - 0.989026	r
 - -0.128402	SVM
 - -0.0690468	Background_fail_HIGH_bin_4-1
 - -0.0218769	Background_fail_HIGH_bin_3-1
 - -0.00837	Background_fail_HIGH_bin_2-1
>> Attempt 0 failed, remove the variable with largest eigenvector component...
>> Dropping SVM from the hessian
>> Verifying eigenvalues are all positive (iteration 1)
Eigenvalue 14 : -0.000353984
 - 0.997194	r
 - -0.0707287	Background_fail_HIGH_bin_4-1
 - -0.0224187	Background_fail_HIGH_bin_3-1
 - -0.00857331	Background_fail_HIGH_bin_2-1
 - -0.00362012	lumi
>> Attempt 1 failed, remove the variable with largest eigenvector component...
>> Dropping Background_fail_HIGH_bin_4-1 from the hessian
>> Verifying eigenvalues are all positive (iteration 2)
Eigenvalue 13 : -1.11022e-16
 - 1	Background_fail_HIGH_bin_5-1
 - -2.7901e-07	r
 - 6.18529e-09	Background_fail_HIGH_bin_3-1
 - 2.4029e-09	Background_fail_HIGH_bin_2-1
 - 1.01477e-09	lumi
>> Attempt 2 failed, remove the variable with largest eigenvector component...
>> Dropping Background_fail_HIGH_bin_5-1 from the hessian
>> Verifying eigenvalues are all positive (iteration 3)
>> All eigenvalues are positive
>> Inverting Hessian...
>> Matrix inverted
>> Note: the following parameters were dropped to make the covariance matrix pos-def:
     - SVM
     - Background_fail_HIGH_bin_4-1
     - Background_fail_HIGH_bin_5-1

 --- FitDiagnostics ---
Best fit r: 1.30635e-06  -1.30635e-06/+10  (68% CL)
Done in 0.00 min (cpu), 0.00 min (real)
