 <<< Combine >>> 
 <<< v10.0.1 >>>
>>> Random number generator seed is 123456
>>> Method used is FitDiagnostics
Set Default Value of Parameter mask_pass_SIG To : 1
Set Default Value of Parameter mask_pass_HIGH To : 1
Set Default Value of Parameter r To : 1
>>> 2 out of 6 channels masked

>> Found 16 floating parameters
>> The following parameters are protected in the event of negative eigenvalues: r
>> Verifying eigenvalues are all positive (iteration 0)
Eigenvalue 15 : -0.00399503
 - -0.988099	r
 - 0.135277	SVM
 - 0.0686654	Background_fail_HIGH_bin_4-1
 - 0.0235895	Background_fail_HIGH_bin_3-1
 - 0.00807259	Background_fail_HIGH_bin_2-1
>> Attempt 0 failed, remove the variable with largest eigenvector component...
>> Dropping SVM from the hessian
>> Verifying eigenvalues are all positive (iteration 1)
Eigenvalue 14 : -0.000353368
 - -0.997168	r
 - 0.0705274	Background_fail_HIGH_bin_4-1
 - 0.0242398	Background_fail_HIGH_bin_3-1
 - 0.00829088	Background_fail_HIGH_bin_2-1
 - 0.00368712	lumi
>> Attempt 1 failed, remove the variable with largest eigenvector component...
>> Dropping Background_fail_HIGH_bin_4-1 from the hessian
>> Verifying eigenvalues are all positive (iteration 2)
>> All eigenvalues are positive
>> Inverting Hessian...
>> Matrix inverted
>> Note: the following parameters were dropped to make the covariance matrix pos-def:
     - SVM
     - Background_fail_HIGH_bin_4-1

 --- FitDiagnostics ---
Best fit r: 6.94567e-08  -6.94567e-08/+10  (68% CL)
Done in 0.00 min (cpu), 0.00 min (real)
