 <<< Combine >>> 
 <<< v10.0.1 >>>
>>> Random number generator seed is 123456
>>> Method used is FitDiagnostics
Set Default Value of Parameter mask_pass_SIG To : 1
Set Default Value of Parameter mask_pass_HIGH To : 1
Set Default Value of Parameter r To : 1
>>> 2 out of 6 channels masked

>> Found 16 floating parameters
>> The following parameters are protected in the event of negative eigenvalues: r
>> Verifying eigenvalues are all positive (iteration 0)
Eigenvalue 14 : -5.55112e-17
 - 1	Background_fail_HIGH_bin_5-1
 - 1.12291e-10	r
 - 9.2093e-11	Background_fail_SIG_bin_1-1
 - -8.69006e-11	Background_fail_HIGH_bin_1-1
 - -4.13711e-11	Background_fail_SIG_bin_2-1
Eigenvalue 15 : -0.00544243
 - 0.795652	r
 - -0.337521	Background_fail_HIGH_bin_1-1
 - -0.285045	Background_fail_SIG_bin_2-1
 - -0.240999	Background_fail_HIGH_bin_2-1
 - -0.213682	Background_fail_HIGH_bin_3-1
>> Attempt 0 failed, remove the variable with largest eigenvector component...
>> Dropping Background_fail_HIGH_bin_1-1 from the hessian
>> Verifying eigenvalues are all positive (iteration 1)
>> All eigenvalues are positive
>> Inverting Hessian...
>> Matrix inverted
>> Note: the following parameters were dropped to make the covariance matrix pos-def:
     - Background_fail_HIGH_bin_1-1

 --- FitDiagnostics ---
Best fit r: 5.6343e-08  -5.6343e-08/+10  (68% CL)
Done in 0.00 min (cpu), 0.00 min (real)
