 <<< Combine >>> 
 <<< v10.0.1 >>>
>>> Random number generator seed is 123456
>>> Method used is FitDiagnostics
Set Default Value of Parameter mask_pass_SIG To : 1
Set Default Value of Parameter mask_pass_HIGH To : 1
Set Default Value of Parameter r To : 1
>>> 2 out of 6 channels masked

>> Found 16 floating parameters
>> The following parameters are protected in the event of negative eigenvalues: r
>> Verifying eigenvalues are all positive (iteration 0)
Eigenvalue 15 : -0.00333732
 - 0.990932	r
 - -0.127728	SVM
 - -0.0392328	Background_fail_HIGH_bin_4-1
 - -0.0128708	Background_fail_HIGH_bin_3-1
 - -0.00428131	Background_fail_HIGH_bin_2-1
>> Attempt 0 failed, remove the variable with largest eigenvector component...
>> Dropping SVM from the hessian
>> Verifying eigenvalues are all positive (iteration 1)
Eigenvalue 14 : -0.000107585
 - -0.999086	r
 - 0.0401973	Background_fail_HIGH_bin_4-1
 - 0.0131868	Background_fail_HIGH_bin_3-1
 - 0.00438438	Background_fail_HIGH_bin_2-1
 - 0.00372627	lumi
>> Attempt 1 failed, remove the variable with largest eigenvector component...
>> Dropping Background_fail_HIGH_bin_4-1 from the hessian
>> Verifying eigenvalues are all positive (iteration 2)
Eigenvalue 13 : -5.55112e-17
 - 1	Background_fail_HIGH_bin_5-1
 - 1.5322e-10	r
 - 1.38575e-10	Background_fail_LOW_bin_3-1
 - 1.17927e-10	Background_rpf_expo_par0
 - 1.13997e-10	Background_fail_SIG_bin_1-1
>> Attempt 2 failed, remove the variable with largest eigenvector component...
>> Dropping Background_fail_HIGH_bin_5-1 from the hessian
>> Verifying eigenvalues are all positive (iteration 3)
>> All eigenvalues are positive
>> Inverting Hessian...
>> Matrix inverted
>> Note: the following parameters were dropped to make the covariance matrix pos-def:
     - SVM
     - Background_fail_HIGH_bin_4-1
     - Background_fail_HIGH_bin_5-1

 --- FitDiagnostics ---
Best fit r: 1.44171e-13  -1.44171e-13/+10  (68% CL)
Done in 0.00 min (cpu), 0.00 min (real)
