 <<< Combine >>> 
 <<< v10.0.1 >>>
>>> Random number generator seed is 123456
>>> Method used is FitDiagnostics
Set Default Value of Parameter mask_pass_SIG To : 1
Set Default Value of Parameter mask_pass_HIGH To : 1
Set Default Value of Parameter r To : 1
>>> 2 out of 6 channels masked

>> Found 16 floating parameters
>> The following parameters are protected in the event of negative eigenvalues: r
>> Verifying eigenvalues are all positive (iteration 0)
Eigenvalue 15 : -0.00423548
 - 0.8049	r
 - -0.297675	Background_fail_HIGH_bin_1-1
 - -0.284839	Background_fail_SIG_bin_2-1
 - -0.270295	Background_fail_HIGH_bin_2-1
 - -0.179867	Background_fail_HIGH_bin_3-1
>> Attempt 0 failed, remove the variable with largest eigenvector component...
>> Dropping Background_fail_HIGH_bin_1-1 from the hessian
>> Verifying eigenvalues are all positive (iteration 1)
Eigenvalue 14 : -1.11022e-16
 - -1	Background_fail_HIGH_bin_5-1
 - 6.18327e-11	r
 - -5.46312e-11	Background_fail_HIGH_bin_3-1
 - 4.22703e-11	Background_fail_LOW_bin_3-1
 - -3.8028e-11	lumi
>> Attempt 1 failed, remove the variable with largest eigenvector component...
>> Dropping Background_fail_HIGH_bin_5-1 from the hessian
>> Verifying eigenvalues are all positive (iteration 2)
>> All eigenvalues are positive
>> Inverting Hessian...
>> Matrix inverted
>> Note: the following parameters were dropped to make the covariance matrix pos-def:
     - Background_fail_HIGH_bin_1-1
     - Background_fail_HIGH_bin_5-1

 --- FitDiagnostics ---
Best fit r: 6.4905e-09  -6.4905e-09/+10  (68% CL)
Done in 0.00 min (cpu), 0.00 min (real)
