CascadeMinimizer.cc[188] : (in function: improveOnce) - Minimization configured with Type=Minuit2, Algo=Migrad, strategy=0, tolerance=0.1
CascadeMinimizer.cc[215] : (in function: improveOnce) - Minimization finished with status=0
CascadeMinimizer.cc[219] : (in function: improveOnce) - Minimization success! status=0
ToyMCSamplerOpt.cc[146] : (in function: generateAsimov) - Using internal logic for binned/unbinned Asimov dataset generation
ToyMCSamplerOpt.cc[214] : (in function: generateWithHisto) - Generating asimov with histogram for pdf pdf_binpass_LOW_obsOnly: in 4 x-bins
ToyMCSamplerOpt.cc[215] : (in function: generateWithHisto) -  , in 1 y-bins
ToyMCSamplerOpt.cc[146] : (in function: generateAsimov) - Using internal logic for binned/unbinned Asimov dataset generation
ToyMCSamplerOpt.cc[214] : (in function: generateWithHisto) - Generating asimov with histogram for pdf pdf_binpass_SIG_obsOnly: in 6 x-bins
ToyMCSamplerOpt.cc[215] : (in function: generateWithHisto) -  , in 1 y-bins
ToyMCSamplerOpt.cc[146] : (in function: generateAsimov) - Using internal logic for binned/unbinned Asimov dataset generation
ToyMCSamplerOpt.cc[214] : (in function: generateWithHisto) - Generating asimov with histogram for pdf pdf_binpass_HIGH_obsOnly: in 2 x-bins
ToyMCSamplerOpt.cc[215] : (in function: generateWithHisto) -  , in 1 y-bins
ToyMCSamplerOpt.cc[146] : (in function: generateAsimov) - Using internal logic for binned/unbinned Asimov dataset generation
ToyMCSamplerOpt.cc[214] : (in function: generateWithHisto) - Generating asimov with histogram for pdf pdf_binfail_LOW_obsOnly: in 4 x-bins
ToyMCSamplerOpt.cc[215] : (in function: generateWithHisto) -  , in 1 y-bins
ToyMCSamplerOpt.cc[146] : (in function: generateAsimov) - Using internal logic for binned/unbinned Asimov dataset generation
ToyMCSamplerOpt.cc[214] : (in function: generateWithHisto) - Generating asimov with histogram for pdf pdf_binfail_SIG_obsOnly: in 6 x-bins
ToyMCSamplerOpt.cc[215] : (in function: generateWithHisto) -  , in 1 y-bins
ToyMCSamplerOpt.cc[146] : (in function: generateAsimov) - Using internal logic for binned/unbinned Asimov dataset generation
ToyMCSamplerOpt.cc[214] : (in function: generateWithHisto) - Generating asimov with histogram for pdf pdf_binfail_HIGH_obsOnly: in 2 x-bins
ToyMCSamplerOpt.cc[215] : (in function: generateWithHisto) -  , in 1 y-bins
AsymptoticLimits.cc[428] : (in function: runLimitExpected) - Median for expected limits = 0.000488281, Sigma for expected limits = 0.000249128
AsymptoticLimits.cc[191] : (in function: runLimit) - NLL at global minimum of data = -872612 (r=7.79486e-05)
AsymptoticLimits.cc[211] : (in function: runLimit) - NLL at global minimum of asimov = -872634 (r=3.13484e-06)
AsymptoticLimits.cc[337] : (in function: getCLs) - At r = 1.200078:	q_mu = 458425.25313	q_A  = 458939.20419	Pmu = 0.00000	1-Pb  = 0.64782	CLs  = 0.00000
AsymptoticLimits.cc[337] : (in function: getCLs) - At r = 0.600078:	q_mu = 209862.44708	q_A  = 210285.36306	Pmu = 0.00000	1-Pb  = 0.67773	CLs  = 0.00000
AsymptoticLimits.cc[337] : (in function: getCLs) - At r = 0.300078:	q_mu = 94385.92338	q_A  = 94702.89446	Pmu = 0.00000	1-Pb  = 0.69687	CLs  = 0.00000
AsymptoticLimits.cc[337] : (in function: getCLs) - At r = 0.150078:	q_mu = 41026.06522	q_A  = 41243.94554	Pmu = 0.00000	1-Pb  = 0.70441	CLs  = 0.00000
AsymptoticLimits.cc[337] : (in function: getCLs) - At r = 0.075078:	q_mu = 17487.88311	q_A  = 17638.77565	Pmu = 0.00000	1-Pb  = 0.71542	CLs  = 0.00000
AsymptoticLimits.cc[337] : (in function: getCLs) - At r = 0.037578:	q_mu = 7300.77719	q_A  = 7411.26931	Pmu = 0.00000	1-Pb  = 0.74026	CLs  = 0.00000
AsymptoticLimits.cc[337] : (in function: getCLs) - At r = 0.018828:	q_mu = 3051.31149	q_A  = 3127.76932	Pmu = 0.00000	1-Pb  = 0.75421	CLs  = 0.00000
AsymptoticLimits.cc[337] : (in function: getCLs) - At r = 0.009453:	q_mu = 1244.41968	q_A  = 1296.00041	Pmu = 0.00000	1-Pb  = 0.76537	CLs  = 0.00000
AsymptoticLimits.cc[337] : (in function: getCLs) - At r = 0.004765:	q_mu = 490.90299	q_A  = 525.15670	Pmu = 0.00000	1-Pb  = 0.77636	CLs  = 0.00000
AsymptoticLimits.cc[337] : (in function: getCLs) - At r = 0.002422:	q_mu = 177.39752	q_A  = 199.48664	Pmu = 0.00000	1-Pb  = 0.78956	CLs  = 0.00000
AsymptoticLimits.cc[337] : (in function: getCLs) - At r = 0.001250:	q_mu = 57.62351	q_A  = 70.78213	Pmu = 0.00000	1-Pb  = 0.79452	CLs  = 0.00000
AsymptoticLimits.cc[337] : (in function: getCLs) - At r = 0.000664:	q_mu = 17.00035	q_A  = 24.37701	Pmu = 0.00002	1-Pb  = 0.79222	CLs  = 0.00002
AsymptoticLimits.cc[337] : (in function: getCLs) - At r = 0.000371:	q_mu = 4.61248	q_A  = 8.65463	Pmu = 0.01587	1-Pb  = 0.78646	CLs  = 0.02018
