CascadeMinimizer.cc[188] : (in function: improveOnce) - Minimization configured with Type=Minuit2, Algo=Migrad, strategy=0, tolerance=0.1
CascadeMinimizer.cc[215] : (in function: improveOnce) - Minimization finished with status=0
CascadeMinimizer.cc[219] : (in function: improveOnce) - Minimization success! status=0
ToyMCSamplerOpt.cc[146] : (in function: generateAsimov) - Using internal logic for binned/unbinned Asimov dataset generation
ToyMCSamplerOpt.cc[214] : (in function: generateWithHisto) - Generating asimov with histogram for pdf pdf_binpass_LOW_obsOnly: in 4 x-bins
ToyMCSamplerOpt.cc[215] : (in function: generateWithHisto) -  , in 1 y-bins
ToyMCSamplerOpt.cc[146] : (in function: generateAsimov) - Using internal logic for binned/unbinned Asimov dataset generation
ToyMCSamplerOpt.cc[214] : (in function: generateWithHisto) - Generating asimov with histogram for pdf pdf_binpass_SIG_obsOnly: in 2 x-bins
ToyMCSamplerOpt.cc[215] : (in function: generateWithHisto) -  , in 1 y-bins
ToyMCSamplerOpt.cc[146] : (in function: generateAsimov) - Using internal logic for binned/unbinned Asimov dataset generation
ToyMCSamplerOpt.cc[214] : (in function: generateWithHisto) - Generating asimov with histogram for pdf pdf_binpass_HIGH_obsOnly: in 4 x-bins
ToyMCSamplerOpt.cc[215] : (in function: generateWithHisto) -  , in 1 y-bins
ToyMCSamplerOpt.cc[146] : (in function: generateAsimov) - Using internal logic for binned/unbinned Asimov dataset generation
ToyMCSamplerOpt.cc[214] : (in function: generateWithHisto) - Generating asimov with histogram for pdf pdf_binfail_LOW_obsOnly: in 4 x-bins
ToyMCSamplerOpt.cc[215] : (in function: generateWithHisto) -  , in 1 y-bins
ToyMCSamplerOpt.cc[146] : (in function: generateAsimov) - Using internal logic for binned/unbinned Asimov dataset generation
ToyMCSamplerOpt.cc[214] : (in function: generateWithHisto) - Generating asimov with histogram for pdf pdf_binfail_SIG_obsOnly: in 2 x-bins
ToyMCSamplerOpt.cc[215] : (in function: generateWithHisto) -  , in 1 y-bins
ToyMCSamplerOpt.cc[146] : (in function: generateAsimov) - Using internal logic for binned/unbinned Asimov dataset generation
ToyMCSamplerOpt.cc[214] : (in function: generateWithHisto) - Generating asimov with histogram for pdf pdf_binfail_HIGH_obsOnly: in 4 x-bins
ToyMCSamplerOpt.cc[215] : (in function: generateWithHisto) -  , in 1 y-bins
AsymptoticLimits.cc[428] : (in function: runLimitExpected) - Median for expected limits = 0.00019455, Sigma for expected limits = 9.92618e-05
AsymptoticLimits.cc[191] : (in function: runLimit) - NLL at global minimum of data = -4.36141e+06 (r=3.76015e-05)
AsymptoticLimits.cc[211] : (in function: runLimit) - NLL at global minimum of asimov = -4.36143e+06 (r=8.77485e-07)
AsymptoticLimits.cc[337] : (in function: getCLs) - At r = 1.200038:	q_mu = 4059479.13329	q_A  = 4059820.45666	Pmu = 0.00000	1-Pb  = 0.53375	CLs  = 0.00000
AsymptoticLimits.cc[337] : (in function: getCLs) - At r = 0.600038:	q_mu = 1896022.92736	q_A  = 1896350.01325	Pmu = 0.00000	1-Pb  = 0.54727	CLs  = 0.00000
AsymptoticLimits.cc[337] : (in function: getCLs) - At r = 0.300038:	q_mu = 863092.19193	q_A  = 863248.86547	Pmu = 0.00000	1-Pb  = 0.53360	CLs  = 0.00000
AsymptoticLimits.cc[337] : (in function: getCLs) - At r = 0.150038:	q_mu = 381246.15515	q_A  = 381253.83651	Pmu = 0.00000	1-Pb  = 0.50248	CLs  = 0.00000
AsymptoticLimits.cc[337] : (in function: getCLs) - At r = 0.075038:	q_mu = 153022.96533	q_A  = 153031.10387	Pmu = 0.00000	1-Pb  = 0.50415	CLs  = 0.00000
AsymptoticLimits.cc[337] : (in function: getCLs) - At r = 0.037538:	q_mu = 60104.31182	q_A  = 60089.65336	Pmu = 0.00000	1-Pb  = 0.48807	CLs  = 0.00000
AsymptoticLimits.cc[337] : (in function: getCLs) - At r = 0.018788:	q_mu = 21210.36523	q_A  = 21172.52435	Pmu = 0.00000	1-Pb  = 0.44827	CLs  = 0.00000
AsymptoticLimits.cc[337] : (in function: getCLs) - At r = 0.009413:	q_mu = 6328.47011	q_A  = 6311.41055	Pmu = 0.00000	1-Pb  = 0.45725	CLs  = 0.00000
AsymptoticLimits.cc[337] : (in function: getCLs) - At r = 0.004725:	q_mu = 1598.22961	q_A  = 1588.14920	Pmu = 0.00000	1-Pb  = 0.44968	CLs  = 0.00000
AsymptoticLimits.cc[337] : (in function: getCLs) - At r = 0.002381:	q_mu = 295.95147	q_A  = 318.57967	Pmu = 0.00000	1-Pb  = 0.74072	CLs  = 0.00000
AsymptoticLimits.cc[337] : (in function: getCLs) - At r = 0.001209:	q_mu = 14.49219	q_A  = 53.52934	Pmu = 0.00007	1-Pb  = 0.99978	CLs  = 0.00007
AsymptoticLimits.cc[337] : (in function: getCLs) - At r = 0.000624:	q_mu = 0.00000	q_A  = 14.05027	Pmu = 0.50000	1-Pb  = 0.99991	CLs  = 0.50004
AsymptoticLimits.cc[337] : (in function: getCLs) - At r = 0.000917:	q_mu = 0.00000	q_A  = 26.94593	Pmu = 0.50000	1-Pb  = 1.00000	CLs  = 0.50000
AsymptoticLimits.cc[337] : (in function: getCLs) - At r = 0.001063:	q_mu = 0.00000	q_A  = 37.80609	Pmu = 0.50000	1-Pb  = 1.00000	CLs  = 0.50000
AsymptoticLimits.cc[337] : (in function: getCLs) - At r = 0.001136:	q_mu = 5.20595	q_A  = 45.13342	Pmu = 0.01125	1-Pb  = 1.00000	CLs  = 0.01125
AsymptoticLimits.cc[337] : (in function: getCLs) - At r = 0.001100:	q_mu = 0.91164	q_A  = 41.32774	Pmu = 0.16984	1-Pb  = 1.00000	CLs  = 0.16984
AsymptoticLimits.cc[337] : (in function: getCLs) - At r = 0.001118:	q_mu = 3.02848	q_A  = 43.19641	Pmu = 0.04091	1-Pb  = 1.00000	CLs  = 0.04091
AsymptoticLimits.cc[337] : (in function: getCLs) - At r = 0.001109:	q_mu = 1.96258	q_A  = 42.25363	Pmu = 0.08062	1-Pb  = 1.00000	CLs  = 0.08062
AsymptoticLimits.cc[337] : (in function: getCLs) - At r = 0.001114:	q_mu = 2.56128	q_A  = 42.78277	Pmu = 0.05475	1-Pb  = 1.00000	CLs  = 0.05475
