 <<< Combine >>> 
 <<< v10.0.1 >>>
>>> Random number generator seed is 123456
>>> Method used is FitDiagnostics
Set Default Value of Parameter mask_pass_SIG To : 1
Set Default Value of Parameter mask_pass_HIGH To : 1
Set Default Value of Parameter r To : 1
>>> 2 out of 6 channels masked

>> Found 16 floating parameters
>> The following parameters are protected in the event of negative eigenvalues: r
>> Verifying eigenvalues are all positive (iteration 0)
Eigenvalue 14 : -5.82075e-11
 - 1	Background_fail_HIGH_bin_5-1
 - -1.9996e-08	r
 - 4.76129e-09	Background_fail_HIGH_bin_4-1
 - 2.36704e-09	Background_fail_HIGH_bin_3-1
 - 2.09047e-09	SVM
Eigenvalue 15 : -0.00627283
 - -0.961233	r
 - 0.224956	Background_fail_HIGH_bin_4-1
 - 0.111394	Background_fail_HIGH_bin_3-1
 - 0.0973029	SVM
 - 0.0523574	Background_fail_HIGH_bin_2-1
>> Attempt 0 failed, remove the variable with largest eigenvector component...
>> Dropping Background_fail_HIGH_bin_4-1 from the hessian
>> Verifying eigenvalues are all positive (iteration 1)
Eigenvalue 14 : -5.82077e-11
 - 1	Background_fail_HIGH_bin_5-1
 - 2.4896e-08	r
 - -2.99895e-09	Background_fail_HIGH_bin_3-1
 - -2.60274e-09	SVM
 - -1.51134e-09	Background_fail_HIGH_bin_2-1
>> Attempt 1 failed, remove the variable with largest eigenvector component...
>> Dropping Background_fail_HIGH_bin_5-1 from the hessian
>> Verifying eigenvalues are all positive (iteration 2)
>> All eigenvalues are positive
>> Inverting Hessian...
>> Matrix inverted
>> Note: the following parameters were dropped to make the covariance matrix pos-def:
     - Background_fail_HIGH_bin_4-1
     - Background_fail_HIGH_bin_5-1

 --- FitDiagnostics ---
Best fit r: 8.78817e-12  -8.78817e-12/+10  (68% CL)
Done in 0.00 min (cpu), 0.00 min (real)
