 <<< Combine >>> 
 <<< v10.0.1 >>>
>>> Random number generator seed is 123456
>>> Method used is FitDiagnostics
Set Default Value of Parameter mask_pass_SIG To : 1
Set Default Value of Parameter mask_pass_HIGH To : 1
Set Default Value of Parameter r To : 1
>>> 2 out of 6 channels masked

>> Found 16 floating parameters
>> The following parameters are protected in the event of negative eigenvalues: r
>> Verifying eigenvalues are all positive (iteration 0)
Eigenvalue 15 : -0.00961244
 - -0.973758	r
 - 0.206944	SVM
 - 0.0894963	Background_fail_HIGH_bin_4-1
 - 0.0289379	Background_fail_HIGH_bin_3-1
 - 0.00981301	Background_fail_HIGH_bin_2-1
>> Attempt 0 failed, remove the variable with largest eigenvector component...
>> Dropping SVM from the hessian
>> Verifying eigenvalues are all positive (iteration 1)
Eigenvalue 14 : -0.000622224
 - 0.994875	r
 - -0.095555	Background_fail_HIGH_bin_4-1
 - -0.0308939	Background_fail_HIGH_bin_3-1
 - -0.0104633	Background_fail_HIGH_bin_2-1
 - -0.0038163	Background_fail_HIGH_bin_1-1
>> Attempt 1 failed, remove the variable with largest eigenvector component...
>> Dropping Background_fail_HIGH_bin_4-1 from the hessian
>> Verifying eigenvalues are all positive (iteration 2)
>> All eigenvalues are positive
>> Inverting Hessian...
>> Matrix inverted
>> Note: the following parameters were dropped to make the covariance matrix pos-def:
     - SVM
     - Background_fail_HIGH_bin_4-1

 --- FitDiagnostics ---
Best fit r: 4.09704e-11  -4.09704e-11/+10  (68% CL)
Done in 0.00 min (cpu), 0.00 min (real)
