CascadeMinimizer.cc[188] : (in function: improveOnce) - Minimization configured with Type=Minuit2, Algo=Migrad, strategy=0, tolerance=0.1
CascadeMinimizer.cc[215] : (in function: improveOnce) - Minimization finished with status=0
CascadeMinimizer.cc[219] : (in function: improveOnce) - Minimization success! status=0
CascadeMinimizer.cc[188] : (in function: improveOnce) - Minimization configured with Type=Minuit2, Algo=Migrad, strategy=0, tolerance=0.1
CascadeMinimizer.cc[215] : (in function: improveOnce) - Minimization finished with status=0
CascadeMinimizer.cc[219] : (in function: improveOnce) - Minimization success! status=0
CachingNLL.cc[715] : (in function: evaluate) - underflow (expected events <=0) in total event yield for pdf_binpass_HIGH_obsOnly, expected yield = 0 (observed: 0)
CachingNLL.cc[715] : (in function: evaluate) - underflow (expected events <=0) in total event yield for pdf_binfail_HIGH_obsOnly, expected yield = 0 (observed: 0)
CachingNLL.cc[715] : (in function: evaluate) - underflow (expected events <=0) in total event yield for pdf_binpass_HIGH_obsOnly, expected yield = 0 (observed: 0)
CachingNLL.cc[715] : (in function: evaluate) - underflow (expected events <=0) in total event yield for pdf_binfail_HIGH_obsOnly, expected yield = 0 (observed: 0)
CascadeMinimizer.cc[188] : (in function: improveOnce) - Minimization configured with Type=Minuit2, Algo=Migrad, strategy=0, tolerance=0.1
CachingNLL.cc[715] : (in function: evaluate) - underflow (expected events <=0) in total event yield for pdf_binpass_HIGH_obsOnly, expected yield = 0 (observed: 0)
CachingNLL.cc[715] : (in function: evaluate) - underflow (expected events <=0) in total event yield for pdf_binfail_HIGH_obsOnly, expected yield = 0 (observed: 0)
CachingNLL.cc[715] : (in function: evaluate) - underflow (expected events <=0) in total event yield for pdf_binpass_HIGH_obsOnly, expected yield = 0 (observed: 0)
CachingNLL.cc[715] : (in function: evaluate) - underflow (expected events <=0) in total event yield for pdf_binfail_HIGH_obsOnly, expected yield = 0 (observed: 0)
CachingNLL.cc[715] : (in function: evaluate) - underflow (expected events <=0) in total event yield for pdf_binpass_HIGH_obsOnly, expected yield = 0 (observed: 0)
CachingNLL.cc[715] : (in function: evaluate) - underflow (expected events <=0) in total event yield for pdf_binpass_HIGH_obsOnly, expected yield = 0 (observed: 0)
CachingNLL.cc[715] : (in function: evaluate) - underflow (expected events <=0) in total event yield for pdf_binpass_HIGH_obsOnly, expected yield = 0 (observed: 0)
CachingNLL.cc[715] : (in function: evaluate) - underflow (expected events <=0) in total event yield for pdf_binpass_HIGH_obsOnly, expected yield = 0 (observed: 0)
CachingNLL.cc[715] : (in function: evaluate) - underflow (expected events <=0) in total event yield for pdf_binpass_HIGH_obsOnly, expected yield = 0 (observed: 0)
CachingNLL.cc[715] : (in function: evaluate) - underflow (expected events <=0) in total event yield for pdf_binfail_HIGH_obsOnly, expected yield = 0 (observed: 0)
CachingNLL.cc[715] : (in function: evaluate) - underflow (expected events <=0) in total event yield for pdf_binpass_HIGH_obsOnly, expected yield = 0 (observed: 0)
CachingNLL.cc[715] : (in function: evaluate) - underflow (expected events <=0) in total event yield for pdf_binfail_HIGH_obsOnly, expected yield = 0 (observed: 0)
CachingNLL.cc[715] : (in function: evaluate) - underflow (expected events <=0) in total event yield for pdf_binpass_HIGH_obsOnly, expected yield = 0 (observed: 0)
CachingNLL.cc[715] : (in function: evaluate) - underflow (expected events <=0) in total event yield for pdf_binfail_HIGH_obsOnly, expected yield = 0 (observed: 0)
CachingNLL.cc[715] : (in function: evaluate) - underflow (expected events <=0) in total event yield for pdf_binpass_HIGH_obsOnly, expected yield = 0 (observed: 0)
CachingNLL.cc[715] : (in function: evaluate) - underflow (expected events <=0) in total event yield for pdf_binfail_HIGH_obsOnly, expected yield = 0 (observed: 0)
CachingNLL.cc[715] : (in function: evaluate) - underflow (expected events <=0) in total event yield for pdf_binpass_HIGH_obsOnly, expected yield = 0 (observed: 0)
CachingNLL.cc[715] : (in function: evaluate) - underflow (expected events <=0) in total event yield for pdf_binfail_HIGH_obsOnly, expected yield = 0 (observed: 0)
CascadeMinimizer.cc[215] : (in function: improveOnce) - Minimization finished with status=0
CascadeMinimizer.cc[219] : (in function: improveOnce) - Minimization success! status=0
CachingNLL.cc[715] : (in function: evaluate) - underflow (expected events <=0) in total event yield for pdf_binpass_HIGH_obsOnly, expected yield = 0 (observed: 0)
CachingNLL.cc[715] : (in function: evaluate) - underflow (expected events <=0) in total event yield for pdf_binfail_HIGH_obsOnly, expected yield = 0 (observed: 0)
CascadeMinimizer.cc[188] : (in function: improveOnce) - Minimization configured with Type=Minuit2, Algo=Migrad, strategy=0, tolerance=0.1
CachingNLL.cc[715] : (in function: evaluate) - underflow (expected events <=0) in total event yield for pdf_binpass_HIGH_obsOnly, expected yield = 0 (observed: 0)
CachingNLL.cc[715] : (in function: evaluate) - underflow (expected events <=0) in total event yield for pdf_binfail_HIGH_obsOnly, expected yield = 0 (observed: 0)
CachingNLL.cc[715] : (in function: evaluate) - underflow (expected events <=0) in total event yield for pdf_binpass_HIGH_obsOnly, expected yield = 0 (observed: 0)
CachingNLL.cc[715] : (in function: evaluate) - underflow (expected events <=0) in total event yield for pdf_binfail_HIGH_obsOnly, expected yield = 0 (observed: 0)
CachingNLL.cc[715] : (in function: evaluate) - underflow (expected events <=0) in total event yield for pdf_binpass_HIGH_obsOnly, expected yield = 0 (observed: 0)
CachingNLL.cc[715] : (in function: evaluate) - underflow (expected events <=0) in total event yield for pdf_binpass_HIGH_obsOnly, expected yield = 0 (observed: 0)
CachingNLL.cc[715] : (in function: evaluate) - underflow (expected events <=0) in total event yield for pdf_binpass_HIGH_obsOnly, expected yield = 0 (observed: 0)
CachingNLL.cc[715] : (in function: evaluate) - underflow (expected events <=0) in total event yield for pdf_binpass_HIGH_obsOnly, expected yield = 0 (observed: 0)
CachingNLL.cc[715] : (in function: evaluate) - underflow (expected events <=0) in total event yield for pdf_binpass_HIGH_obsOnly, expected yield = 0 (observed: 0)
CachingNLL.cc[715] : (in function: evaluate) - underflow (expected events <=0) in total event yield for pdf_binfail_HIGH_obsOnly, expected yield = 0 (observed: 0)
CachingNLL.cc[715] : (in function: evaluate) - underflow (expected events <=0) in total event yield for pdf_binpass_HIGH_obsOnly, expected yield = 0 (observed: 0)
CachingNLL.cc[715] : (in function: evaluate) - underflow (expected events <=0) in total event yield for pdf_binfail_HIGH_obsOnly, expected yield = 0 (observed: 0)
CachingNLL.cc[715] : (in function: evaluate) - underflow (expected events <=0) in total event yield for pdf_binpass_HIGH_obsOnly, expected yield = 0 (observed: 0)
CachingNLL.cc[715] : (in function: evaluate) - underflow (expected events <=0) in total event yield for pdf_binfail_HIGH_obsOnly, expected yield = 0 (observed: 0)
CachingNLL.cc[715] : (in function: evaluate) - underflow (expected events <=0) in total event yield for pdf_binpass_HIGH_obsOnly, expected yield = 0 (observed: 0)
CachingNLL.cc[715] : (in function: evaluate) - underflow (expected events <=0) in total event yield for pdf_binfail_HIGH_obsOnly, expected yield = 0 (observed: 0)
CachingNLL.cc[715] : (in function: evaluate) - underflow (expected events <=0) in total event yield for pdf_binpass_HIGH_obsOnly, expected yield = 0 (observed: 0)
CachingNLL.cc[715] : (in function: evaluate) - underflow (expected events <=0) in total event yield for pdf_binfail_HIGH_obsOnly, expected yield = 0 (observed: 0)
CascadeMinimizer.cc[215] : (in function: improveOnce) - Minimization finished with status=-1
CascadeMinimizer.cc[220] : (in function: improveOnce) - Minimization ended with latest status != 0 or 1
CachingNLL.cc[715] : (in function: evaluate) - underflow (expected events <=0) in total event yield for pdf_binpass_HIGH_obsOnly, expected yield = 0 (observed: 0)
CachingNLL.cc[715] : (in function: evaluate) - underflow (expected events <=0) in total event yield for pdf_binfail_HIGH_obsOnly, expected yield = 0 (observed: 0)
CachingNLL.cc[715] : (in function: evaluate) - underflow (expected events <=0) in total event yield for pdf_binpass_HIGH_obsOnly, expected yield = 0 (observed: 0)
CachingNLL.cc[715] : (in function: evaluate) - underflow (expected events <=0) in total event yield for pdf_binfail_HIGH_obsOnly, expected yield = 0 (observed: 0)
CachingNLL.cc[715] : (in function: evaluate) - underflow (expected events <=0) in total event yield for pdf_binpass_HIGH_obsOnly, expected yield = 0 (observed: 0)
CachingNLL.cc[715] : (in function: evaluate) - underflow (expected events <=0) in total event yield for pdf_binpass_HIGH_obsOnly, expected yield = 0 (observed: 0)
CachingNLL.cc[715] : (in function: evaluate) - underflow (expected events <=0) in total event yield for pdf_binpass_HIGH_obsOnly, expected yield = 0 (observed: 0)
CachingNLL.cc[715] : (in function: evaluate) - underflow (expected events <=0) in total event yield for pdf_binpass_HIGH_obsOnly, expected yield = 0 (observed: 0)
CachingNLL.cc[715] : (in function: evaluate) - underflow (expected events <=0) in total event yield for pdf_binpass_HIGH_obsOnly, expected yield = 0 (observed: 0)
CachingNLL.cc[715] : (in function: evaluate) - underflow (expected events <=0) in total event yield for pdf_binpass_HIGH_obsOnly, expected yield = 0 (observed: 0)
CachingNLL.cc[715] : (in function: evaluate) - underflow (expected events <=0) in total event yield for pdf_binpass_HIGH_obsOnly, expected yield = 0 (observed: 0)
CachingNLL.cc[715] : (in function: evaluate) - underflow (expected events <=0) in total event yield for pdf_binfail_HIGH_obsOnly, expected yield = 0 (observed: 0)
CachingNLL.cc[715] : (in function: evaluate) - underflow (expected events <=0) in total event yield for pdf_binpass_HIGH_obsOnly, expected yield = 0 (observed: 0)
CachingNLL.cc[715] : (in function: evaluate) - underflow (expected events <=0) in total event yield for pdf_binfail_HIGH_obsOnly, expected yield = 0 (observed: 0)
CachingNLL.cc[715] : (in function: evaluate) - underflow (expected events <=0) in total event yield for pdf_binpass_HIGH_obsOnly, expected yield = 0 (observed: 0)
CachingNLL.cc[715] : (in function: evaluate) - underflow (expected events <=0) in total event yield for pdf_binfail_HIGH_obsOnly, expected yield = 0 (observed: 0)
CachingNLL.cc[715] : (in function: evaluate) - underflow (expected events <=0) in total event yield for pdf_binpass_HIGH_obsOnly, expected yield = 0 (observed: 0)
CachingNLL.cc[715] : (in function: evaluate) - underflow (expected events <=0) in total event yield for pdf_binfail_HIGH_obsOnly, expected yield = 0 (observed: 0)
CachingNLL.cc[715] : (in function: evaluate) - underflow (expected events <=0) in total event yield for pdf_binpass_HIGH_obsOnly, expected yield = 0 (observed: 0)
CachingNLL.cc[715] : (in function: evaluate) - underflow (expected events <=0) in total event yield for pdf_binfail_HIGH_obsOnly, expected yield = 0 (observed: 0)
CachingNLL.cc[715] : (in function: evaluate) - underflow (expected events <=0) in total event yield for pdf_binpass_HIGH_obsOnly, expected yield = 0 (observed: 0)
CachingNLL.cc[715] : (in function: evaluate) - underflow (expected events <=0) in total event yield for pdf_binfail_HIGH_obsOnly, expected yield = 0 (observed: 0)
CachingNLL.cc[715] : (in function: evaluate) - underflow (expected events <=0) in total event yield for pdf_binpass_HIGH_obsOnly, expected yield = 0 (observed: 0)
CachingNLL.cc[715] : (in function: evaluate) - underflow (expected events <=0) in total event yield for pdf_binfail_HIGH_obsOnly, expected yield = 0 (observed: 0)
CachingNLL.cc[715] : (in function: evaluate) - underflow (expected events <=0) in total event yield for pdf_binpass_HIGH_obsOnly, expected yield = 0 (observed: 0)
CachingNLL.cc[715] : (in function: evaluate) - underflow (expected events <=0) in total event yield for pdf_binpass_HIGH_obsOnly, expected yield = 0 (observed: 0)
CachingNLL.cc[715] : (in function: evaluate) - underflow (expected events <=0) in total event yield for pdf_binfail_HIGH_obsOnly, expected yield = 0 (observed: 0)
CachingNLL.cc[715] : (in function: evaluate) - underflow (expected events <=0) in total event yield for pdf_binpass_HIGH_obsOnly, expected yield = 0 (observed: 0)
CachingNLL.cc[715] : (in function: evaluate) - underflow (expected events <=0) in total event yield for pdf_binfail_HIGH_obsOnly, expected yield = 0 (observed: 0)
CachingNLL.cc[715] : (in function: evaluate) - underflow (expected events <=0) in total event yield for pdf_binpass_HIGH_obsOnly, expected yield = 0 (observed: 0)
CachingNLL.cc[715] : (in function: evaluate) - underflow (expected events <=0) in total event yield for pdf_binpass_HIGH_obsOnly, expected yield = 0 (observed: 0)
CachingNLL.cc[715] : (in function: evaluate) - underflow (expected events <=0) in total event yield for pdf_binfail_HIGH_obsOnly, expected yield = 0 (observed: 0)
CachingNLL.cc[715] : (in function: evaluate) - underflow (expected events <=0) in total event yield for pdf_binpass_HIGH_obsOnly, expected yield = 0 (observed: 0)
CachingNLL.cc[715] : (in function: evaluate) - underflow (expected events <=0) in total event yield for pdf_binfail_HIGH_obsOnly, expected yield = 0 (observed: 0)
CachingNLL.cc[715] : (in function: evaluate) - underflow (expected events <=0) in total event yield for pdf_binpass_HIGH_obsOnly, expected yield = 0 (observed: 0)
CachingNLL.cc[715] : (in function: evaluate) - underflow (expected events <=0) in total event yield for pdf_binpass_HIGH_obsOnly, expected yield = 0 (observed: 0)
CachingNLL.cc[715] : (in function: evaluate) - underflow (expected events <=0) in total event yield for pdf_binfail_HIGH_obsOnly, expected yield = 0 (observed: 0)
CachingNLL.cc[715] : (in function: evaluate) - underflow (expected events <=0) in total event yield for pdf_binpass_HIGH_obsOnly, expected yield = 0 (observed: 0)
CachingNLL.cc[715] : (in function: evaluate) - underflow (expected events <=0) in total event yield for pdf_binfail_HIGH_obsOnly, expected yield = 0 (observed: 0)
CachingNLL.cc[715] : (in function: evaluate) - underflow (expected events <=0) in total event yield for pdf_binpass_HIGH_obsOnly, expected yield = 0 (observed: 0)
CachingNLL.cc[715] : (in function: evaluate) - underflow (expected events <=0) in total event yield for pdf_binpass_HIGH_obsOnly, expected yield = 0 (observed: 0)
CachingNLL.cc[715] : (in function: evaluate) - underflow (expected events <=0) in total event yield for pdf_binfail_HIGH_obsOnly, expected yield = 0 (observed: 0)
CachingNLL.cc[715] : (in function: evaluate) - underflow (expected events <=0) in total event yield for pdf_binpass_HIGH_obsOnly, expected yield = 0 (observed: 0)
CachingNLL.cc[715] : (in function: evaluate) - underflow (expected events <=0) in total event yield for pdf_binfail_HIGH_obsOnly, expected yield = 0 (observed: 0)
CachingNLL.cc[715] : (in function: evaluate) - underflow (expected events <=0) in total event yield for pdf_binpass_HIGH_obsOnly, expected yield = 0 (observed: 0)
CachingNLL.cc[715] : (in function: evaluate) - underflow (expected events <=0) in total event yield for pdf_binpass_HIGH_obsOnly, expected yield = 0 (observed: 0)
CachingNLL.cc[715] : (in function: evaluate) - underflow (expected events <=0) in total event yield for pdf_binfail_HIGH_obsOnly, expected yield = 0 (observed: 0)
CachingNLL.cc[715] : (in function: evaluate) - underflow (expected events <=0) in total event yield for pdf_binpass_HIGH_obsOnly, expected yield = 0 (observed: 0)
CachingNLL.cc[715] : (in function: evaluate) - underflow (expected events <=0) in total event yield for pdf_binfail_HIGH_obsOnly, expected yield = 0 (observed: 0)
CachingNLL.cc[715] : (in function: evaluate) - underflow (expected events <=0) in total event yield for pdf_binpass_HIGH_obsOnly, expected yield = 0 (observed: 0)
CachingNLL.cc[715] : (in function: evaluate) - underflow (expected events <=0) in total event yield for pdf_binpass_HIGH_obsOnly, expected yield = 0 (observed: 0)
CachingNLL.cc[715] : (in function: evaluate) - underflow (expected events <=0) in total event yield for pdf_binfail_HIGH_obsOnly, expected yield = 0 (observed: 0)
CachingNLL.cc[715] : (in function: evaluate) - underflow (expected events <=0) in total event yield for pdf_binpass_HIGH_obsOnly, expected yield = 0 (observed: 0)
CachingNLL.cc[715] : (in function: evaluate) - underflow (expected events <=0) in total event yield for pdf_binfail_HIGH_obsOnly, expected yield = 0 (observed: 0)
CachingNLL.cc[715] : (in function: evaluate) - underflow (expected events <=0) in total event yield for pdf_binpass_HIGH_obsOnly, expected yield = 0 (observed: 0)
CachingNLL.cc[715] : (in function: evaluate) - underflow (expected events <=0) in total event yield for pdf_binpass_HIGH_obsOnly, expected yield = 0 (observed: 0)
CachingNLL.cc[715] : (in function: evaluate) - underflow (expected events <=0) in total event yield for pdf_binfail_HIGH_obsOnly, expected yield = 0 (observed: 0)
CachingNLL.cc[715] : (in function: evaluate) - underflow (expected events <=0) in total event yield for pdf_binpass_HIGH_obsOnly, expected yield = 0 (observed: 0)
CachingNLL.cc[715] : (in function: evaluate) - underflow (expected events <=0) in total event yield for pdf_binfail_HIGH_obsOnly, expected yield = 0 (observed: 0)
CachingNLL.cc[715] : (in function: evaluate) - underflow (expected events <=0) in total event yield for pdf_binpass_HIGH_obsOnly, expected yield = 0 (observed: 0)
CachingNLL.cc[715] : (in function: evaluate) - underflow (expected events <=0) in total event yield for pdf_binpass_HIGH_obsOnly, expected yield = 0 (observed: 0)
CachingNLL.cc[715] : (in function: evaluate) - underflow (expected events <=0) in total event yield for pdf_binfail_HIGH_obsOnly, expected yield = 0 (observed: 0)
CachingNLL.cc[715] : (in function: evaluate) - underflow (expected events <=0) in total event yield for pdf_binpass_HIGH_obsOnly, expected yield = 0 (observed: 0)
CachingNLL.cc[715] : (in function: evaluate) - underflow (expected events <=0) in total event yield for pdf_binfail_HIGH_obsOnly, expected yield = 0 (observed: 0)
CachingNLL.cc[715] : (in function: evaluate) - underflow (expected events <=0) in total event yield for pdf_binpass_HIGH_obsOnly, expected yield = 0 (observed: 0)
CachingNLL.cc[715] : (in function: evaluate) - underflow (expected events <=0) in total event yield for pdf_binpass_HIGH_obsOnly, expected yield = 0 (observed: 0)
CachingNLL.cc[715] : (in function: evaluate) - underflow (expected events <=0) in total event yield for pdf_binfail_HIGH_obsOnly, expected yield = 0 (observed: 0)
CachingNLL.cc[715] : (in function: evaluate) - underflow (expected events <=0) in total event yield for pdf_binpass_HIGH_obsOnly, expected yield = 0 (observed: 0)
CachingNLL.cc[715] : (in function: evaluate) - underflow (expected events <=0) in total event yield for pdf_binfail_HIGH_obsOnly, expected yield = 0 (observed: 0)
CachingNLL.cc[715] : (in function: evaluate) - underflow (expected events <=0) in total event yield for pdf_binpass_HIGH_obsOnly, expected yield = 0 (observed: 0)
CachingNLL.cc[715] : (in function: evaluate) - underflow (expected events <=0) in total event yield for pdf_binpass_HIGH_obsOnly, expected yield = 0 (observed: 0)
CachingNLL.cc[715] : (in function: evaluate) - underflow (expected events <=0) in total event yield for pdf_binfail_HIGH_obsOnly, expected yield = 0 (observed: 0)
CachingNLL.cc[715] : (in function: evaluate) - underflow (expected events <=0) in total event yield for pdf_binpass_HIGH_obsOnly, expected yield = 0 (observed: 0)
CachingNLL.cc[715] : (in function: evaluate) - underflow (expected events <=0) in total event yield for pdf_binfail_HIGH_obsOnly, expected yield = 0 (observed: 0)
CachingNLL.cc[715] : (in function: evaluate) - underflow (expected events <=0) in total event yield for pdf_binpass_HIGH_obsOnly, expected yield = 0 (observed: 0)
CachingNLL.cc[715] : (in function: evaluate) - underflow (expected events <=0) in total event yield for pdf_binfail_HIGH_obsOnly, expected yield = 0 (observed: 0)
CachingNLL.cc[715] : (in function: evaluate) - underflow (expected events <=0) in total event yield for pdf_binpass_HIGH_obsOnly, expected yield = 0 (observed: 0)
CachingNLL.cc[715] : (in function: evaluate) - underflow (expected events <=0) in total event yield for pdf_binpass_HIGH_obsOnly, expected yield = 0 (observed: 0)
CachingNLL.cc[715] : (in function: evaluate) - underflow (expected events <=0) in total event yield for pdf_binfail_HIGH_obsOnly, expected yield = 0 (observed: 0)
CachingNLL.cc[715] : (in function: evaluate) - underflow (expected events <=0) in total event yield for pdf_binpass_HIGH_obsOnly, expected yield = 0 (observed: 0)
CachingNLL.cc[715] : (in function: evaluate) - underflow (expected events <=0) in total event yield for pdf_binfail_HIGH_obsOnly, expected yield = 0 (observed: 0)
CachingNLL.cc[715] : (in function: evaluate) - underflow (expected events <=0) in total event yield for pdf_binpass_HIGH_obsOnly, expected yield = 0 (observed: 0)
CachingNLL.cc[715] : (in function: evaluate) - underflow (expected events <=0) in total event yield for pdf_binfail_HIGH_obsOnly, expected yield = 0 (observed: 0)
CachingNLL.cc[715] : (in function: evaluate) - underflow (expected events <=0) in total event yield for pdf_binpass_HIGH_obsOnly, expected yield = 0 (observed: 0)
CachingNLL.cc[715] : (in function: evaluate) - underflow (expected events <=0) in total event yield for pdf_binfail_HIGH_obsOnly, expected yield = 0 (observed: 0)
CachingNLL.cc[715] : (in function: evaluate) - underflow (expected events <=0) in total event yield for pdf_binpass_HIGH_obsOnly, expected yield = 0 (observed: 0)
CachingNLL.cc[715] : (in function: evaluate) - underflow (expected events <=0) in total event yield for pdf_binfail_HIGH_obsOnly, expected yield = 0 (observed: 0)
CachingNLL.cc[715] : (in function: evaluate) - underflow (expected events <=0) in total event yield for pdf_binpass_HIGH_obsOnly, expected yield = 0 (observed: 0)
CachingNLL.cc[715] : (in function: evaluate) - underflow (expected events <=0) in total event yield for pdf_binfail_HIGH_obsOnly, expected yield = 0 (observed: 0)
CachingNLL.cc[715] : (in function: evaluate) - underflow (expected events <=0) in total event yield for pdf_binpass_HIGH_obsOnly, expected yield = 0 (observed: 0)
CachingNLL.cc[715] : (in function: evaluate) - underflow (expected events <=0) in total event yield for pdf_binfail_HIGH_obsOnly, expected yield = 0 (observed: 0)
CachingNLL.cc[715] : (in function: evaluate) - underflow (expected events <=0) in total event yield for pdf_binpass_HIGH_obsOnly, expected yield = 0 (observed: 0)
CachingNLL.cc[715] : (in function: evaluate) - underflow (expected events <=0) in total event yield for pdf_binfail_HIGH_obsOnly, expected yield = 0 (observed: 0)
CachingNLL.cc[715] : (in function: evaluate) - underflow (expected events <=0) in total event yield for pdf_binpass_HIGH_obsOnly, expected yield = 0 (observed: 0)
CachingNLL.cc[715] : (in function: evaluate) - underflow (expected events <=0) in total event yield for pdf_binfail_HIGH_obsOnly, expected yield = 0 (observed: 0)
CachingNLL.cc[715] : (in function: evaluate) - underflow (expected events <=0) in total event yield for pdf_binpass_HIGH_obsOnly, expected yield = 0 (observed: 0)
CachingNLL.cc[715] : (in function: evaluate) - underflow (expected events <=0) in total event yield for pdf_binfail_HIGH_obsOnly, expected yield = 0 (observed: 0)
CachingNLL.cc[715] : (in function: evaluate) - underflow (expected events <=0) in total event yield for pdf_binpass_HIGH_obsOnly, expected yield = 0 (observed: 0)
CachingNLL.cc[715] : (in function: evaluate) - underflow (expected events <=0) in total event yield for pdf_binfail_HIGH_obsOnly, expected yield = 0 (observed: 0)
CachingNLL.cc[715] : (in function: evaluate) - underflow (expected events <=0) in total event yield for pdf_binpass_HIGH_obsOnly, expected yield = 0 (observed: 0)
CachingNLL.cc[715] : (in function: evaluate) - underflow (expected events <=0) in total event yield for pdf_binfail_HIGH_obsOnly, expected yield = 0 (observed: 0)
CachingNLL.cc[715] : (in function: evaluate) - underflow (expected events <=0) in total event yield for pdf_binpass_HIGH_obsOnly, expected yield = 0 (observed: 0)
CachingNLL.cc[715] : (in function: evaluate) - underflow (expected events <=0) in total event yield for pdf_binfail_HIGH_obsOnly, expected yield = 0 (observed: 0)
CachingNLL.cc[715] : (in function: evaluate) - underflow (expected events <=0) in total event yield for pdf_binpass_HIGH_obsOnly, expected yield = 0 (observed: 0)
CachingNLL.cc[715] : (in function: evaluate) - underflow (expected events <=0) in total event yield for pdf_binfail_HIGH_obsOnly, expected yield = 0 (observed: 0)
CachingNLL.cc[715] : (in function: evaluate) - underflow (expected events <=0) in total event yield for pdf_binpass_HIGH_obsOnly, expected yield = 0 (observed: 0)
CachingNLL.cc[715] : (in function: evaluate) - underflow (expected events <=0) in total event yield for pdf_binfail_HIGH_obsOnly, expected yield = 0 (observed: 0)
CachingNLL.cc[715] : (in function: evaluate) - underflow (expected events <=0) in total event yield for pdf_binpass_HIGH_obsOnly, expected yield = 0 (observed: 0)
CachingNLL.cc[715] : (in function: evaluate) - underflow (expected events <=0) in total event yield for pdf_binfail_HIGH_obsOnly, expected yield = 0 (observed: 0)
CachingNLL.cc[715] : (in function: evaluate) - underflow (expected events <=0) in total event yield for pdf_binpass_HIGH_obsOnly, expected yield = 0 (observed: 0)
CachingNLL.cc[715] : (in function: evaluate) - underflow (expected events <=0) in total event yield for pdf_binfail_HIGH_obsOnly, expected yield = 0 (observed: 0)
CachingNLL.cc[715] : (in function: evaluate) - underflow (expected events <=0) in total event yield for pdf_binpass_HIGH_obsOnly, expected yield = 0 (observed: 0)
CachingNLL.cc[715] : (in function: evaluate) - underflow (expected events <=0) in total event yield for pdf_binfail_HIGH_obsOnly, expected yield = 0 (observed: 0)
CachingNLL.cc[715] : (in function: evaluate) - underflow (expected events <=0) in total event yield for pdf_binpass_HIGH_obsOnly, expected yield = 0 (observed: 0)
CachingNLL.cc[715] : (in function: evaluate) - underflow (expected events <=0) in total event yield for pdf_binfail_HIGH_obsOnly, expected yield = 0 (observed: 0)
CachingNLL.cc[715] : (in function: evaluate) - underflow (expected events <=0) in total event yield for pdf_binpass_HIGH_obsOnly, expected yield = 0 (observed: 0)
CachingNLL.cc[715] : (in function: evaluate) - underflow (expected events <=0) in total event yield for pdf_binfail_HIGH_obsOnly, expected yield = 0 (observed: 0)
CachingNLL.cc[715] : (in function: evaluate) - underflow (expected events <=0) in total event yield for pdf_binpass_HIGH_obsOnly, expected yield = 0 (observed: 0)
CachingNLL.cc[715] : (in function: evaluate) - underflow (expected events <=0) in total event yield for pdf_binfail_HIGH_obsOnly, expected yield = 0 (observed: 0)
CachingNLL.cc[715] : (in function: evaluate) - underflow (expected events <=0) in total event yield for pdf_binpass_HIGH_obsOnly, expected yield = 0 (observed: 0)
CachingNLL.cc[715] : (in function: evaluate) - underflow (expected events <=0) in total event yield for pdf_binfail_HIGH_obsOnly, expected yield = 0 (observed: 0)
CachingNLL.cc[715] : (in function: evaluate) - underflow (expected events <=0) in total event yield for pdf_binpass_HIGH_obsOnly, expected yield = 0 (observed: 0)
CachingNLL.cc[715] : (in function: evaluate) - underflow (expected events <=0) in total event yield for pdf_binfail_HIGH_obsOnly, expected yield = 0 (observed: 0)
CachingNLL.cc[715] : (in function: evaluate) - underflow (expected events <=0) in total event yield for pdf_binpass_HIGH_obsOnly, expected yield = 0 (observed: 0)
CachingNLL.cc[715] : (in function: evaluate) - underflow (expected events <=0) in total event yield for pdf_binfail_HIGH_obsOnly, expected yield = 0 (observed: 0)
CachingNLL.cc[715] : (in function: evaluate) - underflow (expected events <=0) in total event yield for pdf_binpass_HIGH_obsOnly, expected yield = 0 (observed: 0)
CachingNLL.cc[715] : (in function: evaluate) - underflow (expected events <=0) in total event yield for pdf_binfail_HIGH_obsOnly, expected yield = 0 (observed: 0)
CachingNLL.cc[715] : (in function: evaluate) - underflow (expected events <=0) in total event yield for pdf_binpass_HIGH_obsOnly, expected yield = 0 (observed: 0)
CachingNLL.cc[715] : (in function: evaluate) - underflow (expected events <=0) in total event yield for pdf_binfail_HIGH_obsOnly, expected yield = 0 (observed: 0)
CachingNLL.cc[715] : (in function: evaluate) - underflow (expected events <=0) in total event yield for pdf_binpass_HIGH_obsOnly, expected yield = 0 (observed: 0)
CachingNLL.cc[715] : (in function: evaluate) - underflow (expected events <=0) in total event yield for pdf_binfail_HIGH_obsOnly, expected yield = 0 (observed: 0)
CachingNLL.cc[715] : (in function: evaluate) - underflow (expected events <=0) in total event yield for pdf_binpass_HIGH_obsOnly, expected yield = 0 (observed: 0)
CachingNLL.cc[715] : (in function: evaluate) - underflow (expected events <=0) in total event yield for pdf_binfail_HIGH_obsOnly, expected yield = 0 (observed: 0)
CachingNLL.cc[715] : (in function: evaluate) - underflow (expected events <=0) in total event yield for pdf_binpass_HIGH_obsOnly, expected yield = 0 (observed: 0)
CachingNLL.cc[715] : (in function: evaluate) - underflow (expected events <=0) in total event yield for pdf_binfail_HIGH_obsOnly, expected yield = 0 (observed: 0)
CachingNLL.cc[715] : (in function: evaluate) - underflow (expected events <=0) in total event yield for pdf_binpass_HIGH_obsOnly, expected yield = 0 (observed: 0)
CachingNLL.cc[715] : (in function: evaluate) - underflow (expected events <=0) in total event yield for pdf_binfail_HIGH_obsOnly, expected yield = 0 (observed: 0)
CachingNLL.cc[715] : (in function: evaluate) - underflow (expected events <=0) in total event yield for pdf_binpass_HIGH_obsOnly, expected yield = 0 (observed: 0)
CachingNLL.cc[715] : (in function: evaluate) - underflow (expected events <=0) in total event yield for pdf_binfail_HIGH_obsOnly, expected yield = 0 (observed: 0)
CachingNLL.cc[715] : (in function: evaluate) - underflow (expected events <=0) in total event yield for pdf_binpass_HIGH_obsOnly, expected yield = 0 (observed: 0)
CachingNLL.cc[715] : (in function: evaluate) - underflow (expected events <=0) in total event yield for pdf_binfail_HIGH_obsOnly, expected yield = 0 (observed: 0)
CachingNLL.cc[715] : (in function: evaluate) - underflow (expected events <=0) in total event yield for pdf_binpass_HIGH_obsOnly, expected yield = 0 (observed: 0)
CachingNLL.cc[715] : (in function: evaluate) - underflow (expected events <=0) in total event yield for pdf_binfail_HIGH_obsOnly, expected yield = 0 (observed: 0)
CachingNLL.cc[715] : (in function: evaluate) - underflow (expected events <=0) in total event yield for pdf_binpass_HIGH_obsOnly, expected yield = 0 (observed: 0)
CachingNLL.cc[715] : (in function: evaluate) - underflow (expected events <=0) in total event yield for pdf_binfail_HIGH_obsOnly, expected yield = 0 (observed: 0)
CachingNLL.cc[715] : (in function: evaluate) - underflow (expected events <=0) in total event yield for pdf_binpass_HIGH_obsOnly, expected yield = 0 (observed: 0)
CachingNLL.cc[715] : (in function: evaluate) - underflow (expected events <=0) in total event yield for pdf_binfail_HIGH_obsOnly, expected yield = 0 (observed: 0)
CachingNLL.cc[715] : (in function: evaluate) - underflow (expected events <=0) in total event yield for pdf_binpass_HIGH_obsOnly, expected yield = 0 (observed: 0)
CachingNLL.cc[715] : (in function: evaluate) - underflow (expected events <=0) in total event yield for pdf_binfail_HIGH_obsOnly, expected yield = 0 (observed: 0)
CachingNLL.cc[715] : (in function: evaluate) - underflow (expected events <=0) in total event yield for pdf_binpass_HIGH_obsOnly, expected yield = 0 (observed: 0)
CachingNLL.cc[715] : (in function: evaluate) - underflow (expected events <=0) in total event yield for pdf_binfail_HIGH_obsOnly, expected yield = 0 (observed: 0)
CachingNLL.cc[715] : (in function: evaluate) - underflow (expected events <=0) in total event yield for pdf_binpass_HIGH_obsOnly, expected yield = 0 (observed: 0)
CachingNLL.cc[715] : (in function: evaluate) - underflow (expected events <=0) in total event yield for pdf_binfail_HIGH_obsOnly, expected yield = 0 (observed: 0)
CachingNLL.cc[715] : (in function: evaluate) - underflow (expected events <=0) in total event yield for pdf_binpass_HIGH_obsOnly, expected yield = 0 (observed: 0)
CachingNLL.cc[715] : (in function: evaluate) - underflow (expected events <=0) in total event yield for pdf_binfail_HIGH_obsOnly, expected yield = 0 (observed: 0)
CachingNLL.cc[715] : (in function: evaluate) - underflow (expected events <=0) in total event yield for pdf_binpass_HIGH_obsOnly, expected yield = 0 (observed: 0)
CachingNLL.cc[715] : (in function: evaluate) - underflow (expected events <=0) in total event yield for pdf_binfail_HIGH_obsOnly, expected yield = 0 (observed: 0)
CachingNLL.cc[715] : (in function: evaluate) - underflow (expected events <=0) in total event yield for pdf_binpass_HIGH_obsOnly, expected yield = 0 (observed: 0)
CachingNLL.cc[715] : (in function: evaluate) - underflow (expected events <=0) in total event yield for pdf_binfail_HIGH_obsOnly, expected yield = 0 (observed: 0)
CachingNLL.cc[715] : (in function: evaluate) - underflow (expected events <=0) in total event yield for pdf_binpass_HIGH_obsOnly, expected yield = 0 (observed: 0)
CachingNLL.cc[715] : (in function: evaluate) - underflow (expected events <=0) in total event yield for pdf_binfail_HIGH_obsOnly, expected yield = 0 (observed: 0)
CachingNLL.cc[715] : (in function: evaluate) - underflow (expected events <=0) in total event yield for pdf_binpass_HIGH_obsOnly, expected yield = 0 (observed: 0)
CachingNLL.cc[715] : (in function: evaluate) - underflow (expected events <=0) in total event yield for pdf_binfail_HIGH_obsOnly, expected yield = 0 (observed: 0)
CachingNLL.cc[715] : (in function: evaluate) - underflow (expected events <=0) in total event yield for pdf_binpass_HIGH_obsOnly, expected yield = 0 (observed: 0)
CachingNLL.cc[715] : (in function: evaluate) - underflow (expected events <=0) in total event yield for pdf_binfail_HIGH_obsOnly, expected yield = 0 (observed: 0)
CachingNLL.cc[715] : (in function: evaluate) - underflow (expected events <=0) in total event yield for pdf_binpass_HIGH_obsOnly, expected yield = 0 (observed: 0)
CachingNLL.cc[715] : (in function: evaluate) - underflow (expected events <=0) in total event yield for pdf_binfail_HIGH_obsOnly, expected yield = 0 (observed: 0)
CachingNLL.cc[715] : (in function: evaluate) - underflow (expected events <=0) in total event yield for pdf_binpass_HIGH_obsOnly, expected yield = 0 (observed: 0)
CachingNLL.cc[715] : (in function: evaluate) - underflow (expected events <=0) in total event yield for pdf_binfail_HIGH_obsOnly, expected yield = 0 (observed: 0)
CachingNLL.cc[715] : (in function: evaluate) - underflow (expected events <=0) in total event yield for pdf_binpass_HIGH_obsOnly, expected yield = 0 (observed: 0)
CachingNLL.cc[715] : (in function: evaluate) - underflow (expected events <=0) in total event yield for pdf_binfail_HIGH_obsOnly, expected yield = 0 (observed: 0)
CachingNLL.cc[715] : (in function: evaluate) - underflow (expected events <=0) in total event yield for pdf_binpass_HIGH_obsOnly, expected yield = 0 (observed: 0)
CachingNLL.cc[715] : (in function: evaluate) - underflow (expected events <=0) in total event yield for pdf_binfail_HIGH_obsOnly, expected yield = 0 (observed: 0)
CachingNLL.cc[715] : (in function: evaluate) - underflow (expected events <=0) in total event yield for pdf_binpass_HIGH_obsOnly, expected yield = 0 (observed: 0)
CachingNLL.cc[715] : (in function: evaluate) - underflow (expected events <=0) in total event yield for pdf_binfail_HIGH_obsOnly, expected yield = 0 (observed: 0)
CachingNLL.cc[715] : (in function: evaluate) - underflow (expected events <=0) in total event yield for pdf_binpass_HIGH_obsOnly, expected yield = 0 (observed: 0)
CachingNLL.cc[715] : (in function: evaluate) - underflow (expected events <=0) in total event yield for pdf_binfail_HIGH_obsOnly, expected yield = 0 (observed: 0)
CachingNLL.cc[715] : (in function: evaluate) - underflow (expected events <=0) in total event yield for pdf_binpass_HIGH_obsOnly, expected yield = 0 (observed: 0)
CachingNLL.cc[715] : (in function: evaluate) - underflow (expected events <=0) in total event yield for pdf_binfail_HIGH_obsOnly, expected yield = 0 (observed: 0)
CachingNLL.cc[715] : (in function: evaluate) - underflow (expected events <=0) in total event yield for pdf_binpass_HIGH_obsOnly, expected yield = 0 (observed: 0)
CachingNLL.cc[715] : (in function: evaluate) - underflow (expected events <=0) in total event yield for pdf_binfail_HIGH_obsOnly, expected yield = 0 (observed: 0)
CachingNLL.cc[715] : (in function: evaluate) - underflow (expected events <=0) in total event yield for pdf_binpass_HIGH_obsOnly, expected yield = 0 (observed: 0)
CachingNLL.cc[715] : (in function: evaluate) - underflow (expected events <=0) in total event yield for pdf_binfail_HIGH_obsOnly, expected yield = 0 (observed: 0)
CachingNLL.cc[715] : (in function: evaluate) - underflow (expected events <=0) in total event yield for pdf_binpass_HIGH_obsOnly, expected yield = 0 (observed: 0)
CachingNLL.cc[715] : (in function: evaluate) - underflow (expected events <=0) in total event yield for pdf_binfail_HIGH_obsOnly, expected yield = 0 (observed: 0)
CachingNLL.cc[715] : (in function: evaluate) - underflow (expected events <=0) in total event yield for pdf_binpass_HIGH_obsOnly, expected yield = 0 (observed: 0)
CachingNLL.cc[715] : (in function: evaluate) - underflow (expected events <=0) in total event yield for pdf_binfail_HIGH_obsOnly, expected yield = 0 (observed: 0)
CachingNLL.cc[715] : (in function: evaluate) - underflow (expected events <=0) in total event yield for pdf_binpass_HIGH_obsOnly, expected yield = 0 (observed: 0)
CachingNLL.cc[715] : (in function: evaluate) - underflow (expected events <=0) in total event yield for pdf_binfail_HIGH_obsOnly, expected yield = 0 (observed: 0)
CachingNLL.cc[715] : (in function: evaluate) - underflow (expected events <=0) in total event yield for pdf_binpass_HIGH_obsOnly, expected yield = 0 (observed: 0)
CachingNLL.cc[715] : (in function: evaluate) - underflow (expected events <=0) in total event yield for pdf_binfail_HIGH_obsOnly, expected yield = 0 (observed: 0)
CachingNLL.cc[715] : (in function: evaluate) - underflow (expected events <=0) in total event yield for pdf_binpass_HIGH_obsOnly, expected yield = 0 (observed: 0)
CachingNLL.cc[715] : (in function: evaluate) - underflow (expected events <=0) in total event yield for pdf_binfail_HIGH_obsOnly, expected yield = 0 (observed: 0)
CachingNLL.cc[715] : (in function: evaluate) - underflow (expected events <=0) in total event yield for pdf_binpass_HIGH_obsOnly, expected yield = 0 (observed: 0)
CachingNLL.cc[715] : (in function: evaluate) - underflow (expected events <=0) in total event yield for pdf_binfail_HIGH_obsOnly, expected yield = 0 (observed: 0)
CachingNLL.cc[715] : (in function: evaluate) - underflow (expected events <=0) in total event yield for pdf_binpass_HIGH_obsOnly, expected yield = 0 (observed: 0)
CachingNLL.cc[715] : (in function: evaluate) - underflow (expected events <=0) in total event yield for pdf_binfail_HIGH_obsOnly, expected yield = 0 (observed: 0)
CachingNLL.cc[715] : (in function: evaluate) - underflow (expected events <=0) in total event yield for pdf_binpass_HIGH_obsOnly, expected yield = 0 (observed: 0)
CachingNLL.cc[715] : (in function: evaluate) - underflow (expected events <=0) in total event yield for pdf_binpass_HIGH_obsOnly, expected yield = 0 (observed: 0)
CachingNLL.cc[715] : (in function: evaluate) - underflow (expected events <=0) in total event yield for pdf_binpass_HIGH_obsOnly, expected yield = 0 (observed: 0)
CachingNLL.cc[715] : (in function: evaluate) - underflow (expected events <=0) in total event yield for pdf_binpass_HIGH_obsOnly, expected yield = 0 (observed: 0)
CachingNLL.cc[715] : (in function: evaluate) - underflow (expected events <=0) in total event yield for pdf_binpass_HIGH_obsOnly, expected yield = 0 (observed: 0)
CachingNLL.cc[715] : (in function: evaluate) - underflow (expected events <=0) in total event yield for pdf_binpass_HIGH_obsOnly, expected yield = 0 (observed: 0)
CachingNLL.cc[715] : (in function: evaluate) - underflow (expected events <=0) in total event yield for pdf_binpass_HIGH_obsOnly, expected yield = 0 (observed: 0)
CachingNLL.cc[715] : (in function: evaluate) - underflow (expected events <=0) in total event yield for pdf_binpass_HIGH_obsOnly, expected yield = 0 (observed: 0)
CachingNLL.cc[715] : (in function: evaluate) - underflow (expected events <=0) in total event yield for pdf_binpass_HIGH_obsOnly, expected yield = 0 (observed: 0)
CachingNLL.cc[715] : (in function: evaluate) - underflow (expected events <=0) in total event yield for pdf_binpass_HIGH_obsOnly, expected yield = 0 (observed: 0)
CachingNLL.cc[715] : (in function: evaluate) - underflow (expected events <=0) in total event yield for pdf_binpass_HIGH_obsOnly, expected yield = 0 (observed: 0)
CachingNLL.cc[715] : (in function: evaluate) - underflow (expected events <=0) in total event yield for pdf_binpass_HIGH_obsOnly, expected yield = 0 (observed: 0)
CachingNLL.cc[715] : (in function: evaluate) - underflow (expected events <=0) in total event yield for pdf_binpass_HIGH_obsOnly, expected yield = 0 (observed: 0)
CachingNLL.cc[715] : (in function: evaluate) - underflow (expected events <=0) in total event yield for pdf_binpass_HIGH_obsOnly, expected yield = 0 (observed: 0)
CachingNLL.cc[715] : (in function: evaluate) - underflow (expected events <=0) in total event yield for pdf_binpass_HIGH_obsOnly, expected yield = 0 (observed: 0)
CachingNLL.cc[715] : (in function: evaluate) - underflow (expected events <=0) in total event yield for pdf_binpass_HIGH_obsOnly, expected yield = 0 (observed: 0)
CachingNLL.cc[715] : (in function: evaluate) - underflow (expected events <=0) in total event yield for pdf_binpass_HIGH_obsOnly, expected yield = 0 (observed: 0)
CachingNLL.cc[715] : (in function: evaluate) - underflow (expected events <=0) in total event yield for pdf_binpass_HIGH_obsOnly, expected yield = 0 (observed: 0)
CachingNLL.cc[715] : (in function: evaluate) - underflow (expected events <=0) in total event yield for pdf_binpass_HIGH_obsOnly, expected yield = 0 (observed: 0)
CachingNLL.cc[715] : (in function: evaluate) - underflow (expected events <=0) in total event yield for pdf_binpass_HIGH_obsOnly, expected yield = 0 (observed: 0)
CachingNLL.cc[715] : (in function: evaluate) - underflow (expected events <=0) in total event yield for pdf_binpass_HIGH_obsOnly, expected yield = 0 (observed: 0)
CachingNLL.cc[715] : (in function: evaluate) - underflow (expected events <=0) in total event yield for pdf_binpass_HIGH_obsOnly, expected yield = 0 (observed: 0)
CachingNLL.cc[715] : (in function: evaluate) - underflow (expected events <=0) in total event yield for pdf_binpass_HIGH_obsOnly, expected yield = 0 (observed: 0)
CachingNLL.cc[715] : (in function: evaluate) - underflow (expected events <=0) in total event yield for pdf_binpass_HIGH_obsOnly, expected yield = 0 (observed: 0)
CachingNLL.cc[715] : (in function: evaluate) - underflow (expected events <=0) in total event yield for pdf_binpass_HIGH_obsOnly, expected yield = 0 (observed: 0)
CachingNLL.cc[715] : (in function: evaluate) - underflow (expected events <=0) in total event yield for pdf_binpass_HIGH_obsOnly, expected yield = 0 (observed: 0)
CachingNLL.cc[715] : (in function: evaluate) - underflow (expected events <=0) in total event yield for pdf_binpass_HIGH_obsOnly, expected yield = 0 (observed: 0)
CachingNLL.cc[715] : (in function: evaluate) - underflow (expected events <=0) in total event yield for pdf_binpass_HIGH_obsOnly, expected yield = 0 (observed: 0)
CachingNLL.cc[715] : (in function: evaluate) - underflow (expected events <=0) in total event yield for pdf_binpass_HIGH_obsOnly, expected yield = 0 (observed: 0)
CachingNLL.cc[715] : (in function: evaluate) - underflow (expected events <=0) in total event yield for pdf_binpass_HIGH_obsOnly, expected yield = 0 (observed: 0)
CachingNLL.cc[715] : (in function: evaluate) - underflow (expected events <=0) in total event yield for pdf_binpass_HIGH_obsOnly, expected yield = 0 (observed: 0)
CachingNLL.cc[715] : (in function: evaluate) - underflow (expected events <=0) in total event yield for pdf_binpass_HIGH_obsOnly, expected yield = 0 (observed: 0)
CachingNLL.cc[715] : (in function: evaluate) - underflow (expected events <=0) in total event yield for pdf_binpass_HIGH_obsOnly, expected yield = 0 (observed: 0)
CachingNLL.cc[715] : (in function: evaluate) - underflow (expected events <=0) in total event yield for pdf_binpass_HIGH_obsOnly, expected yield = 0 (observed: 0)
CachingNLL.cc[715] : (in function: evaluate) - underflow (expected events <=0) in total event yield for pdf_binpass_HIGH_obsOnly, expected yield = 0 (observed: 0)
CachingNLL.cc[715] : (in function: evaluate) - underflow (expected events <=0) in total event yield for pdf_binpass_HIGH_obsOnly, expected yield = 0 (observed: 0)
CachingNLL.cc[715] : (in function: evaluate) - underflow (expected events <=0) in total event yield for pdf_binpass_HIGH_obsOnly, expected yield = 0 (observed: 0)
CachingNLL.cc[715] : (in function: evaluate) - underflow (expected events <=0) in total event yield for pdf_binpass_HIGH_obsOnly, expected yield = 0 (observed: 0)
CachingNLL.cc[715] : (in function: evaluate) - underflow (expected events <=0) in total event yield for pdf_binpass_HIGH_obsOnly, expected yield = 0 (observed: 0)
CachingNLL.cc[715] : (in function: evaluate) - underflow (expected events <=0) in total event yield for pdf_binpass_HIGH_obsOnly, expected yield = 0 (observed: 0)
CachingNLL.cc[715] : (in function: evaluate) - underflow (expected events <=0) in total event yield for pdf_binpass_HIGH_obsOnly, expected yield = 0 (observed: 0)
CachingNLL.cc[715] : (in function: evaluate) - underflow (expected events <=0) in total event yield for pdf_binpass_HIGH_obsOnly, expected yield = 0 (observed: 0)
CachingNLL.cc[715] : (in function: evaluate) - underflow (expected events <=0) in total event yield for pdf_binpass_HIGH_obsOnly, expected yield = 0 (observed: 0)
CachingNLL.cc[715] : (in function: evaluate) - underflow (expected events <=0) in total event yield for pdf_binpass_HIGH_obsOnly, expected yield = 0 (observed: 0)
CachingNLL.cc[715] : (in function: evaluate) - underflow (expected events <=0) in total event yield for pdf_binpass_HIGH_obsOnly, expected yield = 0 (observed: 0)
CachingNLL.cc[715] : (in function: evaluate) - underflow (expected events <=0) in total event yield for pdf_binpass_HIGH_obsOnly, expected yield = 0 (observed: 0)
CachingNLL.cc[715] : (in function: evaluate) - underflow (expected events <=0) in total event yield for pdf_binpass_HIGH_obsOnly, expected yield = 0 (observed: 0)
CachingNLL.cc[715] : (in function: evaluate) - underflow (expected events <=0) in total event yield for pdf_binpass_HIGH_obsOnly, expected yield = 0 (observed: 0)
CachingNLL.cc[715] : (in function: evaluate) - underflow (expected events <=0) in total event yield for pdf_binpass_HIGH_obsOnly, expected yield = 0 (observed: 0)
CachingNLL.cc[715] : (in function: evaluate) - underflow (expected events <=0) in total event yield for pdf_binpass_HIGH_obsOnly, expected yield = 0 (observed: 0)
CachingNLL.cc[715] : (in function: evaluate) - underflow (expected events <=0) in total event yield for pdf_binpass_HIGH_obsOnly, expected yield = 0 (observed: 0)
CachingNLL.cc[715] : (in function: evaluate) - underflow (expected events <=0) in total event yield for pdf_binpass_HIGH_obsOnly, expected yield = 0 (observed: 0)
CachingNLL.cc[715] : (in function: evaluate) - underflow (expected events <=0) in total event yield for pdf_binpass_HIGH_obsOnly, expected yield = 0 (observed: 0)
CachingNLL.cc[715] : (in function: evaluate) - underflow (expected events <=0) in total event yield for pdf_binfail_HIGH_obsOnly, expected yield = 0 (observed: 0)
CachingNLL.cc[715] : (in function: evaluate) - underflow (expected events <=0) in total event yield for pdf_binpass_HIGH_obsOnly, expected yield = 0 (observed: 0)
CachingNLL.cc[715] : (in function: evaluate) - underflow (expected events <=0) in total event yield for pdf_binfail_HIGH_obsOnly, expected yield = 0 (observed: 0)
CachingNLL.cc[715] : (in function: evaluate) - underflow (expected events <=0) in total event yield for pdf_binpass_HIGH_obsOnly, expected yield = 0 (observed: 0)
CachingNLL.cc[715] : (in function: evaluate) - underflow (expected events <=0) in total event yield for pdf_binfail_HIGH_obsOnly, expected yield = 0 (observed: 0)
CachingNLL.cc[715] : (in function: evaluate) - underflow (expected events <=0) in total event yield for pdf_binpass_HIGH_obsOnly, expected yield = 0 (observed: 0)
CachingNLL.cc[715] : (in function: evaluate) - underflow (expected events <=0) in total event yield for pdf_binfail_HIGH_obsOnly, expected yield = 0 (observed: 0)
CachingNLL.cc[715] : (in function: evaluate) - underflow (expected events <=0) in total event yield for pdf_binpass_HIGH_obsOnly, expected yield = 0 (observed: 0)
CachingNLL.cc[715] : (in function: evaluate) - underflow (expected events <=0) in total event yield for pdf_binfail_HIGH_obsOnly, expected yield = 0 (observed: 0)
CachingNLL.cc[715] : (in function: evaluate) - underflow (expected events <=0) in total event yield for pdf_binpass_HIGH_obsOnly, expected yield = 0 (observed: 0)
CachingNLL.cc[715] : (in function: evaluate) - underflow (expected events <=0) in total event yield for pdf_binfail_HIGH_obsOnly, expected yield = 0 (observed: 0)
CachingNLL.cc[715] : (in function: evaluate) - underflow (expected events <=0) in total event yield for pdf_binpass_HIGH_obsOnly, expected yield = 0 (observed: 0)
CachingNLL.cc[715] : (in function: evaluate) - underflow (expected events <=0) in total event yield for pdf_binfail_HIGH_obsOnly, expected yield = 0 (observed: 0)
CachingNLL.cc[715] : (in function: evaluate) - underflow (expected events <=0) in total event yield for pdf_binpass_HIGH_obsOnly, expected yield = 0 (observed: 0)
CachingNLL.cc[715] : (in function: evaluate) - underflow (expected events <=0) in total event yield for pdf_binfail_HIGH_obsOnly, expected yield = 0 (observed: 0)
CachingNLL.cc[715] : (in function: evaluate) - underflow (expected events <=0) in total event yield for pdf_binpass_HIGH_obsOnly, expected yield = 0 (observed: 0)
CachingNLL.cc[715] : (in function: evaluate) - underflow (expected events <=0) in total event yield for pdf_binfail_HIGH_obsOnly, expected yield = 0 (observed: 0)
CachingNLL.cc[715] : (in function: evaluate) - underflow (expected events <=0) in total event yield for pdf_binpass_HIGH_obsOnly, expected yield = 0 (observed: 0)
CachingNLL.cc[715] : (in function: evaluate) - underflow (expected events <=0) in total event yield for pdf_binfail_HIGH_obsOnly, expected yield = 0 (observed: 0)
CachingNLL.cc[715] : (in function: evaluate) - underflow (expected events <=0) in total event yield for pdf_binpass_HIGH_obsOnly, expected yield = 0 (observed: 0)
CachingNLL.cc[715] : (in function: evaluate) - underflow (expected events <=0) in total event yield for pdf_binfail_HIGH_obsOnly, expected yield = 0 (observed: 0)
CachingNLL.cc[715] : (in function: evaluate) - underflow (expected events <=0) in total event yield for pdf_binpass_HIGH_obsOnly, expected yield = 0 (observed: 0)
CachingNLL.cc[715] : (in function: evaluate) - underflow (expected events <=0) in total event yield for pdf_binfail_HIGH_obsOnly, expected yield = 0 (observed: 0)
CachingNLL.cc[715] : (in function: evaluate) - underflow (expected events <=0) in total event yield for pdf_binpass_HIGH_obsOnly, expected yield = 0 (observed: 0)
CachingNLL.cc[715] : (in function: evaluate) - underflow (expected events <=0) in total event yield for pdf_binfail_HIGH_obsOnly, expected yield = 0 (observed: 0)
CachingNLL.cc[715] : (in function: evaluate) - underflow (expected events <=0) in total event yield for pdf_binpass_HIGH_obsOnly, expected yield = 0 (observed: 0)
CachingNLL.cc[715] : (in function: evaluate) - underflow (expected events <=0) in total event yield for pdf_binfail_HIGH_obsOnly, expected yield = 0 (observed: 0)
CachingNLL.cc[715] : (in function: evaluate) - underflow (expected events <=0) in total event yield for pdf_binpass_HIGH_obsOnly, expected yield = 0 (observed: 0)
CachingNLL.cc[715] : (in function: evaluate) - underflow (expected events <=0) in total event yield for pdf_binfail_HIGH_obsOnly, expected yield = 0 (observed: 0)
CachingNLL.cc[715] : (in function: evaluate) - underflow (expected events <=0) in total event yield for pdf_binpass_HIGH_obsOnly, expected yield = 0 (observed: 0)
CachingNLL.cc[715] : (in function: evaluate) - underflow (expected events <=0) in total event yield for pdf_binfail_HIGH_obsOnly, expected yield = 0 (observed: 0)
CachingNLL.cc[715] : (in function: evaluate) - underflow (expected events <=0) in total event yield for pdf_binpass_HIGH_obsOnly, expected yield = 0 (observed: 0)
CachingNLL.cc[715] : (in function: evaluate) - underflow (expected events <=0) in total event yield for pdf_binfail_HIGH_obsOnly, expected yield = 0 (observed: 0)
CachingNLL.cc[715] : (in function: evaluate) - underflow (expected events <=0) in total event yield for pdf_binpass_HIGH_obsOnly, expected yield = 0 (observed: 0)
CachingNLL.cc[715] : (in function: evaluate) - underflow (expected events <=0) in total event yield for pdf_binfail_HIGH_obsOnly, expected yield = 0 (observed: 0)
CachingNLL.cc[715] : (in function: evaluate) - underflow (expected events <=0) in total event yield for pdf_binpass_HIGH_obsOnly, expected yield = 0 (observed: 0)
CachingNLL.cc[715] : (in function: evaluate) - underflow (expected events <=0) in total event yield for pdf_binfail_HIGH_obsOnly, expected yield = 0 (observed: 0)
CachingNLL.cc[715] : (in function: evaluate) - underflow (expected events <=0) in total event yield for pdf_binpass_HIGH_obsOnly, expected yield = 0 (observed: 0)
CachingNLL.cc[715] : (in function: evaluate) - underflow (expected events <=0) in total event yield for pdf_binfail_HIGH_obsOnly, expected yield = 0 (observed: 0)
CachingNLL.cc[715] : (in function: evaluate) - underflow (expected events <=0) in total event yield for pdf_binpass_HIGH_obsOnly, expected yield = 0 (observed: 0)
CachingNLL.cc[715] : (in function: evaluate) - underflow (expected events <=0) in total event yield for pdf_binfail_HIGH_obsOnly, expected yield = 0 (observed: 0)
CachingNLL.cc[715] : (in function: evaluate) - underflow (expected events <=0) in total event yield for pdf_binpass_HIGH_obsOnly, expected yield = 0 (observed: 0)
CachingNLL.cc[715] : (in function: evaluate) - underflow (expected events <=0) in total event yield for pdf_binfail_HIGH_obsOnly, expected yield = 0 (observed: 0)
CachingNLL.cc[715] : (in function: evaluate) - underflow (expected events <=0) in total event yield for pdf_binpass_HIGH_obsOnly, expected yield = 0 (observed: 0)
CachingNLL.cc[715] : (in function: evaluate) - underflow (expected events <=0) in total event yield for pdf_binfail_HIGH_obsOnly, expected yield = 0 (observed: 0)
CachingNLL.cc[715] : (in function: evaluate) - underflow (expected events <=0) in total event yield for pdf_binpass_HIGH_obsOnly, expected yield = 0 (observed: 0)
CachingNLL.cc[715] : (in function: evaluate) - underflow (expected events <=0) in total event yield for pdf_binfail_HIGH_obsOnly, expected yield = 0 (observed: 0)
CachingNLL.cc[715] : (in function: evaluate) - underflow (expected events <=0) in total event yield for pdf_binpass_HIGH_obsOnly, expected yield = 0 (observed: 0)
CachingNLL.cc[715] : (in function: evaluate) - underflow (expected events <=0) in total event yield for pdf_binfail_HIGH_obsOnly, expected yield = 0 (observed: 0)
CachingNLL.cc[715] : (in function: evaluate) - underflow (expected events <=0) in total event yield for pdf_binpass_HIGH_obsOnly, expected yield = 0 (observed: 0)
CachingNLL.cc[715] : (in function: evaluate) - underflow (expected events <=0) in total event yield for pdf_binfail_HIGH_obsOnly, expected yield = 0 (observed: 0)
CachingNLL.cc[715] : (in function: evaluate) - underflow (expected events <=0) in total event yield for pdf_binpass_HIGH_obsOnly, expected yield = 0 (observed: 0)
CachingNLL.cc[715] : (in function: evaluate) - underflow (expected events <=0) in total event yield for pdf_binfail_HIGH_obsOnly, expected yield = 0 (observed: 0)
CachingNLL.cc[715] : (in function: evaluate) - underflow (expected events <=0) in total event yield for pdf_binpass_HIGH_obsOnly, expected yield = 0 (observed: 0)
CachingNLL.cc[715] : (in function: evaluate) - underflow (expected events <=0) in total event yield for pdf_binfail_HIGH_obsOnly, expected yield = 0 (observed: 0)
CachingNLL.cc[715] : (in function: evaluate) - underflow (expected events <=0) in total event yield for pdf_binpass_HIGH_obsOnly, expected yield = 0 (observed: 0)
CachingNLL.cc[715] : (in function: evaluate) - underflow (expected events <=0) in total event yield for pdf_binfail_HIGH_obsOnly, expected yield = 0 (observed: 0)
CachingNLL.cc[715] : (in function: evaluate) - underflow (expected events <=0) in total event yield for pdf_binpass_HIGH_obsOnly, expected yield = 0 (observed: 0)
CachingNLL.cc[715] : (in function: evaluate) - underflow (expected events <=0) in total event yield for pdf_binfail_HIGH_obsOnly, expected yield = 0 (observed: 0)
CachingNLL.cc[715] : (in function: evaluate) - underflow (expected events <=0) in total event yield for pdf_binpass_HIGH_obsOnly, expected yield = 0 (observed: 0)
CachingNLL.cc[715] : (in function: evaluate) - underflow (expected events <=0) in total event yield for pdf_binfail_HIGH_obsOnly, expected yield = 0 (observed: 0)
CachingNLL.cc[715] : (in function: evaluate) - underflow (expected events <=0) in total event yield for pdf_binpass_HIGH_obsOnly, expected yield = 0 (observed: 0)
CachingNLL.cc[715] : (in function: evaluate) - underflow (expected events <=0) in total event yield for pdf_binfail_HIGH_obsOnly, expected yield = 0 (observed: 0)
CachingNLL.cc[715] : (in function: evaluate) - underflow (expected events <=0) in total event yield for pdf_binpass_HIGH_obsOnly, expected yield = 0 (observed: 0)
CachingNLL.cc[715] : (in function: evaluate) - underflow (expected events <=0) in total event yield for pdf_binfail_HIGH_obsOnly, expected yield = 0 (observed: 0)
CachingNLL.cc[715] : (in function: evaluate) - underflow (expected events <=0) in total event yield for pdf_binpass_HIGH_obsOnly, expected yield = 0 (observed: 0)
CachingNLL.cc[715] : (in function: evaluate) - underflow (expected events <=0) in total event yield for pdf_binfail_HIGH_obsOnly, expected yield = 0 (observed: 0)
CachingNLL.cc[715] : (in function: evaluate) - underflow (expected events <=0) in total event yield for pdf_binpass_HIGH_obsOnly, expected yield = 0 (observed: 0)
CachingNLL.cc[715] : (in function: evaluate) - underflow (expected events <=0) in total event yield for pdf_binfail_HIGH_obsOnly, expected yield = 0 (observed: 0)
CachingNLL.cc[715] : (in function: evaluate) - underflow (expected events <=0) in total event yield for pdf_binpass_HIGH_obsOnly, expected yield = 0 (observed: 0)
CachingNLL.cc[715] : (in function: evaluate) - underflow (expected events <=0) in total event yield for pdf_binfail_HIGH_obsOnly, expected yield = 0 (observed: 0)
CachingNLL.cc[715] : (in function: evaluate) - underflow (expected events <=0) in total event yield for pdf_binpass_HIGH_obsOnly, expected yield = 0 (observed: 0)
CachingNLL.cc[715] : (in function: evaluate) - underflow (expected events <=0) in total event yield for pdf_binfail_HIGH_obsOnly, expected yield = 0 (observed: 0)
CachingNLL.cc[715] : (in function: evaluate) - underflow (expected events <=0) in total event yield for pdf_binpass_HIGH_obsOnly, expected yield = 0 (observed: 0)
CachingNLL.cc[715] : (in function: evaluate) - underflow (expected events <=0) in total event yield for pdf_binfail_HIGH_obsOnly, expected yield = 0 (observed: 0)
CachingNLL.cc[715] : (in function: evaluate) - underflow (expected events <=0) in total event yield for pdf_binpass_HIGH_obsOnly, expected yield = 0 (observed: 0)
CachingNLL.cc[715] : (in function: evaluate) - underflow (expected events <=0) in total event yield for pdf_binfail_HIGH_obsOnly, expected yield = 0 (observed: 0)
CachingNLL.cc[715] : (in function: evaluate) - underflow (expected events <=0) in total event yield for pdf_binpass_HIGH_obsOnly, expected yield = 0 (observed: 0)
CachingNLL.cc[715] : (in function: evaluate) - underflow (expected events <=0) in total event yield for pdf_binfail_HIGH_obsOnly, expected yield = 0 (observed: 0)
CachingNLL.cc[715] : (in function: evaluate) - underflow (expected events <=0) in total event yield for pdf_binpass_HIGH_obsOnly, expected yield = 0 (observed: 0)
CachingNLL.cc[715] : (in function: evaluate) - underflow (expected events <=0) in total event yield for pdf_binfail_HIGH_obsOnly, expected yield = 0 (observed: 0)
CachingNLL.cc[715] : (in function: evaluate) - underflow (expected events <=0) in total event yield for pdf_binpass_HIGH_obsOnly, expected yield = 0 (observed: 0)
CachingNLL.cc[715] : (in function: evaluate) - underflow (expected events <=0) in total event yield for pdf_binfail_HIGH_obsOnly, expected yield = 0 (observed: 0)
CachingNLL.cc[715] : (in function: evaluate) - underflow (expected events <=0) in total event yield for pdf_binpass_HIGH_obsOnly, expected yield = 0 (observed: 0)
CachingNLL.cc[715] : (in function: evaluate) - underflow (expected events <=0) in total event yield for pdf_binfail_HIGH_obsOnly, expected yield = 0 (observed: 0)
CachingNLL.cc[715] : (in function: evaluate) - underflow (expected events <=0) in total event yield for pdf_binpass_HIGH_obsOnly, expected yield = 0 (observed: 0)
CachingNLL.cc[715] : (in function: evaluate) - underflow (expected events <=0) in total event yield for pdf_binfail_HIGH_obsOnly, expected yield = 0 (observed: 0)
CachingNLL.cc[715] : (in function: evaluate) - underflow (expected events <=0) in total event yield for pdf_binpass_HIGH_obsOnly, expected yield = 0 (observed: 0)
CachingNLL.cc[715] : (in function: evaluate) - underflow (expected events <=0) in total event yield for pdf_binfail_HIGH_obsOnly, expected yield = 0 (observed: 0)
CachingNLL.cc[715] : (in function: evaluate) - underflow (expected events <=0) in total event yield for pdf_binpass_HIGH_obsOnly, expected yield = 0 (observed: 0)
CachingNLL.cc[715] : (in function: evaluate) - underflow (expected events <=0) in total event yield for pdf_binfail_HIGH_obsOnly, expected yield = 0 (observed: 0)
CachingNLL.cc[715] : (in function: evaluate) - underflow (expected events <=0) in total event yield for pdf_binpass_HIGH_obsOnly, expected yield = 0 (observed: 0)
CachingNLL.cc[715] : (in function: evaluate) - underflow (expected events <=0) in total event yield for pdf_binfail_HIGH_obsOnly, expected yield = 0 (observed: 0)
CachingNLL.cc[715] : (in function: evaluate) - underflow (expected events <=0) in total event yield for pdf_binpass_HIGH_obsOnly, expected yield = 0 (observed: 0)
CachingNLL.cc[715] : (in function: evaluate) - underflow (expected events <=0) in total event yield for pdf_binfail_HIGH_obsOnly, expected yield = 0 (observed: 0)
CachingNLL.cc[715] : (in function: evaluate) - underflow (expected events <=0) in total event yield for pdf_binpass_HIGH_obsOnly, expected yield = 0 (observed: 0)
CachingNLL.cc[715] : (in function: evaluate) - underflow (expected events <=0) in total event yield for pdf_binfail_HIGH_obsOnly, expected yield = 0 (observed: 0)
CachingNLL.cc[715] : (in function: evaluate) - underflow (expected events <=0) in total event yield for pdf_binpass_HIGH_obsOnly, expected yield = 0 (observed: 0)
CachingNLL.cc[715] : (in function: evaluate) - underflow (expected events <=0) in total event yield for pdf_binfail_HIGH_obsOnly, expected yield = 0 (observed: 0)
CachingNLL.cc[715] : (in function: evaluate) - underflow (expected events <=0) in total event yield for pdf_binpass_HIGH_obsOnly, expected yield = 0 (observed: 0)
CachingNLL.cc[715] : (in function: evaluate) - underflow (expected events <=0) in total event yield for pdf_binfail_HIGH_obsOnly, expected yield = 0 (observed: 0)
CachingNLL.cc[715] : (in function: evaluate) - underflow (expected events <=0) in total event yield for pdf_binpass_HIGH_obsOnly, expected yield = 0 (observed: 0)
CachingNLL.cc[715] : (in function: evaluate) - underflow (expected events <=0) in total event yield for pdf_binfail_HIGH_obsOnly, expected yield = 0 (observed: 0)
CachingNLL.cc[715] : (in function: evaluate) - underflow (expected events <=0) in total event yield for pdf_binpass_HIGH_obsOnly, expected yield = 0 (observed: 0)
CachingNLL.cc[715] : (in function: evaluate) - underflow (expected events <=0) in total event yield for pdf_binfail_HIGH_obsOnly, expected yield = 0 (observed: 0)
CachingNLL.cc[715] : (in function: evaluate) - underflow (expected events <=0) in total event yield for pdf_binpass_HIGH_obsOnly, expected yield = 0 (observed: 0)
CachingNLL.cc[715] : (in function: evaluate) - underflow (expected events <=0) in total event yield for pdf_binfail_HIGH_obsOnly, expected yield = 0 (observed: 0)
CachingNLL.cc[715] : (in function: evaluate) - underflow (expected events <=0) in total event yield for pdf_binpass_HIGH_obsOnly, expected yield = 0 (observed: 0)
CachingNLL.cc[715] : (in function: evaluate) - underflow (expected events <=0) in total event yield for pdf_binfail_HIGH_obsOnly, expected yield = 0 (observed: 0)
CachingNLL.cc[715] : (in function: evaluate) - underflow (expected events <=0) in total event yield for pdf_binpass_HIGH_obsOnly, expected yield = 0 (observed: 0)
CachingNLL.cc[715] : (in function: evaluate) - underflow (expected events <=0) in total event yield for pdf_binpass_HIGH_obsOnly, expected yield = 0 (observed: 0)
CachingNLL.cc[715] : (in function: evaluate) - underflow (expected events <=0) in total event yield for pdf_binfail_HIGH_obsOnly, expected yield = 0 (observed: 0)
CachingNLL.cc[715] : (in function: evaluate) - underflow (expected events <=0) in total event yield for pdf_binpass_HIGH_obsOnly, expected yield = 0 (observed: 0)
CachingNLL.cc[715] : (in function: evaluate) - underflow (expected events <=0) in total event yield for pdf_binfail_HIGH_obsOnly, expected yield = 0 (observed: 0)
CachingNLL.cc[715] : (in function: evaluate) - underflow (expected events <=0) in total event yield for pdf_binpass_HIGH_obsOnly, expected yield = 0 (observed: 0)
CachingNLL.cc[715] : (in function: evaluate) - underflow (expected events <=0) in total event yield for pdf_binfail_HIGH_obsOnly, expected yield = 0 (observed: 0)
CachingNLL.cc[715] : (in function: evaluate) - underflow (expected events <=0) in total event yield for pdf_binpass_HIGH_obsOnly, expected yield = 0 (observed: 0)
CachingNLL.cc[715] : (in function: evaluate) - underflow (expected events <=0) in total event yield for pdf_binfail_HIGH_obsOnly, expected yield = 0 (observed: 0)
CachingNLL.cc[715] : (in function: evaluate) - underflow (expected events <=0) in total event yield for pdf_binpass_HIGH_obsOnly, expected yield = 0 (observed: 0)
CachingNLL.cc[715] : (in function: evaluate) - underflow (expected events <=0) in total event yield for pdf_binfail_HIGH_obsOnly, expected yield = 0 (observed: 0)
CachingNLL.cc[715] : (in function: evaluate) - underflow (expected events <=0) in total event yield for pdf_binpass_HIGH_obsOnly, expected yield = 0 (observed: 0)
CachingNLL.cc[715] : (in function: evaluate) - underflow (expected events <=0) in total event yield for pdf_binfail_HIGH_obsOnly, expected yield = 0 (observed: 0)
CachingNLL.cc[715] : (in function: evaluate) - underflow (expected events <=0) in total event yield for pdf_binpass_HIGH_obsOnly, expected yield = 0 (observed: 0)
CachingNLL.cc[715] : (in function: evaluate) - underflow (expected events <=0) in total event yield for pdf_binfail_HIGH_obsOnly, expected yield = 0 (observed: 0)
CachingNLL.cc[715] : (in function: evaluate) - underflow (expected events <=0) in total event yield for pdf_binpass_HIGH_obsOnly, expected yield = 0 (observed: 0)
CachingNLL.cc[715] : (in function: evaluate) - underflow (expected events <=0) in total event yield for pdf_binfail_HIGH_obsOnly, expected yield = 0 (observed: 0)
CachingNLL.cc[715] : (in function: evaluate) - underflow (expected events <=0) in total event yield for pdf_binpass_HIGH_obsOnly, expected yield = 0 (observed: 0)
CachingNLL.cc[715] : (in function: evaluate) - underflow (expected events <=0) in total event yield for pdf_binpass_HIGH_obsOnly, expected yield = 0 (observed: 0)
CachingNLL.cc[715] : (in function: evaluate) - underflow (expected events <=0) in total event yield for pdf_binpass_HIGH_obsOnly, expected yield = 0 (observed: 0)
CachingNLL.cc[715] : (in function: evaluate) - underflow (expected events <=0) in total event yield for pdf_binpass_HIGH_obsOnly, expected yield = 0 (observed: 0)
CachingNLL.cc[715] : (in function: evaluate) - underflow (expected events <=0) in total event yield for pdf_binpass_HIGH_obsOnly, expected yield = 0 (observed: 0)
CachingNLL.cc[715] : (in function: evaluate) - underflow (expected events <=0) in total event yield for pdf_binpass_HIGH_obsOnly, expected yield = 0 (observed: 0)
CachingNLL.cc[715] : (in function: evaluate) - underflow (expected events <=0) in total event yield for pdf_binpass_HIGH_obsOnly, expected yield = 0 (observed: 0)
CachingNLL.cc[715] : (in function: evaluate) - underflow (expected events <=0) in total event yield for pdf_binpass_HIGH_obsOnly, expected yield = 0 (observed: 0)
CachingNLL.cc[715] : (in function: evaluate) - underflow (expected events <=0) in total event yield for pdf_binpass_HIGH_obsOnly, expected yield = 0 (observed: 0)
CachingNLL.cc[715] : (in function: evaluate) - underflow (expected events <=0) in total event yield for pdf_binpass_HIGH_obsOnly, expected yield = 0 (observed: 0)
CachingNLL.cc[715] : (in function: evaluate) - underflow (expected events <=0) in total event yield for pdf_binpass_HIGH_obsOnly, expected yield = 0 (observed: 0)
CachingNLL.cc[715] : (in function: evaluate) - underflow (expected events <=0) in total event yield for pdf_binpass_HIGH_obsOnly, expected yield = 0 (observed: 0)
CachingNLL.cc[715] : (in function: evaluate) - underflow (expected events <=0) in total event yield for pdf_binpass_HIGH_obsOnly, expected yield = 0 (observed: 0)
CachingNLL.cc[715] : (in function: evaluate) - underflow (expected events <=0) in total event yield for pdf_binpass_HIGH_obsOnly, expected yield = 0 (observed: 0)
CachingNLL.cc[715] : (in function: evaluate) - underflow (expected events <=0) in total event yield for pdf_binpass_HIGH_obsOnly, expected yield = 0 (observed: 0)
CachingNLL.cc[715] : (in function: evaluate) - underflow (expected events <=0) in total event yield for pdf_binpass_HIGH_obsOnly, expected yield = 0 (observed: 0)
CachingNLL.cc[715] : (in function: evaluate) - underflow (expected events <=0) in total event yield for pdf_binpass_HIGH_obsOnly, expected yield = 0 (observed: 0)
CachingNLL.cc[715] : (in function: evaluate) - underflow (expected events <=0) in total event yield for pdf_binpass_HIGH_obsOnly, expected yield = 0 (observed: 0)
CachingNLL.cc[715] : (in function: evaluate) - underflow (expected events <=0) in total event yield for pdf_binpass_HIGH_obsOnly, expected yield = 0 (observed: 0)
CachingNLL.cc[715] : (in function: evaluate) - underflow (expected events <=0) in total event yield for pdf_binpass_HIGH_obsOnly, expected yield = 0 (observed: 0)
CachingNLL.cc[715] : (in function: evaluate) - underflow (expected events <=0) in total event yield for pdf_binpass_HIGH_obsOnly, expected yield = 0 (observed: 0)
CachingNLL.cc[715] : (in function: evaluate) - underflow (expected events <=0) in total event yield for pdf_binpass_HIGH_obsOnly, expected yield = 0 (observed: 0)
CachingNLL.cc[715] : (in function: evaluate) - underflow (expected events <=0) in total event yield for pdf_binpass_HIGH_obsOnly, expected yield = 0 (observed: 0)
CachingNLL.cc[715] : (in function: evaluate) - underflow (expected events <=0) in total event yield for pdf_binpass_HIGH_obsOnly, expected yield = 0 (observed: 0)
CachingNLL.cc[715] : (in function: evaluate) - underflow (expected events <=0) in total event yield for pdf_binpass_HIGH_obsOnly, expected yield = 0 (observed: 0)
CachingNLL.cc[715] : (in function: evaluate) - underflow (expected events <=0) in total event yield for pdf_binpass_HIGH_obsOnly, expected yield = 0 (observed: 0)
CachingNLL.cc[715] : (in function: evaluate) - underflow (expected events <=0) in total event yield for pdf_binpass_HIGH_obsOnly, expected yield = 0 (observed: 0)
CachingNLL.cc[715] : (in function: evaluate) - underflow (expected events <=0) in total event yield for pdf_binpass_HIGH_obsOnly, expected yield = 0 (observed: 0)
CachingNLL.cc[715] : (in function: evaluate) - underflow (expected events <=0) in total event yield for pdf_binpass_HIGH_obsOnly, expected yield = 0 (observed: 0)
CachingNLL.cc[715] : (in function: evaluate) - underflow (expected events <=0) in total event yield for pdf_binpass_HIGH_obsOnly, expected yield = 0 (observed: 0)
CachingNLL.cc[715] : (in function: evaluate) - underflow (expected events <=0) in total event yield for pdf_binpass_HIGH_obsOnly, expected yield = 0 (observed: 0)
CachingNLL.cc[715] : (in function: evaluate) - underflow (expected events <=0) in total event yield for pdf_binpass_HIGH_obsOnly, expected yield = 0 (observed: 0)
CachingNLL.cc[715] : (in function: evaluate) - underflow (expected events <=0) in total event yield for pdf_binpass_HIGH_obsOnly, expected yield = 0 (observed: 0)
CachingNLL.cc[715] : (in function: evaluate) - underflow (expected events <=0) in total event yield for pdf_binpass_HIGH_obsOnly, expected yield = 0 (observed: 0)
CachingNLL.cc[715] : (in function: evaluate) - underflow (expected events <=0) in total event yield for pdf_binpass_HIGH_obsOnly, expected yield = 0 (observed: 0)
CachingNLL.cc[715] : (in function: evaluate) - underflow (expected events <=0) in total event yield for pdf_binpass_HIGH_obsOnly, expected yield = 0 (observed: 0)
CachingNLL.cc[715] : (in function: evaluate) - underflow (expected events <=0) in total event yield for pdf_binpass_HIGH_obsOnly, expected yield = 0 (observed: 0)
CachingNLL.cc[715] : (in function: evaluate) - underflow (expected events <=0) in total event yield for pdf_binpass_HIGH_obsOnly, expected yield = 0 (observed: 0)
CachingNLL.cc[715] : (in function: evaluate) - underflow (expected events <=0) in total event yield for pdf_binpass_HIGH_obsOnly, expected yield = 0 (observed: 0)
CachingNLL.cc[715] : (in function: evaluate) - underflow (expected events <=0) in total event yield for pdf_binpass_HIGH_obsOnly, expected yield = 0 (observed: 0)
CachingNLL.cc[715] : (in function: evaluate) - underflow (expected events <=0) in total event yield for pdf_binpass_HIGH_obsOnly, expected yield = 0 (observed: 0)
CachingNLL.cc[715] : (in function: evaluate) - underflow (expected events <=0) in total event yield for pdf_binpass_HIGH_obsOnly, expected yield = 0 (observed: 0)
CachingNLL.cc[715] : (in function: evaluate) - underflow (expected events <=0) in total event yield for pdf_binpass_HIGH_obsOnly, expected yield = 0 (observed: 0)
CachingNLL.cc[715] : (in function: evaluate) - underflow (expected events <=0) in total event yield for pdf_binpass_HIGH_obsOnly, expected yield = 0 (observed: 0)
CachingNLL.cc[715] : (in function: evaluate) - underflow (expected events <=0) in total event yield for pdf_binpass_HIGH_obsOnly, expected yield = 0 (observed: 0)
CachingNLL.cc[715] : (in function: evaluate) - underflow (expected events <=0) in total event yield for pdf_binpass_HIGH_obsOnly, expected yield = 0 (observed: 0)
CachingNLL.cc[715] : (in function: evaluate) - underflow (expected events <=0) in total event yield for pdf_binpass_HIGH_obsOnly, expected yield = 0 (observed: 0)
CachingNLL.cc[715] : (in function: evaluate) - underflow (expected events <=0) in total event yield for pdf_binpass_HIGH_obsOnly, expected yield = 0 (observed: 0)
CachingNLL.cc[715] : (in function: evaluate) - underflow (expected events <=0) in total event yield for pdf_binpass_HIGH_obsOnly, expected yield = 0 (observed: 0)
CachingNLL.cc[715] : (in function: evaluate) - underflow (expected events <=0) in total event yield for pdf_binpass_HIGH_obsOnly, expected yield = 0 (observed: 0)
CachingNLL.cc[715] : (in function: evaluate) - underflow (expected events <=0) in total event yield for pdf_binpass_HIGH_obsOnly, expected yield = 0 (observed: 0)
CachingNLL.cc[715] : (in function: evaluate) - underflow (expected events <=0) in total event yield for pdf_binpass_HIGH_obsOnly, expected yield = 0 (observed: 0)
CachingNLL.cc[715] : (in function: evaluate) - underflow (expected events <=0) in total event yield for pdf_binpass_HIGH_obsOnly, expected yield = 0 (observed: 0)
CachingNLL.cc[715] : (in function: evaluate) - underflow (expected events <=0) in total event yield for pdf_binpass_HIGH_obsOnly, expected yield = 0 (observed: 0)
FitDiagnostics.cc[318] : (in function: runSpecific) -  Fit B-only, status = 3, numBadNLL = 56, covariance quality = -1
CascadeMinimizer.cc[188] : (in function: improveOnce) - Minimization configured with Type=Minuit2, Algo=Migrad, strategy=0, tolerance=0.1
CascadeMinimizer.cc[215] : (in function: improveOnce) - Minimization finished with status=0
CascadeMinimizer.cc[219] : (in function: improveOnce) - Minimization success! status=0
utils.cc[1040] : (in function: anyParameterAtBoundaries) - [WARNING] Found parameter Background_fail_LOW_bin_10-1 at boundary (within ~1sigma): 0.0759157+/-0.192606
utils.cc[1040] : (in function: anyParameterAtBoundaries) - [WARNING] Found parameter Background_fail_LOW_bin_7-1 at boundary (within ~1sigma): 0.338404+/-0.435069
utils.cc[1040] : (in function: anyParameterAtBoundaries) - [WARNING] Found parameter Background_fail_LOW_bin_8-1 at boundary (within ~1sigma): 0.19936+/-0.337992
utils.cc[1040] : (in function: anyParameterAtBoundaries) - [WARNING] Found parameter Background_fail_LOW_bin_9-1 at boundary (within ~1sigma): 0.116823+/-0.271216
utils.cc[1040] : (in function: anyParameterAtBoundaries) - [WARNING] Found parameter Background_fail_SIG_bin_1-1 at boundary (within ~1sigma): 0.139461+/-0.383411
CascadeMinimizer.cc[483] : (in function: minimize) - [WARNING] After fit, some parameters are found at the boundary (within ~1sigma)
CascadeMinimizer.cc[188] : (in function: improveOnce) - Minimization configured with Type=Minuit2, Algo=Migrad, strategy=0, tolerance=0.1
CascadeMinimizer.cc[215] : (in function: improveOnce) - Minimization finished with status=0
CascadeMinimizer.cc[219] : (in function: improveOnce) - Minimization success! status=0
FitterAlgoBase.cc[344] : (in function: doFit) - Running Minos for POI r
CachingNLL.cc[715] : (in function: evaluate) - underflow (expected events <=0) in total event yield for pdf_binpass_HIGH_obsOnly, expected yield = 0 (observed: 0)
CachingNLL.cc[715] : (in function: evaluate) - underflow (expected events <=0) in total event yield for pdf_binfail_HIGH_obsOnly, expected yield = 0 (observed: 0)
CachingNLL.cc[715] : (in function: evaluate) - underflow (expected events <=0) in total event yield for pdf_binpass_HIGH_obsOnly, expected yield = 0 (observed: 0)
CachingNLL.cc[715] : (in function: evaluate) - underflow (expected events <=0) in total event yield for pdf_binpass_HIGH_obsOnly, expected yield = 0 (observed: 0)
CachingNLL.cc[715] : (in function: evaluate) - underflow (expected events <=0) in total event yield for pdf_binpass_HIGH_obsOnly, expected yield = 0 (observed: 0)
CachingNLL.cc[715] : (in function: evaluate) - underflow (expected events <=0) in total event yield for pdf_binpass_HIGH_obsOnly, expected yield = 0 (observed: 0)
CachingNLL.cc[715] : (in function: evaluate) - underflow (expected events <=0) in total event yield for pdf_binpass_HIGH_obsOnly, expected yield = 0 (observed: 0)
CachingNLL.cc[715] : (in function: evaluate) - underflow (expected events <=0) in total event yield for pdf_binfail_HIGH_obsOnly, expected yield = 0 (observed: 0)
CachingNLL.cc[715] : (in function: evaluate) - underflow (expected events <=0) in total event yield for pdf_binpass_HIGH_obsOnly, expected yield = 0 (observed: 0)
CachingNLL.cc[715] : (in function: evaluate) - underflow (expected events <=0) in total event yield for pdf_binfail_HIGH_obsOnly, expected yield = 0 (observed: 0)
CachingNLL.cc[715] : (in function: evaluate) - underflow (expected events <=0) in total event yield for pdf_binpass_HIGH_obsOnly, expected yield = 0 (observed: 0)
CachingNLL.cc[715] : (in function: evaluate) - underflow (expected events <=0) in total event yield for pdf_binfail_HIGH_obsOnly, expected yield = 0 (observed: 0)
CachingNLL.cc[715] : (in function: evaluate) - underflow (expected events <=0) in total event yield for pdf_binpass_HIGH_obsOnly, expected yield = 0 (observed: 0)
CachingNLL.cc[715] : (in function: evaluate) - underflow (expected events <=0) in total event yield for pdf_binfail_HIGH_obsOnly, expected yield = 0 (observed: 0)
CachingNLL.cc[715] : (in function: evaluate) - underflow (expected events <=0) in total event yield for pdf_binpass_HIGH_obsOnly, expected yield = 0 (observed: 0)
CachingNLL.cc[715] : (in function: evaluate) - underflow (expected events <=0) in total event yield for pdf_binfail_HIGH_obsOnly, expected yield = 0 (observed: 0)
CachingNLL.cc[715] : (in function: evaluate) - underflow (expected events <=0) in total event yield for pdf_binpass_HIGH_obsOnly, expected yield = 0 (observed: 0)
CachingNLL.cc[715] : (in function: evaluate) - underflow (expected events <=0) in total event yield for pdf_binfail_HIGH_obsOnly, expected yield = 0 (observed: 0)
CachingNLL.cc[715] : (in function: evaluate) - underflow (expected events <=0) in total event yield for pdf_binpass_HIGH_obsOnly, expected yield = 0 (observed: 0)
CachingNLL.cc[715] : (in function: evaluate) - underflow (expected events <=0) in total event yield for pdf_binfail_HIGH_obsOnly, expected yield = 0 (observed: 0)
CachingNLL.cc[715] : (in function: evaluate) - underflow (expected events <=0) in total event yield for pdf_binpass_HIGH_obsOnly, expected yield = 0 (observed: 0)
CachingNLL.cc[715] : (in function: evaluate) - underflow (expected events <=0) in total event yield for pdf_binfail_HIGH_obsOnly, expected yield = 0 (observed: 0)
CachingNLL.cc[715] : (in function: evaluate) - underflow (expected events <=0) in total event yield for pdf_binpass_HIGH_obsOnly, expected yield = 0 (observed: 0)
CachingNLL.cc[715] : (in function: evaluate) - underflow (expected events <=0) in total event yield for pdf_binfail_HIGH_obsOnly, expected yield = 0 (observed: 0)
CachingNLL.cc[715] : (in function: evaluate) - underflow (expected events <=0) in total event yield for pdf_binpass_HIGH_obsOnly, expected yield = 0 (observed: 0)
CachingNLL.cc[715] : (in function: evaluate) - underflow (expected events <=0) in total event yield for pdf_binfail_HIGH_obsOnly, expected yield = 0 (observed: 0)
CachingNLL.cc[715] : (in function: evaluate) - underflow (expected events <=0) in total event yield for pdf_binpass_HIGH_obsOnly, expected yield = 0 (observed: 0)
CachingNLL.cc[715] : (in function: evaluate) - underflow (expected events <=0) in total event yield for pdf_binfail_HIGH_obsOnly, expected yield = 0 (observed: 0)
FitDiagnostics.cc[443] : (in function: runSpecific) - Fit S+B, status = 0, numBadNLL = 0, covariance quality = -1
