 <<< Combine >>> 
 <<< v10.0.1 >>>
>>> Random number generator seed is 123456
>>> Method used is FitDiagnostics
Set Default Value of Parameter mask_pass_SIG To : 1
Set Default Value of Parameter mask_pass_HIGH To : 1
Set Default Value of Parameter r To : 1
>>> 2 out of 6 channels masked

>> Found 16 floating parameters
>> The following parameters are protected in the event of negative eigenvalues: r
>> Verifying eigenvalues are all positive (iteration 0)
Eigenvalue 14 : -5.55112e-17
 - 1	Background_fail_HIGH_bin_5-1
 - -4.45411e-08	r
 - 1.60459e-08	Background_fail_SIG_bin_2-1
 - 1.54179e-08	Background_fail_HIGH_bin_1-1
 - 1.13269e-08	Background_fail_HIGH_bin_2-1
Eigenvalue 15 : -0.000433814
 - -0.814717	r
 - 0.294941	Background_fail_SIG_bin_2-1
 - 0.279459	Background_fail_HIGH_bin_1-1
 - 0.20943	Background_fail_HIGH_bin_2-1
 - 0.179889	Background_fail_SIG_bin_1-1
>> Attempt 0 failed, remove the variable with largest eigenvector component...
>> Dropping Background_fail_SIG_bin_2-1 from the hessian
>> Verifying eigenvalues are all positive (iteration 1)
>> All eigenvalues are positive
>> Inverting Hessian...
>> Matrix inverted
>> Note: the following parameters were dropped to make the covariance matrix pos-def:
     - Background_fail_SIG_bin_2-1

 --- FitDiagnostics ---
Best fit r: 1.62168e-10  -1.62168e-10/+10  (68% CL)
Done in 0.00 min (cpu), 0.00 min (real)
