 <<< Combine >>> 
 <<< v10.0.1 >>>
>>> Random number generator seed is 123456
>>> Method used is FitDiagnostics
Set Default Value of Parameter mask_pass_SIG To : 1
Set Default Value of Parameter mask_pass_HIGH To : 1
Set Default Value of Parameter r To : 1
>>> 2 out of 6 channels masked

>> Found 16 floating parameters
>> The following parameters are protected in the event of negative eigenvalues: r
>> Verifying eigenvalues are all positive (iteration 0)
Eigenvalue 15 : -0.00524048
 - -0.98458	r
 - 0.154542	SVM
 - 0.0769407	Background_fail_HIGH_bin_4-1
 - 0.0261817	Background_fail_HIGH_bin_3-1
 - 0.0093001	Background_fail_HIGH_bin_2-1
>> Attempt 0 failed, remove the variable with largest eigenvector component...
>> Dropping SVM from the hessian
>> Verifying eigenvalues are all positive (iteration 1)
Eigenvalue 13 : -5.55112e-17
 - 1	Background_fail_HIGH_bin_5-1
 - 3.64961e-10	r
 - 1.7652e-10	Background_fail_LOW_bin_2-1
 - 1.13883e-10	Background_fail_SIG_bin_1-1
 - 1.1033e-10	Background_fail_HIGH_bin_2-1
Eigenvalue 14 : -0.000429783
 - 0.996385	r
 - -0.0797414	Background_fail_HIGH_bin_4-1
 - -0.0271332	Background_fail_HIGH_bin_3-1
 - -0.00963159	Background_fail_HIGH_bin_2-1
 - -0.00365224	Background_fail_HIGH_bin_1-1
>> Attempt 1 failed, remove the variable with largest eigenvector component...
>> Dropping Background_fail_HIGH_bin_4-1 from the hessian
>> Verifying eigenvalues are all positive (iteration 2)
>> All eigenvalues are positive
>> Inverting Hessian...
>> Matrix inverted
>> Note: the following parameters were dropped to make the covariance matrix pos-def:
     - SVM
     - Background_fail_HIGH_bin_4-1

 --- FitDiagnostics ---
Best fit r: 2.80576e-12  -2.80576e-12/+10  (68% CL)
Done in 0.00 min (cpu), 0.00 min (real)
