 <<< Combine >>> 
 <<< v10.0.1 >>>
>>> Random number generator seed is 123456
>>> Method used is FitDiagnostics
Set Default Value of Parameter r To : 1
>>> 0 out of 6 channels masked

>> Found 12 floating parameters
>> The following parameters are protected in the event of negative eigenvalues:
>> Verifying eigenvalues are all positive (iteration 0)
>> All eigenvalues are positive
>> Inverting Hessian...
>> Matrix inverted
 Fit B-only, status = 0, numBadNLL = 0, covariance quality = -1
Running Minos for POI r
>> Found 13 floating parameters
>> The following parameters are protected in the event of negative eigenvalues: r
>> Verifying eigenvalues are all positive (iteration 0)
Eigenvalue 12 : -9.69195e-06
 - 0.997806	r
 - 0.0588431	Background_rpf_1x0_par1
 - -0.0298906	Background_fail_HIGH_bin_1-1
 - -0.00364771	lumi
 - -0.00242683	Background_fail_SIG_bin_4-1
>> Attempt 0 failed, remove the variable with largest eigenvector component...
>> Dropping Background_rpf_1x0_par1 from the hessian
>> Verifying eigenvalues are all positive (iteration 1)
Eigenvalue 11 : -9.15368e-06
 - -0.999545	r
 - 0.0298346	Background_fail_HIGH_bin_1-1
 - 0.00365407	lumi
 - 0.0023305	Background_fail_SIG_bin_4-1
 - 0.000827592	Background_fail_SIG_bin_3-1
>> Attempt 1 failed, remove the variable with largest eigenvector component...
>> Dropping Background_fail_HIGH_bin_1-1 from the hessian
>> Verifying eigenvalues are all positive (iteration 2)
>> All eigenvalues are positive
>> Inverting Hessian...
>> Matrix inverted
>> Note: the following parameters were dropped to make the covariance matrix pos-def:
     - Background_rpf_1x0_par1
     - Background_fail_HIGH_bin_1-1
Fit S+B, status = 0, numBadNLL = 0, covariance quality = -1

 --- FitDiagnostics ---
Best fit r: 4.55944e-10  -4.55944e-10/+50  (68% CL)
Done in 0.00 min (cpu), 0.00 min (real)
25 log messages saved to combine_logger.out
