 <<< Combine >>> 
 <<< v10.0.1 >>>
>>> Random number generator seed is 123456
>>> Method used is FitDiagnostics
Set Default Value of Parameter mask_pass_SIG To : 1
Set Default Value of Parameter mask_pass_HIGH To : 1
Set Default Value of Parameter r To : 1
>>> 2 out of 6 channels masked

>> Found 16 floating parameters
>> The following parameters are protected in the event of negative eigenvalues: r
>> Verifying eigenvalues are all positive (iteration 0)
Eigenvalue 14 : -5.82077e-11
 - -1	Background_fail_HIGH_bin_5-1
 - 1.63778e-08	r
 - -1.9111e-09	SVM
 - -5.40426e-10	Background_fail_HIGH_bin_4-1
 - -2.89024e-10	Background_fail_HIGH_bin_3-1
Eigenvalue 15 : -0.00266588
 - 0.992639	r
 - -0.114238	SVM
 - -0.037987	Background_fail_HIGH_bin_4-1
 - -0.0118564	Background_fail_HIGH_bin_3-1
 - -0.00419214	Background_fail_HIGH_bin_2-1
>> Attempt 0 failed, remove the variable with largest eigenvector component...
>> Dropping SVM from the hessian
>> Verifying eigenvalues are all positive (iteration 1)
Eigenvalue 13 : -5.82076e-11
 - 1	Background_fail_HIGH_bin_5-1
 - -4.43619e-07	r
 - 1.71094e-08	Background_fail_HIGH_bin_4-1
 - 5.46035e-09	Background_fail_HIGH_bin_3-1
 - 1.77906e-09	Background_fail_HIGH_bin_2-1
Eigenvalue 14 : -9.97382e-05
 - -0.999159	r
 - 0.0387293	Background_fail_HIGH_bin_4-1
 - 0.0120878	Background_fail_HIGH_bin_3-1
 - 0.00427237	Background_fail_HIGH_bin_2-1
 - 0.00373401	lumi
>> Attempt 1 failed, remove the variable with largest eigenvector component...
>> Dropping Background_fail_HIGH_bin_4-1 from the hessian
>> Verifying eigenvalues are all positive (iteration 2)
Eigenvalue 13 : -5.82077e-11
 - -1	Background_fail_HIGH_bin_5-1
 - -2.18605e-07	r
 - 2.55521e-09	Background_fail_HIGH_bin_3-1
 - 1.05396e-09	Background_fail_HIGH_bin_2-1
 - 9.31426e-10	lumi
>> Attempt 2 failed, remove the variable with largest eigenvector component...
>> Dropping Background_fail_HIGH_bin_5-1 from the hessian
>> Verifying eigenvalues are all positive (iteration 3)
>> All eigenvalues are positive
>> Inverting Hessian...
>> Matrix inverted
>> Note: the following parameters were dropped to make the covariance matrix pos-def:
     - SVM
     - Background_fail_HIGH_bin_4-1
     - Background_fail_HIGH_bin_5-1

 --- FitDiagnostics ---
Best fit r: 1.84703e-11  -1.84703e-11/+10  (68% CL)
Done in 0.00 min (cpu), 0.00 min (real)
