 <<< Combine >>> 
 <<< v10.0.1 >>>
>>> Random number generator seed is 123456
>>> Method used is FitDiagnostics
Set Default Value of Parameter mask_pass_SIG To : 1
Set Default Value of Parameter mask_pass_HIGH To : 1
Set Default Value of Parameter r To : 1
>>> 2 out of 6 channels masked

>> Found 16 floating parameters
>> The following parameters are protected in the event of negative eigenvalues: r
>> Verifying eigenvalues are all positive (iteration 0)
Eigenvalue 15 : -0.00176355
 - 0.995188	r
 - -0.0937968	SVM
 - -0.0266041	Background_fail_HIGH_bin_4-1
 - -0.00847594	Background_fail_HIGH_bin_3-1
 - -0.00349091	lumi
>> Attempt 0 failed, remove the variable with largest eigenvector component...
>> Dropping SVM from the hessian
>> Verifying eigenvalues are all positive (iteration 1)
Eigenvalue 14 : -4.90017e-05
 - -0.999588	r
 - 0.0269519	Background_fail_HIGH_bin_4-1
 - 0.00858657	Background_fail_HIGH_bin_3-1
 - 0.00353774	lumi
 - 0.00305719	Background_fail_HIGH_bin_2-1
>> Attempt 1 failed, remove the variable with largest eigenvector component...
>> Dropping Background_fail_HIGH_bin_4-1 from the hessian
>> Verifying eigenvalues are all positive (iteration 2)
>> All eigenvalues are positive
>> Inverting Hessian...
>> Matrix inverted
>> Note: the following parameters were dropped to make the covariance matrix pos-def:
     - SVM
     - Background_fail_HIGH_bin_4-1

 --- FitDiagnostics ---
Best fit r: 2.36931e-10  -2.36931e-10/+10  (68% CL)
Done in 0.00 min (cpu), 0.00 min (real)
