 <<< Combine >>> 
 <<< v10.0.1 >>>
>>> Random number generator seed is 123456
>>> Method used is FitDiagnostics
Set Default Value of Parameter mask_pass_SIG To : 1
Set Default Value of Parameter mask_pass_HIGH To : 1
Set Default Value of Parameter r To : 1
>>> 2 out of 6 channels masked

>> Found 16 floating parameters
>> The following parameters are protected in the event of negative eigenvalues: r
>> Verifying eigenvalues are all positive (iteration 0)
Eigenvalue 14 : -5.82075e-11
 - 1	Background_fail_HIGH_bin_5-1
 - -2.72753e-08	r
 - 1.04765e-08	Background_fail_HIGH_bin_1-1
 - 8.86875e-09	Background_fail_SIG_bin_2-1
 - 8.32728e-09	Background_fail_HIGH_bin_2-1
Eigenvalue 15 : -0.00495523
 - -0.813446	r
 - 0.301813	Background_fail_HIGH_bin_1-1
 - 0.258348	Background_fail_SIG_bin_2-1
 - 0.243069	Background_fail_HIGH_bin_2-1
 - 0.202487	Background_fail_HIGH_bin_3-1
>> Attempt 0 failed, remove the variable with largest eigenvector component...
>> Dropping Background_fail_HIGH_bin_1-1 from the hessian
>> Verifying eigenvalues are all positive (iteration 1)
Eigenvalue 14 : -5.82076e-11
 - 1	Background_fail_HIGH_bin_5-1
 - 1.01218e-08	r
 - -3.3053e-09	Background_fail_SIG_bin_2-1
 - -3.11706e-09	Background_fail_HIGH_bin_2-1
 - -2.49136e-09	Background_fail_HIGH_bin_3-1
>> Attempt 1 failed, remove the variable with largest eigenvector component...
>> Dropping Background_fail_HIGH_bin_5-1 from the hessian
>> Verifying eigenvalues are all positive (iteration 2)
>> All eigenvalues are positive
>> Inverting Hessian...
>> Matrix inverted
>> Note: the following parameters were dropped to make the covariance matrix pos-def:
     - Background_fail_HIGH_bin_1-1
     - Background_fail_HIGH_bin_5-1

 --- FitDiagnostics ---
Best fit r: 5.06832e-10  -5.06832e-10/+5  (68% CL)
Done in 0.00 min (cpu), 0.00 min (real)
