 <<< Combine >>> 
 <<< v10.0.1 >>>
>>> Random number generator seed is 123456
>>> Method used is FitDiagnostics
Set Default Value of Parameter mask_pass_SIG To : 1
Set Default Value of Parameter mask_pass_HIGH To : 1
Set Default Value of Parameter r To : 1
>>> 2 out of 6 channels masked

>> Found 16 floating parameters
>> The following parameters are protected in the event of negative eigenvalues: r
>> Verifying eigenvalues are all positive (iteration 0)
Eigenvalue 14 : -5.82077e-11
 - -1	Background_fail_HIGH_bin_5-1
 - 1.4517e-08	r
 - -4.55072e-09	Background_fail_HIGH_bin_4-1
 - -2.57272e-09	Background_fail_HIGH_bin_3-1
 - -1.96627e-09	SVM
Eigenvalue 15 : -0.0102844
 - 0.935383	r
 - -0.279181	Background_fail_HIGH_bin_4-1
 - -0.157643	Background_fail_HIGH_bin_3-1
 - -0.120226	SVM
 - -0.0782518	Background_fail_HIGH_bin_2-1
>> Attempt 0 failed, remove the variable with largest eigenvector component...
>> Dropping Background_fail_HIGH_bin_4-1 from the hessian
>> Verifying eigenvalues are all positive (iteration 1)
Eigenvalue 14 : -5.82077e-11
 - 1	Background_fail_HIGH_bin_5-1
 - 2.07648e-08	r
 - -3.67996e-09	Background_fail_HIGH_bin_3-1
 - -2.8125e-09	SVM
 - -1.69186e-09	Background_fail_HIGH_bin_2-1
>> Attempt 1 failed, remove the variable with largest eigenvector component...
>> Dropping Background_fail_HIGH_bin_5-1 from the hessian
>> Verifying eigenvalues are all positive (iteration 2)
>> All eigenvalues are positive
>> Inverting Hessian...
>> Matrix inverted
>> Note: the following parameters were dropped to make the covariance matrix pos-def:
     - Background_fail_HIGH_bin_4-1
     - Background_fail_HIGH_bin_5-1

 --- FitDiagnostics ---
Best fit r: 4.25249e-10  -4.25249e-10/+10  (68% CL)
Done in 0.00 min (cpu), 0.00 min (real)
