 <<< Combine >>> 
 <<< v10.0.1 >>>
>>> Random number generator seed is 123456
>>> Method used is FitDiagnostics
Set Default Value of Parameter mask_pass_SIG To : 1
Set Default Value of Parameter mask_pass_HIGH To : 1
Set Default Value of Parameter r To : 1
>>> 2 out of 6 channels masked

>> Found 16 floating parameters
>> The following parameters are protected in the event of negative eigenvalues: r
>> Verifying eigenvalues are all positive (iteration 0)
Eigenvalue 15 : -0.00462949
 - -0.980944	r
 - 0.13575	Background_fail_HIGH_bin_4-1
 - 0.12783	SVM
 - 0.0502112	Background_fail_HIGH_bin_3-1
 - 0.0194145	Background_fail_HIGH_bin_2-1
>> Attempt 0 failed, remove the variable with largest eigenvector component...
>> Dropping Background_fail_HIGH_bin_4-1 from the hessian
>> Verifying eigenvalues are all positive (iteration 1)
Eigenvalue 13 : -1.11022e-16
 - 1	Background_fail_HIGH_bin_5-1
 - 4.72737e-08	r
 - -6.42343e-09	SVM
 - -2.59753e-09	Background_fail_HIGH_bin_3-1
 - -1.10364e-09	Background_fail_HIGH_bin_2-1
Eigenvalue 14 : -0.000807818
 - -0.989721	r
 - 0.131538	SVM
 - 0.0516271	Background_fail_HIGH_bin_3-1
 - 0.0199513	Background_fail_HIGH_bin_2-1
 - 0.00806609	Background_fail_HIGH_bin_1-1
>> Attempt 1 failed, remove the variable with largest eigenvector component...
>> Dropping SVM from the hessian
>> Verifying eigenvalues are all positive (iteration 2)
>> All eigenvalues are positive
>> Inverting Hessian...
>> Matrix inverted
>> Note: the following parameters were dropped to make the covariance matrix pos-def:
     - Background_fail_HIGH_bin_4-1
     - SVM

 --- FitDiagnostics ---
Best fit r: 2.40743e-11  -2.40743e-11/+10  (68% CL)
Done in 0.00 min (cpu), 0.00 min (real)
