 <<< Combine >>> 
 <<< v10.0.1 >>>
>>> Random number generator seed is 123456
>>> Method used is FitDiagnostics
Set Default Value of Parameter mask_pass_SIG To : 1
Set Default Value of Parameter mask_pass_HIGH To : 1
Set Default Value of Parameter r To : 1
>>> 2 out of 6 channels masked

>> Found 16 floating parameters
>> The following parameters are protected in the event of negative eigenvalues: r
>> Verifying eigenvalues are all positive (iteration 0)
Eigenvalue 14 : -5.82076e-11
 - -1	Background_fail_HIGH_bin_5-1
 - 4.68914e-08	r
 - -9.37597e-09	Background_fail_HIGH_bin_4-1
 - -4.61532e-09	SVM
 - -3.90304e-09	Background_fail_HIGH_bin_3-1
Eigenvalue 15 : -0.00484357
 - 0.972541	r
 - -0.192013	Background_fail_HIGH_bin_4-1
 - -0.0964364	SVM
 - -0.0796549	Background_fail_HIGH_bin_3-1
 - -0.036391	Background_fail_HIGH_bin_2-1
>> Attempt 0 failed, remove the variable with largest eigenvector component...
>> Dropping Background_fail_HIGH_bin_4-1 from the hessian
>> Verifying eigenvalues are all positive (iteration 1)
Eigenvalue 14 : -5.82077e-11
 - 1	Background_fail_HIGH_bin_5-1
 - 7.32031e-08	r
 - -7.59449e-09	SVM
 - -6.17199e-09	Background_fail_HIGH_bin_3-1
 - -2.77068e-09	Background_fail_HIGH_bin_2-1
>> Attempt 1 failed, remove the variable with largest eigenvector component...
>> Dropping Background_fail_HIGH_bin_5-1 from the hessian
>> Verifying eigenvalues are all positive (iteration 2)
>> All eigenvalues are positive
>> Inverting Hessian...
>> Matrix inverted
>> Note: the following parameters were dropped to make the covariance matrix pos-def:
     - Background_fail_HIGH_bin_4-1
     - Background_fail_HIGH_bin_5-1

 --- FitDiagnostics ---
Best fit r: 8.71592e-11  -8.71592e-11/+10  (68% CL)
Done in 0.00 min (cpu), 0.00 min (real)
