 <<< Combine >>> 
 <<< v10.0.1 >>>
>>> Random number generator seed is 123456
>>> Method used is FitDiagnostics
Set Default Value of Parameter mask_pass_SIG To : 1
Set Default Value of Parameter mask_pass_HIGH To : 1
Set Default Value of Parameter r To : 1
>>> 2 out of 6 channels masked

>> Found 16 floating parameters
>> The following parameters are protected in the event of negative eigenvalues: r
>> Verifying eigenvalues are all positive (iteration 0)
Eigenvalue 14 : -5.82077e-11
 - 1	Background_fail_HIGH_bin_5-1
 - -2.452e-08	r
 - 6.93153e-09	Background_fail_HIGH_bin_1-1
 - 6.2986e-09	Background_fail_HIGH_bin_4-1
 - 6.05962e-09	Background_fail_SIG_bin_2-1
Eigenvalue 15 : -0.00556751
 - -0.86305	r
 - 0.237313	Background_fail_HIGH_bin_1-1
 - 0.215664	Background_fail_HIGH_bin_4-1
 - 0.210463	Background_fail_HIGH_bin_2-1
 - 0.20746	Background_fail_SIG_bin_2-1
>> Attempt 0 failed, remove the variable with largest eigenvector component...
>> Dropping Background_fail_HIGH_bin_1-1 from the hessian
>> Verifying eigenvalues are all positive (iteration 1)
Eigenvalue 14 : -5.82077e-11
 - 1	Background_fail_HIGH_bin_5-1
 - 2.21859e-08	r
 - -5.70871e-09	Background_fail_HIGH_bin_2-1
 - -5.69904e-09	Background_fail_HIGH_bin_4-1
 - -5.48281e-09	Background_fail_SIG_bin_2-1
>> Attempt 1 failed, remove the variable with largest eigenvector component...
>> Dropping Background_fail_HIGH_bin_5-1 from the hessian
>> Verifying eigenvalues are all positive (iteration 2)
>> All eigenvalues are positive
>> Inverting Hessian...
>> Matrix inverted
>> Note: the following parameters were dropped to make the covariance matrix pos-def:
     - Background_fail_HIGH_bin_1-1
     - Background_fail_HIGH_bin_5-1

 --- FitDiagnostics ---
Best fit r: 1.96028e-09  -1.96028e-09/+2.5  (68% CL)
Done in 0.00 min (cpu), 0.00 min (real)
