 <<< Combine >>> 
 <<< v10.0.1 >>>
>>> Random number generator seed is 123456
>>> Method used is FitDiagnostics
Set Default Value of Parameter mask_pass_SIG To : 1
Set Default Value of Parameter mask_pass_HIGH To : 1
Set Default Value of Parameter r To : 1
>>> 2 out of 6 channels masked

>> Found 16 floating parameters
>> The following parameters are protected in the event of negative eigenvalues: r
>> Verifying eigenvalues are all positive (iteration 0)
Eigenvalue 15 : -0.00321527
 - 0.990134	r
 - -0.121494	SVM
 - -0.0653792	Background_fail_HIGH_bin_4-1
 - -0.0224055	Background_fail_HIGH_bin_3-1
 - -0.00838641	Background_fail_HIGH_bin_2-1
>> Attempt 0 failed, remove the variable with largest eigenvector component...
>> Dropping SVM from the hessian
>> Verifying eigenvalues are all positive (iteration 1)
Eigenvalue 14 : -0.000299686
 - -0.997451	r
 - 0.0668258	Background_fail_HIGH_bin_4-1
 - 0.0229005	Background_fail_HIGH_bin_3-1
 - 0.00856813	Background_fail_HIGH_bin_2-1
 - 0.00369086	lumi
>> Attempt 1 failed, remove the variable with largest eigenvector component...
>> Dropping Background_fail_HIGH_bin_4-1 from the hessian
>> Verifying eigenvalues are all positive (iteration 2)
>> All eigenvalues are positive
>> Inverting Hessian...
>> Matrix inverted
>> Note: the following parameters were dropped to make the covariance matrix pos-def:
     - SVM
     - Background_fail_HIGH_bin_4-1

 --- FitDiagnostics ---
Best fit r: 1.75724e-11  -1.75724e-11/+10  (68% CL)
Done in 0.00 min (cpu), 0.00 min (real)
