 <<< Combine >>> 
 <<< v10.0.1 >>>
>>> Random number generator seed is 123456
>>> Method used is FitDiagnostics
Set Default Value of Parameter mask_pass_SIG To : 1
Set Default Value of Parameter mask_pass_HIGH To : 1
Set Default Value of Parameter r To : 1
>>> 2 out of 6 channels masked

>> Found 16 floating parameters
>> The following parameters are protected in the event of negative eigenvalues: r
>> Verifying eigenvalues are all positive (iteration 0)
Eigenvalue 15 : -0.0132775
 - 0.968874	r
 - -0.246464	SVM
 - -0.0222322	Background_fail_HIGH_bin_4-1
 - -0.0055815	Background_fail_HIGH_bin_3-1
 - -0.00324121	lumi
>> Attempt 0 failed, remove the variable with largest eigenvector component...
>> Dropping SVM from the hessian
>> Verifying eigenvalues are all positive (iteration 1)
Eigenvalue 14 : -4.04221e-05
 - -0.999674	r
 - 0.0244644	Background_fail_HIGH_bin_4-1
 - 0.00614103	Background_fail_HIGH_bin_3-1
 - 0.00357548	lumi
 - 0.00188201	Background_fail_HIGH_bin_2-1
>> Attempt 1 failed, remove the variable with largest eigenvector component...
>> Dropping Background_fail_HIGH_bin_4-1 from the hessian
>> Verifying eigenvalues are all positive (iteration 2)
Eigenvalue 13 : -4.996e-16
 - 1	Background_fail_HIGH_bin_5-1
 - -2.40209e-06	r
 - 1.47186e-08	Background_fail_HIGH_bin_3-1
 - 8.74528e-09	lumi
 - 4.5562e-09	Background_fail_HIGH_bin_2-1
>> Attempt 2 failed, remove the variable with largest eigenvector component...
>> Dropping Background_fail_HIGH_bin_5-1 from the hessian
>> Verifying eigenvalues are all positive (iteration 3)
>> All eigenvalues are positive
>> Inverting Hessian...
>> Matrix inverted
>> Note: the following parameters were dropped to make the covariance matrix pos-def:
     - SVM
     - Background_fail_HIGH_bin_4-1
     - Background_fail_HIGH_bin_5-1

 --- FitDiagnostics ---
Best fit r: 1.10625e-11  -1.10625e-11/+10  (68% CL)
Done in 0.00 min (cpu), 0.00 min (real)
