 <<< Combine >>> 
 <<< v10.0.1 >>>
>>> Random number generator seed is 123456
>>> Method used is FitDiagnostics
Set Default Value of Parameter mask_pass_SIG To : 1
Set Default Value of Parameter mask_pass_HIGH To : 1
Set Default Value of Parameter r To : 1
>>> 2 out of 6 channels masked

>> Found 16 floating parameters
>> The following parameters are protected in the event of negative eigenvalues: r
>> Verifying eigenvalues are all positive (iteration 0)
Eigenvalue 14 : -5.55112e-17
 - 1	Background_fail_HIGH_bin_5-1
 - 1.4154e-10	r
 - 1.28304e-10	Background_fail_LOW_bin_3-1
 - 8.68092e-11	Background_rpf_expo_par0
 - 7.76352e-11	Background_rpf_expo_par1
Eigenvalue 15 : -0.00161742
 - -0.995344	r
 - 0.0886774	SVM
 - 0.0358793	Background_fail_HIGH_bin_4-1
 - 0.0102913	Background_fail_HIGH_bin_3-1
 - 0.00398911	Background_fail_HIGH_bin_2-1
>> Attempt 0 failed, remove the variable with largest eigenvector component...
>> Dropping SVM from the hessian
>> Verifying eigenvalues are all positive (iteration 1)
Eigenvalue 13 : -5.55112e-17
 - -1	Background_fail_HIGH_bin_5-1
 - -2.63625e-09	r
 - -1.28227e-10	Background_fail_LOW_bin_3-1
 - -8.66949e-11	Background_rpf_expo_par0
 - -7.75637e-11	Background_rpf_expo_par1
Eigenvalue 14 : -8.75323e-05
 - -0.99927	r
 - 0.0362977	Background_fail_HIGH_bin_4-1
 - 0.0104111	Background_fail_HIGH_bin_3-1
 - 0.00403466	Background_fail_HIGH_bin_2-1
 - 0.00377227	lumi
>> Attempt 1 failed, remove the variable with largest eigenvector component...
>> Dropping Background_fail_HIGH_bin_4-1 from the hessian
>> Verifying eigenvalues are all positive (iteration 2)
>> All eigenvalues are positive
>> Inverting Hessian...
>> Matrix inverted
>> Note: the following parameters were dropped to make the covariance matrix pos-def:
     - SVM
     - Background_fail_HIGH_bin_4-1

 --- FitDiagnostics ---
Best fit r: 3.4123e-10  -3.4123e-10/+10  (68% CL)
Done in 0.00 min (cpu), 0.00 min (real)
