 <<< Combine >>> 
 <<< v10.0.1 >>>
>>> Random number generator seed is 123456
>>> Method used is FitDiagnostics
Set Default Value of Parameter mask_pass_SIG To : 1
Set Default Value of Parameter mask_pass_HIGH To : 1
Set Default Value of Parameter r To : 1
>>> 2 out of 6 channels masked

>> Found 16 floating parameters
>> The following parameters are protected in the event of negative eigenvalues: r
>> Verifying eigenvalues are all positive (iteration 0)
Eigenvalue 14 : -1.11022e-16
 - -1	Background_fail_HIGH_bin_5-1
 - 1.44245e-10	Background_fail_HIGH_bin_2-1
 - -1.31509e-10	Background_fail_LOW_bin_3-1
 - -9.50906e-11	Background_rpf_expo_par0
 - -8.32553e-11	r
Eigenvalue 15 : -0.00960715
 - 0.84009	r
 - -0.293503	Background_fail_HIGH_bin_2-1
 - -0.281056	Background_fail_HIGH_bin_3-1
 - -0.24958	Background_fail_HIGH_bin_4-1
 - -0.212244	Background_fail_HIGH_bin_1-1
>> Attempt 0 failed, remove the variable with largest eigenvector component...
>> Dropping Background_fail_HIGH_bin_2-1 from the hessian
>> Verifying eigenvalues are all positive (iteration 1)
>> All eigenvalues are positive
>> Inverting Hessian...
>> Matrix inverted
>> Note: the following parameters were dropped to make the covariance matrix pos-def:
     - Background_fail_HIGH_bin_2-1

 --- FitDiagnostics ---
Best fit r: 3.79412e-08  -3.79412e-08/+10  (68% CL)
Done in 0.00 min (cpu), 0.00 min (real)
