 <<< Combine >>> 
 <<< v10.0.1 >>>
>>> Random number generator seed is 123456
>>> Method used is FitDiagnostics
Set Default Value of Parameter mask_pass_SIG To : 1
Set Default Value of Parameter mask_pass_HIGH To : 1
Set Default Value of Parameter r To : 1
>>> 2 out of 6 channels masked

>> Found 16 floating parameters
>> The following parameters are protected in the event of negative eigenvalues: r
>> Verifying eigenvalues are all positive (iteration 0)
Eigenvalue 15 : -0.00387274
 - -0.988177	r
 - 0.132731	SVM
 - 0.0723884	Background_fail_HIGH_bin_4-1
 - 0.0236797	Background_fail_HIGH_bin_3-1
 - 0.00800666	Background_fail_HIGH_bin_2-1
>> Attempt 0 failed, remove the variable with largest eigenvector component...
>> Dropping SVM from the hessian
>> Verifying eigenvalues are all positive (iteration 1)
Eigenvalue 14 : -0.000371092
 - 0.996893	r
 - -0.0743094	Background_fail_HIGH_bin_4-1
 - -0.0243071	Background_fail_HIGH_bin_3-1
 - -0.00821473	Background_fail_HIGH_bin_2-1
 - -0.00362809	lumi
>> Attempt 1 failed, remove the variable with largest eigenvector component...
>> Dropping Background_fail_HIGH_bin_4-1 from the hessian
>> Verifying eigenvalues are all positive (iteration 2)
Eigenvalue 13 : -1.11022e-16
 - 1	Background_fail_HIGH_bin_5-1
 - 2.37562e-07	r
 - -5.83606e-09	Background_fail_HIGH_bin_3-1
 - -2.10806e-09	Background_fail_HIGH_bin_2-1
 - -7.52221e-10	lumi
>> Attempt 2 failed, remove the variable with largest eigenvector component...
>> Dropping Background_fail_HIGH_bin_5-1 from the hessian
>> Verifying eigenvalues are all positive (iteration 3)
>> All eigenvalues are positive
>> Inverting Hessian...
>> Matrix inverted
>> Note: the following parameters were dropped to make the covariance matrix pos-def:
     - SVM
     - Background_fail_HIGH_bin_4-1
     - Background_fail_HIGH_bin_5-1

 --- FitDiagnostics ---
Best fit r: 1.30034e-10  -1.30034e-10/+10  (68% CL)
Done in 0.00 min (cpu), 0.00 min (real)
