 <<< Combine >>> 
 <<< v10.0.1 >>>
>>> Random number generator seed is 123456
>>> Method used is FitDiagnostics
Set Default Value of Parameter mask_pass_SIG To : 1
Set Default Value of Parameter mask_pass_HIGH To : 1
Set Default Value of Parameter r To : 1
>>> 2 out of 6 channels masked

>> Found 16 floating parameters
>> The following parameters are protected in the event of negative eigenvalues: r
>> Verifying eigenvalues are all positive (iteration 0)
Eigenvalue 15 : -0.00462519
 - -0.986639	r
 - 0.146452	SVM
 - 0.0680274	Background_fail_HIGH_bin_4-1
 - 0.0198468	Background_fail_HIGH_bin_3-1
 - 0.00734568	Background_fail_HIGH_bin_2-1
>> Attempt 0 failed, remove the variable with largest eigenvector component...
>> Dropping SVM from the hessian
>> Verifying eigenvalues are all positive (iteration 1)
Eigenvalue 14 : -0.000328996
 - -0.99728	r
 - 0.0702431	Background_fail_HIGH_bin_4-1
 - 0.0204922	Background_fail_HIGH_bin_3-1
 - 0.00757997	Background_fail_HIGH_bin_2-1
 - 0.00353927	lumi
>> Attempt 1 failed, remove the variable with largest eigenvector component...
>> Dropping Background_fail_HIGH_bin_4-1 from the hessian
>> Verifying eigenvalues are all positive (iteration 2)
Eigenvalue 13 : -5.55112e-17
 - -1	Background_fail_HIGH_bin_5-1
 - 8.77346e-08	r
 - -1.77292e-09	Background_fail_HIGH_bin_3-1
 - -5.54041e-10	Background_fail_HIGH_bin_2-1
 - -3.49911e-10	lumi
>> Attempt 2 failed, remove the variable with largest eigenvector component...
>> Dropping Background_fail_HIGH_bin_5-1 from the hessian
>> Verifying eigenvalues are all positive (iteration 3)
>> All eigenvalues are positive
>> Inverting Hessian...
>> Matrix inverted
>> Note: the following parameters were dropped to make the covariance matrix pos-def:
     - SVM
     - Background_fail_HIGH_bin_4-1
     - Background_fail_HIGH_bin_5-1

 --- FitDiagnostics ---
Best fit r: 7.9199e-11  -7.9199e-11/+5  (68% CL)
Done in 0.00 min (cpu), 0.00 min (real)
