 <<< Combine >>> 
 <<< v10.0.1 >>>
>>> Random number generator seed is 123456
>>> Method used is FitDiagnostics
Set Default Value of Parameter mask_pass_SIG To : 1
Set Default Value of Parameter mask_pass_HIGH To : 1
Set Default Value of Parameter r To : 1
>>> 2 out of 6 channels masked

>> Found 16 floating parameters
>> The following parameters are protected in the event of negative eigenvalues: r
>> Verifying eigenvalues are all positive (iteration 0)
Eigenvalue 15 : -0.00273171
 - 0.992408	r
 - -0.115357	SVM
 - -0.0406277	Background_fail_HIGH_bin_4-1
 - -0.0115278	Background_fail_HIGH_bin_3-1
 - -0.00442144	Background_fail_HIGH_bin_2-1
>> Attempt 0 failed, remove the variable with largest eigenvector component...
>> Dropping SVM from the hessian
>> Verifying eigenvalues are all positive (iteration 1)
Eigenvalue 14 : -0.000113485
 - 0.999053	r
 - -0.0414375	Background_fail_HIGH_bin_4-1
 - -0.0117573	Background_fail_HIGH_bin_3-1
 - -0.00450776	Background_fail_HIGH_bin_2-1
 - -0.00366256	lumi
>> Attempt 1 failed, remove the variable with largest eigenvector component...
>> Dropping Background_fail_HIGH_bin_4-1 from the hessian
>> Verifying eigenvalues are all positive (iteration 2)
Eigenvalue 13 : -5.55112e-17
 - -1	Background_fail_HIGH_bin_5-1
 - -4.44765e-07	r
 - 5.23716e-09	Background_fail_HIGH_bin_3-1
 - 2.0079e-09	Background_fail_HIGH_bin_2-1
 - 1.63149e-09	lumi
>> Attempt 2 failed, remove the variable with largest eigenvector component...
>> Dropping Background_fail_HIGH_bin_5-1 from the hessian
>> Verifying eigenvalues are all positive (iteration 3)
>> All eigenvalues are positive
>> Inverting Hessian...
>> Matrix inverted
>> Note: the following parameters were dropped to make the covariance matrix pos-def:
     - SVM
     - Background_fail_HIGH_bin_4-1
     - Background_fail_HIGH_bin_5-1

 --- FitDiagnostics ---
Best fit r: 3.06359e-11  -3.06359e-11/+10  (68% CL)
Done in 0.00 min (cpu), 0.00 min (real)
