 <<< Combine >>> 
 <<< v10.0.1 >>>
>>> Random number generator seed is 123456
>>> Method used is FitDiagnostics
Set Default Value of Parameter mask_pass_SIG To : 1
Set Default Value of Parameter mask_pass_HIGH To : 1
Set Default Value of Parameter r To : 1
>>> 2 out of 6 channels masked

>> Found 16 floating parameters
>> The following parameters are protected in the event of negative eigenvalues: r
>> Verifying eigenvalues are all positive (iteration 0)
Eigenvalue 14 : -5.82077e-11
 - -1	Background_fail_HIGH_bin_5-1
 - 2.04136e-10	r
 - -1.81885e-10	Background_fail_LOW_bin_2-1
 - -1.28618e-10	Background_rpf_expo_par0
 - -6.10084e-11	Background_fail_LOW_bin_4-1
Eigenvalue 15 : -0.0018742
 - -0.994684	r
 - 0.0956633	SVM
 - 0.0361562	Background_fail_HIGH_bin_4-1
 - 0.0106167	Background_fail_HIGH_bin_3-1
 - 0.00416234	Background_fail_HIGH_bin_2-1
>> Attempt 0 failed, remove the variable with largest eigenvector component...
>> Dropping SVM from the hessian
>> Verifying eigenvalues are all positive (iteration 1)
Eigenvalue 13 : -5.82076e-11
 - -1	Background_fail_HIGH_bin_5-1
 - 4.3344e-09	r
 - -1.81928e-10	Background_fail_LOW_bin_2-1
 - -1.28758e-10	Background_rpf_expo_par0
 - -1.08764e-10	Background_fail_HIGH_bin_4-1
Eigenvalue 14 : -8.90907e-05
 - -0.999253	r
 - 0.0366479	Background_fail_HIGH_bin_4-1
 - 0.0107608	Background_fail_HIGH_bin_3-1
 - 0.00421779	Background_fail_HIGH_bin_2-1
 - 0.0036376	lumi
>> Attempt 1 failed, remove the variable with largest eigenvector component...
>> Dropping Background_fail_HIGH_bin_4-1 from the hessian
>> Verifying eigenvalues are all positive (iteration 2)
Eigenvalue 13 : -5.82077e-11
 - 1	Background_fail_HIGH_bin_5-1
 - 1.81882e-10	Background_fail_LOW_bin_2-1
 - 1.28608e-10	Background_rpf_expo_par0
 - 1.09969e-10	r
 - 6.0988e-11	Background_fail_LOW_bin_4-1
>> Attempt 2 failed, remove the variable with largest eigenvector component...
>> Dropping Background_fail_HIGH_bin_5-1 from the hessian
>> Verifying eigenvalues are all positive (iteration 3)
>> All eigenvalues are positive
>> Inverting Hessian...
>> Matrix inverted
>> Note: the following parameters were dropped to make the covariance matrix pos-def:
     - SVM
     - Background_fail_HIGH_bin_4-1
     - Background_fail_HIGH_bin_5-1

 --- FitDiagnostics ---
Best fit r: 6.71512e-11  -6.71512e-11/+10  (68% CL)
Done in 0.00 min (cpu), 0.00 min (real)
