 <<< Combine >>> 
 <<< v10.0.1 >>>
>>> Random number generator seed is 123456
>>> Method used is FitDiagnostics
Set Default Value of Parameter mask_pass_SIG To : 1
Set Default Value of Parameter mask_pass_HIGH To : 1
Set Default Value of Parameter r To : 1
>>> 2 out of 6 channels masked

>> Found 16 floating parameters
>> The following parameters are protected in the event of negative eigenvalues: r
>> Verifying eigenvalues are all positive (iteration 0)
Eigenvalue 14 : -5.82077e-11
 - 1	Background_fail_HIGH_bin_5-1
 - -3.74877e-08	r
 - 5.74651e-09	SVM
 - 1.69001e-09	Background_fail_HIGH_bin_4-1
 - 3.02461e-10	Background_fail_HIGH_bin_3-1
Eigenvalue 15 : -0.00456059
 - 0.987924	r
 - -0.148893	SVM
 - -0.0407996	Background_fail_HIGH_bin_4-1
 - -0.0119694	Background_fail_HIGH_bin_3-1
 - -0.00371066	Background_fail_HIGH_bin_2-1
>> Attempt 0 failed, remove the variable with largest eigenvector component...
>> Dropping SVM from the hessian
>> Verifying eigenvalues are all positive (iteration 1)
Eigenvalue 13 : -5.82074e-11
 - 1	Background_fail_HIGH_bin_5-1
 - -1.47447e-06	r
 - 6.23952e-08	Background_fail_HIGH_bin_4-1
 - 1.81107e-08	Background_fail_HIGH_bin_3-1
 - 5.64156e-09	Background_fail_HIGH_bin_2-1
Eigenvalue 14 : -0.000117877
 - 0.999018	r
 - -0.0421783	Background_fail_HIGH_bin_4-1
 - -0.0123733	Background_fail_HIGH_bin_3-1
 - -0.00383345	Background_fail_HIGH_bin_2-1
 - -0.00379091	lumi
>> Attempt 1 failed, remove the variable with largest eigenvector component...
>> Dropping Background_fail_HIGH_bin_4-1 from the hessian
>> Verifying eigenvalues are all positive (iteration 2)
Eigenvalue 13 : -5.82077e-11
 - 1	Background_fail_HIGH_bin_5-1
 - 7.38413e-07	r
 - -9.31307e-09	Background_fail_HIGH_bin_3-1
 - -2.85465e-09	Background_fail_HIGH_bin_2-1
 - -2.80373e-09	lumi
>> Attempt 2 failed, remove the variable with largest eigenvector component...
>> Dropping Background_fail_HIGH_bin_5-1 from the hessian
>> Verifying eigenvalues are all positive (iteration 3)
>> All eigenvalues are positive
>> Inverting Hessian...
>> Matrix inverted
>> Note: the following parameters were dropped to make the covariance matrix pos-def:
     - SVM
     - Background_fail_HIGH_bin_4-1
     - Background_fail_HIGH_bin_5-1

 --- FitDiagnostics ---
Best fit r: 5.27635e-09  -5.27635e-09/+5  (68% CL)
Done in 0.00 min (cpu), 0.00 min (real)
