 <<< Combine >>> 
 <<< v10.0.1 >>>
>>> Random number generator seed is 123456
>>> Method used is FitDiagnostics
Set Default Value of Parameter mask_pass_SIG To : 1
Set Default Value of Parameter mask_pass_HIGH To : 1
Set Default Value of Parameter r To : 1
>>> 2 out of 6 channels masked

>> Found 16 floating parameters
>> The following parameters are protected in the event of negative eigenvalues: r
>> Verifying eigenvalues are all positive (iteration 0)
Eigenvalue 14 : -5.55112e-17
 - -1	Background_fail_HIGH_bin_5-1
 - 7.50911e-10	r
 - -1.46305e-10	Background_fail_HIGH_bin_1-1
 - -1.32532e-10	Background_fail_LOW_bin_3-1
 - -1.12953e-10	Background_fail_HIGH_bin_3-1
Eigenvalue 15 : -0.00204657
 - 0.993569	r
 - -0.097174	SVM
 - -0.0542926	Background_fail_HIGH_bin_4-1
 - -0.0189463	Background_fail_HIGH_bin_3-1
 - -0.00712974	Background_fail_HIGH_bin_2-1
>> Attempt 0 failed, remove the variable with largest eigenvector component...
>> Dropping SVM from the hessian
>> Verifying eigenvalues are all positive (iteration 1)
Eigenvalue 14 : -0.000202482
 - -0.998261	r
 - 0.055054	Background_fail_HIGH_bin_4-1
 - 0.0192116	Background_fail_HIGH_bin_3-1
 - 0.00722767	Background_fail_HIGH_bin_2-1
 - 0.00365139	lumi
>> Attempt 1 failed, remove the variable with largest eigenvector component...
>> Dropping Background_fail_HIGH_bin_4-1 from the hessian
>> Verifying eigenvalues are all positive (iteration 2)
>> All eigenvalues are positive
>> Inverting Hessian...
>> Matrix inverted
>> Note: the following parameters were dropped to make the covariance matrix pos-def:
     - SVM
     - Background_fail_HIGH_bin_4-1

 --- FitDiagnostics ---
Best fit r: 1.37099e-12  -1.37099e-12/+10  (68% CL)
Done in 0.00 min (cpu), 0.00 min (real)
