CascadeMinimizer.cc[188] : (in function: improveOnce) - Minimization configured with Type=Minuit2, Algo=Migrad, strategy=0, tolerance=0.1
CascadeMinimizer.cc[215] : (in function: improveOnce) - Minimization finished with status=0
CascadeMinimizer.cc[219] : (in function: improveOnce) - Minimization success! status=0
ToyMCSamplerOpt.cc[146] : (in function: generateAsimov) - Using internal logic for binned/unbinned Asimov dataset generation
ToyMCSamplerOpt.cc[214] : (in function: generateWithHisto) - Generating asimov with histogram for pdf pdf_binpass_LOW_obsOnly: in 4 x-bins
ToyMCSamplerOpt.cc[215] : (in function: generateWithHisto) -  , in 1 y-bins
ToyMCSamplerOpt.cc[146] : (in function: generateAsimov) - Using internal logic for binned/unbinned Asimov dataset generation
ToyMCSamplerOpt.cc[214] : (in function: generateWithHisto) - Generating asimov with histogram for pdf pdf_binpass_SIG_obsOnly: in 2 x-bins
ToyMCSamplerOpt.cc[215] : (in function: generateWithHisto) -  , in 1 y-bins
ToyMCSamplerOpt.cc[146] : (in function: generateAsimov) - Using internal logic for binned/unbinned Asimov dataset generation
ToyMCSamplerOpt.cc[214] : (in function: generateWithHisto) - Generating asimov with histogram for pdf pdf_binpass_HIGH_obsOnly: in 5 x-bins
ToyMCSamplerOpt.cc[215] : (in function: generateWithHisto) -  , in 1 y-bins
ToyMCSamplerOpt.cc[146] : (in function: generateAsimov) - Using internal logic for binned/unbinned Asimov dataset generation
ToyMCSamplerOpt.cc[214] : (in function: generateWithHisto) - Generating asimov with histogram for pdf pdf_binfail_LOW_obsOnly: in 4 x-bins
ToyMCSamplerOpt.cc[215] : (in function: generateWithHisto) -  , in 1 y-bins
ToyMCSamplerOpt.cc[146] : (in function: generateAsimov) - Using internal logic for binned/unbinned Asimov dataset generation
ToyMCSamplerOpt.cc[214] : (in function: generateWithHisto) - Generating asimov with histogram for pdf pdf_binfail_SIG_obsOnly: in 2 x-bins
ToyMCSamplerOpt.cc[215] : (in function: generateWithHisto) -  , in 1 y-bins
ToyMCSamplerOpt.cc[146] : (in function: generateAsimov) - Using internal logic for binned/unbinned Asimov dataset generation
ToyMCSamplerOpt.cc[214] : (in function: generateWithHisto) - Generating asimov with histogram for pdf pdf_binfail_HIGH_obsOnly: in 5 x-bins
ToyMCSamplerOpt.cc[215] : (in function: generateWithHisto) -  , in 1 y-bins
AsymptoticLimits.cc[428] : (in function: runLimitExpected) - Median for expected limits = 0.00512695, Sigma for expected limits = 0.00261584
AsymptoticLimits.cc[191] : (in function: runLimit) - NLL at global minimum of data = -112860 (r=4.81925e-12)
AsymptoticLimits.cc[211] : (in function: runLimit) - NLL at global minimum of asimov = -112849 (r=1.45919e-05)
AsymptoticLimits.cc[337] : (in function: getCLs) - At r = 1.200000:	q_mu = 4113.03825	q_A  = 4087.23126	Pmu = 0.00000	1-Pb  = 0.42002	CLs  = 0.00000
AsymptoticLimits.cc[337] : (in function: getCLs) - At r = 0.600000:	q_mu = 1963.68485	q_A  = 1947.57276	Pmu = 0.00000	1-Pb  = 0.42758	CLs  = 0.00000
AsymptoticLimits.cc[337] : (in function: getCLs) - At r = 0.300000:	q_mu = 930.93226	q_A  = 923.84471	Pmu = 0.00000	1-Pb  = 0.45359	CLs  = 0.00000
AsymptoticLimits.cc[337] : (in function: getCLs) - At r = 0.150000:	q_mu = 436.99106	q_A  = 434.84765	Pmu = 0.00000	1-Pb  = 0.47951	CLs  = 0.00000
AsymptoticLimits.cc[337] : (in function: getCLs) - At r = 0.075000:	q_mu = 197.34557	q_A  = 194.84257	Pmu = 0.00000	1-Pb  = 0.46428	CLs  = 0.00000
AsymptoticLimits.cc[337] : (in function: getCLs) - At r = 0.037500:	q_mu = 83.69677	q_A  = 80.53450	Pmu = 0.00000	1-Pb  = 0.43007	CLs  = 0.00000
AsymptoticLimits.cc[337] : (in function: getCLs) - At r = 0.018750:	q_mu = 32.61335	q_A  = 29.23355	Pmu = 0.00000	1-Pb  = 0.37731	CLs  = 0.00000
AsymptoticLimits.cc[337] : (in function: getCLs) - At r = 0.009375:	q_mu = 11.98296	q_A  = 8.94769	Pmu = 0.00023	1-Pb  = 0.30595	CLs  = 0.00076
AsymptoticLimits.cc[337] : (in function: getCLs) - At r = 0.004688:	q_mu = 6.08936	q_A  = 3.44042	Pmu = 0.00510	1-Pb  = 0.23759	CLs  = 0.02147
AsymptoticLimits.cc[337] : (in function: getCLs) - At r = 0.002344:	q_mu = 3.18193	q_A  = 1.18126	Pmu = 0.02236	1-Pb  = 0.17868	CLs  = 0.12515
AsymptoticLimits.cc[337] : (in function: getCLs) - At r = 0.003320:	q_mu = 4.53744	q_A  = 2.23836	Pmu = 0.01177	1-Pb  = 0.22114	CLs  = 0.05324
AsymptoticLimits.cc[337] : (in function: getCLs) - At r = 0.003669:	q_mu = 4.98580	q_A  = 2.44350	Pmu = 0.00874	1-Pb  = 0.20805	CLs  = 0.04202
AsymptoticLimits.cc[337] : (in function: getCLs) - At r = 0.003463:	q_mu = 4.72542	q_A  = 2.23941	Pmu = 0.00998	1-Pb  = 0.20309	CLs  = 0.04914
AsymptoticLimits.cc[337] : (in function: getCLs) - At r = 0.003410:	q_mu = 4.65572	q_A  = 2.18622	Pmu = 0.01034	1-Pb  = 0.20183	CLs  = 0.05124
AsymptoticLimits.cc[337] : (in function: getCLs) - At r = 0.003435:	q_mu = 4.68849	q_A  = 2.21117	Pmu = 0.01017	1-Pb  = 0.20242	CLs  = 0.05024
AsymptoticLimits.cc[337] : (in function: getCLs) - At r = 0.003446:	q_mu = 4.70236	q_A  = 2.22173	Pmu = 0.01010	1-Pb  = 0.20267	CLs  = 0.04983
AsymptoticLimits.cc[337] : (in function: getCLs) - At r = 0.003440:	q_mu = 4.69495	q_A  = 2.21608	Pmu = 0.01014	1-Pb  = 0.20254	CLs  = 0.05005
AsymptoticLimits.cc[337] : (in function: getCLs) - At r = 0.003442:	q_mu = 4.69774	q_A  = 2.21821	Pmu = 0.01012	1-Pb  = 0.20259	CLs  = 0.04997
