CascadeMinimizer.cc[188] : (in function: improveOnce) - Minimization configured with Type=Minuit2, Algo=Migrad, strategy=1, tolerance=0.1
CascadeMinimizer.cc[215] : (in function: improveOnce) - Minimization finished with status=0
CascadeMinimizer.cc[219] : (in function: improveOnce) - Minimization success! status=0
ToyMCSamplerOpt.cc[146] : (in function: generateAsimov) - Using internal logic for binned/unbinned Asimov dataset generation
ToyMCSamplerOpt.cc[214] : (in function: generateWithHisto) - Generating asimov with histogram for pdf pdf_binpass_LOW_obsOnly: in 4 x-bins
ToyMCSamplerOpt.cc[215] : (in function: generateWithHisto) -  , in 1 y-bins
ToyMCSamplerOpt.cc[146] : (in function: generateAsimov) - Using internal logic for binned/unbinned Asimov dataset generation
ToyMCSamplerOpt.cc[214] : (in function: generateWithHisto) - Generating asimov with histogram for pdf pdf_binpass_SIG_obsOnly: in 2 x-bins
ToyMCSamplerOpt.cc[215] : (in function: generateWithHisto) -  , in 1 y-bins
ToyMCSamplerOpt.cc[146] : (in function: generateAsimov) - Using internal logic for binned/unbinned Asimov dataset generation
ToyMCSamplerOpt.cc[214] : (in function: generateWithHisto) - Generating asimov with histogram for pdf pdf_binpass_HIGH_obsOnly: in 11 x-bins
ToyMCSamplerOpt.cc[215] : (in function: generateWithHisto) -  , in 1 y-bins
ToyMCSamplerOpt.cc[146] : (in function: generateAsimov) - Using internal logic for binned/unbinned Asimov dataset generation
ToyMCSamplerOpt.cc[214] : (in function: generateWithHisto) - Generating asimov with histogram for pdf pdf_binfail_LOW_obsOnly: in 4 x-bins
ToyMCSamplerOpt.cc[215] : (in function: generateWithHisto) -  , in 1 y-bins
ToyMCSamplerOpt.cc[146] : (in function: generateAsimov) - Using internal logic for binned/unbinned Asimov dataset generation
ToyMCSamplerOpt.cc[214] : (in function: generateWithHisto) - Generating asimov with histogram for pdf pdf_binfail_SIG_obsOnly: in 2 x-bins
ToyMCSamplerOpt.cc[215] : (in function: generateWithHisto) -  , in 1 y-bins
ToyMCSamplerOpt.cc[146] : (in function: generateAsimov) - Using internal logic for binned/unbinned Asimov dataset generation
ToyMCSamplerOpt.cc[214] : (in function: generateWithHisto) - Generating asimov with histogram for pdf pdf_binfail_HIGH_obsOnly: in 11 x-bins
ToyMCSamplerOpt.cc[215] : (in function: generateWithHisto) -  , in 1 y-bins
AsymptoticLimits.cc[428] : (in function: runLimitExpected) - Median for expected limits = 0.000244141, Sigma for expected limits = 0.000124564
AsymptoticLimits.cc[191] : (in function: runLimit) - NLL at global minimum of data = -1.15834e+06 (r=1.49742e-09)
AsymptoticLimits.cc[211] : (in function: runLimit) - NLL at global minimum of asimov = -1.15831e+06 (r=1.33654e-07)
AsymptoticLimits.cc[337] : (in function: getCLs) - At r = 1.200000:	q_mu = 1014981.44619	q_A  = 1014954.26438	Pmu = 0.00000	1-Pb  = 0.49462	CLs  = 0.00000
AsymptoticLimits.cc[337] : (in function: getCLs) - At r = 0.600000:	q_mu = 481418.12628	q_A  = 481337.86554	Pmu = 0.00000	1-Pb  = 0.47694	CLs  = 0.00000
AsymptoticLimits.cc[337] : (in function: getCLs) - At r = 0.300000:	q_mu = 223851.89786	q_A  = 223707.44560	Pmu = 0.00000	1-Pb  = 0.43932	CLs  = 0.00000
AsymptoticLimits.cc[337] : (in function: getCLs) - At r = 0.150000:	q_mu = 101672.25300	q_A  = 101506.23967	Pmu = 0.00000	1-Pb  = 0.39723	CLs  = 0.00000
AsymptoticLimits.cc[337] : (in function: getCLs) - At r = 0.075000:	q_mu = 42154.47585	q_A  = 42063.32447	Pmu = 0.00000	1-Pb  = 0.41207	CLs  = 0.00000
AsymptoticLimits.cc[337] : (in function: getCLs) - At r = 0.037500:	q_mu = 17572.26989	q_A  = 17471.06246	Pmu = 0.00000	1-Pb  = 0.35092	CLs  = 0.00000
AsymptoticLimits.cc[337] : (in function: getCLs) - At r = 0.018750:	q_mu = 6692.66637	q_A  = 6603.33079	Pmu = 0.00000	1-Pb  = 0.29127	CLs  = 0.00000
AsymptoticLimits.cc[337] : (in function: getCLs) - At r = 0.009375:	q_mu = 2371.17829	q_A  = 2312.32752	Pmu = 0.00000	1-Pb  = 0.27029	CLs  = 0.00000
AsymptoticLimits.cc[337] : (in function: getCLs) - At r = 0.004688:	q_mu = 725.20104	q_A  = 696.19563	Pmu = 0.00000	1-Pb  = 0.29128	CLs  = 0.00000
AsymptoticLimits.cc[337] : (in function: getCLs) - At r = 0.002344:	q_mu = 189.17206	q_A  = 179.69524	Pmu = 0.00000	1-Pb  = 0.36186	CLs  = 0.00000
AsymptoticLimits.cc[337] : (in function: getCLs) - At r = 0.001172:	q_mu = 33.77417	q_A  = 33.69170	Pmu = 0.00000	1-Pb  = 0.49717	CLs  = 0.00000
AsymptoticLimits.cc[337] : (in function: getCLs) - At r = 0.000586:	q_mu = 9.05257	q_A  = 9.82330	Pmu = 0.00131	1-Pb  = 0.54992	CLs  = 0.00239
AsymptoticLimits.cc[337] : (in function: getCLs) - At r = 0.000293:	q_mu = 4.89682	q_A  = 4.65979	Pmu = 0.01343	1-Pb  = 0.47811	CLs  = 0.02809
AsymptoticLimits.cc[337] : (in function: getCLs) - At r = 0.000146:	q_mu = 4.81572	q_A  = 2.00902	Pmu = 0.00803	1-Pb  = 0.16107	CLs  = 0.04986
AsymptoticLimits.cc[337] : (in function: getCLs) - At r = 0.000073:	q_mu = 2.82595	q_A  = 0.61307	Pmu = 0.01404	1-Pb  = 0.07881	CLs  = 0.17818
AsymptoticLimits.cc[337] : (in function: getCLs) - At r = 0.000110:	q_mu = 4.02789	q_A  = 1.26561	Pmu = 0.00932	1-Pb  = 0.10978	CLs  = 0.08489
AsymptoticLimits.cc[337] : (in function: getCLs) - At r = 0.000139:	q_mu = 4.69363	q_A  = 1.85502	Pmu = 0.00811	1-Pb  = 0.14869	CLs  = 0.05452
AsymptoticLimits.cc[337] : (in function: getCLs) - At r = 0.000145:	q_mu = 4.79007	q_A  = 1.97443	Pmu = 0.00804	1-Pb  = 0.15819	CLs  = 0.05083
