 <<< Combine >>> 
 <<< v10.0.1 >>>
>>> Random number generator seed is 123456
>>> Method used is FitDiagnostics
Set Default Value of Parameter mask_pass_SIG To : 1
Set Default Value of Parameter mask_pass_HIGH To : 1
Set Default Value of Parameter r To : 1
>>> 2 out of 6 channels masked

>> Found 16 floating parameters
>> The following parameters are protected in the event of negative eigenvalues: r
>> Verifying eigenvalues are all positive (iteration 0)
Eigenvalue 14 : -5.82076e-11
 - -1	Background_fail_HIGH_bin_5-1
 - 4.27069e-08	r
 - -6.88523e-09	SVM
 - -1.84744e-09	Background_fail_HIGH_bin_4-1
 - -4.17019e-10	Background_fail_HIGH_bin_3-1
Eigenvalue 15 : -0.00502692
 - -0.986705	r
 - 0.155862	SVM
 - 0.0437666	Background_fail_HIGH_bin_4-1
 - 0.0130515	Background_fail_HIGH_bin_3-1
 - 0.00428966	Background_fail_HIGH_bin_2-1
>> Attempt 0 failed, remove the variable with largest eigenvector component...
>> Dropping SVM from the hessian
>> Verifying eigenvalues are all positive (iteration 1)
Eigenvalue 13 : -5.82073e-11
 - 1	Background_fail_HIGH_bin_5-1
 - -1.60507e-06	r
 - 7.28988e-08	Background_fail_HIGH_bin_4-1
 - 2.16038e-08	Background_fail_HIGH_bin_3-1
 - 7.18183e-09	Background_fail_HIGH_bin_2-1
Eigenvalue 14 : -0.00013643
 - 0.998859	r
 - -0.0453938	Background_fail_HIGH_bin_4-1
 - -0.013536	Background_fail_HIGH_bin_3-1
 - -0.00444583	Background_fail_HIGH_bin_2-1
 - -0.00371775	lumi
>> Attempt 1 failed, remove the variable with largest eigenvector component...
>> Dropping Background_fail_HIGH_bin_4-1 from the hessian
>> Verifying eigenvalues are all positive (iteration 2)
Eigenvalue 13 : -5.82078e-11
 - 1	Background_fail_HIGH_bin_5-1
 - 7.95481e-07	r
 - -1.09494e-08	Background_fail_HIGH_bin_3-1
 - -3.5099e-09	Background_fail_HIGH_bin_2-1
 - -2.84885e-09	lumi
>> Attempt 2 failed, remove the variable with largest eigenvector component...
>> Dropping Background_fail_HIGH_bin_5-1 from the hessian
>> Verifying eigenvalues are all positive (iteration 3)
>> All eigenvalues are positive
>> Inverting Hessian...
>> Matrix inverted
>> Note: the following parameters were dropped to make the covariance matrix pos-def:
     - SVM
     - Background_fail_HIGH_bin_4-1
     - Background_fail_HIGH_bin_5-1

 --- FitDiagnostics ---
Best fit r: 3.93484e-09  -3.93484e-09/+10  (68% CL)
Done in 0.00 min (cpu), 0.00 min (real)
