 <<< Combine >>> 
 <<< v10.0.1 >>>
>>> Random number generator seed is 123456
>>> Method used is FitDiagnostics
Set Default Value of Parameter mask_pass_SIG To : 1
Set Default Value of Parameter mask_pass_HIGH To : 1
Set Default Value of Parameter r To : 1
>>> 2 out of 6 channels masked

>> Found 16 floating parameters
>> The following parameters are protected in the event of negative eigenvalues: r
>> Verifying eigenvalues are all positive (iteration 0)
Eigenvalue 14 : -5.82077e-11
 - -1	Background_fail_HIGH_bin_5-1
 - -7.29196e-10	r
 - 1.82617e-10	Background_fail_LOW_bin_2-1
 - 1.81115e-10	Background_fail_LOW_bin_3-1
 - 1.54535e-10	lumi
Eigenvalue 15 : -0.00401685
 - -0.98415	r
 - 0.121029	SVM
 - 0.119995	Background_fail_HIGH_bin_4-1
 - 0.0447928	Background_fail_HIGH_bin_3-1
 - 0.0179787	Background_fail_HIGH_bin_2-1
>> Attempt 0 failed, remove the variable with largest eigenvector component...
>> Dropping SVM from the hessian
>> Verifying eigenvalues are all positive (iteration 1)
Eigenvalue 13 : -5.82077e-11
 - 1	Background_fail_HIGH_bin_5-1
 - -5.54733e-10	r
 - -1.82597e-10	Background_fail_LOW_bin_2-1
 - -1.80984e-10	Background_fail_LOW_bin_3-1
 - -1.50164e-10	lumi
Eigenvalue 14 : -0.0011124
 - -0.991197	r
 - 0.122561	Background_fail_HIGH_bin_4-1
 - 0.0457667	Background_fail_HIGH_bin_3-1
 - 0.0183621	Background_fail_HIGH_bin_2-1
 - 0.00742189	Background_fail_HIGH_bin_1-1
>> Attempt 1 failed, remove the variable with largest eigenvector component...
>> Dropping Background_fail_HIGH_bin_4-1 from the hessian
>> Verifying eigenvalues are all positive (iteration 2)
Eigenvalue 13 : -5.82076e-11
 - -1	Background_fail_HIGH_bin_5-1
 - 3.2213e-10	r
 - 1.82601e-10	Background_fail_LOW_bin_2-1
 - 1.81008e-10	Background_fail_LOW_bin_3-1
 - 1.50956e-10	lumi
>> Attempt 2 failed, remove the variable with largest eigenvector component...
>> Dropping Background_fail_HIGH_bin_5-1 from the hessian
>> Verifying eigenvalues are all positive (iteration 3)
>> All eigenvalues are positive
>> Inverting Hessian...
>> Matrix inverted
>> Note: the following parameters were dropped to make the covariance matrix pos-def:
     - SVM
     - Background_fail_HIGH_bin_4-1
     - Background_fail_HIGH_bin_5-1

 --- FitDiagnostics ---
Best fit r: 3.23687e-11  -3.23687e-11/+10  (68% CL)
Done in 0.00 min (cpu), 0.00 min (real)
