 <<< Combine >>> 
 <<< v10.0.1 >>>
>>> Random number generator seed is 123456
>>> Method used is FitDiagnostics
Set Default Value of Parameter mask_pass_SIG To : 1
Set Default Value of Parameter mask_pass_HIGH To : 1
Set Default Value of Parameter r To : 1
>>> 2 out of 6 channels masked

>> Found 16 floating parameters
>> The following parameters are protected in the event of negative eigenvalues: r
>> Verifying eigenvalues are all positive (iteration 0)
Eigenvalue 14 : -5.82077e-11
 - -1	Background_fail_HIGH_bin_5-1
 - 7.30224e-08	r
 - -9.32131e-09	SVM
 - -2.87538e-09	Background_fail_HIGH_bin_4-1
 - -1.06994e-09	Background_fail_HIGH_bin_3-1
Eigenvalue 15 : -0.00309867
 - 0.991512	r
 - -0.123026	SVM
 - -0.0397104	Background_fail_HIGH_bin_4-1
 - -0.0125498	Background_fail_HIGH_bin_3-1
 - -0.0042225	Background_fail_HIGH_bin_2-1
>> Attempt 0 failed, remove the variable with largest eigenvector component...
>> Dropping SVM from the hessian
>> Verifying eigenvalues are all positive (iteration 1)
Eigenvalue 13 : -5.82072e-11
 - -1	Background_fail_HIGH_bin_5-1
 - 2.12215e-06	r
 - -8.62214e-08	Background_fail_HIGH_bin_4-1
 - -2.74091e-08	Background_fail_HIGH_bin_3-1
 - -9.30608e-09	Background_fail_HIGH_bin_2-1
Eigenvalue 14 : -0.000109581
 - 0.999075	r
 - -0.040614	Background_fail_HIGH_bin_4-1
 - -0.0128349	Background_fail_HIGH_bin_3-1
 - -0.00431659	Background_fail_HIGH_bin_2-1
 - -0.00369271	lumi
>> Attempt 1 failed, remove the variable with largest eigenvector component...
>> Dropping Background_fail_HIGH_bin_4-1 from the hessian
>> Verifying eigenvalues are all positive (iteration 2)
Eigenvalue 13 : -5.82079e-11
 - 1	Background_fail_HIGH_bin_5-1
 - 1.05818e-06	r
 - -1.34704e-08	Background_fail_HIGH_bin_3-1
 - -4.44214e-09	Background_fail_HIGH_bin_2-1
 - -3.76135e-09	lumi
>> Attempt 2 failed, remove the variable with largest eigenvector component...
>> Dropping Background_fail_HIGH_bin_5-1 from the hessian
>> Verifying eigenvalues are all positive (iteration 3)
>> All eigenvalues are positive
>> Inverting Hessian...
>> Matrix inverted
>> Note: the following parameters were dropped to make the covariance matrix pos-def:
     - SVM
     - Background_fail_HIGH_bin_4-1
     - Background_fail_HIGH_bin_5-1

 --- FitDiagnostics ---
Best fit r: 9.61174e-10  -9.61174e-10/+10  (68% CL)
Done in 0.00 min (cpu), 0.00 min (real)
