CascadeMinimizer.cc[188] : (in function: improveOnce) - Minimization configured with Type=Minuit2, Algo=Migrad, strategy=0, tolerance=0.1
CascadeMinimizer.cc[215] : (in function: improveOnce) - Minimization finished with status=0
CascadeMinimizer.cc[219] : (in function: improveOnce) - Minimization success! status=0
CascadeMinimizer.cc[188] : (in function: improveOnce) - Minimization configured with Type=Minuit2, Algo=Migrad, strategy=0, tolerance=0.1
CascadeMinimizer.cc[215] : (in function: improveOnce) - Minimization finished with status=0
CascadeMinimizer.cc[219] : (in function: improveOnce) - Minimization success! status=0
CascadeMinimizer.cc[188] : (in function: improveOnce) - Minimization configured with Type=Minuit2, Algo=Migrad, strategy=0, tolerance=0.1
CascadeMinimizer.cc[215] : (in function: improveOnce) - Minimization finished with status=0
CascadeMinimizer.cc[219] : (in function: improveOnce) - Minimization success! status=0
utils.cc[1040] : (in function: anyParameterAtBoundaries) - [WARNING] Found parameter Background_fail_LOW_bin_1-2 at boundary (within ~1sigma): 0.0140993+/-0.0611678
utils.cc[1040] : (in function: anyParameterAtBoundaries) - [WARNING] Found parameter Background_fail_LOW_bin_10-1 at boundary (within ~1sigma): 0.0759694+/-0.207871
utils.cc[1040] : (in function: anyParameterAtBoundaries) - [WARNING] Found parameter Background_fail_LOW_bin_10-2 at boundary (within ~1sigma): 0.000113213+/-0.238082
utils.cc[1040] : (in function: anyParameterAtBoundaries) - [WARNING] Found parameter Background_fail_LOW_bin_2-2 at boundary (within ~1sigma): 0.00733143+/-0.139023
utils.cc[1040] : (in function: anyParameterAtBoundaries) - [WARNING] Found parameter Background_fail_LOW_bin_3-2 at boundary (within ~1sigma): 0.00317502+/-0.115695
utils.cc[1040] : (in function: anyParameterAtBoundaries) - [WARNING] Found parameter Background_fail_LOW_bin_4-2 at boundary (within ~1sigma): 0.00216679+/-0.128051
utils.cc[1040] : (in function: anyParameterAtBoundaries) - [WARNING] Found parameter Background_fail_LOW_bin_5-2 at boundary (within ~1sigma): 0.00182649+/-0.185773
utils.cc[1040] : (in function: anyParameterAtBoundaries) - [WARNING] Found parameter Background_fail_LOW_bin_6-1 at boundary (within ~1sigma): 0.566938+/-0.635011
utils.cc[1040] : (in function: anyParameterAtBoundaries) - [WARNING] Found parameter Background_fail_LOW_bin_6-2 at boundary (within ~1sigma): 0.00167573+/-0.245425
utils.cc[1040] : (in function: anyParameterAtBoundaries) - [WARNING] Found parameter Background_fail_LOW_bin_7-1 at boundary (within ~1sigma): 0.336929+/-0.445339
utils.cc[1040] : (in function: anyParameterAtBoundaries) - [WARNING] Found parameter Background_fail_LOW_bin_7-2 at boundary (within ~1sigma): 0.000797795+/-0.16203
utils.cc[1040] : (in function: anyParameterAtBoundaries) - [WARNING] Found parameter Background_fail_LOW_bin_8-1 at boundary (within ~1sigma): 0.19786+/-0.364205
utils.cc[1040] : (in function: anyParameterAtBoundaries) - [WARNING] Found parameter Background_fail_LOW_bin_8-2 at boundary (within ~1sigma): 0.000740525+/-0.254304
utils.cc[1040] : (in function: anyParameterAtBoundaries) - [WARNING] Found parameter Background_fail_LOW_bin_9-1 at boundary (within ~1sigma): 0.116774+/-0.257158
utils.cc[1040] : (in function: anyParameterAtBoundaries) - [WARNING] Found parameter Background_fail_LOW_bin_9-2 at boundary (within ~1sigma): 0.000625657+/-0.381129
utils.cc[1040] : (in function: anyParameterAtBoundaries) - [WARNING] Found parameter Background_fail_SIG_bin_1-1 at boundary (within ~1sigma): 0.137558+/-0.39287
utils.cc[1040] : (in function: anyParameterAtBoundaries) - [WARNING] Found parameter Background_fail_HIGH_bin_1-1 at boundary (within ~1sigma): 6.88524e-05+/-0.1509
CascadeMinimizer.cc[483] : (in function: minimize) - [WARNING] After fit, some parameters are found at the boundary (within ~1sigma)
CascadeMinimizer.cc[188] : (in function: improveOnce) - Minimization configured with Type=Minuit2, Algo=Migrad, strategy=0, tolerance=0.1
CascadeMinimizer.cc[215] : (in function: improveOnce) - Minimization finished with status=0
CascadeMinimizer.cc[219] : (in function: improveOnce) - Minimization success! status=0
FitDiagnostics.cc[318] : (in function: runSpecific) -  Fit B-only, status = 0, numBadNLL = 0, covariance quality = -1
CascadeMinimizer.cc[188] : (in function: improveOnce) - Minimization configured with Type=Minuit2, Algo=Migrad, strategy=0, tolerance=0.1
CascadeMinimizer.cc[215] : (in function: improveOnce) - Minimization finished with status=0
CascadeMinimizer.cc[219] : (in function: improveOnce) - Minimization success! status=0
utils.cc[1040] : (in function: anyParameterAtBoundaries) - [WARNING] Found parameter Background_fail_LOW_bin_1-2 at boundary (within ~1sigma): 0.0142041+/-0.154066
utils.cc[1040] : (in function: anyParameterAtBoundaries) - [WARNING] Found parameter Background_fail_LOW_bin_10-1 at boundary (within ~1sigma): 0.0757856+/-0.210014
utils.cc[1040] : (in function: anyParameterAtBoundaries) - [WARNING] Found parameter Background_fail_LOW_bin_10-2 at boundary (within ~1sigma): 0.000104691+/-0.13811
utils.cc[1040] : (in function: anyParameterAtBoundaries) - [WARNING] Found parameter Background_fail_LOW_bin_2-2 at boundary (within ~1sigma): 0.0072398+/-0.169895
utils.cc[1040] : (in function: anyParameterAtBoundaries) - [WARNING] Found parameter Background_fail_LOW_bin_3-2 at boundary (within ~1sigma): 0.00316345+/-0.168136
utils.cc[1040] : (in function: anyParameterAtBoundaries) - [WARNING] Found parameter Background_fail_LOW_bin_4-2 at boundary (within ~1sigma): 0.00180855+/-0.109631
utils.cc[1040] : (in function: anyParameterAtBoundaries) - [WARNING] Found parameter Background_fail_LOW_bin_5-2 at boundary (within ~1sigma): 0.00151907+/-0.101911
utils.cc[1040] : (in function: anyParameterAtBoundaries) - [WARNING] Found parameter Background_fail_LOW_bin_6-1 at boundary (within ~1sigma): 0.56838+/-0.623251
utils.cc[1040] : (in function: anyParameterAtBoundaries) - [WARNING] Found parameter Background_fail_LOW_bin_6-2 at boundary (within ~1sigma): 0.00161024+/-0.014152
utils.cc[1040] : (in function: anyParameterAtBoundaries) - [WARNING] Found parameter Background_fail_LOW_bin_7-1 at boundary (within ~1sigma): 0.33637+/-0.597809
utils.cc[1040] : (in function: anyParameterAtBoundaries) - [WARNING] Found parameter Background_fail_LOW_bin_7-2 at boundary (within ~1sigma): 0.000798637+/-0.296494
utils.cc[1040] : (in function: anyParameterAtBoundaries) - [WARNING] Found parameter Background_fail_LOW_bin_8-1 at boundary (within ~1sigma): 0.198665+/-0.448555
utils.cc[1040] : (in function: anyParameterAtBoundaries) - [WARNING] Found parameter Background_fail_LOW_bin_8-2 at boundary (within ~1sigma): 0.000693916+/-0.326353
utils.cc[1040] : (in function: anyParameterAtBoundaries) - [WARNING] Found parameter Background_fail_LOW_bin_9-1 at boundary (within ~1sigma): 0.115779+/-0.279357
utils.cc[1040] : (in function: anyParameterAtBoundaries) - [WARNING] Found parameter Background_fail_LOW_bin_9-2 at boundary (within ~1sigma): 0.000602932+/-0.127748
utils.cc[1040] : (in function: anyParameterAtBoundaries) - [WARNING] Found parameter Background_fail_SIG_bin_1-1 at boundary (within ~1sigma): 0.138233+/-0.287686
utils.cc[1040] : (in function: anyParameterAtBoundaries) - [WARNING] Found parameter Background_fail_HIGH_bin_1-1 at boundary (within ~1sigma): 9.85127e-05+/-0.125166
CascadeMinimizer.cc[483] : (in function: minimize) - [WARNING] After fit, some parameters are found at the boundary (within ~1sigma)
CascadeMinimizer.cc[188] : (in function: improveOnce) - Minimization configured with Type=Minuit2, Algo=Migrad, strategy=0, tolerance=0.1
CascadeMinimizer.cc[215] : (in function: improveOnce) - Minimization finished with status=0
CascadeMinimizer.cc[219] : (in function: improveOnce) - Minimization success! status=0
FitterAlgoBase.cc[344] : (in function: doFit) - Running Minos for POI r
FitDiagnostics.cc[443] : (in function: runSpecific) - Fit S+B, status = 0, numBadNLL = 0, covariance quality = -1
