 <<< Combine >>> 
 <<< v10.0.1 >>>
>>> Random number generator seed is 123456
>>> Method used is FitDiagnostics
Set Default Value of Parameter mask_pass_SIG To : 1
Set Default Value of Parameter r To : 1
>>> 1 out of 6 channels masked

WARNING: underflow to 0 in pdf_binpass_SIG_obsOnly for bin 1, weight 0.000743032
[#0] ERROR:Eval -- RooAbsReal::logEvalError(pass_SIG) evaluation error, 
 origin       : RooAbsReal::pass_SIG[ params=(Background_fail_SIG_bin_1-1,Background_rpf_0x0_par0,lumi,n_exp_binpass_SIG_proc_Background_0x0,r) catParams=() ]
 message      : Number of events is negative or error
 server values: params=(Background_fail_SIG_bin_1-1 = 5,Background_rpf_0x0_par0 = 0.1 +/- 0.1,lumi = 0 +/- 1,n_exp_binpass_SIG_proc_Background_0x0 = 1,r = 0), catParams=()
FASTEXIT from pdf_binpass_SIG_obsOnly
>> Found 24 floating parameters
>> The following parameters are protected in the event of negative eigenvalues:
>> Verifying eigenvalues are all positive (iteration 0)
>> All eigenvalues are positive
>> Inverting Hessian...
>> Matrix inverted
 Fit B-only, status = 0, numBadNLL = 0, covariance quality = -1
Running Minos for POI r
>> Found 25 floating parameters
>> The following parameters are protected in the event of negative eigenvalues: r
>> Verifying eigenvalues are all positive (iteration 0)
Eigenvalue 24 : -0.00097034
 - -0.83043	r
 - 0.552189	Background_fail_HIGH_bin_1-1
 - 0.0547745	Background_fail_LOW_bin_10-2
 - -0.0295574	Background_rpf_0x0_par0
 - 0.0229208	Background_fail_SIG_bin_1-1
>> Attempt 0 failed, remove the variable with largest eigenvector component...
>> Dropping Background_fail_HIGH_bin_1-1 from the hessian
>> Verifying eigenvalues are all positive (iteration 1)
>> All eigenvalues are positive
>> Inverting Hessian...
>> Matrix inverted
>> Note: the following parameters were dropped to make the covariance matrix pos-def:
     - Background_fail_HIGH_bin_1-1
Fit S+B, status = 0, numBadNLL = 0, covariance quality = -1

 --- FitDiagnostics ---
Best fit r: 9.95725e-12  -9.95725e-12/+50  (68% CL)
Done in 0.00 min (cpu), 0.01 min (real)
57 log messages saved to combine_logger.out
