 <<< Combine >>> 
 <<< v10.0.1 >>>
>>> Random number generator seed is 123456
>>> Method used is FitDiagnostics
Set Default Value of Parameter mask_pass_SIG To : 1
Set Default Value of Parameter mask_pass_HIGH To : 1
Set Default Value of Parameter r To : 1
>>> 2 out of 6 channels masked

>> Found 16 floating parameters
>> The following parameters are protected in the event of negative eigenvalues: r
>> Verifying eigenvalues are all positive (iteration 0)
Eigenvalue 14 : -5.82077e-11
 - -1	Background_fail_HIGH_bin_5-1
 - 5.66141e-08	r
 - -7.3451e-09	SVM
 - -6.68815e-09	Background_fail_HIGH_bin_4-1
 - -2.47308e-09	Background_fail_HIGH_bin_3-1
Eigenvalue 15 : -0.00404225
 - -0.984272	r
 - 0.122469	SVM
 - 0.117461	Background_fail_HIGH_bin_4-1
 - 0.0449045	Background_fail_HIGH_bin_3-1
 - 0.0179478	Background_fail_HIGH_bin_2-1
>> Attempt 0 failed, remove the variable with largest eigenvector component...
>> Dropping SVM from the hessian
>> Verifying eigenvalues are all positive (iteration 1)
Eigenvalue 13 : -5.82075e-11
 - -1	Background_fail_HIGH_bin_5-1
 - 2.21202e-07	r
 - -2.6718e-08	Background_fail_HIGH_bin_4-1
 - -1.01341e-08	Background_fail_HIGH_bin_3-1
 - -3.9611e-09	Background_fail_HIGH_bin_2-1
Eigenvalue 14 : -0.00106683
 - -0.991499	r
 - 0.120036	Background_fail_HIGH_bin_4-1
 - 0.0459053	Background_fail_HIGH_bin_3-1
 - 0.0183402	Background_fail_HIGH_bin_2-1
 - 0.00746866	Background_fail_HIGH_bin_1-1
>> Attempt 1 failed, remove the variable with largest eigenvector component...
>> Dropping Background_fail_HIGH_bin_4-1 from the hessian
>> Verifying eigenvalues are all positive (iteration 2)
Eigenvalue 13 : -5.82076e-11
 - 1	Background_fail_HIGH_bin_5-1
 - 1.20935e-07	r
 - -5.79123e-09	Background_fail_HIGH_bin_3-1
 - -2.40043e-09	Background_fail_HIGH_bin_2-1
 - -1.06786e-09	Background_fail_HIGH_bin_1-1
>> Attempt 2 failed, remove the variable with largest eigenvector component...
>> Dropping Background_fail_HIGH_bin_5-1 from the hessian
>> Verifying eigenvalues are all positive (iteration 3)
>> All eigenvalues are positive
>> Inverting Hessian...
>> Matrix inverted
>> Note: the following parameters were dropped to make the covariance matrix pos-def:
     - SVM
     - Background_fail_HIGH_bin_4-1
     - Background_fail_HIGH_bin_5-1

 --- FitDiagnostics ---
Best fit r: 1.04237e-10  -1.04237e-10/+10  (68% CL)
Done in 0.00 min (cpu), 0.00 min (real)
