 <<< Combine >>> 
 <<< v10.0.1 >>>
>>> Random number generator seed is 123456
>>> Method used is FitDiagnostics
Set Default Value of Parameter mask_pass_SIG To : 1
Set Default Value of Parameter mask_pass_HIGH To : 1
Set Default Value of Parameter r To : 1
>>> 2 out of 6 channels masked

>> Found 16 floating parameters
>> The following parameters are protected in the event of negative eigenvalues: r
>> Verifying eigenvalues are all positive (iteration 0)
Eigenvalue 14 : -5.55112e-17
 - 1	Background_fail_HIGH_bin_5-1
 - -7.59782e-08	r
 - 8.55716e-09	SVM
 - 2.86234e-09	Background_fail_HIGH_bin_4-1
 - 9.50753e-10	Background_fail_HIGH_bin_3-1
Eigenvalue 15 : -0.00242453
 - -0.993263	r
 - 0.108996	SVM
 - 0.0369689	Background_fail_HIGH_bin_4-1
 - 0.0122799	Background_fail_HIGH_bin_3-1
 - 0.00403313	Background_fail_HIGH_bin_2-1
>> Attempt 0 failed, remove the variable with largest eigenvector component...
>> Dropping SVM from the hessian
>> Verifying eigenvalues are all positive (iteration 1)
Eigenvalue 14 : -9.41387e-05
 - 0.999198	r
 - -0.0376251	Background_fail_HIGH_bin_4-1
 - -0.0124976	Background_fail_HIGH_bin_3-1
 - -0.00410324	Background_fail_HIGH_bin_2-1
 - -0.00349502	lumi
>> Attempt 1 failed, remove the variable with largest eigenvector component...
>> Dropping Background_fail_HIGH_bin_4-1 from the hessian
>> Verifying eigenvalues are all positive (iteration 2)
Eigenvalue 13 : -1.66533e-16
 - 1	Background_fail_HIGH_bin_5-1
 - 1.00545e-06	r
 - -1.25817e-08	Background_fail_HIGH_bin_3-1
 - -4.1308e-09	Background_fail_HIGH_bin_2-1
 - -3.51861e-09	lumi
>> Attempt 2 failed, remove the variable with largest eigenvector component...
>> Dropping Background_fail_HIGH_bin_5-1 from the hessian
>> Verifying eigenvalues are all positive (iteration 3)
>> All eigenvalues are positive
>> Inverting Hessian...
>> Matrix inverted
>> Note: the following parameters were dropped to make the covariance matrix pos-def:
     - SVM
     - Background_fail_HIGH_bin_4-1
     - Background_fail_HIGH_bin_5-1

 --- FitDiagnostics ---
Best fit r: 1.26288e-10  -1.26288e-10/+10  (68% CL)
Done in 0.00 min (cpu), 0.00 min (real)
