 <<< Combine >>> 
 <<< v10.0.1 >>>
>>> Random number generator seed is 123456
>>> Method used is FitDiagnostics
Set Default Value of Parameter mask_pass_SIG To : 1
Set Default Value of Parameter mask_pass_HIGH To : 1
Set Default Value of Parameter r To : 1
>>> 2 out of 6 channels masked

>> Found 16 floating parameters
>> The following parameters are protected in the event of negative eigenvalues: r
>> Verifying eigenvalues are all positive (iteration 0)
Eigenvalue 15 : -0.00341727
 - -0.990779	r
 - 0.129372	SVM
 - 0.0381162	Background_fail_HIGH_bin_4-1
 - 0.0117298	Background_fail_HIGH_bin_3-1
 - 0.00399042	Background_fail_HIGH_bin_2-1
>> Attempt 0 failed, remove the variable with largest eigenvector component...
>> Dropping SVM from the hessian
>> Verifying eigenvalues are all positive (iteration 1)
Eigenvalue 14 : -0.000101058
 - 0.999148	r
 - -0.0390784	Background_fail_HIGH_bin_4-1
 - -0.0120255	Background_fail_HIGH_bin_3-1
 - -0.00408907	Background_fail_HIGH_bin_2-1
 - -0.0034437	lumi
>> Attempt 1 failed, remove the variable with largest eigenvector component...
>> Dropping Background_fail_HIGH_bin_4-1 from the hessian
>> Verifying eigenvalues are all positive (iteration 2)
Eigenvalue 13 : -5.55112e-17
 - -1	Background_fail_HIGH_bin_5-1
 - 1.55461e-10	Background_fail_LOW_bin_1-1
 - -1.02953e-10	Background_rpf_expo_par1
 - 4.07609e-11	Background_fail_LOW_bin_3-1
 - -2.85536e-11	Background_rpf_expo_par0
>> Attempt 2 failed, remove the variable with largest eigenvector component...
>> Dropping Background_fail_HIGH_bin_5-1 from the hessian
>> Verifying eigenvalues are all positive (iteration 3)
>> All eigenvalues are positive
>> Inverting Hessian...
>> Matrix inverted
>> Note: the following parameters were dropped to make the covariance matrix pos-def:
     - SVM
     - Background_fail_HIGH_bin_4-1
     - Background_fail_HIGH_bin_5-1

 --- FitDiagnostics ---
Best fit r: 3.08296e-12  -3.08296e-12/+10  (68% CL)
Done in 0.00 min (cpu), 0.00 min (real)
