 <<< Combine >>> 
 <<< v10.0.1 >>>
>>> Random number generator seed is 123456
>>> Method used is FitDiagnostics
Set Default Value of Parameter mask_pass_SIG To : 1
Set Default Value of Parameter mask_pass_HIGH To : 1
Set Default Value of Parameter r To : 1
>>> 2 out of 6 channels masked

>> Found 16 floating parameters
>> The following parameters are protected in the event of negative eigenvalues: r
>> Verifying eigenvalues are all positive (iteration 0)
Eigenvalue 15 : -0.0130301
 - 0.71404	r
 - -0.644666	Background_fail_HIGH_bin_5-1
 - -0.229252	Background_fail_HIGH_bin_4-1
 - -0.128393	Background_fail_HIGH_bin_3-1
 - -0.067664	Background_fail_HIGH_bin_2-1
>> Attempt 0 failed, remove the variable with largest eigenvector component...
>> Dropping Background_fail_HIGH_bin_5-1 from the hessian
>> Verifying eigenvalues are all positive (iteration 1)
>> All eigenvalues are positive
>> Inverting Hessian...
>> Matrix inverted
>> Note: the following parameters were dropped to make the covariance matrix pos-def:
     - Background_fail_HIGH_bin_5-1

 --- FitDiagnostics ---
Best fit r: 9.69153e-12  -9.69153e-12/+1.25  (68% CL)
Done in 0.00 min (cpu), 0.00 min (real)
