 <<< Combine >>> 
 <<< v10.0.1 >>>
>>> Random number generator seed is 123456
>>> Method used is FitDiagnostics
Set Default Value of Parameter mask_pass_SIG To : 1
Set Default Value of Parameter mask_pass_HIGH To : 1
Set Default Value of Parameter r To : 1
>>> 2 out of 6 channels masked

>> Found 16 floating parameters
>> The following parameters are protected in the event of negative eigenvalues: r
>> Verifying eigenvalues are all positive (iteration 0)
Eigenvalue 14 : -5.82075e-11
 - 1	Background_fail_HIGH_bin_5-1
 - -1.26232e-09	r
 - 5.2743e-10	Background_fail_SIG_bin_2-1
 - 4.39992e-10	Background_fail_HIGH_bin_2-1
 - 3.85592e-10	Background_fail_SIG_bin_1-1
Eigenvalue 15 : -0.00270358
 - 0.81966	r
 - -0.247132	Background_fail_SIG_bin_2-1
 - -0.246891	Background_fail_SIG_bin_1-1
 - -0.239617	Background_fail_LOW_bin_4-1
 - -0.216245	Background_fail_HIGH_bin_1-1
>> Attempt 0 failed, remove the variable with largest eigenvector component...
>> Dropping Background_fail_SIG_bin_2-1 from the hessian
>> Verifying eigenvalues are all positive (iteration 1)
Eigenvalue 14 : -5.82077e-11
 - 1	Background_fail_HIGH_bin_5-1
 - 9.45075e-10	r
 - -4.35825e-10	Background_fail_LOW_bin_4-1
 - -4.04651e-10	Background_fail_HIGH_bin_1-1
 - -3.80331e-10	Background_fail_HIGH_bin_4-1
>> Attempt 1 failed, remove the variable with largest eigenvector component...
>> Dropping Background_fail_HIGH_bin_5-1 from the hessian
>> Verifying eigenvalues are all positive (iteration 2)
>> All eigenvalues are positive
>> Inverting Hessian...
>> Matrix inverted
>> Note: the following parameters were dropped to make the covariance matrix pos-def:
     - Background_fail_SIG_bin_2-1
     - Background_fail_HIGH_bin_5-1

 --- FitDiagnostics ---
Best fit r: 2.16919e-08  -2.16919e-08/+5  (68% CL)
Done in 0.00 min (cpu), 0.00 min (real)
