 <<< Combine >>> 
 <<< v10.0.1 >>>
>>> Random number generator seed is 123456
>>> Method used is FitDiagnostics
Set Default Value of Parameter mask_pass_SIG To : 1
Set Default Value of Parameter mask_pass_HIGH To : 1
Set Default Value of Parameter r To : 1
>>> 2 out of 6 channels masked

>> Found 16 floating parameters
>> The following parameters are protected in the event of negative eigenvalues: r
>> Verifying eigenvalues are all positive (iteration 0)
Eigenvalue 14 : -5.82077e-11
 - -1	Background_fail_HIGH_bin_5-1
 - 7.17364e-08	r
 - -8.21546e-09	SVM
 - -2.72224e-09	Background_fail_HIGH_bin_4-1
 - -8.15693e-10	Background_fail_HIGH_bin_3-1
Eigenvalue 15 : -0.00264153
 - -0.992701	r
 - 0.113696	SVM
 - 0.0381477	Background_fail_HIGH_bin_4-1
 - 0.0114557	Background_fail_HIGH_bin_3-1
 - 0.00384512	Background_fail_HIGH_bin_2-1
>> Attempt 0 failed, remove the variable with largest eigenvector component...
>> Dropping SVM from the hessian
>> Verifying eigenvalues are all positive (iteration 1)
Eigenvalue 13 : -5.82073e-11
 - -1	Background_fail_HIGH_bin_5-1
 - 1.88871e-06	r
 - -7.34721e-08	Background_fail_HIGH_bin_4-1
 - -2.20611e-08	Background_fail_HIGH_bin_3-1
 - -7.39514e-09	Background_fail_HIGH_bin_2-1
Eigenvalue 14 : -0.00010032
 - -0.999159	r
 - 0.0388859	Background_fail_HIGH_bin_4-1
 - 0.011677	Background_fail_HIGH_bin_3-1
 - 0.003918	Background_fail_HIGH_bin_2-1
 - 0.00370492	lumi
>> Attempt 1 failed, remove the variable with largest eigenvector component...
>> Dropping Background_fail_HIGH_bin_4-1 from the hessian
>> Verifying eigenvalues are all positive (iteration 2)
Eigenvalue 13 : -5.82078e-11
 - 1	Background_fail_HIGH_bin_5-1
 - 9.4039e-07	r
 - -1.10188e-08	Background_fail_HIGH_bin_3-1
 - -3.70402e-09	Background_fail_HIGH_bin_2-1
 - -3.48883e-09	lumi
>> Attempt 2 failed, remove the variable with largest eigenvector component...
>> Dropping Background_fail_HIGH_bin_5-1 from the hessian
>> Verifying eigenvalues are all positive (iteration 3)
>> All eigenvalues are positive
>> Inverting Hessian...
>> Matrix inverted
>> Note: the following parameters were dropped to make the covariance matrix pos-def:
     - SVM
     - Background_fail_HIGH_bin_4-1
     - Background_fail_HIGH_bin_5-1

 --- FitDiagnostics ---
Best fit r: 2.14918e-12  -2.14918e-12/+10  (68% CL)
Done in 0.00 min (cpu), 0.00 min (real)
