 <<< Combine >>> 
 <<< v10.0.1 >>>
>>> Random number generator seed is 123456
>>> Method used is FitDiagnostics
Set Default Value of Parameter mask_pass_SIG To : 1
Set Default Value of Parameter mask_pass_HIGH To : 1
Set Default Value of Parameter r To : 1
>>> 2 out of 6 channels masked

>> Found 16 floating parameters
>> The following parameters are protected in the event of negative eigenvalues: r
>> Verifying eigenvalues are all positive (iteration 0)
Eigenvalue 15 : -0.00372351
 - -0.984869	r
 - 0.120544	Background_fail_HIGH_bin_4-1
 - 0.114846	SVM
 - 0.0438151	Background_fail_HIGH_bin_3-1
 - 0.0178804	Background_fail_HIGH_bin_2-1
>> Attempt 0 failed, remove the variable with largest eigenvector component...
>> Dropping Background_fail_HIGH_bin_4-1 from the hessian
>> Verifying eigenvalues are all positive (iteration 1)
Eigenvalue 13 : -5.55112e-17
 - 1	Background_fail_HIGH_bin_5-1
 - 1.78227e-10	Background_rpf_expo_par1
 - -1.56874e-10	Background_fail_LOW_bin_1-1
 - 1.49813e-10	Background_rpf_expo_par0
 - 1.356e-10	Background_fail_LOW_bin_3-1
Eigenvalue 14 : -0.000653815
 - 0.991853	r
 - -0.117509	SVM
 - -0.0448026	Background_fail_HIGH_bin_3-1
 - -0.0182754	Background_fail_HIGH_bin_2-1
 - -0.00749179	Background_fail_HIGH_bin_1-1
>> Attempt 1 failed, remove the variable with largest eigenvector component...
>> Dropping SVM from the hessian
>> Verifying eigenvalues are all positive (iteration 2)
>> All eigenvalues are positive
>> Inverting Hessian...
>> Matrix inverted
>> Note: the following parameters were dropped to make the covariance matrix pos-def:
     - Background_fail_HIGH_bin_4-1
     - SVM

 --- FitDiagnostics ---
Best fit r: 6.87952e-12  -6.87952e-12/+10  (68% CL)
Done in 0.00 min (cpu), 0.00 min (real)
