 <<< Combine >>> 
 <<< v10.0.1 >>>
>>> Random number generator seed is 123456
>>> Method used is FitDiagnostics
Set Default Value of Parameter mask_pass_SIG To : 1
Set Default Value of Parameter mask_pass_HIGH To : 1
Set Default Value of Parameter r To : 1
>>> 2 out of 6 channels masked

>> Found 16 floating parameters
>> The following parameters are protected in the event of negative eigenvalues: r
>> Verifying eigenvalues are all positive (iteration 0)
Eigenvalue 14 : -5.82076e-11
 - 1	Background_fail_HIGH_bin_5-1
 - -1.82237e-08	r
 - 6.87924e-09	Background_fail_HIGH_bin_1-1
 - 6.34987e-09	Background_fail_SIG_bin_2-1
 - 5.41326e-09	Background_fail_HIGH_bin_2-1
Eigenvalue 15 : -0.00425542
 - -0.802324	r
 - 0.301419	Background_fail_HIGH_bin_1-1
 - 0.269105	Background_fail_SIG_bin_2-1
 - 0.235759	Background_fail_HIGH_bin_2-1
 - 0.201817	Background_fail_HIGH_bin_3-1
>> Attempt 0 failed, remove the variable with largest eigenvector component...
>> Dropping Background_fail_HIGH_bin_1-1 from the hessian
>> Verifying eigenvalues are all positive (iteration 1)
Eigenvalue 14 : -5.82077e-11
 - 1	Background_fail_HIGH_bin_5-1
 - 5.00814e-09	r
 - -1.60951e-09	Background_fail_SIG_bin_2-1
 - -1.55475e-09	Background_fail_HIGH_bin_2-1
 - -1.28663e-09	Background_fail_HIGH_bin_3-1
>> Attempt 1 failed, remove the variable with largest eigenvector component...
>> Dropping Background_fail_HIGH_bin_5-1 from the hessian
>> Verifying eigenvalues are all positive (iteration 2)
>> All eigenvalues are positive
>> Inverting Hessian...
>> Matrix inverted
>> Note: the following parameters were dropped to make the covariance matrix pos-def:
     - Background_fail_HIGH_bin_1-1
     - Background_fail_HIGH_bin_5-1

 --- FitDiagnostics ---
Best fit r: 1.22376e-12  -1.22376e-12/+10  (68% CL)
Done in 0.00 min (cpu), 0.00 min (real)
