 <<< Combine >>> 
 <<< v10.0.1 >>>
>>> Random number generator seed is 123456
>>> Method used is FitDiagnostics
Set Default Value of Parameter mask_pass_SIG To : 1
Set Default Value of Parameter mask_pass_HIGH To : 1
Set Default Value of Parameter r To : 1
>>> 2 out of 6 channels masked

>> Found 16 floating parameters
>> The following parameters are protected in the event of negative eigenvalues: r
>> Verifying eigenvalues are all positive (iteration 0)
Eigenvalue 15 : -0.00543372
 - -0.986285	r
 - 0.163367	SVM
 - 0.0220964	Background_fail_HIGH_bin_4-1
 - 0.0069576	Background_fail_HIGH_bin_3-1
 - 0.00347694	lumi
>> Attempt 0 failed, remove the variable with largest eigenvector component...
>> Dropping SVM from the hessian
>> Verifying eigenvalues are all positive (iteration 1)
Eigenvalue 14 : -3.63207e-05
 - -0.9997	r
 - 0.0230043	Background_fail_HIGH_bin_4-1
 - 0.00724302	Background_fail_HIGH_bin_3-1
 - 0.00362359	lumi
 - 0.00217201	Background_fail_HIGH_bin_2-1
>> Attempt 1 failed, remove the variable with largest eigenvector component...
>> Dropping Background_fail_HIGH_bin_4-1 from the hessian
>> Verifying eigenvalues are all positive (iteration 2)
Eigenvalue 13 : -2.22045e-16
 - 1	Background_fail_HIGH_bin_5-1
 - 1.8972e-06	r
 - -1.37481e-08	Background_fail_HIGH_bin_3-1
 - -6.99209e-09	lumi
 - -4.12271e-09	Background_fail_HIGH_bin_2-1
>> Attempt 2 failed, remove the variable with largest eigenvector component...
>> Dropping Background_fail_HIGH_bin_5-1 from the hessian
>> Verifying eigenvalues are all positive (iteration 3)
>> All eigenvalues are positive
>> Inverting Hessian...
>> Matrix inverted
>> Note: the following parameters were dropped to make the covariance matrix pos-def:
     - SVM
     - Background_fail_HIGH_bin_4-1
     - Background_fail_HIGH_bin_5-1

 --- FitDiagnostics ---
Best fit r: 6.76131e-10  -6.76131e-10/+10  (68% CL)
Done in 0.00 min (cpu), 0.00 min (real)
