 <<< Combine >>> 
 <<< v10.0.1 >>>
>>> Random number generator seed is 123456
>>> Method used is FitDiagnostics
Set Default Value of Parameter mask_pass_SIG To : 1
Set Default Value of Parameter mask_pass_HIGH To : 1
Set Default Value of Parameter r To : 1
>>> 2 out of 6 channels masked

>> Found 16 floating parameters
>> The following parameters are protected in the event of negative eigenvalues: r
>> Verifying eigenvalues are all positive (iteration 0)
Eigenvalue 14 : -5.82077e-11
 - 1	Background_fail_HIGH_bin_5-1
 - -3.49411e-10	r
 - -1.82629e-10	Background_fail_HIGH_bin_4-1
 - -1.78028e-10	Background_fail_LOW_bin_2-1
 - 1.42185e-10	Background_fail_SIG_bin_2-1
Eigenvalue 15 : -0.0019326
 - -0.99408	r
 - 0.0924243	SVM
 - 0.0535657	Background_fail_HIGH_bin_4-1
 - 0.0178374	Background_fail_HIGH_bin_3-1
 - 0.00736663	Background_fail_HIGH_bin_2-1
>> Attempt 0 failed, remove the variable with largest eigenvector component...
>> Dropping SVM from the hessian
>> Verifying eigenvalues are all positive (iteration 1)
Eigenvalue 13 : -5.82077e-11
 - 1	Background_fail_HIGH_bin_5-1
 - -1.27899e-08	r
 - 4.94051e-10	Background_fail_HIGH_bin_4-1
 - -1.77471e-10	Background_fail_LOW_bin_2-1
 - 1.60537e-10	lumi
Eigenvalue 14 : -0.000207434
 - -0.998325	r
 - 0.0542475	Background_fail_HIGH_bin_4-1
 - 0.0180683	Background_fail_HIGH_bin_3-1
 - 0.00746017	Background_fail_HIGH_bin_2-1
 - 0.00362546	lumi
>> Attempt 1 failed, remove the variable with largest eigenvector component...
>> Dropping Background_fail_HIGH_bin_4-1 from the hessian
>> Verifying eigenvalues are all positive (iteration 2)
Eigenvalue 13 : -5.82076e-11
 - -1	Background_fail_HIGH_bin_5-1
 - -1.05011e-09	r
 - 1.7809e-10	Background_fail_LOW_bin_2-1
 - 1.40577e-10	Background_fail_HIGH_bin_3-1
 - -1.40407e-10	Background_fail_SIG_bin_2-1
>> Attempt 2 failed, remove the variable with largest eigenvector component...
>> Dropping Background_fail_HIGH_bin_5-1 from the hessian
>> Verifying eigenvalues are all positive (iteration 3)
>> All eigenvalues are positive
>> Inverting Hessian...
>> Matrix inverted
>> Note: the following parameters were dropped to make the covariance matrix pos-def:
     - SVM
     - Background_fail_HIGH_bin_4-1
     - Background_fail_HIGH_bin_5-1

 --- FitDiagnostics ---
Best fit r: 1.59558e-08  -1.59558e-08/+10  (68% CL)
Done in 0.00 min (cpu), 0.00 min (real)
