 <<< Combine >>> 
 <<< v10.0.1 >>>
>>> Random number generator seed is 123456
>>> Method used is FitDiagnostics
Set Default Value of Parameter mask_pass_SIG To : 1
Set Default Value of Parameter mask_pass_HIGH To : 1
Set Default Value of Parameter r To : 1
>>> 2 out of 6 channels masked

>> Found 16 floating parameters
>> The following parameters are protected in the event of negative eigenvalues: r
>> Verifying eigenvalues are all positive (iteration 0)
Eigenvalue 15 : -0.00653155
 - -0.829705	r
 - 0.277663	Background_fail_HIGH_bin_1-1
 - 0.256983	Background_fail_HIGH_bin_2-1
 - 0.238381	Background_fail_HIGH_bin_3-1
 - 0.217572	Background_fail_SIG_bin_2-1
>> Attempt 0 failed, remove the variable with largest eigenvector component...
>> Dropping Background_fail_HIGH_bin_1-1 from the hessian
>> Verifying eigenvalues are all positive (iteration 1)
Eigenvalue 14 : -5.55112e-17
 - -1	Background_fail_HIGH_bin_5-1
 - -6.76193e-10	r
 - 3.22248e-10	Background_fail_HIGH_bin_3-1
 - 2.28933e-10	Background_fail_HIGH_bin_4-1
 - 2.18594e-10	Background_fail_SIG_bin_2-1
>> Attempt 1 failed, remove the variable with largest eigenvector component...
>> Dropping Background_fail_HIGH_bin_5-1 from the hessian
>> Verifying eigenvalues are all positive (iteration 2)
>> All eigenvalues are positive
>> Inverting Hessian...
>> Matrix inverted
>> Note: the following parameters were dropped to make the covariance matrix pos-def:
     - Background_fail_HIGH_bin_1-1
     - Background_fail_HIGH_bin_5-1

 --- FitDiagnostics ---
Best fit r: 4.22287e-09  -4.22287e-09/+10  (68% CL)
Done in 0.00 min (cpu), 0.01 min (real)
