 <<< Combine >>> 
 <<< v10.0.1 >>>
>>> Random number generator seed is 123456
>>> Method used is FitDiagnostics
Set Default Value of Parameter mask_pass_SIG To : 1
Set Default Value of Parameter mask_pass_HIGH To : 1
Set Default Value of Parameter r To : 1
>>> 2 out of 6 channels masked

>> Found 16 floating parameters
>> The following parameters are protected in the event of negative eigenvalues: r
>> Verifying eigenvalues are all positive (iteration 0)
Eigenvalue 14 : -5.82077e-11
 - -1	Background_fail_HIGH_bin_5-1
 - -5.86816e-10	r
 - -2.1401e-10	Background_fail_LOW_bin_1-1
 - 2.13245e-10	Background_fail_HIGH_bin_2-1
 - 1.97829e-10	Background_fail_HIGH_bin_3-1
Eigenvalue 15 : -0.00944268
 - -0.836988	r
 - 0.290787	Background_fail_HIGH_bin_2-1
 - 0.269415	Background_fail_HIGH_bin_3-1
 - 0.251825	Background_fail_HIGH_bin_4-1
 - 0.226782	Background_fail_HIGH_bin_1-1
>> Attempt 0 failed, remove the variable with largest eigenvector component...
>> Dropping Background_fail_HIGH_bin_2-1 from the hessian
>> Verifying eigenvalues are all positive (iteration 1)
Eigenvalue 14 : -5.82078e-11
 - 1	Background_fail_HIGH_bin_5-1
 - -5.96483e-10	r
 - 2.94328e-10	Background_fail_HIGH_bin_4-1
 - 2.17715e-10	Background_fail_LOW_bin_1-1
 - 2.01088e-10	Background_fail_HIGH_bin_3-1
>> Attempt 1 failed, remove the variable with largest eigenvector component...
>> Dropping Background_fail_HIGH_bin_5-1 from the hessian
>> Verifying eigenvalues are all positive (iteration 2)
>> All eigenvalues are positive
>> Inverting Hessian...
>> Matrix inverted
>> Note: the following parameters were dropped to make the covariance matrix pos-def:
     - Background_fail_HIGH_bin_2-1
     - Background_fail_HIGH_bin_5-1

 --- FitDiagnostics ---
Best fit r: 5.39284e-10  -5.39284e-10/+10  (68% CL)
Done in 0.00 min (cpu), 0.00 min (real)
