 <<< Combine >>> 
 <<< v10.0.1 >>>
>>> Random number generator seed is 123456
>>> Method used is FitDiagnostics
Set Default Value of Parameter mask_pass_SIG To : 1
Set Default Value of Parameter mask_pass_HIGH To : 1
Set Default Value of Parameter r To : 1
>>> 2 out of 6 channels masked

>> Found 16 floating parameters
>> The following parameters are protected in the event of negative eigenvalues: r
>> Verifying eigenvalues are all positive (iteration 0)
Eigenvalue 14 : -5.55112e-17
 - -1	Background_fail_HIGH_bin_5-1
 - -1.16894e-09	r
 - 1.29198e-10	Background_fail_HIGH_bin_4-1
 - -7.46932e-11	Background_fail_HIGH_bin_3-1
 - 5.09782e-11	Background_fail_LOW_bin_1-1
Eigenvalue 15 : -0.00258448
 - -0.988718	r
 - 0.107878	Background_fail_HIGH_bin_4-1
 - 0.0947248	SVM
 - 0.0391578	Background_fail_HIGH_bin_3-1
 - 0.0152163	Background_fail_HIGH_bin_2-1
>> Attempt 0 failed, remove the variable with largest eigenvector component...
>> Dropping Background_fail_HIGH_bin_4-1 from the hessian
>> Verifying eigenvalues are all positive (iteration 1)
Eigenvalue 14 : -0.000211127
 - 0.994387	r
 - -0.0964479	SVM
 - -0.0398504	Background_fail_HIGH_bin_3-1
 - -0.0154802	Background_fail_HIGH_bin_2-1
 - -0.00647158	Background_fail_HIGH_bin_1-1
>> Attempt 1 failed, remove the variable with largest eigenvector component...
>> Dropping SVM from the hessian
>> Verifying eigenvalues are all positive (iteration 2)
>> All eigenvalues are positive
>> Inverting Hessian...
>> Matrix inverted
>> Note: the following parameters were dropped to make the covariance matrix pos-def:
     - Background_fail_HIGH_bin_4-1
     - SVM

 --- FitDiagnostics ---
Best fit r: 3.26357e-13  -3.26357e-13/+10  (68% CL)
Done in 0.00 min (cpu), 0.00 min (real)
