 <<< Combine >>> 
 <<< v10.0.1 >>>
>>> Random number generator seed is 123456
>>> Method used is FitDiagnostics
Set Default Value of Parameter mask_pass_SIG To : 1
Set Default Value of Parameter mask_pass_HIGH To : 1
Set Default Value of Parameter r To : 1
>>> 2 out of 6 channels masked

>> Found 16 floating parameters
>> The following parameters are protected in the event of negative eigenvalues: r
>> Verifying eigenvalues are all positive (iteration 0)
Eigenvalue 15 : -0.00264151
 - 0.988932	r
 - -0.103351	Background_fail_HIGH_bin_4-1
 - -0.0980158	SVM
 - -0.0375758	Background_fail_HIGH_bin_3-1
 - -0.0155018	Background_fail_HIGH_bin_2-1
>> Attempt 0 failed, remove the variable with largest eigenvector component...
>> Dropping Background_fail_HIGH_bin_4-1 from the hessian
>> Verifying eigenvalues are all positive (iteration 1)
Eigenvalue 13 : -5.55112e-17
 - -1	Background_fail_HIGH_bin_5-1
 - -9.09356e-08	r
 - 9.13726e-09	SVM
 - 3.62257e-09	Background_fail_HIGH_bin_3-1
 - 1.44378e-09	Background_fail_HIGH_bin_2-1
Eigenvalue 14 : -0.000464578
 - 0.994127	r
 - -0.0996486	SVM
 - -0.0381845	Background_fail_HIGH_bin_3-1
 - -0.0157481	Background_fail_HIGH_bin_2-1
 - -0.00702275	Background_fail_HIGH_bin_1-1
>> Attempt 1 failed, remove the variable with largest eigenvector component...
>> Dropping SVM from the hessian
>> Verifying eigenvalues are all positive (iteration 2)
>> All eigenvalues are positive
>> Inverting Hessian...
>> Matrix inverted
>> Note: the following parameters were dropped to make the covariance matrix pos-def:
     - Background_fail_HIGH_bin_4-1
     - SVM

 --- FitDiagnostics ---
Best fit r: 7.66059e-11  -7.66059e-11/+10  (68% CL)
Done in 0.00 min (cpu), 0.00 min (real)
