 <<< Combine >>> 
 <<< v10.0.1 >>>
>>> Random number generator seed is 123456
>>> Method used is FitDiagnostics
Set Default Value of Parameter mask_pass_SIG To : 1
Set Default Value of Parameter mask_pass_HIGH To : 1
Set Default Value of Parameter r To : 1
>>> 2 out of 6 channels masked

>> Found 16 floating parameters
>> The following parameters are protected in the event of negative eigenvalues: r
>> Verifying eigenvalues are all positive (iteration 0)
Eigenvalue 14 : -5.82076e-11
 - 1	Background_fail_HIGH_bin_5-1
 - 2.06472e-08	r
 - -2.37287e-09	SVM
 - -8.77314e-10	Background_fail_HIGH_bin_4-1
 - -2.98185e-10	Background_fail_HIGH_bin_3-1
Eigenvalue 15 : -0.00291066
 - -0.992043	r
 - 0.119499	SVM
 - 0.0370591	Background_fail_HIGH_bin_4-1
 - 0.0126622	Background_fail_HIGH_bin_3-1
 - 0.00449999	Background_fail_HIGH_bin_2-1
>> Attempt 0 failed, remove the variable with largest eigenvector component...
>> Dropping SVM from the hessian
>> Verifying eigenvalues are all positive (iteration 1)
Eigenvalue 13 : -5.82077e-11
 - 1	Background_fail_HIGH_bin_5-1
 - 6.00113e-07	r
 - -2.28406e-08	Background_fail_HIGH_bin_4-1
 - -7.80229e-09	Background_fail_HIGH_bin_3-1
 - -2.77541e-09	Background_fail_HIGH_bin_2-1
Eigenvalue 14 : -9.56925e-05
 - -0.99918	r
 - 0.0378534	Background_fail_HIGH_bin_4-1
 - 0.0129332	Background_fail_HIGH_bin_3-1
 - 0.00459445	Background_fail_HIGH_bin_2-1
 - 0.00369078	lumi
>> Attempt 1 failed, remove the variable with largest eigenvector component...
>> Dropping Background_fail_HIGH_bin_4-1 from the hessian
>> Verifying eigenvalues are all positive (iteration 2)
Eigenvalue 13 : -5.82077e-11
 - 1	Background_fail_HIGH_bin_5-1
 - -3.0643e-07	r
 - 3.93747e-09	Background_fail_HIGH_bin_3-1
 - 1.39501e-09	Background_fail_HIGH_bin_2-1
 - 1.28451e-09	lumi
>> Attempt 2 failed, remove the variable with largest eigenvector component...
>> Dropping Background_fail_HIGH_bin_5-1 from the hessian
>> Verifying eigenvalues are all positive (iteration 3)
>> All eigenvalues are positive
>> Inverting Hessian...
>> Matrix inverted
>> Note: the following parameters were dropped to make the covariance matrix pos-def:
     - SVM
     - Background_fail_HIGH_bin_4-1
     - Background_fail_HIGH_bin_5-1

 --- FitDiagnostics ---
Best fit r: 3.48021e-12  -3.48021e-12/+10  (68% CL)
Done in 0.00 min (cpu), 0.00 min (real)
