 <<< Combine >>> 
 <<< v10.0.1 >>>
>>> Random number generator seed is 123456
>>> Method used is FitDiagnostics
Set Default Value of Parameter mask_pass_SIG To : 1
Set Default Value of Parameter mask_pass_HIGH To : 1
Set Default Value of Parameter r To : 1
>>> 2 out of 6 channels masked

>> Found 15 floating parameters
>> The following parameters are protected in the event of negative eigenvalues:
>> Verifying eigenvalues are all positive (iteration 0)
Eigenvalue 14 : -0.00174644
 - -0.793611	Background_fail_par1
 - 0.557269	Background_fail_par2
 - 0.244197	Background_fail_par0
 - 1.66291e-11	Background_fail_LOW_bin_3-1
 - 1.45074e-11	Background_fail_SIG_bin_1-1
>> Attempt 0 failed, remove the variable with largest eigenvector component...
>> Dropping Background_fail_par1 from the hessian
>> Verifying eigenvalues are all positive (iteration 1)
>> All eigenvalues are positive
>> Inverting Hessian...
>> Matrix inverted
>> Note: the following parameters were dropped to make the covariance matrix pos-def:
     - Background_fail_par1
 Fit B-only, status = 0, numBadNLL = 0, covariance quality = -1
Running Minos for POI r
>> Found 16 floating parameters
>> The following parameters are protected in the event of negative eigenvalues: r
>> Verifying eigenvalues are all positive (iteration 0)
Eigenvalue 14 : -2.57956e+06
 - 0.999981	Background_fail_par0
 - 0.00438403	Background_fail_par1
 - 0.00434825	Background_fail_par2
 - -3.2419e-10	SVM
 - -3.01714e-10	r
Eigenvalue 15 : -6.7654e+10
 - -0.707107	Background_fail_par2
 - 0.707107	Background_fail_par1
 - -2.52978e-05	Background_fail_par0
 - 4.70299e-14	SVM
 - 3.88608e-14	r
>> Attempt 0 failed, remove the variable with largest eigenvector component...
>> Dropping Background_fail_par2 from the hessian
>> Verifying eigenvalues are all positive (iteration 1)
Eigenvalue 14 : -2.94194e+08
 - -0.707107	Background_fail_par0
 - -0.707107	Background_fail_par1
 - -4.87575e-10	SVM
 - -4.86119e-10	r
 - -4.21732e-11	lumi
>> Attempt 1 failed, remove the variable with largest eigenvector component...
>> Dropping Background_fail_par0 from the hessian
>> Verifying eigenvalues are all positive (iteration 2)
Eigenvalue 13 : -0.0470083
 - 0.519439	r
 - 0.408528	Background_fail_par1
 - 0.398805	SVM
 - -0.372762	Background_fail_HIGH_bin_1-1
 - -0.349073	Background_fail_SIG_bin_2-1
>> Attempt 2 failed, remove the variable with largest eigenvector component...
>> Dropping Background_fail_par1 from the hessian
>> Verifying eigenvalues are all positive (iteration 3)
>> All eigenvalues are positive
>> Inverting Hessian...
>> Matrix inverted
>> Note: the following parameters were dropped to make the covariance matrix pos-def:
     - Background_fail_par2
     - Background_fail_par0
     - Background_fail_par1
Fit S+B, status = 0, numBadNLL = 0, covariance quality = -1

 --- FitDiagnostics ---
Best fit r: 0.00107699  -0.00107699/+49.9989  (68% CL)
Done in 0.00 min (cpu), 0.01 min (real)
26 log messages saved to combine_logger.out
