CascadeMinimizer.cc[188] : (in function: improveOnce) - Minimization configured with Type=Minuit2, Algo=Migrad, strategy=0, tolerance=0.1
CascadeMinimizer.cc[215] : (in function: improveOnce) - Minimization finished with status=0
CascadeMinimizer.cc[219] : (in function: improveOnce) - Minimization success! status=0
ToyMCSamplerOpt.cc[146] : (in function: generateAsimov) - Using internal logic for binned/unbinned Asimov dataset generation
ToyMCSamplerOpt.cc[214] : (in function: generateWithHisto) - Generating asimov with histogram for pdf pdf_binpass_LOW_obsOnly: in 4 x-bins
ToyMCSamplerOpt.cc[215] : (in function: generateWithHisto) -  , in 1 y-bins
ToyMCSamplerOpt.cc[146] : (in function: generateAsimov) - Using internal logic for binned/unbinned Asimov dataset generation
ToyMCSamplerOpt.cc[214] : (in function: generateWithHisto) - Generating asimov with histogram for pdf pdf_binpass_SIG_obsOnly: in 2 x-bins
ToyMCSamplerOpt.cc[215] : (in function: generateWithHisto) -  , in 1 y-bins
ToyMCSamplerOpt.cc[146] : (in function: generateAsimov) - Using internal logic for binned/unbinned Asimov dataset generation
ToyMCSamplerOpt.cc[214] : (in function: generateWithHisto) - Generating asimov with histogram for pdf pdf_binpass_HIGH_obsOnly: in 5 x-bins
ToyMCSamplerOpt.cc[215] : (in function: generateWithHisto) -  , in 1 y-bins
ToyMCSamplerOpt.cc[146] : (in function: generateAsimov) - Using internal logic for binned/unbinned Asimov dataset generation
ToyMCSamplerOpt.cc[214] : (in function: generateWithHisto) - Generating asimov with histogram for pdf pdf_binfail_LOW_obsOnly: in 4 x-bins
ToyMCSamplerOpt.cc[215] : (in function: generateWithHisto) -  , in 1 y-bins
ToyMCSamplerOpt.cc[146] : (in function: generateAsimov) - Using internal logic for binned/unbinned Asimov dataset generation
ToyMCSamplerOpt.cc[214] : (in function: generateWithHisto) - Generating asimov with histogram for pdf pdf_binfail_SIG_obsOnly: in 2 x-bins
ToyMCSamplerOpt.cc[215] : (in function: generateWithHisto) -  , in 1 y-bins
ToyMCSamplerOpt.cc[146] : (in function: generateAsimov) - Using internal logic for binned/unbinned Asimov dataset generation
ToyMCSamplerOpt.cc[214] : (in function: generateWithHisto) - Generating asimov with histogram for pdf pdf_binfail_HIGH_obsOnly: in 5 x-bins
ToyMCSamplerOpt.cc[215] : (in function: generateWithHisto) -  , in 1 y-bins
AsymptoticLimits.cc[428] : (in function: runLimitExpected) - Median for expected limits = 0.351562, Sigma for expected limits = 0.179372
AsymptoticLimits.cc[191] : (in function: runLimit) - NLL at global minimum of data = -610070 (r=2.96462e-07)
AsymptoticLimits.cc[211] : (in function: runLimit) - NLL at global minimum of asimov = -610068 (r=2.895e-06)
AsymptoticLimits.cc[337] : (in function: getCLs) - At r = 1.200000:	q_mu = 19.13599	q_A  = 14.93661	Pmu = 0.00001	1-Pb  = 0.29347	CLs  = 0.00002
AsymptoticLimits.cc[337] : (in function: getCLs) - At r = 0.600000:	q_mu = 10.55473	q_A  = 7.09138	Pmu = 0.00046	1-Pb  = 0.25776	CLs  = 0.00179
AsymptoticLimits.cc[337] : (in function: getCLs) - At r = 0.300000:	q_mu = 5.79347	q_A  = 3.15692	Pmu = 0.00589	1-Pb  = 0.22906	CLs  = 0.02571
AsymptoticLimits.cc[337] : (in function: getCLs) - At r = 0.150000:	q_mu = 3.04531	q_A  = 1.22413	Pmu = 0.02684	1-Pb  = 0.20525	CLs  = 0.13076
AsymptoticLimits.cc[337] : (in function: getCLs) - At r = 0.220928:	q_mu = 4.37898	q_A  = 2.11344	Pmu = 0.01278	1-Pb  = 0.21793	CLs  = 0.05862
AsymptoticLimits.cc[337] : (in function: getCLs) - At r = 0.248952:	q_mu = 4.88873	q_A  = 2.47971	Pmu = 0.00965	1-Pb  = 0.22216	CLs  = 0.04344
AsymptoticLimits.cc[337] : (in function: getCLs) - At r = 0.232831:	q_mu = 4.59663	q_A  = 2.26836	Pmu = 0.01133	1-Pb  = 0.21978	CLs  = 0.05156
AsymptoticLimits.cc[337] : (in function: getCLs) - At r = 0.238371:	q_mu = 4.69733	q_A  = 2.34079	Pmu = 0.01072	1-Pb  = 0.22061	CLs  = 0.04860
AsymptoticLimits.cc[337] : (in function: getCLs) - At r = 0.235134:	q_mu = 4.63853	q_A  = 2.29843	Pmu = 0.01107	1-Pb  = 0.22013	CLs  = 0.05031
AsymptoticLimits.cc[337] : (in function: getCLs) - At r = 0.236240:	q_mu = 4.65863	q_A  = 2.31289	Pmu = 0.01095	1-Pb  = 0.22029	CLs  = 0.04972
AsymptoticLimits.cc[337] : (in function: getCLs) - At r = 0.235592:	q_mu = 4.64685	q_A  = 2.30442	Pmu = 0.01102	1-Pb  = 0.22019	CLs  = 0.05006
AsymptoticLimits.cc[337] : (in function: getCLs) - At r = 0.235813:	q_mu = 4.65087	q_A  = 2.30731	Pmu = 0.01100	1-Pb  = 0.22023	CLs  = 0.04994
AsymptoticLimits.cc[337] : (in function: getCLs) - At r = 0.235684:	q_mu = 4.64852	q_A  = 2.30562	Pmu = 0.01101	1-Pb  = 0.22021	CLs  = 0.05001
AsymptoticLimits.cc[337] : (in function: getCLs) - At r = 0.235728:	q_mu = 4.64932	q_A  = 2.30619	Pmu = 0.01101	1-Pb  = 0.22021	CLs  = 0.04999
AsymptoticLimits.cc[337] : (in function: getCLs) - At r = 0.235702:	q_mu = 4.64885	q_A  = 2.30586	Pmu = 0.01101	1-Pb  = 0.22021	CLs  = 0.05000
AsymptoticLimits.cc[337] : (in function: getCLs) - At r = 0.235711:	q_mu = 4.64901	q_A  = 2.30597	Pmu = 0.01101	1-Pb  = 0.22021	CLs  = 0.05000
AsymptoticLimits.cc[337] : (in function: getCLs) - At r = 0.235706:	q_mu = 4.64892	q_A  = 2.30590	Pmu = 0.01101	1-Pb  = 0.22021	CLs  = 0.05000
