 <<< Combine >>> 
 <<< v10.0.1 >>>
>>> Random number generator seed is 123456
>>> Method used is FitDiagnostics
Set Default Value of Parameter mask_pass_SIG To : 1
Set Default Value of Parameter mask_pass_HIGH To : 1
Set Default Value of Parameter r To : 1
>>> 2 out of 6 channels masked

>> Found 16 floating parameters
>> The following parameters are protected in the event of negative eigenvalues: r
>> Verifying eigenvalues are all positive (iteration 0)
Eigenvalue 15 : -0.000909104
 - 0.797681	r
 - -0.305956	Background_fail_SIG_bin_2-1
 - -0.291476	Background_fail_HIGH_bin_1-1
 - -0.212213	Background_fail_HIGH_bin_2-1
 - -0.18832	Background_fail_SIG_bin_1-1
>> Attempt 0 failed, remove the variable with largest eigenvector component...
>> Dropping Background_fail_SIG_bin_2-1 from the hessian
>> Verifying eigenvalues are all positive (iteration 1)
Eigenvalue 14 : -1.11022e-16
 - -1	Background_fail_HIGH_bin_5-1
 - 3.04878e-10	r
 - -2.1662e-10	Background_fail_SIG_bin_1-1
 - -1.57058e-10	Background_fail_LOW_bin_1-1
 - 1.26583e-10	Background_rpf_expo_par1
>> Attempt 1 failed, remove the variable with largest eigenvector component...
>> Dropping Background_fail_HIGH_bin_5-1 from the hessian
>> Verifying eigenvalues are all positive (iteration 2)
>> All eigenvalues are positive
>> Inverting Hessian...
>> Matrix inverted
>> Note: the following parameters were dropped to make the covariance matrix pos-def:
     - Background_fail_SIG_bin_2-1
     - Background_fail_HIGH_bin_5-1

 --- FitDiagnostics ---
Best fit r: 2.17119e-11  -2.17119e-11/+10  (68% CL)
Done in 0.00 min (cpu), 0.00 min (real)
