 <<< Combine >>> 
 <<< v10.0.1 >>>
>>> Random number generator seed is 123456
>>> Method used is FitDiagnostics
Set Default Value of Parameter mask_pass_SIG To : 1
Set Default Value of Parameter mask_pass_HIGH To : 1
Set Default Value of Parameter r To : 1
>>> 2 out of 6 channels masked

>> Found 16 floating parameters
>> The following parameters are protected in the event of negative eigenvalues: r
>> Verifying eigenvalues are all positive (iteration 0)
Eigenvalue 15 : -0.00302978
 - -0.991728	r
 - 0.121825	SVM
 - 0.0380799	Background_fail_HIGH_bin_4-1
 - 0.0122972	Background_fail_HIGH_bin_3-1
 - 0.00426318	Background_fail_HIGH_bin_2-1
>> Attempt 0 failed, remove the variable with largest eigenvector component...
>> Dropping SVM from the hessian
>> Verifying eigenvalues are all positive (iteration 1)
Eigenvalue 14 : -0.0001007
 - -0.999145	r
 - 0.0389292	Background_fail_HIGH_bin_4-1
 - 0.012571	Background_fail_HIGH_bin_3-1
 - 0.00435629	Background_fail_HIGH_bin_2-1
 - 0.0035843	lumi
>> Attempt 1 failed, remove the variable with largest eigenvector component...
>> Dropping Background_fail_HIGH_bin_4-1 from the hessian
>> Verifying eigenvalues are all positive (iteration 2)
>> All eigenvalues are positive
>> Inverting Hessian...
>> Matrix inverted
>> Note: the following parameters were dropped to make the covariance matrix pos-def:
     - SVM
     - Background_fail_HIGH_bin_4-1

 --- FitDiagnostics ---
Best fit r: 2.26994e-13  -2.26994e-13/+10  (68% CL)
Done in 0.00 min (cpu), 0.00 min (real)
