 <<< Combine >>> 
 <<< v10.0.1 >>>
>>> Random number generator seed is 123456
>>> Method used is FitDiagnostics
Set Default Value of Parameter mask_pass_SIG To : 1
Set Default Value of Parameter mask_pass_HIGH To : 1
Set Default Value of Parameter r To : 1
>>> 2 out of 6 channels masked

>> Found 16 floating parameters
>> The following parameters are protected in the event of negative eigenvalues: r
>> Verifying eigenvalues are all positive (iteration 0)
Eigenvalue 14 : -5.82076e-11
 - -1	Background_fail_HIGH_bin_5-1
 - 6.51431e-08	r
 - -7.62833e-09	SVM
 - -4.13331e-09	Background_fail_HIGH_bin_4-1
 - -1.31883e-09	Background_fail_HIGH_bin_3-1
Eigenvalue 15 : -0.00282876
 - 0.991366	r
 - -0.114399	SVM
 - -0.0604244	Background_fail_HIGH_bin_4-1
 - -0.0196436	Background_fail_HIGH_bin_3-1
 - -0.00696312	Background_fail_HIGH_bin_2-1
>> Attempt 0 failed, remove the variable with largest eigenvector component...
>> Dropping SVM from the hessian
>> Verifying eigenvalues are all positive (iteration 1)
Eigenvalue 13 : -5.82075e-11
 - 1	Background_fail_HIGH_bin_5-1
 - -7.37549e-07	r
 - 4.56994e-08	Background_fail_HIGH_bin_4-1
 - 1.48313e-08	Background_fail_HIGH_bin_3-1
 - 5.38397e-09	Background_fail_HIGH_bin_2-1
Eigenvalue 14 : -0.000253195
 - -0.997863	r
 - 0.0616066	Background_fail_HIGH_bin_4-1
 - 0.0200274	Background_fail_HIGH_bin_3-1
 - 0.00709653	Background_fail_HIGH_bin_2-1
 - 0.00360252	lumi
>> Attempt 1 failed, remove the variable with largest eigenvector component...
>> Dropping Background_fail_HIGH_bin_4-1 from the hessian
>> Verifying eigenvalues are all positive (iteration 2)
Eigenvalue 13 : -5.82077e-11
 - -1	Background_fail_HIGH_bin_5-1
 - -3.73086e-07	r
 - 7.48771e-09	Background_fail_HIGH_bin_3-1
 - 2.52431e-09	Background_fail_HIGH_bin_2-1
 - 1.19666e-09	lumi
>> Attempt 2 failed, remove the variable with largest eigenvector component...
>> Dropping Background_fail_HIGH_bin_5-1 from the hessian
>> Verifying eigenvalues are all positive (iteration 3)
>> All eigenvalues are positive
>> Inverting Hessian...
>> Matrix inverted
>> Note: the following parameters were dropped to make the covariance matrix pos-def:
     - SVM
     - Background_fail_HIGH_bin_4-1
     - Background_fail_HIGH_bin_5-1

 --- FitDiagnostics ---
Best fit r: 5.59705e-12  -5.59705e-12/+10  (68% CL)
Done in 0.00 min (cpu), 0.00 min (real)
