CascadeMinimizer.cc[188] : (in function: improveOnce) - Minimization configured with Type=Minuit2, Algo=Migrad, strategy=0, tolerance=0.1
CascadeMinimizer.cc[215] : (in function: improveOnce) - Minimization finished with status=0
CascadeMinimizer.cc[219] : (in function: improveOnce) - Minimization success! status=0
ToyMCSamplerOpt.cc[146] : (in function: generateAsimov) - Using internal logic for binned/unbinned Asimov dataset generation
ToyMCSamplerOpt.cc[214] : (in function: generateWithHisto) - Generating asimov with histogram for pdf pdf_binpass_LOW_obsOnly: in 4 x-bins
ToyMCSamplerOpt.cc[215] : (in function: generateWithHisto) -  , in 1 y-bins
ToyMCSamplerOpt.cc[146] : (in function: generateAsimov) - Using internal logic for binned/unbinned Asimov dataset generation
ToyMCSamplerOpt.cc[214] : (in function: generateWithHisto) - Generating asimov with histogram for pdf pdf_binpass_SIG_obsOnly: in 2 x-bins
ToyMCSamplerOpt.cc[215] : (in function: generateWithHisto) -  , in 1 y-bins
ToyMCSamplerOpt.cc[146] : (in function: generateAsimov) - Using internal logic for binned/unbinned Asimov dataset generation
ToyMCSamplerOpt.cc[214] : (in function: generateWithHisto) - Generating asimov with histogram for pdf pdf_binpass_HIGH_obsOnly: in 5 x-bins
ToyMCSamplerOpt.cc[215] : (in function: generateWithHisto) -  , in 1 y-bins
ToyMCSamplerOpt.cc[146] : (in function: generateAsimov) - Using internal logic for binned/unbinned Asimov dataset generation
ToyMCSamplerOpt.cc[214] : (in function: generateWithHisto) - Generating asimov with histogram for pdf pdf_binfail_LOW_obsOnly: in 4 x-bins
ToyMCSamplerOpt.cc[215] : (in function: generateWithHisto) -  , in 1 y-bins
ToyMCSamplerOpt.cc[146] : (in function: generateAsimov) - Using internal logic for binned/unbinned Asimov dataset generation
ToyMCSamplerOpt.cc[214] : (in function: generateWithHisto) - Generating asimov with histogram for pdf pdf_binfail_SIG_obsOnly: in 2 x-bins
ToyMCSamplerOpt.cc[215] : (in function: generateWithHisto) -  , in 1 y-bins
ToyMCSamplerOpt.cc[146] : (in function: generateAsimov) - Using internal logic for binned/unbinned Asimov dataset generation
ToyMCSamplerOpt.cc[214] : (in function: generateWithHisto) - Generating asimov with histogram for pdf pdf_binfail_HIGH_obsOnly: in 5 x-bins
ToyMCSamplerOpt.cc[215] : (in function: generateWithHisto) -  , in 1 y-bins
AsymptoticLimits.cc[428] : (in function: runLimitExpected) - Median for expected limits = 0.0415039, Sigma for expected limits = 0.0211759
AsymptoticLimits.cc[191] : (in function: runLimit) - NLL at global minimum of data = -610510 (r=2.07927e-10)
AsymptoticLimits.cc[211] : (in function: runLimit) - NLL at global minimum of asimov = -610508 (r=8.75414e-06)
AsymptoticLimits.cc[337] : (in function: getCLs) - At r = 1.200000:	q_mu = 340.77384	q_A  = 334.63214	Pmu = 0.00000	1-Pb  = 0.43334	CLs  = 0.00000
AsymptoticLimits.cc[337] : (in function: getCLs) - At r = 0.600000:	q_mu = 138.80891	q_A  = 132.69787	Pmu = 0.00000	1-Pb  = 0.39541	CLs  = 0.00000
AsymptoticLimits.cc[337] : (in function: getCLs) - At r = 0.300000:	q_mu = 53.72324	q_A  = 48.31918	Pmu = 0.00000	1-Pb  = 0.34874	CLs  = 0.00000
AsymptoticLimits.cc[337] : (in function: getCLs) - At r = 0.150000:	q_mu = 21.07529	q_A  = 16.56770	Pmu = 0.00000	1-Pb  = 0.28989	CLs  = 0.00001
AsymptoticLimits.cc[337] : (in function: getCLs) - At r = 0.075000:	q_mu = 11.30908	q_A  = 7.56386	Pmu = 0.00030	1-Pb  = 0.24797	CLs  = 0.00121
AsymptoticLimits.cc[337] : (in function: getCLs) - At r = 0.037500:	q_mu = 6.28833	q_A  = 3.39212	Pmu = 0.00429	1-Pb  = 0.21586	CLs  = 0.01989
AsymptoticLimits.cc[337] : (in function: getCLs) - At r = 0.018750:	q_mu = 3.31274	q_A  = 1.30779	Pmu = 0.02168	1-Pb  = 0.19035	CLs  = 0.11390
AsymptoticLimits.cc[337] : (in function: getCLs) - At r = 0.029577:	q_mu = 5.07195	q_A  = 2.48819	Pmu = 0.00828	1-Pb  = 0.20639	CLs  = 0.04011
AsymptoticLimits.cc[337] : (in function: getCLs) - At r = 0.025583:	q_mu = 4.43615	q_A  = 2.04118	Pmu = 0.01170	1-Pb  = 0.20097	CLs  = 0.05821
AsymptoticLimits.cc[337] : (in function: getCLs) - At r = 0.027687:	q_mu = 4.77292	q_A  = 2.27547	Pmu = 0.00974	1-Pb  = 0.20389	CLs  = 0.04776
AsymptoticLimits.cc[337] : (in function: getCLs) - At r = 0.026877:	q_mu = 4.64372	q_A  = 2.18494	Pmu = 0.01045	1-Pb  = 0.20279	CLs  = 0.05152
AsymptoticLimits.cc[337] : (in function: getCLs) - At r = 0.027295:	q_mu = 4.71052	q_A  = 2.23165	Pmu = 0.01007	1-Pb  = 0.20336	CLs  = 0.04954
AsymptoticLimits.cc[337] : (in function: getCLs) - At r = 0.027133:	q_mu = 4.68462	q_A  = 2.21349	Pmu = 0.01022	1-Pb  = 0.20313	CLs  = 0.05030
AsymptoticLimits.cc[337] : (in function: getCLs) - At r = 0.027217:	q_mu = 4.69796	q_A  = 2.22283	Pmu = 0.01014	1-Pb  = 0.20325	CLs  = 0.04991
AsymptoticLimits.cc[337] : (in function: getCLs) - At r = 0.027184:	q_mu = 4.69278	q_A  = 2.21920	Pmu = 0.01017	1-Pb  = 0.20320	CLs  = 0.05006
AsymptoticLimits.cc[337] : (in function: getCLs) - At r = 0.027201:	q_mu = 4.69545	q_A  = 2.22107	Pmu = 0.01016	1-Pb  = 0.20323	CLs  = 0.04998
AsymptoticLimits.cc[337] : (in function: getCLs) - At r = 0.027194:	q_mu = 4.69441	q_A  = 2.22035	Pmu = 0.01016	1-Pb  = 0.20322	CLs  = 0.05001
AsymptoticLimits.cc[337] : (in function: getCLs) - At r = 0.027198:	q_mu = 4.69495	q_A  = 2.22072	Pmu = 0.01016	1-Pb  = 0.20322	CLs  = 0.05000
