 <<< Combine >>> 
 <<< v10.0.1 >>>
>>> Random number generator seed is 123456
>>> Method used is FitDiagnostics
Set Default Value of Parameter mask_pass_SIG To : 1
Set Default Value of Parameter mask_pass_HIGH To : 1
Set Default Value of Parameter r To : 1
>>> 2 out of 6 channels masked

>> Found 16 floating parameters
>> The following parameters are protected in the event of negative eigenvalues: r
>> Verifying eigenvalues are all positive (iteration 0)
Eigenvalue 14 : -5.55112e-17
 - 1	Background_fail_HIGH_bin_5-1
 - -1.59703e-08	r
 - 1.77383e-09	SVM
 - 1.14291e-09	Background_fail_HIGH_bin_4-1
 - 2.72195e-10	Background_fail_HIGH_bin_3-1
Eigenvalue 15 : -0.00274065
 - 0.991164	r
 - -0.110861	SVM
 - -0.068341	Background_fail_HIGH_bin_4-1
 - -0.0226938	Background_fail_HIGH_bin_3-1
 - -0.0092883	Background_fail_HIGH_bin_2-1
>> Attempt 0 failed, remove the variable with largest eigenvector component...
>> Dropping SVM from the hessian
>> Verifying eigenvalues are all positive (iteration 1)
Eigenvalue 14 : -0.000324998
 - -0.997246	r
 - 0.0695937	Background_fail_HIGH_bin_4-1
 - 0.0231091	Background_fail_HIGH_bin_3-1
 - 0.00945504	Background_fail_HIGH_bin_2-1
 - 0.00408309	Background_fail_HIGH_bin_1-1
>> Attempt 1 failed, remove the variable with largest eigenvector component...
>> Dropping Background_fail_HIGH_bin_4-1 from the hessian
>> Verifying eigenvalues are all positive (iteration 2)
>> All eigenvalues are positive
>> Inverting Hessian...
>> Matrix inverted
>> Note: the following parameters were dropped to make the covariance matrix pos-def:
     - SVM
     - Background_fail_HIGH_bin_4-1

 --- FitDiagnostics ---
Best fit r: 1.86921e-11  -1.86921e-11/+10  (68% CL)
Done in 0.00 min (cpu), 0.00 min (real)
