 <<< Combine >>> 
 <<< v10.0.1 >>>
>>> Random number generator seed is 123456
>>> Method used is FitDiagnostics
Set Default Value of Parameter mask_pass_SIG To : 1
Set Default Value of Parameter mask_pass_HIGH To : 1
Set Default Value of Parameter r To : 1
>>> 2 out of 6 channels masked

>> Found 16 floating parameters
>> The following parameters are protected in the event of negative eigenvalues: r
>> Verifying eigenvalues are all positive (iteration 0)
Eigenvalue 14 : -5.82076e-11
 - -1	Background_fail_HIGH_bin_5-1
 - 4.91404e-08	r
 - -7.61437e-09	SVM
 - -2.14171e-09	Background_fail_HIGH_bin_4-1
 - -5.52342e-10	Background_fail_HIGH_bin_3-1
Eigenvalue 15 : -0.00464709
 - -0.987686	r
 - 0.150162	SVM
 - 0.0420645	Background_fail_HIGH_bin_4-1
 - 0.0114539	Background_fail_HIGH_bin_3-1
 - 0.00372417	Background_fail_HIGH_bin_2-1
>> Attempt 0 failed, remove the variable with largest eigenvector component...
>> Dropping SVM from the hessian
>> Verifying eigenvalues are all positive (iteration 1)
Eigenvalue 13 : -5.82073e-11
 - 1	Background_fail_HIGH_bin_5-1
 - -1.86687e-06	r
 - 8.13646e-08	Background_fail_HIGH_bin_4-1
 - 2.21231e-08	Background_fail_HIGH_bin_3-1
 - 7.07973e-09	Background_fail_HIGH_bin_2-1
Eigenvalue 14 : -0.000124601
 - 0.998968	r
 - -0.0435112	Background_fail_HIGH_bin_4-1
 - -0.0118472	Background_fail_HIGH_bin_3-1
 - -0.0038496	Background_fail_HIGH_bin_2-1
 - -0.00346294	lumi
>> Attempt 1 failed, remove the variable with largest eigenvector component...
>> Dropping Background_fail_HIGH_bin_4-1 from the hessian
>> Verifying eigenvalues are all positive (iteration 2)
Eigenvalue 13 : -5.82079e-11
 - 1	Background_fail_HIGH_bin_5-1
 - 9.20762e-07	r
 - -1.09574e-08	Background_fail_HIGH_bin_3-1
 - -3.66914e-09	Background_fail_HIGH_bin_2-1
 - -3.34597e-09	lumi
>> Attempt 2 failed, remove the variable with largest eigenvector component...
>> Dropping Background_fail_HIGH_bin_5-1 from the hessian
>> Verifying eigenvalues are all positive (iteration 3)
>> All eigenvalues are positive
>> Inverting Hessian...
>> Matrix inverted
>> Note: the following parameters were dropped to make the covariance matrix pos-def:
     - SVM
     - Background_fail_HIGH_bin_4-1
     - Background_fail_HIGH_bin_5-1

 --- FitDiagnostics ---
Best fit r: 5.92853e-12  -5.92853e-12/+10  (68% CL)
Done in 0.00 min (cpu), 0.00 min (real)
