 <<< Combine >>> 
 <<< v10.0.1 >>>
>>> Random number generator seed is 123456
>>> Method used is FitDiagnostics
Set Default Value of Parameter mask_pass_SIG To : 1
Set Default Value of Parameter mask_pass_HIGH To : 1
Set Default Value of Parameter r To : 1
>>> 2 out of 6 channels masked

>> Found 16 floating parameters
>> The following parameters are protected in the event of negative eigenvalues: r
>> Verifying eigenvalues are all positive (iteration 0)
Eigenvalue 14 : -5.82077e-11
 - 1	Background_fail_HIGH_bin_5-1
 - -1.26325e-08	r
 - 1.75836e-09	SVM
 - 4.67564e-10	Background_fail_HIGH_bin_4-1
 - 2.12665e-10	Background_fail_LOW_bin_1-1
Eigenvalue 15 : -0.00315013
 - 0.991383	r
 - -0.12402	SVM
 - -0.0400059	Background_fail_HIGH_bin_4-1
 - -0.0118511	Background_fail_HIGH_bin_3-1
 - -0.00458312	Background_fail_HIGH_bin_2-1
>> Attempt 0 failed, remove the variable with largest eigenvector component...
>> Dropping SVM from the hessian
>> Verifying eigenvalues are all positive (iteration 1)
Eigenvalue 13 : -5.82076e-11
 - -1	Background_fail_HIGH_bin_5-1
 - 3.97501e-07	r
 - -1.62443e-08	Background_fail_HIGH_bin_4-1
 - -4.78628e-09	Background_fail_HIGH_bin_3-1
 - -1.86092e-09	Background_fail_HIGH_bin_2-1
Eigenvalue 14 : -0.00011099
 - -0.999069	r
 - 0.0409314	Background_fail_HIGH_bin_4-1
 - 0.0121248	Background_fail_HIGH_bin_3-1
 - 0.00468696	Background_fail_HIGH_bin_2-1
 - 0.00369357	lumi
>> Attempt 1 failed, remove the variable with largest eigenvector component...
>> Dropping Background_fail_HIGH_bin_4-1 from the hessian
>> Verifying eigenvalues are all positive (iteration 2)
Eigenvalue 13 : -5.82077e-11
 - -1	Background_fail_HIGH_bin_5-1
 - -1.96188e-07	r
 - 2.42282e-09	Background_fail_HIGH_bin_3-1
 - 9.25774e-10	Background_fail_HIGH_bin_2-1
 - 6.87718e-10	lumi
>> Attempt 2 failed, remove the variable with largest eigenvector component...
>> Dropping Background_fail_HIGH_bin_5-1 from the hessian
>> Verifying eigenvalues are all positive (iteration 3)
>> All eigenvalues are positive
>> Inverting Hessian...
>> Matrix inverted
>> Note: the following parameters were dropped to make the covariance matrix pos-def:
     - SVM
     - Background_fail_HIGH_bin_4-1
     - Background_fail_HIGH_bin_5-1

 --- FitDiagnostics ---
Best fit r: 1.52601e-12  -1.52601e-12/+10  (68% CL)
Done in 0.00 min (cpu), 0.00 min (real)
