 <<< Combine >>> 
 <<< v10.0.1 >>>
>>> Random number generator seed is 123456
>>> Method used is FitDiagnostics
Set Default Value of Parameter mask_pass_SIG To : 1
Set Default Value of Parameter mask_pass_HIGH To : 1
Set Default Value of Parameter r To : 1
>>> 2 out of 6 channels masked

>> Found 16 floating parameters
>> The following parameters are protected in the event of negative eigenvalues: r
>> Verifying eigenvalues are all positive (iteration 0)
Eigenvalue 14 : -5.82077e-11
 - 1	Background_fail_HIGH_bin_5-1
 - 3.13536e-09	r
 - -5.8826e-10	Background_fail_HIGH_bin_4-1
 - -3.0621e-10	Background_fail_HIGH_bin_3-1
 - -2.07352e-10	SVM
Eigenvalue 15 : -0.0034677
 - -0.985392	r
 - 0.119597	Background_fail_HIGH_bin_4-1
 - 0.110945	SVM
 - 0.0445119	Background_fail_HIGH_bin_3-1
 - 0.0181667	Background_fail_HIGH_bin_2-1
>> Attempt 0 failed, remove the variable with largest eigenvector component...
>> Dropping Background_fail_HIGH_bin_4-1 from the hessian
>> Verifying eigenvalues are all positive (iteration 1)
Eigenvalue 13 : -5.82077e-11
 - 1	Background_fail_HIGH_bin_5-1
 - 2.99775e-08	r
 - -3.28425e-09	SVM
 - -1.5398e-09	Background_fail_HIGH_bin_3-1
 - -5.61998e-10	Background_fail_HIGH_bin_2-1
Eigenvalue 14 : -0.000530262
 - -0.992289	r
 - 0.113431	SVM
 - 0.0454818	Background_fail_HIGH_bin_3-1
 - 0.0185549	Background_fail_HIGH_bin_2-1
 - 0.00777486	Background_fail_HIGH_bin_1-1
>> Attempt 1 failed, remove the variable with largest eigenvector component...
>> Dropping SVM from the hessian
>> Verifying eigenvalues are all positive (iteration 2)
Eigenvalue 13 : -5.82077e-11
 - -1	Background_fail_HIGH_bin_5-1
 - 6.48038e-09	r
 - -1.74209e-10	lumi
 - -1.35701e-10	Background_fail_HIGH_bin_3-1
 - 1.31626e-10	Background_fail_SIG_bin_2-1
>> Attempt 2 failed, remove the variable with largest eigenvector component...
>> Dropping Background_fail_HIGH_bin_5-1 from the hessian
>> Verifying eigenvalues are all positive (iteration 3)
>> All eigenvalues are positive
>> Inverting Hessian...
>> Matrix inverted
>> Note: the following parameters were dropped to make the covariance matrix pos-def:
     - Background_fail_HIGH_bin_4-1
     - SVM
     - Background_fail_HIGH_bin_5-1

 --- FitDiagnostics ---
Best fit r: 3.34816e-13  -3.34816e-13/+10  (68% CL)
Done in 0.00 min (cpu), 0.00 min (real)
