 <<< Combine >>> 
 <<< v10.0.1 >>>
>>> Random number generator seed is 123456
>>> Method used is FitDiagnostics
Set Default Value of Parameter mask_pass_SIG To : 1
Set Default Value of Parameter mask_pass_HIGH To : 1
Set Default Value of Parameter r To : 1
>>> 2 out of 6 channels masked

>> Found 16 floating parameters
>> The following parameters are protected in the event of negative eigenvalues: r
>> Verifying eigenvalues are all positive (iteration 0)
Eigenvalue 15 : -0.00555084
 - -0.977826	r
 - 0.144107	Background_fail_HIGH_bin_4-1
 - 0.14069	SVM
 - 0.0529519	Background_fail_HIGH_bin_3-1
 - 0.0200329	Background_fail_HIGH_bin_2-1
>> Attempt 0 failed, remove the variable with largest eigenvector component...
>> Dropping Background_fail_HIGH_bin_4-1 from the hessian
>> Verifying eigenvalues are all positive (iteration 1)
Eigenvalue 13 : -5.55112e-17
 - -1	Background_fail_HIGH_bin_5-1
 - -7.02463e-10	r
 - 1.66675e-10	Background_fail_LOW_bin_3-1
 - 1.50772e-10	Background_fail_LOW_bin_1-1
 - 1.20207e-10	Background_fail_HIGH_bin_1-1
Eigenvalue 14 : -0.00121504
 - 0.987613	r
 - -0.145297	SVM
 - -0.0546374	Background_fail_HIGH_bin_3-1
 - -0.0206581	Background_fail_HIGH_bin_2-1
 - -0.00868171	Background_fail_HIGH_bin_1-1
>> Attempt 1 failed, remove the variable with largest eigenvector component...
>> Dropping SVM from the hessian
>> Verifying eigenvalues are all positive (iteration 2)
>> All eigenvalues are positive
>> Inverting Hessian...
>> Matrix inverted
>> Note: the following parameters were dropped to make the covariance matrix pos-def:
     - Background_fail_HIGH_bin_4-1
     - SVM

 --- FitDiagnostics ---
Best fit r: 2.33402e-13  -2.33402e-13/+10  (68% CL)
Done in 0.00 min (cpu), 0.00 min (real)
