 <<< Combine >>> 
 <<< v10.0.1 >>>
>>> Random number generator seed is 123456
>>> Method used is FitDiagnostics
Set Default Value of Parameter mask_pass_SIG To : 1
Set Default Value of Parameter mask_pass_HIGH To : 1
Set Default Value of Parameter r To : 1
>>> 2 out of 6 channels masked

>> Found 16 floating parameters
>> The following parameters are protected in the event of negative eigenvalues: r
>> Verifying eigenvalues are all positive (iteration 0)
Eigenvalue 14 : -1.11022e-16
 - -1	Background_fail_HIGH_bin_5-1
 - -1.25514e-09	r
 - 1.69266e-10	Background_fail_HIGH_bin_4-1
 - 1.4187e-10	SVM
 - 1.38735e-10	Background_fail_HIGH_bin_3-1
Eigenvalue 15 : -0.00778104
 - 0.951529	r
 - -0.252389	Background_fail_HIGH_bin_4-1
 - -0.125177	Background_fail_HIGH_bin_3-1
 - -0.103352	SVM
 - -0.0597182	Background_fail_HIGH_bin_2-1
>> Attempt 0 failed, remove the variable with largest eigenvector component...
>> Dropping Background_fail_HIGH_bin_4-1 from the hessian
>> Verifying eigenvalues are all positive (iteration 1)
>> All eigenvalues are positive
>> Inverting Hessian...
>> Matrix inverted
>> Note: the following parameters were dropped to make the covariance matrix pos-def:
     - Background_fail_HIGH_bin_4-1

 --- FitDiagnostics ---
Best fit r: 5.55025e-10  -5.55025e-10/+10  (68% CL)
Done in 0.00 min (cpu), 0.00 min (real)
