 <<< Combine >>> 
 <<< v10.0.1 >>>
>>> Random number generator seed is 123456
>>> Method used is FitDiagnostics
Set Default Value of Parameter mask_pass_SIG To : 1
Set Default Value of Parameter mask_pass_HIGH To : 1
Set Default Value of Parameter r To : 1
>>> 2 out of 6 channels masked

>> Found 16 floating parameters
>> The following parameters are protected in the event of negative eigenvalues: r
>> Verifying eigenvalues are all positive (iteration 0)
Eigenvalue 14 : -5.55112e-17
 - -1	Background_fail_HIGH_bin_5-1
 - -2.3079e-10	r
 - 4.39215e-11	Background_fail_LOW_bin_2-1
 - -3.37578e-11	Background_fail_HIGH_bin_1-1
 - 2.97794e-11	SVM
Eigenvalue 15 : -0.00417797
 - 0.983745	r
 - -0.124224	SVM
 - -0.11987	Background_fail_HIGH_bin_4-1
 - -0.0453102	Background_fail_HIGH_bin_3-1
 - -0.0180072	Background_fail_HIGH_bin_2-1
>> Attempt 0 failed, remove the variable with largest eigenvector component...
>> Dropping SVM from the hessian
>> Verifying eigenvalues are all positive (iteration 1)
Eigenvalue 13 : -5.55112e-17
 - 1	Background_fail_HIGH_bin_5-1
 - 8.79732e-10	r
 - -8.42745e-11	Background_fail_HIGH_bin_4-1
 - -4.39311e-11	Background_fail_LOW_bin_2-1
 - 2.90768e-11	Background_fail_HIGH_bin_1-1
Eigenvalue 14 : -0.00111331
 - -0.99117	r
 - 0.122574	Background_fail_HIGH_bin_4-1
 - 0.0463496	Background_fail_HIGH_bin_3-1
 - 0.0184124	Background_fail_HIGH_bin_2-1
 - 0.0071098	Background_fail_HIGH_bin_1-1
>> Attempt 1 failed, remove the variable with largest eigenvector component...
>> Dropping Background_fail_HIGH_bin_4-1 from the hessian
>> Verifying eigenvalues are all positive (iteration 2)
>> All eigenvalues are positive
>> Inverting Hessian...
>> Matrix inverted
>> Note: the following parameters were dropped to make the covariance matrix pos-def:
     - SVM
     - Background_fail_HIGH_bin_4-1

 --- FitDiagnostics ---
Best fit r: 2.99949e-11  -2.99949e-11/+10  (68% CL)
Done in 0.00 min (cpu), 0.00 min (real)
