 <<< Combine >>> 
 <<< v10.0.1 >>>
>>> Random number generator seed is 123456
>>> Method used is FitDiagnostics
Set Default Value of Parameter mask_pass_SIG To : 1
Set Default Value of Parameter mask_pass_HIGH To : 1
Set Default Value of Parameter r To : 1
>>> 2 out of 6 channels masked

>> Found 16 floating parameters
>> The following parameters are protected in the event of negative eigenvalues: r
>> Verifying eigenvalues are all positive (iteration 0)
Eigenvalue 14 : -5.82076e-11
 - -1	Background_fail_HIGH_bin_5-1
 - 8.65062e-08	r
 - -8.31349e-09	SVM
 - -5.2737e-09	Background_fail_HIGH_bin_4-1
 - -1.59273e-09	Background_fail_HIGH_bin_3-1
Eigenvalue 15 : -0.00197856
 - 0.993585	r
 - -0.0945094	SVM
 - -0.0587663	Background_fail_HIGH_bin_4-1
 - -0.0181139	Background_fail_HIGH_bin_3-1
 - -0.0069185	Background_fail_HIGH_bin_2-1
>> Attempt 0 failed, remove the variable with largest eigenvector component...
>> Dropping SVM from the hessian
>> Verifying eigenvalues are all positive (iteration 1)
Eigenvalue 13 : -5.82075e-11
 - 1	Background_fail_HIGH_bin_5-1
 - -7.32652e-07	r
 - 4.38704e-08	Background_fail_HIGH_bin_4-1
 - 1.34894e-08	Background_fail_HIGH_bin_3-1
 - 4.9989e-09	Background_fail_HIGH_bin_2-1
Eigenvalue 14 : -0.000235733
 - -0.998018	r
 - 0.0595448	Background_fail_HIGH_bin_4-1
 - 0.0183535	Background_fail_HIGH_bin_3-1
 - 0.00700827	Background_fail_HIGH_bin_2-1
 - 0.00360625	lumi
>> Attempt 1 failed, remove the variable with largest eigenvector component...
>> Dropping Background_fail_HIGH_bin_4-1 from the hessian
>> Verifying eigenvalues are all positive (iteration 2)
Eigenvalue 13 : -5.82077e-11
 - -1	Background_fail_HIGH_bin_5-1
 - -3.68948e-07	r
 - 6.79296e-09	Background_fail_HIGH_bin_3-1
 - 2.74561e-09	Background_fail_HIGH_bin_2-1
 - 1.18275e-09	lumi
>> Attempt 2 failed, remove the variable with largest eigenvector component...
>> Dropping Background_fail_HIGH_bin_5-1 from the hessian
>> Verifying eigenvalues are all positive (iteration 3)
>> All eigenvalues are positive
>> Inverting Hessian...
>> Matrix inverted
>> Note: the following parameters were dropped to make the covariance matrix pos-def:
     - SVM
     - Background_fail_HIGH_bin_4-1
     - Background_fail_HIGH_bin_5-1

 --- FitDiagnostics ---
Best fit r: 6.38687e-11  -6.38687e-11/+10  (68% CL)
Done in 0.00 min (cpu), 0.00 min (real)
