 <<< Combine >>> 
 <<< v10.0.1 >>>
>>> Random number generator seed is 123456
>>> Method used is FitDiagnostics
Set Default Value of Parameter mask_pass_SIG To : 1
Set Default Value of Parameter mask_pass_HIGH To : 1
Set Default Value of Parameter r To : 1
>>> 2 out of 6 channels masked

>> Found 16 floating parameters
>> The following parameters are protected in the event of negative eigenvalues: r
>> Verifying eigenvalues are all positive (iteration 0)
Eigenvalue 15 : -0.00348568
 - 0.990582	r
 - -0.130543	SVM
 - -0.0391738	Background_fail_HIGH_bin_4-1
 - -0.0115556	Background_fail_HIGH_bin_3-1
 - -0.00463889	Background_fail_HIGH_bin_2-1
>> Attempt 0 failed, remove the variable with largest eigenvector component...
>> Dropping SVM from the hessian
>> Verifying eigenvalues are all positive (iteration 1)
Eigenvalue 13 : -5.55112e-17
 - -1	Background_fail_HIGH_bin_5-1
 - 3.22677e-10	r
 - 1.05725e-10	Background_fail_HIGH_bin_1-1
 - 4.09109e-11	Background_fail_LOW_bin_4-1
 - -3.54988e-11	Background_fail_SIG_bin_1-1
Eigenvalue 14 : -0.000106975
 - -0.999102	r
 - 0.0401812	Background_fail_HIGH_bin_4-1
 - 0.0118523	Background_fail_HIGH_bin_3-1
 - 0.00475572	Background_fail_HIGH_bin_2-1
 - 0.00368043	lumi
>> Attempt 1 failed, remove the variable with largest eigenvector component...
>> Dropping Background_fail_HIGH_bin_4-1 from the hessian
>> Verifying eigenvalues are all positive (iteration 2)
>> All eigenvalues are positive
>> Inverting Hessian...
>> Matrix inverted
>> Note: the following parameters were dropped to make the covariance matrix pos-def:
     - SVM
     - Background_fail_HIGH_bin_4-1

 --- FitDiagnostics ---
Best fit r: 2.75963e-11  -2.75963e-11/+10  (68% CL)
Done in 0.00 min (cpu), 0.00 min (real)
