 <<< Combine >>> 
 <<< v10.0.1 >>>
>>> Random number generator seed is 123456
>>> Method used is FitDiagnostics
Set Default Value of Parameter mask_pass_SIG To : 1
Set Default Value of Parameter mask_pass_HIGH To : 1
Set Default Value of Parameter r To : 1
>>> 2 out of 6 channels masked

>> Found 16 floating parameters
>> The following parameters are protected in the event of negative eigenvalues: r
>> Verifying eigenvalues are all positive (iteration 0)
Eigenvalue 15 : -0.0126554
 - -0.970132	r
 - 0.241227	SVM
 - 0.0244049	Background_fail_HIGH_bin_4-1
 - 0.00668906	Background_fail_HIGH_bin_3-1
 - 0.00315136	lumi
>> Attempt 0 failed, remove the variable with largest eigenvector component...
>> Dropping SVM from the hessian
>> Verifying eigenvalues are all positive (iteration 1)
Eigenvalue 13 : -5.55112e-17
 - -1	Background_fail_HIGH_bin_5-1
 - -8.3321e-10	r
 - -1.11041e-10	Background_fail_LOW_bin_3-1
 - 1.10153e-10	Background_fail_LOW_bin_2-1
 - -1.06282e-10	Background_fail_SIG_bin_1-1
Eigenvalue 14 : -4.78568e-05
 - -0.999608	r
 - 0.0267391	Background_fail_HIGH_bin_4-1
 - 0.00732783	Background_fail_HIGH_bin_3-1
 - 0.00346093	lumi
 - 0.00185211	Background_fail_HIGH_bin_2-1
>> Attempt 1 failed, remove the variable with largest eigenvector component...
>> Dropping Background_fail_HIGH_bin_4-1 from the hessian
>> Verifying eigenvalues are all positive (iteration 2)
>> All eigenvalues are positive
>> Inverting Hessian...
>> Matrix inverted
>> Note: the following parameters were dropped to make the covariance matrix pos-def:
     - SVM
     - Background_fail_HIGH_bin_4-1

 --- FitDiagnostics ---
Best fit r: 1.6479e-12  -1.6479e-12/+10  (68% CL)
Done in 0.00 min (cpu), 0.00 min (real)
