 <<< Combine >>> 
 <<< v10.0.1 >>>
>>> Random number generator seed is 123456
>>> Method used is FitDiagnostics
Set Default Value of Parameter mask_pass_SIG To : 1
Set Default Value of Parameter mask_pass_HIGH To : 1
Set Default Value of Parameter r To : 1
>>> 2 out of 6 channels masked

>> Found 16 floating parameters
>> The following parameters are protected in the event of negative eigenvalues: r
>> Verifying eigenvalues are all positive (iteration 0)
Eigenvalue 14 : -5.82077e-11
 - -1	Background_fail_HIGH_bin_5-1
 - 7.19501e-08	r
 - -8.80308e-09	SVM
 - -5.10768e-09	Background_fail_HIGH_bin_4-1
 - -1.62429e-09	Background_fail_HIGH_bin_3-1
Eigenvalue 15 : -0.00325953
 - -0.989734	r
 - 0.121123	SVM
 - 0.0718498	Background_fail_HIGH_bin_4-1
 - 0.0224012	Background_fail_HIGH_bin_3-1
 - 0.00821165	Background_fail_HIGH_bin_2-1
>> Attempt 0 failed, remove the variable with largest eigenvector component...
>> Dropping SVM from the hessian
>> Verifying eigenvalues are all positive (iteration 1)
Eigenvalue 13 : -5.82074e-11
 - -1	Background_fail_HIGH_bin_5-1
 - 6.48805e-07	r
 - -4.76704e-08	Background_fail_HIGH_bin_4-1
 - -1.48939e-08	Background_fail_HIGH_bin_3-1
 - -5.44888e-09	Background_fail_HIGH_bin_2-1
Eigenvalue 14 : -0.000361362
 - 0.99699	r
 - -0.0734286	Background_fail_HIGH_bin_4-1
 - -0.0228927	Background_fail_HIGH_bin_3-1
 - -0.00838836	Background_fail_HIGH_bin_2-1
 - -0.00361804	lumi
>> Attempt 1 failed, remove the variable with largest eigenvector component...
>> Dropping Background_fail_HIGH_bin_4-1 from the hessian
>> Verifying eigenvalues are all positive (iteration 2)
Eigenvalue 13 : -5.82077e-11
 - 1	Background_fail_HIGH_bin_5-1
 - 3.23566e-07	r
 - -7.47391e-09	Background_fail_HIGH_bin_3-1
 - -2.74674e-09	Background_fail_HIGH_bin_2-1
 - -1.07798e-09	Background_fail_HIGH_bin_1-1
>> Attempt 2 failed, remove the variable with largest eigenvector component...
>> Dropping Background_fail_HIGH_bin_5-1 from the hessian
>> Verifying eigenvalues are all positive (iteration 3)
>> All eigenvalues are positive
>> Inverting Hessian...
>> Matrix inverted
>> Note: the following parameters were dropped to make the covariance matrix pos-def:
     - SVM
     - Background_fail_HIGH_bin_4-1
     - Background_fail_HIGH_bin_5-1

 --- FitDiagnostics ---
Best fit r: 1.96328e-11  -1.96328e-11/+10  (68% CL)
Done in 0.00 min (cpu), 0.00 min (real)
