 <<< Combine >>> 
 <<< v10.0.1 >>>
>>> Random number generator seed is 123456
>>> Method used is FitDiagnostics
Set Default Value of Parameter mask_pass_SIG To : 1
Set Default Value of Parameter mask_pass_HIGH To : 1
Set Default Value of Parameter r To : 1
>>> 2 out of 6 channels masked

>> Found 16 floating parameters
>> The following parameters are protected in the event of negative eigenvalues: r
>> Verifying eigenvalues are all positive (iteration 0)
Eigenvalue 14 : -5.82075e-11
 - -1	Background_fail_HIGH_bin_5-1
 - 3.87234e-07	r
 - -1.35862e-07	Background_fail_LOW_bin_4-1
 - -1.25113e-07	Background_fail_SIG_bin_1-1
 - -1.2216e-07	Background_fail_SIG_bin_2-1
Eigenvalue 15 : -0.000200666
 - 0.808768	r
 - -0.283639	Background_fail_LOW_bin_4-1
 - -0.261139	Background_fail_SIG_bin_1-1
 - -0.254824	Background_fail_SIG_bin_2-1
 - -0.208678	Background_fail_HIGH_bin_1-1
>> Attempt 0 failed, remove the variable with largest eigenvector component...
>> Dropping Background_fail_LOW_bin_4-1 from the hessian
>> Verifying eigenvalues are all positive (iteration 1)
Eigenvalue 14 : -5.82075e-11
 - 1	Background_fail_HIGH_bin_5-1
 - 5.40624e-09	r
 - 2.07849e-09	Background_rpf_expo_par0
 - -1.79309e-09	Background_fail_SIG_bin_1-1
 - -1.6774e-09	Background_fail_SIG_bin_2-1
>> Attempt 1 failed, remove the variable with largest eigenvector component...
>> Dropping Background_fail_HIGH_bin_5-1 from the hessian
>> Verifying eigenvalues are all positive (iteration 2)
>> All eigenvalues are positive
>> Inverting Hessian...
>> Matrix inverted
>> Note: the following parameters were dropped to make the covariance matrix pos-def:
     - Background_fail_LOW_bin_4-1
     - Background_fail_HIGH_bin_5-1

 --- FitDiagnostics ---
Best fit r: 2.10653e-09  -2.10653e-09/+2.5  (68% CL)
Done in 0.00 min (cpu), 0.00 min (real)
