 <<< Combine >>> 
 <<< v10.0.1 >>>
>>> Random number generator seed is 123456
>>> Method used is FitDiagnostics
Set Default Value of Parameter mask_pass_SIG To : 1
Set Default Value of Parameter mask_pass_HIGH To : 1
Set Default Value of Parameter r To : 1
>>> 2 out of 6 channels masked

>> Found 16 floating parameters
>> The following parameters are protected in the event of negative eigenvalues: r
>> Verifying eigenvalues are all positive (iteration 0)
Eigenvalue 15 : -0.00286763
 - -0.992174	r
 - 0.118689	SVM
 - 0.0363498	Background_fail_HIGH_bin_4-1
 - 0.0121351	Background_fail_HIGH_bin_3-1
 - 0.00444896	Background_fail_HIGH_bin_2-1
>> Attempt 0 failed, remove the variable with largest eigenvector component...
>> Dropping SVM from the hessian
>> Verifying eigenvalues are all positive (iteration 1)
Eigenvalue 14 : -9.18452e-05
 - -0.999216	r
 - 0.0371182	Background_fail_HIGH_bin_4-1
 - 0.0123912	Background_fail_HIGH_bin_3-1
 - 0.00454106	Background_fail_HIGH_bin_2-1
 - 0.00361007	lumi
>> Attempt 1 failed, remove the variable with largest eigenvector component...
>> Dropping Background_fail_HIGH_bin_4-1 from the hessian
>> Verifying eigenvalues are all positive (iteration 2)
Eigenvalue 13 : -2.22045e-16
 - 1	Background_fail_HIGH_bin_5-1
 - 9.55708e-07	r
 - -1.189e-08	Background_fail_HIGH_bin_3-1
 - -4.34528e-09	Background_fail_HIGH_bin_2-1
 - -3.56857e-09	lumi
>> Attempt 2 failed, remove the variable with largest eigenvector component...
>> Dropping Background_fail_HIGH_bin_5-1 from the hessian
>> Verifying eigenvalues are all positive (iteration 3)
>> All eigenvalues are positive
>> Inverting Hessian...
>> Matrix inverted
>> Note: the following parameters were dropped to make the covariance matrix pos-def:
     - SVM
     - Background_fail_HIGH_bin_4-1
     - Background_fail_HIGH_bin_5-1

 --- FitDiagnostics ---
Best fit r: 1.34291e-09  -1.34291e-09/+10  (68% CL)
Done in 0.00 min (cpu), 0.00 min (real)
