 <<< Combine >>> 
 <<< v10.0.1 >>>
>>> Random number generator seed is 123456
>>> Method used is FitDiagnostics
Set Default Value of Parameter mask_pass_SIG To : 1
Set Default Value of Parameter mask_pass_HIGH To : 1
Set Default Value of Parameter r To : 1
>>> 2 out of 6 channels masked

>> Found 16 floating parameters
>> The following parameters are protected in the event of negative eigenvalues: r
>> Verifying eigenvalues are all positive (iteration 0)
Eigenvalue 14 : -5.82076e-11
 - -1	Background_fail_HIGH_bin_5-1
 - 6.07452e-08	r
 - -7.40194e-09	Background_fail_HIGH_bin_4-1
 - -7.32968e-09	SVM
 - -2.77255e-09	Background_fail_HIGH_bin_3-1
Eigenvalue 15 : -0.00386731
 - -0.984233	r
 - 0.120841	Background_fail_HIGH_bin_4-1
 - 0.118823	SVM
 - 0.046645	Background_fail_HIGH_bin_3-1
 - 0.017623	Background_fail_HIGH_bin_2-1
>> Attempt 0 failed, remove the variable with largest eigenvector component...
>> Dropping Background_fail_HIGH_bin_4-1 from the hessian
>> Verifying eigenvalues are all positive (iteration 1)
Eigenvalue 13 : -5.82075e-11
 - 1	Background_fail_HIGH_bin_5-1
 - -2.70964e-07	r
 - 3.32214e-08	SVM
 - 1.29285e-08	Background_fail_HIGH_bin_3-1
 - 4.94306e-09	Background_fail_HIGH_bin_2-1
Eigenvalue 14 : -0.000861677
 - -0.991236	r
 - 0.121539	SVM
 - 0.0476817	Background_fail_HIGH_bin_3-1
 - 0.0180071	Background_fail_HIGH_bin_2-1
 - 0.00765362	Background_fail_HIGH_bin_1-1
>> Attempt 1 failed, remove the variable with largest eigenvector component...
>> Dropping SVM from the hessian
>> Verifying eigenvalues are all positive (iteration 2)
Eigenvalue 13 : -5.82077e-11
 - 1	Background_fail_HIGH_bin_5-1
 - 1.15499e-07	r
 - -5.74202e-09	Background_fail_HIGH_bin_3-1
 - -2.107e-09	Background_fail_HIGH_bin_2-1
 - -7.53989e-10	Background_fail_HIGH_bin_1-1
>> Attempt 2 failed, remove the variable with largest eigenvector component...
>> Dropping Background_fail_HIGH_bin_5-1 from the hessian
>> Verifying eigenvalues are all positive (iteration 3)
>> All eigenvalues are positive
>> Inverting Hessian...
>> Matrix inverted
>> Note: the following parameters were dropped to make the covariance matrix pos-def:
     - Background_fail_HIGH_bin_4-1
     - SVM
     - Background_fail_HIGH_bin_5-1

 --- FitDiagnostics ---
Best fit r: 7.76574e-11  -7.76574e-11/+10  (68% CL)
Done in 0.00 min (cpu), 0.00 min (real)
