 <<< Combine >>> 
 <<< v10.0.1 >>>
>>> Random number generator seed is 123456
>>> Method used is FitDiagnostics
Set Default Value of Parameter mask_pass_SIG To : 1
Set Default Value of Parameter mask_pass_HIGH To : 1
Set Default Value of Parameter r To : 1
>>> 2 out of 6 channels masked

>> Found 16 floating parameters
>> The following parameters are protected in the event of negative eigenvalues: r
>> Verifying eigenvalues are all positive (iteration 0)
Eigenvalue 14 : -5.82077e-11
 - 1	Background_fail_HIGH_bin_5-1
 - 7.98826e-09	r
 - -7.88114e-10	SVM
 - -2.17935e-10	Background_fail_HIGH_bin_4-1
 - 1.92396e-10	Background_rpf_expo_par0
Eigenvalue 15 : -0.00194997
 - 0.994373	r
 - -0.0971146	SVM
 - -0.0399765	Background_fail_HIGH_bin_4-1
 - -0.0123623	Background_fail_HIGH_bin_3-1
 - -0.0047378	Background_fail_HIGH_bin_2-1
>> Attempt 0 failed, remove the variable with largest eigenvector component...
>> Dropping SVM from the hessian
>> Verifying eigenvalues are all positive (iteration 1)
Eigenvalue 13 : -5.82077e-11
 - -1	Background_fail_HIGH_bin_5-1
 - -1.44211e-07	r
 - 5.74811e-09	Background_fail_HIGH_bin_4-1
 - 1.7196e-09	Background_fail_HIGH_bin_3-1
 - 6.93631e-10	Background_fail_HIGH_bin_2-1
Eigenvalue 14 : -0.000109052
 - -0.999079	r
 - 0.040537	Background_fail_HIGH_bin_4-1
 - 0.0125354	Background_fail_HIGH_bin_3-1
 - 0.00480286	Background_fail_HIGH_bin_2-1
 - 0.00367577	lumi
>> Attempt 1 failed, remove the variable with largest eigenvector component...
>> Dropping Background_fail_HIGH_bin_4-1 from the hessian
>> Verifying eigenvalues are all positive (iteration 2)
Eigenvalue 13 : -5.82077e-11
 - -1	Background_fail_HIGH_bin_5-1
 - 6.81048e-08	r
 - -9.45759e-10	Background_fail_HIGH_bin_3-1
 - -4.02764e-10	lumi
 - -3.27573e-10	Background_fail_HIGH_bin_2-1
>> Attempt 2 failed, remove the variable with largest eigenvector component...
>> Dropping Background_fail_HIGH_bin_5-1 from the hessian
>> Verifying eigenvalues are all positive (iteration 3)
>> All eigenvalues are positive
>> Inverting Hessian...
>> Matrix inverted
>> Note: the following parameters were dropped to make the covariance matrix pos-def:
     - SVM
     - Background_fail_HIGH_bin_4-1
     - Background_fail_HIGH_bin_5-1

 --- FitDiagnostics ---
Best fit r: 2.19185e-11  -2.19185e-11/+10  (68% CL)
Done in 0.00 min (cpu), 0.00 min (real)
