 <<< Combine >>> 
 <<< v10.0.1 >>>
>>> Random number generator seed is 123456
>>> Method used is FitDiagnostics
Set Default Value of Parameter mask_pass_SIG To : 1
Set Default Value of Parameter mask_pass_HIGH To : 1
Set Default Value of Parameter r To : 1
>>> 2 out of 6 channels masked

>> Found 16 floating parameters
>> The following parameters are protected in the event of negative eigenvalues: r
>> Verifying eigenvalues are all positive (iteration 0)
Eigenvalue 15 : -0.00255722
 - 0.992882	r
 - -0.11179	SVM
 - -0.0385576	Background_fail_HIGH_bin_4-1
 - -0.0128135	Background_fail_HIGH_bin_3-1
 - -0.00463576	Background_fail_HIGH_bin_2-1
>> Attempt 0 failed, remove the variable with largest eigenvector component...
>> Dropping SVM from the hessian
>> Verifying eigenvalues are all positive (iteration 1)
Eigenvalue 14 : -0.000102624
 - -0.999123	r
 - 0.0392783	Background_fail_HIGH_bin_4-1
 - 0.0130526	Background_fail_HIGH_bin_3-1
 - 0.00472062	Background_fail_HIGH_bin_2-1
 - 0.00356593	lumi
>> Attempt 1 failed, remove the variable with largest eigenvector component...
>> Dropping Background_fail_HIGH_bin_4-1 from the hessian
>> Verifying eigenvalues are all positive (iteration 2)
Eigenvalue 13 : -5.55112e-17
 - -1	Background_fail_HIGH_bin_5-1
 - 1.70607e-09	r
 - -1.43889e-10	Background_fail_HIGH_bin_3-1
 - -5.71018e-11	Background_rpf_expo_par1
 - 5.29107e-11	Background_fail_LOW_bin_1-1
>> Attempt 2 failed, remove the variable with largest eigenvector component...
>> Dropping Background_fail_HIGH_bin_5-1 from the hessian
>> Verifying eigenvalues are all positive (iteration 3)
>> All eigenvalues are positive
>> Inverting Hessian...
>> Matrix inverted
>> Note: the following parameters were dropped to make the covariance matrix pos-def:
     - SVM
     - Background_fail_HIGH_bin_4-1
     - Background_fail_HIGH_bin_5-1

 --- FitDiagnostics ---
Best fit r: 2.31262e-10  -2.31262e-10/+10  (68% CL)
Done in 0.00 min (cpu), 0.00 min (real)
