 <<< Combine >>> 
 <<< v10.0.1 >>>
>>> Random number generator seed is 123456
>>> Method used is FitDiagnostics
Set Default Value of Parameter mask_pass_SIG To : 1
Set Default Value of Parameter mask_pass_HIGH To : 1
Set Default Value of Parameter r To : 1
>>> 2 out of 6 channels masked

>> Found 16 floating parameters
>> The following parameters are protected in the event of negative eigenvalues: r
>> Verifying eigenvalues are all positive (iteration 0)
Eigenvalue 14 : -5.55112e-17
 - 1	Background_fail_HIGH_bin_5-1
 - 1.37891e-08	r
 - -1.74506e-09	SVM
 - -5.46402e-10	Background_fail_HIGH_bin_4-1
 - 1.90169e-10	Background_fail_LOW_bin_2-1
Eigenvalue 15 : -0.00311504
 - -0.991506	r
 - 0.123469	SVM
 - 0.0386835	Background_fail_HIGH_bin_4-1
 - 0.0119219	Background_fail_HIGH_bin_3-1
 - 0.0041154	Background_fail_HIGH_bin_2-1
>> Attempt 0 failed, remove the variable with largest eigenvector component...
>> Dropping SVM from the hessian
>> Verifying eigenvalues are all positive (iteration 1)
Eigenvalue 14 : -0.000103799
 - -0.999126	r
 - 0.0395703	Background_fail_HIGH_bin_4-1
 - 0.0121948	Background_fail_HIGH_bin_3-1
 - 0.0042078	Background_fail_HIGH_bin_2-1
 - 0.0035798	lumi
>> Attempt 1 failed, remove the variable with largest eigenvector component...
>> Dropping Background_fail_HIGH_bin_4-1 from the hessian
>> Verifying eigenvalues are all positive (iteration 2)
>> All eigenvalues are positive
>> Inverting Hessian...
>> Matrix inverted
>> Note: the following parameters were dropped to make the covariance matrix pos-def:
     - SVM
     - Background_fail_HIGH_bin_4-1

 --- FitDiagnostics ---
Best fit r: 5.99024e-12  -5.99024e-12/+10  (68% CL)
Done in 0.00 min (cpu), 0.00 min (real)
