 <<< Combine >>> 
 <<< v10.0.1 >>>
>>> Random number generator seed is 123456
>>> Method used is FitDiagnostics
Set Default Value of Parameter mask_pass_SIG To : 1
Set Default Value of Parameter mask_pass_HIGH To : 1
Set Default Value of Parameter r To : 1
>>> 2 out of 6 channels masked

>> Found 16 floating parameters
>> The following parameters are protected in the event of negative eigenvalues: r
>> Verifying eigenvalues are all positive (iteration 0)
Eigenvalue 14 : -5.82077e-11
 - -1	Background_fail_HIGH_bin_5-1
 - -3.1495e-09	r
 - 4.53036e-10	SVM
 - 2.64822e-10	Background_fail_HIGH_bin_4-1
 - -1.75945e-10	Background_fail_LOW_bin_2-1
Eigenvalue 15 : -0.00459474
 - -0.988193	r
 - 0.150461	SVM
 - 0.0277003	Background_fail_HIGH_bin_4-1
 - 0.00713771	Background_fail_HIGH_bin_3-1
 - 0.00354661	lumi
>> Attempt 0 failed, remove the variable with largest eigenvector component...
>> Dropping SVM from the hessian
>> Verifying eigenvalues are all positive (iteration 1)
Eigenvalue 13 : -5.82076e-11
 - -1	Background_fail_HIGH_bin_5-1
 - -2.49195e-07	r
 - 7.32102e-09	Background_fail_HIGH_bin_4-1
 - 1.75061e-09	Background_fail_HIGH_bin_3-1
 - 9.53839e-10	lumi
Eigenvalue 14 : -5.48995e-05
 - -0.999552	r
 - 0.0286577	Background_fail_HIGH_bin_4-1
 - 0.00738403	Background_fail_HIGH_bin_3-1
 - 0.00367244	lumi
 - 0.002442	Background_fail_HIGH_bin_2-1
>> Attempt 1 failed, remove the variable with largest eigenvector component...
>> Dropping Background_fail_HIGH_bin_4-1 from the hessian
>> Verifying eigenvalues are all positive (iteration 2)
Eigenvalue 13 : -5.82077e-11
 - 1	Background_fail_HIGH_bin_5-1
 - -1.35102e-07	r
 - 1.08911e-09	Background_fail_HIGH_bin_3-1
 - 4.58507e-10	lumi
 - 4.24453e-10	Background_fail_HIGH_bin_2-1
>> Attempt 2 failed, remove the variable with largest eigenvector component...
>> Dropping Background_fail_HIGH_bin_5-1 from the hessian
>> Verifying eigenvalues are all positive (iteration 3)
>> All eigenvalues are positive
>> Inverting Hessian...
>> Matrix inverted
>> Note: the following parameters were dropped to make the covariance matrix pos-def:
     - SVM
     - Background_fail_HIGH_bin_4-1
     - Background_fail_HIGH_bin_5-1

 --- FitDiagnostics ---
Best fit r: 9.48221e-12  -9.48221e-12/+10  (68% CL)
Done in 0.00 min (cpu), 0.00 min (real)
