 <<< Combine >>> 
 <<< v10.0.1 >>>
>>> Random number generator seed is 123456
>>> Method used is FitDiagnostics
Set Default Value of Parameter mask_pass_SIG To : 1
Set Default Value of Parameter mask_pass_HIGH To : 1
Set Default Value of Parameter r To : 1
>>> 2 out of 6 channels masked

>> Found 16 floating parameters
>> The following parameters are protected in the event of negative eigenvalues: r
>> Verifying eigenvalues are all positive (iteration 0)
Eigenvalue 14 : -5.82076e-11
 - 1	Background_fail_HIGH_bin_5-1
 - 1.80903e-08	r
 - -2.30176e-09	SVM
 - -1.12251e-09	Background_fail_HIGH_bin_4-1
 - -3.75164e-10	Background_fail_HIGH_bin_3-1
Eigenvalue 15 : -0.00299931
 - -0.990946	r
 - 0.11799	SVM
 - 0.0605758	Background_fail_HIGH_bin_4-1
 - 0.0189995	Background_fail_HIGH_bin_3-1
 - 0.00725466	Background_fail_HIGH_bin_2-1
>> Attempt 0 failed, remove the variable with largest eigenvector component...
>> Dropping SVM from the hessian
>> Verifying eigenvalues are all positive (iteration 1)
Eigenvalue 13 : -5.82077e-11
 - -1	Background_fail_HIGH_bin_5-1
 - -2.26282e-07	r
 - 1.4041e-08	Background_fail_HIGH_bin_4-1
 - 4.42687e-09	Background_fail_HIGH_bin_3-1
 - 1.73342e-09	Background_fail_HIGH_bin_2-1
Eigenvalue 14 : -0.000254821
 - 0.997859	r
 - -0.0618386	Background_fail_HIGH_bin_4-1
 - -0.0193949	Background_fail_HIGH_bin_3-1
 - -0.00740276	Background_fail_HIGH_bin_2-1
 - -0.0036795	lumi
>> Attempt 1 failed, remove the variable with largest eigenvector component...
>> Dropping Background_fail_HIGH_bin_4-1 from the hessian
>> Verifying eigenvalues are all positive (iteration 2)
Eigenvalue 13 : -5.82077e-11
 - -1	Background_fail_HIGH_bin_5-1
 - 1.13479e-07	r
 - -2.18536e-09	Background_fail_HIGH_bin_3-1
 - -7.90277e-10	Background_fail_HIGH_bin_2-1
 - -3.06899e-10	Background_fail_HIGH_bin_1-1
>> Attempt 2 failed, remove the variable with largest eigenvector component...
>> Dropping Background_fail_HIGH_bin_5-1 from the hessian
>> Verifying eigenvalues are all positive (iteration 3)
>> All eigenvalues are positive
>> Inverting Hessian...
>> Matrix inverted
>> Note: the following parameters were dropped to make the covariance matrix pos-def:
     - SVM
     - Background_fail_HIGH_bin_4-1
     - Background_fail_HIGH_bin_5-1

 --- FitDiagnostics ---
Best fit r: 1.46213e-14  -1.46213e-14/+5  (68% CL)
Done in 0.00 min (cpu), 0.00 min (real)
