 <<< Combine >>> 
 <<< v10.0.1 >>>
>>> Random number generator seed is 123456
>>> Method used is FitDiagnostics
Set Default Value of Parameter mask_pass_SIG To : 1
Set Default Value of Parameter mask_pass_HIGH To : 1
Set Default Value of Parameter r To : 1
>>> 2 out of 6 channels masked

>> Found 16 floating parameters
>> The following parameters are protected in the event of negative eigenvalues: r
>> Verifying eigenvalues are all positive (iteration 0)
Eigenvalue 15 : -0.00263588
 - -0.992712	r
 - 0.113595	SVM
 - 0.0378896	Background_fail_HIGH_bin_4-1
 - 0.0121991	Background_fail_HIGH_bin_3-1
 - 0.00419123	Background_fail_HIGH_bin_2-1
>> Attempt 0 failed, remove the variable with largest eigenvector component...
>> Dropping SVM from the hessian
>> Verifying eigenvalues are all positive (iteration 1)
Eigenvalue 14 : -9.93354e-05
 - -0.999159	r
 - 0.0386215	Background_fail_HIGH_bin_4-1
 - 0.0124344	Background_fail_HIGH_bin_3-1
 - 0.00427052	Background_fail_HIGH_bin_2-1
 - 0.00373934	lumi
>> Attempt 1 failed, remove the variable with largest eigenvector component...
>> Dropping Background_fail_HIGH_bin_4-1 from the hessian
>> Verifying eigenvalues are all positive (iteration 2)
>> All eigenvalues are positive
>> Inverting Hessian...
>> Matrix inverted
>> Note: the following parameters were dropped to make the covariance matrix pos-def:
     - SVM
     - Background_fail_HIGH_bin_4-1

 --- FitDiagnostics ---
Best fit r: 2.74871e-12  -2.74871e-12/+10  (68% CL)
Done in 0.00 min (cpu), 0.00 min (real)
