 <<< Combine >>> 
 <<< v10.0.1 >>>
>>> Random number generator seed is 123456
>>> Method used is FitDiagnostics
Set Default Value of Parameter mask_pass_SIG To : 1
Set Default Value of Parameter mask_pass_HIGH To : 1
Set Default Value of Parameter r To : 1
>>> 2 out of 6 channels masked

>> Found 16 floating parameters
>> The following parameters are protected in the event of negative eigenvalues: r
>> Verifying eigenvalues are all positive (iteration 0)
Eigenvalue 14 : -5.82076e-11
 - 1	Background_fail_HIGH_bin_5-1
 - -3.81702e-08	r
 - 6.71744e-09	SVM
 - 1.63947e-09	Background_fail_HIGH_bin_4-1
 - 5.95319e-10	Background_fail_HIGH_bin_3-1
Eigenvalue 15 : -0.00591884
 - -0.984768	r
 - 0.169059	SVM
 - 0.0385899	Background_fail_HIGH_bin_4-1
 - 0.0116259	Background_fail_HIGH_bin_3-1
 - 0.00371598	Background_fail_HIGH_bin_2-1
>> Attempt 0 failed, remove the variable with largest eigenvector component...
>> Dropping SVM from the hessian
>> Verifying eigenvalues are all positive (iteration 1)
Eigenvalue 13 : -5.82072e-11
 - -1	Background_fail_HIGH_bin_5-1
 - 2.03984e-06	r
 - -8.23484e-08	Background_fail_HIGH_bin_4-1
 - -2.49278e-08	Background_fail_HIGH_bin_3-1
 - -7.76726e-09	Background_fail_HIGH_bin_2-1
Eigenvalue 14 : -0.000113479
 - 0.9991	r
 - -0.0402622	Background_fail_HIGH_bin_4-1
 - -0.0121382	Background_fail_HIGH_bin_3-1
 - -0.00387657	Background_fail_HIGH_bin_2-1
 - -0.00362343	lumi
>> Attempt 1 failed, remove the variable with largest eigenvector component...
>> Dropping Background_fail_HIGH_bin_4-1 from the hessian
>> Verifying eigenvalues are all positive (iteration 2)
Eigenvalue 13 : -5.82079e-11
 - 1	Background_fail_HIGH_bin_5-1
 - 1.0634e-06	r
 - -1.27955e-08	Background_fail_HIGH_bin_3-1
 - -4.28017e-09	Background_fail_HIGH_bin_2-1
 - -3.97296e-09	lumi
>> Attempt 2 failed, remove the variable with largest eigenvector component...
>> Dropping Background_fail_HIGH_bin_5-1 from the hessian
>> Verifying eigenvalues are all positive (iteration 3)
>> All eigenvalues are positive
>> Inverting Hessian...
>> Matrix inverted
>> Note: the following parameters were dropped to make the covariance matrix pos-def:
     - SVM
     - Background_fail_HIGH_bin_4-1
     - Background_fail_HIGH_bin_5-1

 --- FitDiagnostics ---
Best fit r: 5.31888e-08  -5.31888e-08/+10  (68% CL)
Done in 0.00 min (cpu), 0.00 min (real)
