 <<< Combine >>> 
 <<< v10.0.1 >>>
>>> Random number generator seed is 123456
>>> Method used is FitDiagnostics
Set Default Value of Parameter mask_pass_SIG To : 1
Set Default Value of Parameter mask_pass_HIGH To : 1
Set Default Value of Parameter r To : 1
>>> 2 out of 6 channels masked

>> Found 16 floating parameters
>> The following parameters are protected in the event of negative eigenvalues: r
>> Verifying eigenvalues are all positive (iteration 0)
Eigenvalue 14 : -5.82076e-11
 - -1	Background_fail_HIGH_bin_5-1
 - -1.96789e-10	r
 - -1.87942e-10	Background_fail_LOW_bin_1-1
 - 1.52939e-10	Background_fail_SIG_bin_2-1
 - 1.52728e-10	lumi
Eigenvalue 15 : -0.00952655
 - -0.962818	r
 - 0.188201	Background_fail_HIGH_bin_4-1
 - 0.176624	SVM
 - 0.0740145	Background_fail_HIGH_bin_3-1
 - 0.027093	Background_fail_HIGH_bin_2-1
>> Attempt 0 failed, remove the variable with largest eigenvector component...
>> Dropping Background_fail_HIGH_bin_4-1 from the hessian
>> Verifying eigenvalues are all positive (iteration 1)
Eigenvalue 13 : -5.82078e-11
 - 1	Background_fail_HIGH_bin_5-1
 - -1.23972e-09	r
 - 2.3874e-10	SVM
 - 1.88018e-10	Background_fail_LOW_bin_1-1
 - 1.47814e-10	Background_fail_LOW_bin_4-1
Eigenvalue 14 : -0.00167778
 - 0.978768	r
 - -0.186848	SVM
 - -0.0781761	Background_fail_HIGH_bin_3-1
 - -0.0285857	Background_fail_HIGH_bin_2-1
 - -0.0117871	Background_fail_HIGH_bin_1-1
>> Attempt 1 failed, remove the variable with largest eigenvector component...
>> Dropping SVM from the hessian
>> Verifying eigenvalues are all positive (iteration 2)
Eigenvalue 13 : -5.82077e-11
 - 1	Background_fail_HIGH_bin_5-1
 - 4.06261e-10	r
 - 1.87931e-10	Background_fail_LOW_bin_1-1
 - -1.54295e-10	Background_fail_HIGH_bin_3-1
 - -1.53889e-10	Background_fail_SIG_bin_2-1
>> Attempt 2 failed, remove the variable with largest eigenvector component...
>> Dropping Background_fail_HIGH_bin_5-1 from the hessian
>> Verifying eigenvalues are all positive (iteration 3)
>> All eigenvalues are positive
>> Inverting Hessian...
>> Matrix inverted
>> Note: the following parameters were dropped to make the covariance matrix pos-def:
     - Background_fail_HIGH_bin_4-1
     - SVM
     - Background_fail_HIGH_bin_5-1

 --- FitDiagnostics ---
Best fit r: 1.91256e-10  -1.91256e-10/+10  (68% CL)
Done in 0.00 min (cpu), 0.01 min (real)
