 <<< Combine >>> 
 <<< v10.0.1 >>>
>>> Random number generator seed is 123456
>>> Method used is FitDiagnostics
Set Default Value of Parameter mask_pass_SIG To : 1
Set Default Value of Parameter mask_pass_HIGH To : 1
Set Default Value of Parameter r To : 1
>>> 2 out of 6 channels masked

>> Found 16 floating parameters
>> The following parameters are protected in the event of negative eigenvalues: r
>> Verifying eigenvalues are all positive (iteration 0)
Eigenvalue 14 : -5.55112e-17
 - -1	Background_fail_HIGH_bin_5-1
 - 1.50723e-09	r
 - -1.57187e-10	Background_fail_HIGH_bin_3-1
 - -1.49093e-10	Background_fail_LOW_bin_1-1
 - 1.48531e-10	Background_fail_SIG_bin_2-1
Eigenvalue 15 : -0.00310253
 - 0.991571	r
 - -0.123351	SVM
 - -0.0373908	Background_fail_HIGH_bin_4-1
 - -0.0117706	Background_fail_HIGH_bin_3-1
 - -0.00434455	Background_fail_HIGH_bin_2-1
>> Attempt 0 failed, remove the variable with largest eigenvector component...
>> Dropping SVM from the hessian
>> Verifying eigenvalues are all positive (iteration 1)
Eigenvalue 14 : -9.73115e-05
 - 0.999178	r
 - -0.0382463	Background_fail_HIGH_bin_4-1
 - -0.0120396	Background_fail_HIGH_bin_3-1
 - -0.0044419	Background_fail_HIGH_bin_2-1
 - -0.00371441	lumi
>> Attempt 1 failed, remove the variable with largest eigenvector component...
>> Dropping Background_fail_HIGH_bin_4-1 from the hessian
>> Verifying eigenvalues are all positive (iteration 2)
>> All eigenvalues are positive
>> Inverting Hessian...
>> Matrix inverted
>> Note: the following parameters were dropped to make the covariance matrix pos-def:
     - SVM
     - Background_fail_HIGH_bin_4-1

 --- FitDiagnostics ---
Best fit r: 2.14011e-12  -2.14011e-12/+10  (68% CL)
Done in 0.00 min (cpu), 0.00 min (real)
