 <<< Combine >>> 
 <<< v10.0.1 >>>
>>> Random number generator seed is 123456
>>> Method used is FitDiagnostics
Set Default Value of Parameter mask_pass_SIG To : 1
Set Default Value of Parameter mask_pass_HIGH To : 1
Set Default Value of Parameter r To : 1
>>> 2 out of 6 channels masked

>> Found 16 floating parameters
>> The following parameters are protected in the event of negative eigenvalues: r
>> Verifying eigenvalues are all positive (iteration 0)
Eigenvalue 14 : -5.82077e-11
 - 1	Background_fail_HIGH_bin_5-1
 - -4.6419e-08	r
 - 5.70826e-09	Background_fail_HIGH_bin_4-1
 - 5.53324e-09	SVM
 - 2.13744e-09	Background_fail_HIGH_bin_3-1
Eigenvalue 15 : -0.00365515
 - -0.984985	r
 - 0.118942	Background_fail_HIGH_bin_4-1
 - 0.115212	SVM
 - 0.0445393	Background_fail_HIGH_bin_3-1
 - 0.0179351	Background_fail_HIGH_bin_2-1
>> Attempt 0 failed, remove the variable with largest eigenvector component...
>> Dropping Background_fail_HIGH_bin_4-1 from the hessian
>> Verifying eigenvalues are all positive (iteration 1)
Eigenvalue 13 : -5.82076e-11
 - -1	Background_fail_HIGH_bin_5-1
 - 2.30234e-07	r
 - -2.74444e-08	SVM
 - -1.06015e-08	Background_fail_HIGH_bin_3-1
 - -4.21418e-09	Background_fail_HIGH_bin_2-1
Eigenvalue 14 : -0.000747524
 - -0.991789	r
 - 0.117764	SVM
 - 0.0454982	Background_fail_HIGH_bin_3-1
 - 0.0183137	Background_fail_HIGH_bin_2-1
 - 0.00753737	Background_fail_HIGH_bin_1-1
>> Attempt 1 failed, remove the variable with largest eigenvector component...
>> Dropping SVM from the hessian
>> Verifying eigenvalues are all positive (iteration 2)
Eigenvalue 13 : -5.82077e-11
 - -1	Background_fail_HIGH_bin_5-1
 - -8.92866e-08	r
 - 4.11136e-09	Background_fail_HIGH_bin_3-1
 - 1.70734e-09	Background_fail_HIGH_bin_2-1
 - 6.81115e-10	Background_fail_HIGH_bin_1-1
>> Attempt 2 failed, remove the variable with largest eigenvector component...
>> Dropping Background_fail_HIGH_bin_5-1 from the hessian
>> Verifying eigenvalues are all positive (iteration 3)
>> All eigenvalues are positive
>> Inverting Hessian...
>> Matrix inverted
>> Note: the following parameters were dropped to make the covariance matrix pos-def:
     - Background_fail_HIGH_bin_4-1
     - SVM
     - Background_fail_HIGH_bin_5-1

 --- FitDiagnostics ---
Best fit r: 4.21201e-11  -4.21201e-11/+10  (68% CL)
Done in 0.00 min (cpu), 0.00 min (real)
