 <<< Combine >>> 
 <<< v10.0.1 >>>
>>> Random number generator seed is 123456
>>> Method used is FitDiagnostics
Set Default Value of Parameter mask_pass_SIG To : 1
Set Default Value of Parameter mask_pass_HIGH To : 1
Set Default Value of Parameter r To : 1
>>> 2 out of 6 channels masked

>> Found 15 floating parameters
>> The following parameters are protected in the event of negative eigenvalues:
>> Verifying eigenvalues are all positive (iteration 0)
>> All eigenvalues are positive
>> Inverting Hessian...
>> Matrix inverted
 Fit B-only, status = 0, numBadNLL = 0, covariance quality = -1
Running Minos for POI r
>> Found 16 floating parameters
>> The following parameters are protected in the event of negative eigenvalues: r
>> Verifying eigenvalues are all positive (iteration 0)
Eigenvalue 14 : -5.82077e-11
 - 1	Background_fail_HIGH_bin_5-1
 - 1.41373e-09	r
 - -3.91816e-10	Background_fail_HIGH_bin_4-1
 - 1.76307e-10	Background_fail_LOW_bin_3-1
 - -1.57885e-10	Background_fail_SIG_bin_2-1
Eigenvalue 15 : -0.0106512
 - -0.960763	r
 - 0.187666	Background_fail_HIGH_bin_4-1
 - 0.186878	SVM
 - 0.0758526	Background_fail_HIGH_bin_3-1
 - 0.0301341	Background_fail_HIGH_bin_2-1
>> Attempt 0 failed, remove the variable with largest eigenvector component...
>> Dropping Background_fail_HIGH_bin_4-1 from the hessian
>> Verifying eigenvalues are all positive (iteration 1)
Eigenvalue 13 : -5.82077e-11
 - -1	Background_fail_HIGH_bin_5-1
 - -7.0084e-09	r
 - 1.29472e-09	SVM
 - 6.13647e-10	Background_fail_HIGH_bin_3-1
 - 1.81e-10	Background_fail_SIG_bin_2-1
Eigenvalue 14 : -0.00280604
 - -0.976466	r
 - 0.197341	SVM
 - 0.0800815	Background_fail_HIGH_bin_3-1
 - 0.0317799	Background_fail_HIGH_bin_2-1
 - 0.0108524	Background_fail_HIGH_bin_1-1
>> Attempt 1 failed, remove the variable with largest eigenvector component...
>> Dropping SVM from the hessian
>> Verifying eigenvalues are all positive (iteration 2)
Eigenvalue 13 : -5.82077e-11
 - 1	Background_fail_HIGH_bin_5-1
 - -2.76294e-09	r
 - 1.98986e-10	Background_fail_HIGH_bin_3-1
 - 1.85381e-10	Background_fail_HIGH_bin_2-1
 - 1.76187e-10	Background_fail_LOW_bin_3-1
>> Attempt 2 failed, remove the variable with largest eigenvector component...
>> Dropping Background_fail_HIGH_bin_5-1 from the hessian
>> Verifying eigenvalues are all positive (iteration 3)
>> All eigenvalues are positive
>> Inverting Hessian...
>> Matrix inverted
>> Note: the following parameters were dropped to make the covariance matrix pos-def:
     - Background_fail_HIGH_bin_4-1
     - SVM
     - Background_fail_HIGH_bin_5-1
Fit S+B, status = 0, numBadNLL = 0, covariance quality = -1

 --- FitDiagnostics ---
Best fit r: 1.86997e-09  -1.86997e-09/+50  (68% CL)
Done in 0.00 min (cpu), 0.00 min (real)
26 log messages saved to combine_logger.out
