 <<< Combine >>> 
 <<< v10.0.1 >>>
>>> Random number generator seed is 123456
>>> Method used is FitDiagnostics
Set Default Value of Parameter mask_pass_SIG To : 1
Set Default Value of Parameter mask_pass_HIGH To : 1
Set Default Value of Parameter r To : 1
>>> 2 out of 6 channels masked

>> Found 16 floating parameters
>> The following parameters are protected in the event of negative eigenvalues: r
>> Verifying eigenvalues are all positive (iteration 0)
Eigenvalue 14 : -5.82076e-11
 - -1	Background_fail_HIGH_bin_5-1
 - 8.16767e-08	r
 - -9.12708e-09	SVM
 - -5.27497e-09	Background_fail_HIGH_bin_4-1
 - -1.85878e-09	Background_fail_HIGH_bin_3-1
Eigenvalue 15 : -0.00262604
 - 0.991721	r
 - -0.109321	SVM
 - -0.0634985	Background_fail_HIGH_bin_4-1
 - -0.0207024	Background_fail_HIGH_bin_3-1
 - -0.00745946	Background_fail_HIGH_bin_2-1
>> Attempt 0 failed, remove the variable with largest eigenvector component...
>> Dropping SVM from the hessian
>> Verifying eigenvalues are all positive (iteration 1)
Eigenvalue 13 : -5.82074e-11
 - -1	Background_fail_HIGH_bin_5-1
 - 7.77572e-07	r
 - -5.04201e-08	Background_fail_HIGH_bin_4-1
 - -1.6577e-08	Background_fail_HIGH_bin_3-1
 - -5.91857e-09	Background_fail_HIGH_bin_2-1
Eigenvalue 14 : -0.000279208
 - 0.997646	r
 - -0.0646301	Background_fail_HIGH_bin_4-1
 - -0.0210708	Background_fail_HIGH_bin_3-1
 - -0.00758965	Background_fail_HIGH_bin_2-1
 - -0.00367041	lumi
>> Attempt 1 failed, remove the variable with largest eigenvector component...
>> Dropping Background_fail_HIGH_bin_4-1 from the hessian
>> Verifying eigenvalues are all positive (iteration 2)
Eigenvalue 13 : -5.82077e-11
 - 1	Background_fail_HIGH_bin_5-1
 - 3.91069e-07	r
 - -8.1398e-09	Background_fail_HIGH_bin_3-1
 - -2.98401e-09	Background_fail_HIGH_bin_2-1
 - -1.47888e-09	lumi
>> Attempt 2 failed, remove the variable with largest eigenvector component...
>> Dropping Background_fail_HIGH_bin_5-1 from the hessian
>> Verifying eigenvalues are all positive (iteration 3)
>> All eigenvalues are positive
>> Inverting Hessian...
>> Matrix inverted
>> Note: the following parameters were dropped to make the covariance matrix pos-def:
     - SVM
     - Background_fail_HIGH_bin_4-1
     - Background_fail_HIGH_bin_5-1

 --- FitDiagnostics ---
Best fit r: 8.70267e-13  -8.70267e-13/+5  (68% CL)
Done in 0.00 min (cpu), 0.00 min (real)
