 <<< Combine >>> 
 <<< v10.0.1 >>>
>>> Random number generator seed is 123456
>>> Method used is FitDiagnostics
Set Default Value of Parameter mask_pass_SIG To : 1
Set Default Value of Parameter mask_pass_HIGH To : 1
Set Default Value of Parameter r To : 1
>>> 2 out of 6 channels masked

>> Found 16 floating parameters
>> The following parameters are protected in the event of negative eigenvalues: r
>> Verifying eigenvalues are all positive (iteration 0)
Eigenvalue 14 : -5.82076e-11
 - 1	Background_fail_HIGH_bin_5-1
 - -5.41614e-08	r
 - 6.9309e-09	SVM
 - 2.03181e-09	Background_fail_HIGH_bin_4-1
 - 6.29458e-10	Background_fail_HIGH_bin_3-1
Eigenvalue 15 : -0.00317561
 - 0.991391	r
 - -0.124795	SVM
 - -0.0374079	Background_fail_HIGH_bin_4-1
 - -0.0117575	Background_fail_HIGH_bin_3-1
 - -0.00411691	Background_fail_HIGH_bin_2-1
>> Attempt 0 failed, remove the variable with largest eigenvector component...
>> Dropping SVM from the hessian
>> Verifying eigenvalues are all positive (iteration 1)
Eigenvalue 13 : -5.82074e-11
 - -1	Background_fail_HIGH_bin_5-1
 - 1.79527e-06	r
 - -6.87768e-08	Background_fail_HIGH_bin_4-1
 - -2.16071e-08	Background_fail_HIGH_bin_3-1
 - -7.51777e-09	Background_fail_HIGH_bin_2-1
Eigenvalue 14 : -9.73431e-05
 - -0.999178	r
 - 0.0382846	Background_fail_HIGH_bin_4-1
 - 0.0120327	Background_fail_HIGH_bin_3-1
 - 0.0042114	Background_fail_HIGH_bin_2-1
 - 0.00361509	lumi
>> Attempt 1 failed, remove the variable with largest eigenvector component...
>> Dropping Background_fail_HIGH_bin_4-1 from the hessian
>> Verifying eigenvalues are all positive (iteration 2)
Eigenvalue 13 : -5.82078e-11
 - 1	Background_fail_HIGH_bin_5-1
 - 8.96174e-07	r
 - -1.08206e-08	Background_fail_HIGH_bin_3-1
 - -3.83167e-09	Background_fail_HIGH_bin_2-1
 - -3.28208e-09	lumi
>> Attempt 2 failed, remove the variable with largest eigenvector component...
>> Dropping Background_fail_HIGH_bin_5-1 from the hessian
>> Verifying eigenvalues are all positive (iteration 3)
>> All eigenvalues are positive
>> Inverting Hessian...
>> Matrix inverted
>> Note: the following parameters were dropped to make the covariance matrix pos-def:
     - SVM
     - Background_fail_HIGH_bin_4-1
     - Background_fail_HIGH_bin_5-1

 --- FitDiagnostics ---
Best fit r: 2.58141e-10  -2.58141e-10/+10  (68% CL)
Done in 0.00 min (cpu), 0.00 min (real)
