 <<< Combine >>> 
 <<< v10.0.1 >>>
>>> Random number generator seed is 123456
>>> Method used is FitDiagnostics
Set Default Value of Parameter mask_pass_SIG To : 1
Set Default Value of Parameter mask_pass_HIGH To : 1
Set Default Value of Parameter r To : 1
>>> 2 out of 6 channels masked

>> Found 16 floating parameters
>> The following parameters are protected in the event of negative eigenvalues: r
>> Verifying eigenvalues are all positive (iteration 0)
Eigenvalue 14 : -5.82076e-11
 - 1	Background_fail_HIGH_bin_5-1
 - -1.73794e-08	r
 - 1.8226e-09	Background_fail_HIGH_bin_4-1
 - 1.67723e-09	SVM
 - 6.12988e-10	Background_fail_HIGH_bin_3-1
Eigenvalue 15 : -0.00250041
 - 0.9893	r
 - -0.103793	Background_fail_HIGH_bin_4-1
 - -0.0942433	SVM
 - -0.0367402	Background_fail_HIGH_bin_3-1
 - -0.0149807	Background_fail_HIGH_bin_2-1
>> Attempt 0 failed, remove the variable with largest eigenvector component...
>> Dropping Background_fail_HIGH_bin_4-1 from the hessian
>> Verifying eigenvalues are all positive (iteration 1)
Eigenvalue 13 : -5.82077e-11
 - -1	Background_fail_HIGH_bin_5-1
 - 1.4185e-07	r
 - -1.36896e-08	SVM
 - -5.29348e-09	Background_fail_HIGH_bin_3-1
 - -2.16925e-09	Background_fail_HIGH_bin_2-1
Eigenvalue 14 : -0.000306196
 - 0.994552	r
 - -0.0958279	SVM
 - -0.0373409	Background_fail_HIGH_bin_3-1
 - -0.0152208	Background_fail_HIGH_bin_2-1
 - -0.00607237	Background_fail_HIGH_bin_1-1
>> Attempt 1 failed, remove the variable with largest eigenvector component...
>> Dropping SVM from the hessian
>> Verifying eigenvalues are all positive (iteration 2)
Eigenvalue 13 : -5.82077e-11
 - -1	Background_fail_HIGH_bin_5-1
 - -2.98089e-08	r
 - 1.16144e-09	Background_fail_HIGH_bin_3-1
 - 4.61774e-10	Background_fail_HIGH_bin_2-1
 - 1.84859e-10	Background_fail_HIGH_bin_1-1
>> Attempt 2 failed, remove the variable with largest eigenvector component...
>> Dropping Background_fail_HIGH_bin_5-1 from the hessian
>> Verifying eigenvalues are all positive (iteration 3)
>> All eigenvalues are positive
>> Inverting Hessian...
>> Matrix inverted
>> Note: the following parameters were dropped to make the covariance matrix pos-def:
     - Background_fail_HIGH_bin_4-1
     - SVM
     - Background_fail_HIGH_bin_5-1

 --- FitDiagnostics ---
Best fit r: 5.69775e-15  -5.69775e-15/+10  (68% CL)
Done in 0.00 min (cpu), 0.00 min (real)
