 <<< Combine >>> 
 <<< v10.0.1 >>>
>>> Random number generator seed is 123456
>>> Method used is FitDiagnostics
Set Default Value of Parameter mask_pass_SIG To : 1
Set Default Value of Parameter mask_pass_HIGH To : 1
Set Default Value of Parameter r To : 1
>>> 2 out of 6 channels masked

>> Found 16 floating parameters
>> The following parameters are protected in the event of negative eigenvalues: r
>> Verifying eigenvalues are all positive (iteration 0)
Eigenvalue 14 : -4.33681e-19
 - -1	Background_fail_HIGH_bin_5-1
 - -3.80099e-11	Background_fail_SIG_bin_1-1
 - -8.28873e-13	r
 - 1.08292e-13	SVM
 - 5.99676e-14	Background_fail_HIGH_bin_4-1
Eigenvalue 15 : -0.00355707
 - 0.9891	r
 - -0.126868	SVM
 - -0.0702973	Background_fail_HIGH_bin_4-1
 - -0.0232978	Background_fail_HIGH_bin_3-1
 - -0.0086715	Background_fail_HIGH_bin_2-1
>> Attempt 0 failed, remove the variable with largest eigenvector component...
>> Dropping SVM from the hessian
>> Verifying eigenvalues are all positive (iteration 1)
Eigenvalue 14 : -0.000367952
 - 0.997068	r
 - -0.0719661	Background_fail_HIGH_bin_4-1
 - -0.0238602	Background_fail_HIGH_bin_3-1
 - -0.00887684	Background_fail_HIGH_bin_2-1
 - -0.00365191	lumi
>> Attempt 1 failed, remove the variable with largest eigenvector component...
>> Dropping Background_fail_HIGH_bin_4-1 from the hessian
>> Verifying eigenvalues are all positive (iteration 2)
>> All eigenvalues are positive
>> Inverting Hessian...
>> Matrix inverted
>> Note: the following parameters were dropped to make the covariance matrix pos-def:
     - SVM
     - Background_fail_HIGH_bin_4-1

 --- FitDiagnostics ---
Best fit r: 4.26025e-07  -4.26025e-07/+10  (68% CL)
Done in 0.00 min (cpu), 0.00 min (real)
