 <<< Combine >>> 
 <<< v10.0.1 >>>
>>> Random number generator seed is 123456
>>> Method used is FitDiagnostics
Set Default Value of Parameter mask_pass_SIG To : 1
Set Default Value of Parameter mask_pass_HIGH To : 1
Set Default Value of Parameter r To : 1
>>> 2 out of 6 channels masked

>> Found 16 floating parameters
>> The following parameters are protected in the event of negative eigenvalues: r
>> Verifying eigenvalues are all positive (iteration 0)
Eigenvalue 14 : -5.82077e-11
 - -1	Background_fail_HIGH_bin_5-1
 - 1.04467e-07	r
 - -9.54553e-09	SVM
 - -3.49771e-09	Background_fail_HIGH_bin_4-1
 - -1.03617e-09	Background_fail_HIGH_bin_3-1
Eigenvalue 15 : -0.00165487
 - -0.995319	r
 - 0.090166	SVM
 - 0.0325198	Background_fail_HIGH_bin_4-1
 - 0.0110126	Background_fail_HIGH_bin_3-1
 - 0.00389803	Background_fail_HIGH_bin_2-1
>> Attempt 0 failed, remove the variable with largest eigenvector component...
>> Dropping SVM from the hessian
>> Verifying eigenvalues are all positive (iteration 1)
Eigenvalue 13 : -5.82073e-11
 - 1	Background_fail_HIGH_bin_5-1
 - -2.40585e-06	r
 - 7.93154e-08	Background_fail_HIGH_bin_4-1
 - 2.67109e-08	Background_fail_HIGH_bin_3-1
 - 9.49318e-09	Background_fail_HIGH_bin_2-1
Eigenvalue 14 : -7.24517e-05
 - 0.99938	r
 - -0.0329121	Background_fail_HIGH_bin_4-1
 - -0.0111453	Background_fail_HIGH_bin_3-1
 - -0.00394408	Background_fail_HIGH_bin_2-1
 - -0.00353612	lumi
>> Attempt 1 failed, remove the variable with largest eigenvector component...
>> Dropping Background_fail_HIGH_bin_4-1 from the hessian
>> Verifying eigenvalues are all positive (iteration 2)
Eigenvalue 13 : -5.82079e-11
 - 1	Background_fail_HIGH_bin_5-1
 - 1.21921e-06	r
 - -1.37311e-08	Background_fail_HIGH_bin_3-1
 - -4.81823e-09	Background_fail_HIGH_bin_2-1
 - -4.31558e-09	lumi
>> Attempt 2 failed, remove the variable with largest eigenvector component...
>> Dropping Background_fail_HIGH_bin_5-1 from the hessian
>> Verifying eigenvalues are all positive (iteration 3)
>> All eigenvalues are positive
>> Inverting Hessian...
>> Matrix inverted
>> Note: the following parameters were dropped to make the covariance matrix pos-def:
     - SVM
     - Background_fail_HIGH_bin_4-1
     - Background_fail_HIGH_bin_5-1

 --- FitDiagnostics ---
Best fit r: 2.35267e-10  -2.35267e-10/+10  (68% CL)
Done in 0.00 min (cpu), 0.01 min (real)
