/home/users/dazhang/works/phaseSpace/BlackHoleSearch/CMSSW_14_1_0_pre4/src/rpfExpo_BinningV6_Blind_InV12_Multi4_FullScan_MD2TeV/Signal_B1_MD2000_MBH10000_n2-expo_area/toys_0p975
combine -M HybridNew -H AsymptoticLimits -d ../card.txt --LHCmode LHC-limits --plot=limit_scan_card_0.975.png -m 125 --expectedFromGrid=0.975 --rRelAcc 0.005 --rAbsAcc 0.0005  --adaptiveToys 1 -T 500
 <<< Combine >>> 
 <<< v10.0.1 >>>
>>> Random number generator seed is 123456
>>> using the Profile Likelihood test statistic modified for upper limits (Q_LHC)
>>> Method used is HybridNew
>>> Method used to hint where the upper limit is AsymptoticLimits
Using internal logic for binned/unbinned Asimov dataset generation
Generating asimov with histogram for pdf pdf_binpass_LOW_obsOnly: in 4 x-bins
 , in 1 y-bins
Using internal logic for binned/unbinned Asimov dataset generation
Generating asimov with histogram for pdf pdf_binpass_SIG_obsOnly: in 2 x-bins
 , in 1 y-bins
Using internal logic for binned/unbinned Asimov dataset generation
Generating asimov with histogram for pdf pdf_binpass_HIGH_obsOnly: in 4 x-bins
 , in 1 y-bins
Using internal logic for binned/unbinned Asimov dataset generation
Generating asimov with histogram for pdf pdf_binfail_LOW_obsOnly: in 4 x-bins
 , in 1 y-bins
Using internal logic for binned/unbinned Asimov dataset generation
Generating asimov with histogram for pdf pdf_binfail_SIG_obsOnly: in 2 x-bins
 , in 1 y-bins
Using internal logic for binned/unbinned Asimov dataset generation
Generating asimov with histogram for pdf pdf_binfail_HIGH_obsOnly: in 4 x-bins
 , in 1 y-bins
Restricting r to positive values.

Make global fit of real data
NLL at global minimum of data = -107871 (r=0.000552105)

Make global fit of asimov data
NLL at global minimum of asimov = 86.8371 (r=0.423266)
At r = 1.005764:	q_mu = 7.72563	q_A  = 0.00000	Pmu = 0.00000	1-Pb  = 0.00000	CLs  = 0.00000
At r = 0.503158:	q_mu = 2.82631	q_A  = 0.00000	Pmu = 0.00000	1-Pb  = 0.00000	CLs  = 0.00000
At r = 0.251855:	q_mu = 0.85882	q_A  = 0.00000	Pmu = 0.00000	1-Pb  = 0.00000	CLs  = 0.00000
At r = 0.126204:	q_mu = 0.19767	q_A  = 0.00000	Pmu = 0.00000	1-Pb  = 0.00000	CLs  = 0.00000
At r = 0.063378:	q_mu = 0.02377	q_A  = 0.00000	Pmu = 0.00000	1-Pb  = 0.00000	CLs  = 0.00000
At r = 0.031965:	q_mu = 0.00000	q_A  = 0.00000	Pmu = 0.50000	1-Pb  = 0.50000	CLs  = 1.00000
At r = 0.047671:	q_mu = 0.00253	q_A  = 0.00000	Pmu = 0.00000	1-Pb  = 0.00000	CLs  = 0.00000
At r = 0.039818:	q_mu = 0.00000	q_A  = 0.00000	Pmu = 0.50000	1-Pb  = 0.50000	CLs  = 1.00000
At r = 0.043745:	q_mu = 0.00000	q_A  = 0.00000	Pmu = 0.50000	1-Pb  = 0.50000	CLs  = 1.00000
At r = 0.045708:	q_mu = 0.00057	q_A  = 0.00000	Pmu = 0.00000	1-Pb  = 0.00000	CLs  = 0.00000
At r = 0.044726:	q_mu = 0.00000	q_A  = 0.00000	Pmu = 0.50000	1-Pb  = 0.50000	CLs  = 1.00000
At r = 0.045217:	q_mu = 0.00010	q_A  = 0.00000	Pmu = 0.00000	1-Pb  = 0.00000	CLs  = 0.00000

 -- AsymptoticLimits ( CLs ) --
Observed Limit: r < 0.0452

Search for upper limit to the limit
  r = 0.049739 +/- 0
	CLs = 1.00201 +/- 0.00347686
 CLs = 1.00201 +/- 0.00347686
	1-Pb = 0.996 +/- 0.00282276
	Pmu = 0.998 +/- 0.001998
  r = 0.099478 +/- 0
	CLs = 1 +/- 0
 CLs = 1 +/- 0
	1-Pb = 1 +/- 0
	Pmu = 1 +/- 0
  r = 0.198956 +/- 0
	CLs = 0.997996 +/- 0.00346294
 CLs = 0.997996 +/- 0.00346294
	1-Pb = 0.998 +/- 0.001998
	Pmu = 0.996 +/- 0.00282276
  r = 0.397912 +/- 0
	CLs = 1 +/- 0
 CLs = 1 +/- 0
	1-Pb = 1 +/- 0
	Pmu = 1 +/- 0
  r = 0.795824 +/- 0
	CLs = 0.201232 +/- 0.0182861
 CLs = 0.201232 +/- 0.0182861
	1-Pb = 0.974 +/- 0.00711674
	Pmu = 0.196 +/- 0.017753
  r = 1.59165 +/- 0
[WARNING] Minimization finished with status 1 (covariance matrix forced positive definite), this could indicate a problem with the minimum!
	CLs = 0.0124224 +/- 0.00504196
 CLs = 0.0124224 +/- 0.00504196
	1-Pb = 0.966 +/- 0.00810481
	Pmu = 0.012 +/- 0.0048695
Search for lower limit to the limit
  r = 0.0135652 +/- 0
	CLs = 1.88235 +/- 0.55225
 CLs = 1.88235 +/- 0.55225
	1-Pb = 0.034 +/- 0.00810481
	Pmu = 0.064 +/- 0.0109457
Now doing proper bracketing & bisection
  r = 1.15396 +/- 0.315617
	CLs = 0.063786 +/- 0.011106
	CLs = 0.0626283 +/- 0.00777705
	CLs = 0.0628845 +/- 0.00635717
	CLs = 0.0583419 +/- 0.00530998
	CLs = 0.0581967 +/- 0.00474654
 CLs = 0.0581967 +/- 0.00474654
	1-Pb = 0.976 +/- 0.00306098
	Pmu = 0.0568 +/- 0.0046292
Trying to move the interval edges closer
  r = 0.583764 +/- 0.315617
	CLs = 0.348361 +/- 0.0218429
 CLs = 0.348361 +/- 0.0218429
	1-Pb = 0.976 +/- 0.00684456
	Pmu = 0.34 +/- 0.0211849
  r = 0.868864 +/- 0.315617
	CLs = 0.188139 +/- 0.0177635
 CLs = 0.188139 +/- 0.0177635
	1-Pb = 0.978 +/- 0.00655988
	Pmu = 0.184 +/- 0.0173288
  r = 1.01141 +/- 0.315617
	CLs = 0.112705 +/- 0.0143587
 CLs = 0.112705 +/- 0.0143587
	1-Pb = 0.976 +/- 0.00684456
	Pmu = 0.11 +/- 0.0139929
  r = 1.08269 +/- 0.315617
	CLs = 0.057377 +/- 0.0105429
	CLs = 0.054359 +/- 0.00727143
	CLs = 0.0567327 +/- 0.00605697
	CLs = 0.0665984 +/- 0.00565286
	CLs = 0.0627564 +/- 0.00491992
 CLs = 0.0627564 +/- 0.00491992
	1-Pb = 0.9752 +/- 0.0031103
	Pmu = 0.0612 +/- 0.00479394
  r = 1.11833 +/- 0.315617
[WARNING] Minimization finished with status 1 (covariance matrix forced positive definite), this could indicate a problem with the minimum!
	CLs = 0.0699588 +/- 0.0115949
[WARNING] Minimization finished with status 1 (covariance matrix forced positive definite), this could indicate a problem with the minimum!
	CLs = 0.0717949 +/- 0.00828332
	CLs = 0.0621585 +/- 0.00632025
	CLs = 0.0701844 +/- 0.00579248
 CLs = 0.0701844 +/- 0.00579248
	1-Pb = 0.976 +/- 0.00342228
	Pmu = 0.0685 +/- 0.00564835
  r = 1.13614 +/- 0.315617
[WARNING] Minimization finished with status 1 (covariance matrix forced positive definite), this could indicate a problem with the minimum!
	CLs = 0.0266393 +/- 0.00729414
 CLs = 0.0266393 +/- 0.00729414
	1-Pb = 0.976 +/- 0.00684456
	Pmu = 0.026 +/- 0.00711674
  r = 1.14505 +/- 0.315617
	CLs = 0.0655738 +/- 0.0112243
[WARNING] Minimization finished with status 1 (covariance matrix forced positive definite), this could indicate a problem with the minimum!
	CLs = 0.0481557 +/- 0.00686134
	CLs = 0.0526316 +/- 0.00584595
	CLs = 0.0585216 +/- 0.00532684
	CLs = 0.0623462 +/- 0.00490483
 CLs = 0.0623462 +/- 0.00490483
	1-Pb = 0.9752 +/- 0.0031103
	Pmu = 0.0608 +/- 0.00477926
  r = 1.14951 +/- 0.315617
[WARNING] Minimization finished with status 1 (covariance matrix forced positive definite), this could indicate a problem with the minimum!
[WARNING] Minimization finished with status 1 (covariance matrix forced positive definite), this could indicate a problem with the minimum!
	CLs = 0.0657084 +/- 0.0112481
	CLs = 0.0481557 +/- 0.00686134
	CLs = 0.0492476 +/- 0.00566659
	CLs = 0.0522541 +/- 0.00504359
	CLs = 0.0508197 +/- 0.00445198
 CLs = 0.0508197 +/- 0.00445198
	1-Pb = 0.976 +/- 0.00306098
	Pmu = 0.0496 +/- 0.00434234
  r = 1.37281 +/- 0.315617
	CLs = 0.0122449 +/- 0.00496949
 CLs = 0.0122449 +/- 0.00496949
	1-Pb = 0.98 +/- 0.00626099
	Pmu = 0.012 +/- 0.0048695
  r = 1.26338 +/- 0.315617
[WARNING] Minimization finished with status 1 (covariance matrix forced positive definite), this could indicate a problem with the minimum!
	CLs = 0.0432099 +/- 0.00923486
	CLs = 0.0389744 +/- 0.00620433
	CLs = 0.0416667 +/- 0.00522799
	CLs = 0.0446383 +/- 0.00468326
 CLs = 0.0446383 +/- 0.00468326
	1-Pb = 0.9745 +/- 0.00352489
	Pmu = 0.0435 +/- 0.00456113

 -- HybridNew, before fit -- 
Limit: r < 1.15396 +/- 0.315617 [1.14505, 1.37281]
 Fit to 5 points: 1.181837 +/- 0.010018 
  r = 1.30536 +/- 0.315617
	CLs = 0.0325866 +/- 0.00801766
	CLs = 0.0317623 +/- 0.00561777
 CLs = 0.0317623 +/- 0.00561777
	1-Pb = 0.976 +/- 0.00483983
	Pmu = 0.031 +/- 0.00548078
 Fit to 6 points: 1.183190 +/- 0.009898 
  r = 1.3065 +/- 0.315617
[WARNING] Minimization finished with status 1 (covariance matrix forced positive definite), this could indicate a problem with the minimum!
	CLs = 0.0327869 +/- 0.00806778
[WARNING] Minimization finished with status 1 (covariance matrix forced positive definite), this could indicate a problem with the minimum!
	CLs = 0.0298047 +/- 0.00545602
 CLs = 0.0298047 +/- 0.00545602
	1-Pb = 0.973 +/- 0.00512552
	Pmu = 0.029 +/- 0.00530651
 Fit to 7 points: 1.183323 +/- 0.009632 
  r = 1.27811 +/- 0.315617
	CLs = 0.0349794 +/- 0.00834251
	CLs = 0.0389744 +/- 0.00620433
	CLs = 0.0395904 +/- 0.00509943
	CLs = 0.039548 +/- 0.00442171
 CLs = 0.039548 +/- 0.00442171
	1-Pb = 0.9735 +/- 0.0035915
	Pmu = 0.0385 +/- 0.00430219
 Fit to 8 points: 1.186709 +/- 0.009746 
  r = 1.34077 +/- 0.315617
	CLs = 0.022541 +/- 0.00672305
 CLs = 0.022541 +/- 0.00672305
	1-Pb = 0.976 +/- 0.00684456
	Pmu = 0.022 +/- 0.00655988
 Fit to 9 points: 1.186071 +/- 0.009462 
  r = 1.35885 +/- 0.315617
[WARNING] Minimization finished with status 1 (covariance matrix forced positive definite), this could indicate a problem with the minimum!
	CLs = 0.0286299 +/- 0.00754621
	CLs = 0.0277207 +/- 0.00526429
 CLs = 0.0277207 +/- 0.00526429
	1-Pb = 0.974 +/- 0.0050323
	Pmu = 0.027 +/- 0.00512552
 Fit to 10 points: 1.186644 +/- 0.009616 
  r = 1.26022 +/- 0.315617
[WARNING] Minimization finished with status 1 (covariance matrix forced positive definite), this could indicate a problem with the minimum!
	CLs = 0.0490798 +/- 0.00978051
	CLs = 0.0389744 +/- 0.00620433
	CLs = 0.0416382 +/- 0.00522435
	CLs = 0.038501 +/- 0.00436383
 CLs = 0.038501 +/- 0.00436383
	1-Pb = 0.974 +/- 0.00355837
	Pmu = 0.0375 +/- 0.00424816
 Fit to 11 points: 1.187253 +/- 0.009344 
  r = 1.37075 +/- 0.315617
	CLs = 0.0222222 +/- 0.00662689
 CLs = 0.0222222 +/- 0.00662689
	1-Pb = 0.99 +/- 0.00444972
	Pmu = 0.022 +/- 0.00655988
 Fit to 12 points: 1.187146 +/- 0.009252 
  r = 1.36715 +/- 0.315617
	CLs = 0.0143443 +/- 0.00538448
 CLs = 0.0143443 +/- 0.00538448
	1-Pb = 0.976 +/- 0.00684456
	Pmu = 0.014 +/- 0.00525433
 Fit to 13 points: 1.186250 +/- 0.008748 
Info in <TCanvas::Print>: png file limit_scan_card_0.975.png has been created

 -- Hybrid New -- 
Limit: r < 1.18625 +/- 0.00874847 @ 95% CL
Done in 8.54 min (cpu), 8.60 min (real)
71 log messages saved to combine_logger.out
