CascadeMinimizer.cc[188] : (in function: improveOnce) - Minimization configured with Type=Minuit2, Algo=Migrad, strategy=0, tolerance=0.1
CascadeMinimizer.cc[215] : (in function: improveOnce) - Minimization finished with status=0
CascadeMinimizer.cc[219] : (in function: improveOnce) - Minimization success! status=0
ToyMCSamplerOpt.cc[146] : (in function: generateAsimov) - Using internal logic for binned/unbinned Asimov dataset generation
ToyMCSamplerOpt.cc[214] : (in function: generateWithHisto) - Generating asimov with histogram for pdf pdf_binpass_LOW_obsOnly: in 4 x-bins
ToyMCSamplerOpt.cc[215] : (in function: generateWithHisto) -  , in 1 y-bins
ToyMCSamplerOpt.cc[146] : (in function: generateAsimov) - Using internal logic for binned/unbinned Asimov dataset generation
ToyMCSamplerOpt.cc[214] : (in function: generateWithHisto) - Generating asimov with histogram for pdf pdf_binpass_SIG_obsOnly: in 2 x-bins
ToyMCSamplerOpt.cc[215] : (in function: generateWithHisto) -  , in 1 y-bins
ToyMCSamplerOpt.cc[146] : (in function: generateAsimov) - Using internal logic for binned/unbinned Asimov dataset generation
ToyMCSamplerOpt.cc[214] : (in function: generateWithHisto) - Generating asimov with histogram for pdf pdf_binpass_HIGH_obsOnly: in 5 x-bins
ToyMCSamplerOpt.cc[215] : (in function: generateWithHisto) -  , in 1 y-bins
ToyMCSamplerOpt.cc[146] : (in function: generateAsimov) - Using internal logic for binned/unbinned Asimov dataset generation
ToyMCSamplerOpt.cc[214] : (in function: generateWithHisto) - Generating asimov with histogram for pdf pdf_binfail_LOW_obsOnly: in 4 x-bins
ToyMCSamplerOpt.cc[215] : (in function: generateWithHisto) -  , in 1 y-bins
ToyMCSamplerOpt.cc[146] : (in function: generateAsimov) - Using internal logic for binned/unbinned Asimov dataset generation
ToyMCSamplerOpt.cc[214] : (in function: generateWithHisto) - Generating asimov with histogram for pdf pdf_binfail_SIG_obsOnly: in 2 x-bins
ToyMCSamplerOpt.cc[215] : (in function: generateWithHisto) -  , in 1 y-bins
ToyMCSamplerOpt.cc[146] : (in function: generateAsimov) - Using internal logic for binned/unbinned Asimov dataset generation
ToyMCSamplerOpt.cc[214] : (in function: generateWithHisto) - Generating asimov with histogram for pdf pdf_binfail_HIGH_obsOnly: in 5 x-bins
ToyMCSamplerOpt.cc[215] : (in function: generateWithHisto) -  , in 1 y-bins
AsymptoticLimits.cc[428] : (in function: runLimitExpected) - Median for expected limits = 2.64062, Sigma for expected limits = 1.34728
AsymptoticLimits.cc[191] : (in function: runLimit) - NLL at global minimum of data = -108015 (r=1.44318e-06)
AsymptoticLimits.cc[211] : (in function: runLimit) - NLL at global minimum of asimov = -108016 (r=5.35536e-14)
AsymptoticLimits.cc[337] : (in function: getCLs) - At r = 2.209688:	q_mu = 3.24160	q_A  = 3.21539	Pmu = 0.03589	1-Pb  = 0.49708	CLs  = 0.07221
AsymptoticLimits.cc[337] : (in function: getCLs) - At r = 4.419377:	q_mu = 6.48017	q_A  = 6.42003	Pmu = 0.00545	1-Pb  = 0.49527	CLs  = 0.01101
AsymptoticLimits.cc[337] : (in function: getCLs) - At r = 2.209689:	q_mu = 3.24168	q_A  = 3.21530	Pmu = 0.03589	1-Pb  = 0.49707	CLs  = 0.07221
AsymptoticLimits.cc[337] : (in function: getCLs) - At r = 3.314533:	q_mu = 4.86211	q_A  = 4.81994	Pmu = 0.01373	1-Pb  = 0.49617	CLs  = 0.02766
AsymptoticLimits.cc[337] : (in function: getCLs) - At r = 2.769241:	q_mu = 4.06253	q_A  = 4.02861	Pmu = 0.02192	1-Pb  = 0.49663	CLs  = 0.04414
AsymptoticLimits.cc[337] : (in function: getCLs) - At r = 2.543966:	q_mu = 3.73210	q_A  = 3.70137	Pmu = 0.02669	1-Pb  = 0.49681	CLs  = 0.05372
AsymptoticLimits.cc[337] : (in function: getCLs) - At r = 2.654832:	q_mu = 3.89475	q_A  = 3.86247	Pmu = 0.02422	1-Pb  = 0.49672	CLs  = 0.04875
AsymptoticLimits.cc[337] : (in function: getCLs) - At r = 2.609578:	q_mu = 3.82837	q_A  = 3.79673	Pmu = 0.02519	1-Pb  = 0.49676	CLs  = 0.05072
AsymptoticLimits.cc[337] : (in function: getCLs) - At r = 2.631708:	q_mu = 3.86084	q_A  = 3.82889	Pmu = 0.02471	1-Pb  = 0.49674	CLs  = 0.04975
AsymptoticLimits.cc[337] : (in function: getCLs) - At r = 2.622648:	q_mu = 3.84755	q_A  = 3.81572	Pmu = 0.02491	1-Pb  = 0.49675	CLs  = 0.05014
AsymptoticLimits.cc[337] : (in function: getCLs) - At r = 2.627071:	q_mu = 3.85404	q_A  = 3.82215	Pmu = 0.02481	1-Pb  = 0.49675	CLs  = 0.04995
AsymptoticLimits.cc[337] : (in function: getCLs) - At r = 2.625259:	q_mu = 3.85138	q_A  = 3.81952	Pmu = 0.02485	1-Pb  = 0.49675	CLs  = 0.05003
AsymptoticLimits.cc[337] : (in function: getCLs) - At r = 2.626143:	q_mu = 3.85268	q_A  = 3.82080	Pmu = 0.02483	1-Pb  = 0.49675	CLs  = 0.04999
AsymptoticLimits.cc[337] : (in function: getCLs) - At r = 2.625781:	q_mu = 3.85214	q_A  = 3.82028	Pmu = 0.02484	1-Pb  = 0.49675	CLs  = 0.05001
AsymptoticLimits.cc[337] : (in function: getCLs) - At r = 2.625958:	q_mu = 3.85240	q_A  = 3.82053	Pmu = 0.02484	1-Pb  = 0.49675	CLs  = 0.05000
AsymptoticLimits.cc[337] : (in function: getCLs) - At r = 2.625885:	q_mu = 3.85230	q_A  = 3.82043	Pmu = 0.02484	1-Pb  = 0.49675	CLs  = 0.05000
AsymptoticLimits.cc[337] : (in function: getCLs) - At r = 2.625920:	q_mu = 3.85235	q_A  = 3.82048	Pmu = 0.02484	1-Pb  = 0.49675	CLs  = 0.05000
AsymptoticLimits.cc[337] : (in function: getCLs) - At r = 2.625906:	q_mu = 3.85233	q_A  = 3.82046	Pmu = 0.02484	1-Pb  = 0.49675	CLs  = 0.05000
AsymptoticLimits.cc[337] : (in function: getCLs) - At r = 2.625913:	q_mu = 3.85234	q_A  = 3.82047	Pmu = 0.02484	1-Pb  = 0.49675	CLs  = 0.05000
