 <<< Combine >>> 
 <<< v10.0.1 >>>
>>> Random number generator seed is 123456
>>> Method used is FitDiagnostics
Set Default Value of Parameter mask_pass_SIG To : 1
Set Default Value of Parameter mask_pass_HIGH To : 1
Set Default Value of Parameter r To : 1
>>> 2 out of 6 channels masked

>> Found 16 floating parameters
>> The following parameters are protected in the event of negative eigenvalues: r
>> Verifying eigenvalues are all positive (iteration 0)
Eigenvalue 14 : -5.82077e-11
 - -1	Background_fail_HIGH_bin_5-1
 - 5.05253e-08	r
 - -6.74302e-09	SVM
 - -6.31973e-09	Background_fail_HIGH_bin_4-1
 - -2.43086e-09	Background_fail_HIGH_bin_3-1
Eigenvalue 15 : -0.00444766
 - 0.983126	r
 - -0.125631	SVM
 - -0.124193	Background_fail_HIGH_bin_4-1
 - -0.0437692	Background_fail_HIGH_bin_3-1
 - -0.0166203	Background_fail_HIGH_bin_2-1
>> Attempt 0 failed, remove the variable with largest eigenvector component...
>> Dropping SVM from the hessian
>> Verifying eigenvalues are all positive (iteration 1)
Eigenvalue 13 : -5.82075e-11
 - 1	Background_fail_HIGH_bin_5-1
 - -1.93733e-07	r
 - 2.48037e-08	Background_fail_HIGH_bin_4-1
 - 8.94866e-09	Background_fail_HIGH_bin_3-1
 - 3.47833e-09	Background_fail_HIGH_bin_2-1
Eigenvalue 14 : -0.00119721
 - -0.990694	r
 - 0.127126	Background_fail_HIGH_bin_4-1
 - 0.0448205	Background_fail_HIGH_bin_3-1
 - 0.0170117	Background_fail_HIGH_bin_2-1
 - 0.00686052	Background_fail_HIGH_bin_1-1
>> Attempt 1 failed, remove the variable with largest eigenvector component...
>> Dropping Background_fail_HIGH_bin_4-1 from the hessian
>> Verifying eigenvalues are all positive (iteration 2)
Eigenvalue 13 : -5.82077e-11
 - 1	Background_fail_HIGH_bin_5-1
 - 1.0559e-07	r
 - -4.67442e-09	Background_fail_HIGH_bin_3-1
 - -1.69146e-09	Background_fail_HIGH_bin_2-1
 - -7.45922e-10	Background_fail_HIGH_bin_1-1
>> Attempt 2 failed, remove the variable with largest eigenvector component...
>> Dropping Background_fail_HIGH_bin_5-1 from the hessian
>> Verifying eigenvalues are all positive (iteration 3)
>> All eigenvalues are positive
>> Inverting Hessian...
>> Matrix inverted
>> Note: the following parameters were dropped to make the covariance matrix pos-def:
     - SVM
     - Background_fail_HIGH_bin_4-1
     - Background_fail_HIGH_bin_5-1

 --- FitDiagnostics ---
Best fit r: 1.58939e-11  -1.58939e-11/+10  (68% CL)
Done in 0.00 min (cpu), 0.00 min (real)
