 <<< Combine >>> 
 <<< v10.0.1 >>>
>>> Random number generator seed is 123456
>>> Method used is FitDiagnostics
Set Default Value of Parameter mask_pass_SIG To : 1
Set Default Value of Parameter mask_pass_HIGH To : 1
Set Default Value of Parameter r To : 1
>>> 2 out of 6 channels masked

>> Found 16 floating parameters
>> The following parameters are protected in the event of negative eigenvalues: r
>> Verifying eigenvalues are all positive (iteration 0)
Eigenvalue 15 : -0.000342874
 - -0.567342	r
 - 0.43099	Background_fail_HIGH_bin_1-1
 - 0.374676	Background_fail_SIG_bin_2-1
 - 0.367987	Background_fail_HIGH_bin_2-1
 - 0.268842	Background_fail_HIGH_bin_3-1
>> Attempt 0 failed, remove the variable with largest eigenvector component...
>> Dropping Background_fail_HIGH_bin_1-1 from the hessian
>> Verifying eigenvalues are all positive (iteration 1)
>> All eigenvalues are positive
>> Inverting Hessian...
>> Matrix inverted
>> Note: the following parameters were dropped to make the covariance matrix pos-def:
     - Background_fail_HIGH_bin_1-1

 --- FitDiagnostics ---
Best fit r: 0.0067999  -0.0067999/+9.9932  (68% CL)
Done in 0.00 min (cpu), 0.00 min (real)
