 <<< Combine >>> 
 <<< v10.0.1 >>>
>>> Random number generator seed is 123456
>>> Method used is FitDiagnostics
Set Default Value of Parameter mask_pass_SIG To : 1
Set Default Value of Parameter mask_pass_HIGH To : 1
Set Default Value of Parameter r To : 1
>>> 2 out of 6 channels masked

>> Found 16 floating parameters
>> The following parameters are protected in the event of negative eigenvalues: r
>> Verifying eigenvalues are all positive (iteration 0)
Eigenvalue 14 : -5.82077e-11
 - -1	Background_fail_HIGH_bin_5-1
 - 4.3727e-08	r
 - -5.33931e-09	SVM
 - -1.98748e-09	Background_fail_HIGH_bin_4-1
 - -5.24734e-10	Background_fail_HIGH_bin_3-1
Eigenvalue 15 : -0.00293046
 - -0.991851	r
 - 0.119284	SVM
 - 0.0426442	Background_fail_HIGH_bin_4-1
 - 0.0122465	Background_fail_HIGH_bin_3-1
 - 0.00425392	Background_fail_HIGH_bin_2-1
>> Attempt 0 failed, remove the variable with largest eigenvector component...
>> Dropping SVM from the hessian
>> Verifying eigenvalues are all positive (iteration 1)
Eigenvalue 13 : -5.82075e-11
 - -1	Background_fail_HIGH_bin_5-1
 - 1.03628e-06	r
 - -4.52905e-08	Background_fail_HIGH_bin_4-1
 - -1.296e-08	Background_fail_HIGH_bin_3-1
 - -4.52629e-09	Background_fail_HIGH_bin_2-1
Eigenvalue 14 : -0.000125462
 - -0.998955	r
 - 0.0435546	Background_fail_HIGH_bin_4-1
 - 0.0125076	Background_fail_HIGH_bin_3-1
 - 0.00434286	Background_fail_HIGH_bin_2-1
 - 0.00372729	lumi
>> Attempt 1 failed, remove the variable with largest eigenvector component...
>> Dropping Background_fail_HIGH_bin_4-1 from the hessian
>> Verifying eigenvalues are all positive (iteration 2)
Eigenvalue 13 : -5.82077e-11
 - 1	Background_fail_HIGH_bin_5-1
 - 5.17588e-07	r
 - -6.50773e-09	Background_fail_HIGH_bin_3-1
 - -2.23315e-09	Background_fail_HIGH_bin_2-1
 - -1.93248e-09	lumi
>> Attempt 2 failed, remove the variable with largest eigenvector component...
>> Dropping Background_fail_HIGH_bin_5-1 from the hessian
>> Verifying eigenvalues are all positive (iteration 3)
>> All eigenvalues are positive
>> Inverting Hessian...
>> Matrix inverted
>> Note: the following parameters were dropped to make the covariance matrix pos-def:
     - SVM
     - Background_fail_HIGH_bin_4-1
     - Background_fail_HIGH_bin_5-1

 --- FitDiagnostics ---
Best fit r: 3.27318e-12  -3.27318e-12/+10  (68% CL)
Done in 0.00 min (cpu), 0.00 min (real)
