 <<< Combine >>> 
 <<< v10.0.1 >>>
>>> Random number generator seed is 123456
>>> Method used is FitDiagnostics
Set Default Value of Parameter mask_pass_SIG To : 1
Set Default Value of Parameter mask_pass_HIGH To : 1
Set Default Value of Parameter r To : 1
>>> 2 out of 6 channels masked

>> Found 16 floating parameters
>> The following parameters are protected in the event of negative eigenvalues: r
>> Verifying eigenvalues are all positive (iteration 0)
Eigenvalue 14 : -5.55112e-17
 - -1	Background_fail_HIGH_bin_5-1
 - 4.25024e-09	r
 - -6.01563e-10	SVM
 - -2.78538e-10	Background_fail_HIGH_bin_4-1
 - -1.28252e-10	Background_fail_LOW_bin_4-1
Eigenvalue 15 : -0.0026227
 - 0.992496	r
 - -0.112305	SVM
 - -0.0458113	Background_fail_HIGH_bin_4-1
 - -0.0138821	Background_fail_HIGH_bin_3-1
 - -0.00547588	Background_fail_HIGH_bin_2-1
>> Attempt 0 failed, remove the variable with largest eigenvector component...
>> Dropping SVM from the hessian
>> Verifying eigenvalues are all positive (iteration 1)
Eigenvalue 14 : -0.000144321
 - -0.998785	r
 - 0.0466753	Background_fail_HIGH_bin_4-1
 - 0.0141436	Background_fail_HIGH_bin_3-1
 - 0.00557703	Background_fail_HIGH_bin_2-1
 - 0.00367631	lumi
>> Attempt 1 failed, remove the variable with largest eigenvector component...
>> Dropping Background_fail_HIGH_bin_4-1 from the hessian
>> Verifying eigenvalues are all positive (iteration 2)
>> All eigenvalues are positive
>> Inverting Hessian...
>> Matrix inverted
>> Note: the following parameters were dropped to make the covariance matrix pos-def:
     - SVM
     - Background_fail_HIGH_bin_4-1

 --- FitDiagnostics ---
Best fit r: 4.01499e-14  -4.01499e-14/+10  (68% CL)
Done in 0.00 min (cpu), 0.00 min (real)
