 <<< Combine >>> 
 <<< v10.0.1 >>>
>>> Random number generator seed is 123456
>>> Method used is FitDiagnostics
Set Default Value of Parameter mask_pass_SIG To : 1
Set Default Value of Parameter mask_pass_HIGH To : 1
Set Default Value of Parameter r To : 1
>>> 2 out of 6 channels masked

>> Found 16 floating parameters
>> The following parameters are protected in the event of negative eigenvalues: r
>> Verifying eigenvalues are all positive (iteration 0)
Eigenvalue 14 : -5.82076e-11
 - -1	Background_fail_HIGH_bin_5-1
 - 1.39207e-08	r
 - -1.73582e-09	SVM
 - -8.78021e-10	Background_fail_HIGH_bin_4-1
 - -2.87178e-10	Background_fail_HIGH_bin_3-1
Eigenvalue 15 : -0.00308426
 - -0.990465	r
 - 0.118884	SVM
 - 0.0650403	Background_fail_HIGH_bin_4-1
 - 0.0229615	Background_fail_HIGH_bin_3-1
 - 0.00797226	Background_fail_HIGH_bin_2-1
>> Attempt 0 failed, remove the variable with largest eigenvector component...
>> Dropping SVM from the hessian
>> Verifying eigenvalues are all positive (iteration 1)
Eigenvalue 13 : -5.82077e-11
 - -1	Background_fail_HIGH_bin_5-1
 - 1.50006e-07	r
 - -9.95277e-09	Background_fail_HIGH_bin_4-1
 - -3.49076e-09	Background_fail_HIGH_bin_3-1
 - -1.07371e-09	Background_fail_HIGH_bin_2-1
Eigenvalue 14 : -0.000296258
 - -0.997471	r
 - 0.0664166	Background_fail_HIGH_bin_4-1
 - 0.0234466	Background_fail_HIGH_bin_3-1
 - 0.00813747	Background_fail_HIGH_bin_2-1
 - 0.00357558	lumi
>> Attempt 1 failed, remove the variable with largest eigenvector component...
>> Dropping Background_fail_HIGH_bin_4-1 from the hessian
>> Verifying eigenvalues are all positive (iteration 2)
Eigenvalue 13 : -5.82077e-11
 - 1	Background_fail_HIGH_bin_5-1
 - 7.49347e-08	r
 - -1.80456e-09	Background_fail_HIGH_bin_3-1
 - -7.64027e-10	Background_fail_HIGH_bin_2-1
 - -2.43839e-10	Background_fail_HIGH_bin_1-1
>> Attempt 2 failed, remove the variable with largest eigenvector component...
>> Dropping Background_fail_HIGH_bin_5-1 from the hessian
>> Verifying eigenvalues are all positive (iteration 3)
>> All eigenvalues are positive
>> Inverting Hessian...
>> Matrix inverted
>> Note: the following parameters were dropped to make the covariance matrix pos-def:
     - SVM
     - Background_fail_HIGH_bin_4-1
     - Background_fail_HIGH_bin_5-1

 --- FitDiagnostics ---
Best fit r: 2.19881e-10  -2.19881e-10/+10  (68% CL)
Done in 0.00 min (cpu), 0.00 min (real)
