 <<< Combine >>> 
 <<< v10.0.1 >>>
>>> Random number generator seed is 123456
>>> Method used is FitDiagnostics
Set Default Value of Parameter mask_pass_SIG To : 1
Set Default Value of Parameter mask_pass_HIGH To : 1
Set Default Value of Parameter r To : 1
>>> 2 out of 6 channels masked

>> Found 16 floating parameters
>> The following parameters are protected in the event of negative eigenvalues: r
>> Verifying eigenvalues are all positive (iteration 0)
Eigenvalue 14 : -5.82075e-11
 - 1	Background_fail_HIGH_bin_5-1
 - 1.73003e-09	r
 - -4.8784e-10	Background_fail_HIGH_bin_4-1
 - -2.07308e-10	SVM
 - -1.79797e-10	Background_fail_HIGH_bin_3-1
Eigenvalue 15 : -0.00543737
 - -0.967444	r
 - 0.210547	Background_fail_HIGH_bin_4-1
 - 0.0936858	Background_fail_HIGH_bin_3-1
 - 0.0921535	SVM
 - 0.0432625	Background_fail_HIGH_bin_2-1
>> Attempt 0 failed, remove the variable with largest eigenvector component...
>> Dropping Background_fail_HIGH_bin_4-1 from the hessian
>> Verifying eigenvalues are all positive (iteration 1)
Eigenvalue 14 : -5.82077e-11
 - 1	Background_fail_HIGH_bin_5-1
 - -3.34468e-09	r
 - 3.25021e-10	Background_fail_HIGH_bin_3-1
 - 2.89334e-10	SVM
 - 2.47817e-10	Background_fail_HIGH_bin_2-1
>> Attempt 1 failed, remove the variable with largest eigenvector component...
>> Dropping Background_fail_HIGH_bin_5-1 from the hessian
>> Verifying eigenvalues are all positive (iteration 2)
>> All eigenvalues are positive
>> Inverting Hessian...
>> Matrix inverted
>> Note: the following parameters were dropped to make the covariance matrix pos-def:
     - Background_fail_HIGH_bin_4-1
     - Background_fail_HIGH_bin_5-1

 --- FitDiagnostics ---
Best fit r: 5.15036e-10  -5.15036e-10/+10  (68% CL)
Done in 0.00 min (cpu), 0.00 min (real)
