 <<< Combine >>> 
 <<< v10.0.1 >>>
>>> Random number generator seed is 123456
>>> Method used is FitDiagnostics
Set Default Value of Parameter mask_pass_SIG To : 1
Set Default Value of Parameter mask_pass_HIGH To : 1
Set Default Value of Parameter r To : 1
>>> 2 out of 6 channels masked

>> Found 16 floating parameters
>> The following parameters are protected in the event of negative eigenvalues: r
>> Verifying eigenvalues are all positive (iteration 0)
Eigenvalue 14 : -5.82076e-11
 - 1	Background_fail_HIGH_bin_5-1
 - 1.65482e-09	r
 - -4.93636e-10	Background_fail_HIGH_bin_4-1
 - -2.31991e-10	Background_fail_HIGH_bin_2-1
 - -1.98719e-10	Background_fail_LOW_bin_2-1
Eigenvalue 15 : -0.00819687
 - 0.946546	r
 - -0.271186	Background_fail_HIGH_bin_4-1
 - -0.126122	Background_fail_HIGH_bin_3-1
 - -0.0988346	SVM
 - -0.0622832	Background_fail_HIGH_bin_2-1
>> Attempt 0 failed, remove the variable with largest eigenvector component...
>> Dropping Background_fail_HIGH_bin_4-1 from the hessian
>> Verifying eigenvalues are all positive (iteration 1)
Eigenvalue 14 : -5.82077e-11
 - -1	Background_fail_HIGH_bin_5-1
 - 1.78454e-09	r
 - -3.38338e-10	Background_fail_HIGH_bin_3-1
 - 1.97983e-10	Background_fail_LOW_bin_2-1
 - -1.94314e-10	SVM
>> Attempt 1 failed, remove the variable with largest eigenvector component...
>> Dropping Background_fail_HIGH_bin_5-1 from the hessian
>> Verifying eigenvalues are all positive (iteration 2)
>> All eigenvalues are positive
>> Inverting Hessian...
>> Matrix inverted
>> Note: the following parameters were dropped to make the covariance matrix pos-def:
     - Background_fail_HIGH_bin_4-1
     - Background_fail_HIGH_bin_5-1

 --- FitDiagnostics ---
Best fit r: 3.49914e-13  -3.49914e-13/+10  (68% CL)
Done in 0.00 min (cpu), 0.00 min (real)
