 <<< Combine >>> 
 <<< v10.0.1 >>>
>>> Random number generator seed is 123456
>>> Method used is FitDiagnostics
Set Default Value of Parameter mask_pass_SIG To : 1
Set Default Value of Parameter mask_pass_HIGH To : 1
Set Default Value of Parameter r To : 1
>>> 2 out of 6 channels masked

>> Found 16 floating parameters
>> The following parameters are protected in the event of negative eigenvalues: r
>> Verifying eigenvalues are all positive (iteration 0)
Eigenvalue 14 : -5.82077e-11
 - -1	Background_fail_HIGH_bin_5-1
 - -1.45444e-08	r
 - 2.14656e-09	SVM
 - 5.64888e-10	Background_fail_HIGH_bin_4-1
 - 3.41603e-10	Background_fail_HIGH_bin_3-1
Eigenvalue 15 : -0.00362655
 - 0.990271	r
 - -0.133273	SVM
 - -0.0377728	Background_fail_HIGH_bin_4-1
 - -0.0120022	Background_fail_HIGH_bin_3-1
 - -0.00412942	Background_fail_HIGH_bin_2-1
>> Attempt 0 failed, remove the variable with largest eigenvector component...
>> Dropping SVM from the hessian
>> Verifying eigenvalues are all positive (iteration 1)
Eigenvalue 13 : -5.82076e-11
 - -1	Background_fail_HIGH_bin_5-1
 - -5.77642e-07	r
 - 2.2435e-08	Background_fail_HIGH_bin_4-1
 - 7.29052e-09	Background_fail_HIGH_bin_3-1
 - 2.45129e-09	Background_fail_HIGH_bin_2-1
Eigenvalue 14 : -9.98896e-05
 - 0.999155	r
 - -0.0387867	Background_fail_HIGH_bin_4-1
 - -0.0123239	Background_fail_HIGH_bin_3-1
 - -0.00423797	Background_fail_HIGH_bin_2-1
 - -0.00357985	lumi
>> Attempt 1 failed, remove the variable with largest eigenvector component...
>> Dropping Background_fail_HIGH_bin_4-1 from the hessian
>> Verifying eigenvalues are all positive (iteration 2)
Eigenvalue 13 : -5.82077e-11
 - -1	Background_fail_HIGH_bin_5-1
 - 2.88798e-07	r
 - -3.40179e-09	Background_fail_HIGH_bin_3-1
 - -1.22555e-09	Background_fail_HIGH_bin_2-1
 - -1.03527e-09	lumi
>> Attempt 2 failed, remove the variable with largest eigenvector component...
>> Dropping Background_fail_HIGH_bin_5-1 from the hessian
>> Verifying eigenvalues are all positive (iteration 3)
>> All eigenvalues are positive
>> Inverting Hessian...
>> Matrix inverted
>> Note: the following parameters were dropped to make the covariance matrix pos-def:
     - SVM
     - Background_fail_HIGH_bin_4-1
     - Background_fail_HIGH_bin_5-1

 --- FitDiagnostics ---
Best fit r: 5.57199e-15  -5.57199e-15/+10  (68% CL)
Done in 0.00 min (cpu), 0.00 min (real)
