 <<< Combine >>> 
 <<< v10.0.1 >>>
>>> Random number generator seed is 123456
>>> Method used is FitDiagnostics
Set Default Value of Parameter mask_pass_SIG To : 1
Set Default Value of Parameter mask_pass_HIGH To : 1
Set Default Value of Parameter r To : 1
>>> 2 out of 6 channels masked

>> Found 16 floating parameters
>> The following parameters are protected in the event of negative eigenvalues: r
>> Verifying eigenvalues are all positive (iteration 0)
Eigenvalue 14 : -5.82076e-11
 - -1	Background_fail_HIGH_bin_5-1
 - 8.27564e-09	r
 - -1.38051e-09	SVM
 - -5.9666e-10	Background_fail_HIGH_bin_4-1
 - -3.02099e-10	Background_fail_HIGH_bin_3-1
Eigenvalue 15 : -0.00472251
 - 0.986099	r
 - -0.147276	SVM
 - -0.0722046	Background_fail_HIGH_bin_4-1
 - -0.024597	Background_fail_HIGH_bin_3-1
 - -0.00877626	Background_fail_HIGH_bin_2-1
>> Attempt 0 failed, remove the variable with largest eigenvector component...
>> Dropping SVM from the hessian
>> Verifying eigenvalues are all positive (iteration 1)
Eigenvalue 13 : -5.82077e-11
 - 1	Background_fail_HIGH_bin_5-1
 - -1.15512e-07	r
 - 8.63507e-09	Background_fail_HIGH_bin_4-1
 - 3.04029e-09	Background_fail_HIGH_bin_3-1
 - 1.0468e-09	Background_fail_HIGH_bin_2-1
Eigenvalue 14 : -0.000374711
 - -0.996837	r
 - 0.0745826	Background_fail_HIGH_bin_4-1
 - 0.0254058	Background_fail_HIGH_bin_3-1
 - 0.00905929	Background_fail_HIGH_bin_2-1
 - 0.00360147	lumi
>> Attempt 1 failed, remove the variable with largest eigenvector component...
>> Dropping Background_fail_HIGH_bin_4-1 from the hessian
>> Verifying eigenvalues are all positive (iteration 2)
Eigenvalue 13 : -5.82077e-11
 - -1	Background_fail_HIGH_bin_5-1
 - -5.82981e-08	r
 - 1.39781e-09	Background_fail_HIGH_bin_3-1
 - 5.35674e-10	Background_fail_HIGH_bin_2-1
 - 2.11037e-10	lumi
>> Attempt 2 failed, remove the variable with largest eigenvector component...
>> Dropping Background_fail_HIGH_bin_5-1 from the hessian
>> Verifying eigenvalues are all positive (iteration 3)
>> All eigenvalues are positive
>> Inverting Hessian...
>> Matrix inverted
>> Note: the following parameters were dropped to make the covariance matrix pos-def:
     - SVM
     - Background_fail_HIGH_bin_4-1
     - Background_fail_HIGH_bin_5-1

 --- FitDiagnostics ---
Best fit r: 7.43214e-12  -7.43214e-12/+2.5  (68% CL)
Done in 0.00 min (cpu), 0.00 min (real)
