CascadeMinimizer.cc[188] : (in function: improveOnce) - Minimization configured with Type=Minuit2, Algo=Migrad, strategy=0, tolerance=0.1
CascadeMinimizer.cc[215] : (in function: improveOnce) - Minimization finished with status=0
CascadeMinimizer.cc[219] : (in function: improveOnce) - Minimization success! status=0
ToyMCSamplerOpt.cc[146] : (in function: generateAsimov) - Using internal logic for binned/unbinned Asimov dataset generation
ToyMCSamplerOpt.cc[214] : (in function: generateWithHisto) - Generating asimov with histogram for pdf pdf_binpass_LOW_obsOnly: in 4 x-bins
ToyMCSamplerOpt.cc[215] : (in function: generateWithHisto) -  , in 1 y-bins
ToyMCSamplerOpt.cc[146] : (in function: generateAsimov) - Using internal logic for binned/unbinned Asimov dataset generation
ToyMCSamplerOpt.cc[214] : (in function: generateWithHisto) - Generating asimov with histogram for pdf pdf_binpass_SIG_obsOnly: in 2 x-bins
ToyMCSamplerOpt.cc[215] : (in function: generateWithHisto) -  , in 1 y-bins
ToyMCSamplerOpt.cc[146] : (in function: generateAsimov) - Using internal logic for binned/unbinned Asimov dataset generation
ToyMCSamplerOpt.cc[214] : (in function: generateWithHisto) - Generating asimov with histogram for pdf pdf_binpass_HIGH_obsOnly: in 3 x-bins
ToyMCSamplerOpt.cc[215] : (in function: generateWithHisto) -  , in 1 y-bins
ToyMCSamplerOpt.cc[146] : (in function: generateAsimov) - Using internal logic for binned/unbinned Asimov dataset generation
ToyMCSamplerOpt.cc[214] : (in function: generateWithHisto) - Generating asimov with histogram for pdf pdf_binfail_LOW_obsOnly: in 4 x-bins
ToyMCSamplerOpt.cc[215] : (in function: generateWithHisto) -  , in 1 y-bins
ToyMCSamplerOpt.cc[146] : (in function: generateAsimov) - Using internal logic for binned/unbinned Asimov dataset generation
ToyMCSamplerOpt.cc[214] : (in function: generateWithHisto) - Generating asimov with histogram for pdf pdf_binfail_SIG_obsOnly: in 2 x-bins
ToyMCSamplerOpt.cc[215] : (in function: generateWithHisto) -  , in 1 y-bins
ToyMCSamplerOpt.cc[146] : (in function: generateAsimov) - Using internal logic for binned/unbinned Asimov dataset generation
ToyMCSamplerOpt.cc[214] : (in function: generateWithHisto) - Generating asimov with histogram for pdf pdf_binfail_HIGH_obsOnly: in 3 x-bins
ToyMCSamplerOpt.cc[215] : (in function: generateWithHisto) -  , in 1 y-bins
AsymptoticLimits.cc[428] : (in function: runLimitExpected) - Median for expected limits = 0.000102997, Sigma for expected limits = 5.25504e-05
AsymptoticLimits.cc[191] : (in function: runLimit) - NLL at global minimum of data = -2.03475e+06 (r=4.04316e-09)
AsymptoticLimits.cc[211] : (in function: runLimit) - NLL at global minimum of asimov = -2.03477e+06 (r=2.65177e-07)
AsymptoticLimits.cc[337] : (in function: getCLs) - At r = 1.200000:	q_mu = 2092549.26801	q_A  = 2092608.98239	Pmu = 0.00000	1-Pb  = 0.50823	CLs  = 0.00000
AsymptoticLimits.cc[337] : (in function: getCLs) - At r = 0.600000:	q_mu = 1005140.63139	q_A  = 1005200.49735	Pmu = 0.00000	1-Pb  = 0.51191	CLs  = 0.00000
AsymptoticLimits.cc[337] : (in function: getCLs) - At r = 0.300000:	q_mu = 473575.39945	q_A  = 473635.34076	Pmu = 0.00000	1-Pb  = 0.51737	CLs  = 0.00000
AsymptoticLimits.cc[337] : (in function: getCLs) - At r = 0.150000:	q_mu = 219014.04324	q_A  = 219052.25628	Pmu = 0.00000	1-Pb  = 0.51628	CLs  = 0.00000
AsymptoticLimits.cc[337] : (in function: getCLs) - At r = 0.075000:	q_mu = 99126.15008	q_A  = 99135.61320	Pmu = 0.00000	1-Pb  = 0.50600	CLs  = 0.00000
AsymptoticLimits.cc[337] : (in function: getCLs) - At r = 0.037500:	q_mu = 43178.36636	q_A  = 43187.88051	Pmu = 0.00000	1-Pb  = 0.50913	CLs  = 0.00000
AsymptoticLimits.cc[337] : (in function: getCLs) - At r = 0.018750:	q_mu = 18140.81957	q_A  = 18122.63355	Pmu = 0.00000	1-Pb  = 0.47307	CLs  = 0.00000
AsymptoticLimits.cc[337] : (in function: getCLs) - At r = 0.009375:	q_mu = 7212.63080	q_A  = 7162.71027	Pmu = 0.00000	1-Pb  = 0.38403	CLs  = 0.00000
AsymptoticLimits.cc[337] : (in function: getCLs) - At r = 0.004688:	q_mu = 2749.12401	q_A  = 2687.21164	Pmu = 0.00000	1-Pb  = 0.27520	CLs  = 0.00000
AsymptoticLimits.cc[337] : (in function: getCLs) - At r = 0.002344:	q_mu = 1009.75038	q_A  = 949.13898	Pmu = 0.00000	1-Pb  = 0.16263	CLs  = 0.00000
AsymptoticLimits.cc[337] : (in function: getCLs) - At r = 0.001172:	q_mu = 370.80328	q_A  = 325.50943	Pmu = 0.00000	1-Pb  = 0.10470	CLs  = 0.00000
AsymptoticLimits.cc[337] : (in function: getCLs) - At r = 0.000586:	q_mu = 131.99174	q_A  = 101.80033	Pmu = 0.00000	1-Pb  = 0.06731	CLs  = 0.00000
AsymptoticLimits.cc[337] : (in function: getCLs) - At r = 0.000293:	q_mu = 46.57661	q_A  = 29.10453	Pmu = 0.00000	1-Pb  = 0.05269	CLs  = 0.00000
AsymptoticLimits.cc[337] : (in function: getCLs) - At r = 0.000146:	q_mu = 17.51699	q_A  = 7.88114	Pmu = 0.00000	1-Pb  = 0.04306	CLs  = 0.00007
AsymptoticLimits.cc[337] : (in function: getCLs) - At r = 0.000073:	q_mu = 7.18947	q_A  = 2.03471	Pmu = 0.00061	1-Pb  = 0.03539	CLs  = 0.01729
AsymptoticLimits.cc[337] : (in function: getCLs) - At r = 0.000037:	q_mu = 3.20051	q_A  = 0.50950	Pmu = 0.00468	1-Pb  = 0.02971	CLs  = 0.15742
AsymptoticLimits.cc[337] : (in function: getCLs) - At r = 0.000055:	q_mu = 5.09558	q_A  = 1.14841	Pmu = 0.00179	1-Pb  = 0.03276	CLs  = 0.05458
AsymptoticLimits.cc[337] : (in function: getCLs) - At r = 0.000060:	q_mu = 5.62344	q_A  = 1.35603	Pmu = 0.00136	1-Pb  = 0.03345	CLs  = 0.04078
AsymptoticLimits.cc[337] : (in function: getCLs) - At r = 0.000057:	q_mu = 5.32620	q_A  = 1.23760	Pmu = 0.00159	1-Pb  = 0.03306	CLs  = 0.04805
