 <<< Combine >>> 
 <<< v10.0.1 >>>
>>> Random number generator seed is 123456
>>> Method used is FitDiagnostics
Set Default Value of Parameter mask_pass_SIG To : 1
Set Default Value of Parameter mask_pass_HIGH To : 1
Set Default Value of Parameter r To : 1
>>> 2 out of 6 channels masked

>> Found 16 floating parameters
>> The following parameters are protected in the event of negative eigenvalues: r
>> Verifying eigenvalues are all positive (iteration 0)
Eigenvalue 14 : -5.82077e-11
 - 1	Background_fail_HIGH_bin_5-1
 - -4.67197e-08	r
 - 6.36158e-09	Background_fail_HIGH_bin_4-1
 - 6.14006e-09	SVM
 - 2.30834e-09	Background_fail_HIGH_bin_3-1
Eigenvalue 15 : -0.00458951
 - -0.981535	r
 - 0.130638	Background_fail_HIGH_bin_4-1
 - 0.129096	SVM
 - 0.0482376	Background_fail_HIGH_bin_3-1
 - 0.0207453	Background_fail_HIGH_bin_2-1
>> Attempt 0 failed, remove the variable with largest eigenvector component...
>> Dropping Background_fail_HIGH_bin_4-1 from the hessian
>> Verifying eigenvalues are all positive (iteration 1)
Eigenvalue 13 : -5.82076e-11
 - 1	Background_fail_HIGH_bin_5-1
 - -2.06648e-07	r
 - 2.76788e-08	SVM
 - 1.03488e-08	Background_fail_HIGH_bin_3-1
 - 4.44564e-09	Background_fail_HIGH_bin_2-1
Eigenvalue 14 : -0.00105565
 - -0.989657	r
 - 0.132554	SVM
 - 0.0494938	Background_fail_HIGH_bin_3-1
 - 0.021275	Background_fail_HIGH_bin_2-1
 - 0.00886611	Background_fail_HIGH_bin_1-1
>> Attempt 1 failed, remove the variable with largest eigenvector component...
>> Dropping SVM from the hessian
>> Verifying eigenvalues are all positive (iteration 2)
Eigenvalue 13 : -5.82077e-11
 - -1	Background_fail_HIGH_bin_5-1
 - -9.14175e-08	r
 - 4.63661e-09	Background_fail_HIGH_bin_3-1
 - 1.9949e-09	Background_fail_HIGH_bin_2-1
 - 8.33649e-10	Background_fail_HIGH_bin_1-1
>> Attempt 2 failed, remove the variable with largest eigenvector component...
>> Dropping Background_fail_HIGH_bin_5-1 from the hessian
>> Verifying eigenvalues are all positive (iteration 3)
>> All eigenvalues are positive
>> Inverting Hessian...
>> Matrix inverted
>> Note: the following parameters were dropped to make the covariance matrix pos-def:
     - Background_fail_HIGH_bin_4-1
     - SVM
     - Background_fail_HIGH_bin_5-1

 --- FitDiagnostics ---
Best fit r: 8.89674e-12  -8.89674e-12/+5  (68% CL)
Done in 0.00 min (cpu), 0.00 min (real)
