 <<< Combine >>> 
 <<< v10.0.1 >>>
>>> Random number generator seed is 123456
>>> Method used is FitDiagnostics
Set Default Value of Parameter mask_pass_SIG To : 1
Set Default Value of Parameter mask_pass_HIGH To : 1
Set Default Value of Parameter r To : 1
>>> 2 out of 6 channels masked

>> Found 16 floating parameters
>> The following parameters are protected in the event of negative eigenvalues: r
>> Verifying eigenvalues are all positive (iteration 0)
Eigenvalue 14 : -5.82076e-11
 - -1	Background_fail_HIGH_bin_5-1
 - 7.05773e-08	r
 - -9.14437e-09	SVM
 - -2.83245e-09	Background_fail_HIGH_bin_4-1
 - -8.40498e-10	Background_fail_HIGH_bin_3-1
Eigenvalue 15 : -0.00324125
 - -0.991146	r
 - 0.125755	SVM
 - 0.0404487	Background_fail_HIGH_bin_4-1
 - 0.0120404	Background_fail_HIGH_bin_3-1
 - 0.00433118	Background_fail_HIGH_bin_2-1
>> Attempt 0 failed, remove the variable with largest eigenvector component...
>> Dropping SVM from the hessian
>> Verifying eigenvalues are all positive (iteration 1)
Eigenvalue 13 : -5.82071e-11
 - 1	Background_fail_HIGH_bin_5-1
 - -2.05349e-06	r
 - 8.50734e-08	Background_fail_HIGH_bin_4-1
 - 2.53203e-08	Background_fail_HIGH_bin_3-1
 - 8.9633e-09	Background_fail_HIGH_bin_2-1
Eigenvalue 14 : -0.000113673
 - 0.999048	r
 - -0.0414116	Background_fail_HIGH_bin_4-1
 - -0.0123266	Background_fail_HIGH_bin_3-1
 - -0.00443216	Background_fail_HIGH_bin_2-1
 - -0.00373842	lumi
>> Attempt 1 failed, remove the variable with largest eigenvector component...
>> Dropping Background_fail_HIGH_bin_4-1 from the hessian
>> Verifying eigenvalues are all positive (iteration 2)
Eigenvalue 13 : -5.82078e-11
 - -1	Background_fail_HIGH_bin_5-1
 - -1.0204e-06	r
 - 1.2628e-08	Background_fail_HIGH_bin_3-1
 - 4.68122e-09	Background_fail_HIGH_bin_2-1
 - 3.8206e-09	lumi
>> Attempt 2 failed, remove the variable with largest eigenvector component...
>> Dropping Background_fail_HIGH_bin_5-1 from the hessian
>> Verifying eigenvalues are all positive (iteration 3)
>> All eigenvalues are positive
>> Inverting Hessian...
>> Matrix inverted
>> Note: the following parameters were dropped to make the covariance matrix pos-def:
     - SVM
     - Background_fail_HIGH_bin_4-1
     - Background_fail_HIGH_bin_5-1

 --- FitDiagnostics ---
Best fit r: 8.02852e-15  -8.02852e-15/+10  (68% CL)
Done in 0.00 min (cpu), 0.00 min (real)
