 <<< Combine >>> 
 <<< v10.0.1 >>>
>>> Random number generator seed is 123456
>>> Method used is FitDiagnostics
Set Default Value of Parameter mask_pass_SIG To : 1
Set Default Value of Parameter mask_pass_HIGH To : 1
Set Default Value of Parameter r To : 1
>>> 2 out of 6 channels masked

>> Found 16 floating parameters
>> The following parameters are protected in the event of negative eigenvalues: r
>> Verifying eigenvalues are all positive (iteration 0)
Eigenvalue 14 : -5.82075e-11
 - 1	Background_fail_HIGH_bin_5-1
 - 1.65538e-08	r
 - -1.91948e-09	SVM
 - -1.88412e-09	Background_fail_HIGH_bin_4-1
 - -9.22054e-10	Background_fail_HIGH_bin_3-1
Eigenvalue 15 : -0.00347274
 - -0.98562	r
 - 0.116481	Background_fail_HIGH_bin_4-1
 - 0.11225	SVM
 - 0.0444727	Background_fail_HIGH_bin_3-1
 - 0.0181973	Background_fail_HIGH_bin_2-1
>> Attempt 0 failed, remove the variable with largest eigenvector component...
>> Dropping Background_fail_HIGH_bin_4-1 from the hessian
>> Verifying eigenvalues are all positive (iteration 1)
Eigenvalue 13 : -5.82077e-11
 - -1	Background_fail_HIGH_bin_5-1
 - -8.10239e-08	r
 - 9.39504e-09	SVM
 - 3.88169e-09	Background_fail_HIGH_bin_3-1
 - 1.54079e-09	Background_fail_HIGH_bin_2-1
Eigenvalue 14 : -0.000688355
 - 0.992156	r
 - -0.114632	SVM
 - -0.0453904	Background_fail_HIGH_bin_3-1
 - -0.0185655	Background_fail_HIGH_bin_2-1
 - -0.00756778	Background_fail_HIGH_bin_1-1
>> Attempt 1 failed, remove the variable with largest eigenvector component...
>> Dropping SVM from the hessian
>> Verifying eigenvalues are all positive (iteration 2)
Eigenvalue 13 : -5.82077e-11
 - -1	Background_fail_HIGH_bin_5-1
 - 3.02325e-08	r
 - -1.22577e-09	Background_fail_HIGH_bin_3-1
 - -5.48046e-10	Background_fail_HIGH_bin_2-1
 - -2.39273e-10	Background_fail_SIG_bin_2-1
>> Attempt 2 failed, remove the variable with largest eigenvector component...
>> Dropping Background_fail_HIGH_bin_5-1 from the hessian
>> Verifying eigenvalues are all positive (iteration 3)
>> All eigenvalues are positive
>> Inverting Hessian...
>> Matrix inverted
>> Note: the following parameters were dropped to make the covariance matrix pos-def:
     - Background_fail_HIGH_bin_4-1
     - SVM
     - Background_fail_HIGH_bin_5-1

 --- FitDiagnostics ---
Best fit r: 5.82898e-12  -5.82898e-12/+10  (68% CL)
Done in 0.00 min (cpu), 0.00 min (real)
