 <<< Combine >>> 
 <<< v10.0.1 >>>
>>> Random number generator seed is 123456
>>> Method used is FitDiagnostics
Set Default Value of Parameter mask_pass_SIG To : 1
Set Default Value of Parameter mask_pass_HIGH To : 1
Set Default Value of Parameter r To : 1
>>> 2 out of 6 channels masked

>> Found 15 floating parameters
>> The following parameters are protected in the event of negative eigenvalues:
>> Verifying eigenvalues are all positive (iteration 0)
>> All eigenvalues are positive
>> Inverting Hessian...
>> Matrix inverted
 Fit B-only, status = 0, numBadNLL = 0, covariance quality = -1
Running Minos for POI r
>> Found 16 floating parameters
>> The following parameters are protected in the event of negative eigenvalues: r
>> Verifying eigenvalues are all positive (iteration 0)
Eigenvalue 14 : -5.82077e-11
 - -1	Background_fail_HIGH_bin_5-1
 - 1.1724e-08	r
 - -3.97573e-09	Background_fail_SIG_bin_2-1
 - -3.90556e-09	Background_fail_HIGH_bin_1-1
 - -2.94066e-09	Background_fail_HIGH_bin_2-1
Eigenvalue 15 : -0.000503084
 - 0.817607	r
 - -0.273889	Background_fail_SIG_bin_2-1
 - -0.272392	Background_fail_HIGH_bin_1-1
 - -0.204574	Background_fail_HIGH_bin_2-1
 - 0.17565	Background_rpf_expo_par0
>> Attempt 0 failed, remove the variable with largest eigenvector component...
>> Dropping Background_fail_SIG_bin_2-1 from the hessian
>> Verifying eigenvalues are all positive (iteration 1)
Eigenvalue 14 : -5.82077e-11
 - 1	Background_fail_HIGH_bin_5-1
 - 5.4109e-10	r
 - -2.74274e-10	Background_fail_HIGH_bin_4-1
 - -2.14219e-10	Background_fail_LOW_bin_4-1
 - -1.91028e-10	Background_fail_HIGH_bin_1-1
>> Attempt 1 failed, remove the variable with largest eigenvector component...
>> Dropping Background_fail_HIGH_bin_5-1 from the hessian
>> Verifying eigenvalues are all positive (iteration 2)
>> All eigenvalues are positive
>> Inverting Hessian...
>> Matrix inverted
>> Note: the following parameters were dropped to make the covariance matrix pos-def:
     - Background_fail_SIG_bin_2-1
     - Background_fail_HIGH_bin_5-1
Fit S+B, status = 0, numBadNLL = 0, covariance quality = -1

 --- FitDiagnostics ---
Best fit r: 1.95856e-10  -1.95856e-10/+50  (68% CL)
Done in 0.00 min (cpu), 0.00 min (real)
26 log messages saved to combine_logger.out
