 <<< Combine >>> 
 <<< v10.0.1 >>>
>>> Random number generator seed is 123456
>>> Method used is FitDiagnostics
Set Default Value of Parameter mask_pass_SIG To : 1
Set Default Value of Parameter mask_pass_HIGH To : 1
Set Default Value of Parameter r To : 1
>>> 2 out of 6 channels masked

>> Found 16 floating parameters
>> The following parameters are protected in the event of negative eigenvalues: r
>> Verifying eigenvalues are all positive (iteration 0)
Eigenvalue 15 : -0.00901542
 - 0.965179	r
 - -0.181573	Background_fail_HIGH_bin_4-1
 - -0.17034	SVM
 - -0.0728143	Background_fail_HIGH_bin_3-1
 - -0.0315801	Background_fail_HIGH_bin_2-1
>> Attempt 0 failed, remove the variable with largest eigenvector component...
>> Dropping Background_fail_HIGH_bin_4-1 from the hessian
>> Verifying eigenvalues are all positive (iteration 1)
Eigenvalue 13 : -5.55112e-17
 - -1	Background_fail_HIGH_bin_5-1
 - -4.40785e-10	r
 - -9.88048e-11	Background_fail_HIGH_bin_2-1
 - 8.13297e-11	SVM
 - 4.37245e-11	Background_fail_LOW_bin_2-1
Eigenvalue 14 : -0.00174257
 - -0.980166	r
 - 0.179276	SVM
 - 0.0766172	Background_fail_HIGH_bin_3-1
 - 0.0331965	Background_fail_HIGH_bin_2-1
 - 0.0113307	Background_fail_HIGH_bin_1-1
>> Attempt 1 failed, remove the variable with largest eigenvector component...
>> Dropping SVM from the hessian
>> Verifying eigenvalues are all positive (iteration 2)
>> All eigenvalues are positive
>> Inverting Hessian...
>> Matrix inverted
>> Note: the following parameters were dropped to make the covariance matrix pos-def:
     - Background_fail_HIGH_bin_4-1
     - SVM

 --- FitDiagnostics ---
Best fit r: 4.67845e-10  -4.67845e-10/+10  (68% CL)
Done in 0.00 min (cpu), 0.00 min (real)
