CascadeMinimizer.cc[188] : (in function: improveOnce) - Minimization configured with Type=Minuit2, Algo=Migrad, strategy=0, tolerance=0.1
CascadeMinimizer.cc[215] : (in function: improveOnce) - Minimization finished with status=0
CascadeMinimizer.cc[219] : (in function: improveOnce) - Minimization success! status=0
ToyMCSamplerOpt.cc[146] : (in function: generateAsimov) - Using internal logic for binned/unbinned Asimov dataset generation
ToyMCSamplerOpt.cc[214] : (in function: generateWithHisto) - Generating asimov with histogram for pdf pdf_binpass_LOW_obsOnly: in 4 x-bins
ToyMCSamplerOpt.cc[215] : (in function: generateWithHisto) -  , in 1 y-bins
ToyMCSamplerOpt.cc[146] : (in function: generateAsimov) - Using internal logic for binned/unbinned Asimov dataset generation
ToyMCSamplerOpt.cc[214] : (in function: generateWithHisto) - Generating asimov with histogram for pdf pdf_binpass_SIG_obsOnly: in 2 x-bins
ToyMCSamplerOpt.cc[215] : (in function: generateWithHisto) -  , in 1 y-bins
ToyMCSamplerOpt.cc[146] : (in function: generateAsimov) - Using internal logic for binned/unbinned Asimov dataset generation
ToyMCSamplerOpt.cc[214] : (in function: generateWithHisto) - Generating asimov with histogram for pdf pdf_binpass_HIGH_obsOnly: in 4 x-bins
ToyMCSamplerOpt.cc[215] : (in function: generateWithHisto) -  , in 1 y-bins
ToyMCSamplerOpt.cc[146] : (in function: generateAsimov) - Using internal logic for binned/unbinned Asimov dataset generation
ToyMCSamplerOpt.cc[214] : (in function: generateWithHisto) - Generating asimov with histogram for pdf pdf_binfail_LOW_obsOnly: in 4 x-bins
ToyMCSamplerOpt.cc[215] : (in function: generateWithHisto) -  , in 1 y-bins
ToyMCSamplerOpt.cc[146] : (in function: generateAsimov) - Using internal logic for binned/unbinned Asimov dataset generation
ToyMCSamplerOpt.cc[214] : (in function: generateWithHisto) - Generating asimov with histogram for pdf pdf_binfail_SIG_obsOnly: in 2 x-bins
ToyMCSamplerOpt.cc[215] : (in function: generateWithHisto) -  , in 1 y-bins
ToyMCSamplerOpt.cc[146] : (in function: generateAsimov) - Using internal logic for binned/unbinned Asimov dataset generation
ToyMCSamplerOpt.cc[214] : (in function: generateWithHisto) - Generating asimov with histogram for pdf pdf_binfail_HIGH_obsOnly: in 4 x-bins
ToyMCSamplerOpt.cc[215] : (in function: generateWithHisto) -  , in 1 y-bins
AsymptoticLimits.cc[415] : (in function: runLimitExpected) - [WARNING] Best fit of asimov dataset is at r = 0.116682 (0.005834 times rMax), while it should be at zero
AsymptoticLimits.cc[428] : (in function: runLimitExpected) - Median for expected limits = 40.875, Sigma for expected limits = 20.855
AsymptoticLimits.cc[191] : (in function: runLimit) - NLL at global minimum of data = -107886 (r=0.000341592)
AsymptoticLimits.cc[211] : (in function: runLimit) - NLL at global minimum of asimov = -107886 (r=0.0178597)
AsymptoticLimits.cc[337] : (in function: getCLs) - At r = 76.387692:	q_mu = 10.07530	q_A  = 9.24937	Pmu = 0.00074	1-Pb  = 0.44599	CLs  = 0.00167
AsymptoticLimits.cc[337] : (in function: getCLs) - At r = 38.194017:	q_mu = 4.02534	q_A  = 3.46979	Pmu = 0.02212	1-Pb  = 0.44073	CLs  = 0.05018
AsymptoticLimits.cc[337] : (in function: getCLs) - At r = 57.290854:	q_mu = 6.95828	q_A  = 6.25403	Pmu = 0.00413	1-Pb  = 0.44401	CLs  = 0.00929
AsymptoticLimits.cc[337] : (in function: getCLs) - At r = 47.742436:	q_mu = 5.46109	q_A  = 4.82682	Pmu = 0.00961	1-Pb  = 0.44261	CLs  = 0.02171
AsymptoticLimits.cc[337] : (in function: getCLs) - At r = 40.137105:	q_mu = 4.31141	q_A  = 3.73896	Pmu = 0.01869	1-Pb  = 0.44116	CLs  = 0.04236
AsymptoticLimits.cc[337] : (in function: getCLs) - At r = 38.616241:	q_mu = 4.08715	q_A  = 3.52795	Pmu = 0.02132	1-Pb  = 0.44083	CLs  = 0.04837
AsymptoticLimits.cc[337] : (in function: getCLs) - At r = 38.312131:	q_mu = 4.04257	q_A  = 3.48604	Pmu = 0.02189	1-Pb  = 0.44076	CLs  = 0.04967
AsymptoticLimits.cc[337] : (in function: getCLs) - At r = 38.251373:	q_mu = 4.03367	q_A  = 3.47768	Pmu = 0.02201	1-Pb  = 0.44075	CLs  = 0.04993
AsymptoticLimits.cc[337] : (in function: getCLs) - At r = 38.227851:	q_mu = 4.03023	q_A  = 3.47444	Pmu = 0.02205	1-Pb  = 0.44074	CLs  = 0.05004
AsymptoticLimits.cc[337] : (in function: getCLs) - At r = 38.239395:	q_mu = 4.03191	q_A  = 3.47603	Pmu = 0.02203	1-Pb  = 0.44075	CLs  = 0.04999
AsymptoticLimits.cc[337] : (in function: getCLs) - At r = 38.234706:	q_mu = 4.03123	q_A  = 3.47538	Pmu = 0.02204	1-Pb  = 0.44074	CLs  = 0.05001
AsymptoticLimits.cc[337] : (in function: getCLs) - At r = 38.237023:	q_mu = 4.03156	q_A  = 3.47570	Pmu = 0.02204	1-Pb  = 0.44075	CLs  = 0.05000
AsymptoticLimits.cc[337] : (in function: getCLs) - At r = 38.236094:	q_mu = 4.03143	q_A  = 3.47557	Pmu = 0.02204	1-Pb  = 0.44075	CLs  = 0.05000
AsymptoticLimits.cc[337] : (in function: getCLs) - At r = 38.236563:	q_mu = 4.03149	q_A  = 3.47564	Pmu = 0.02204	1-Pb  = 0.44075	CLs  = 0.05000
AsymptoticLimits.cc[337] : (in function: getCLs) - At r = 38.236382:	q_mu = 4.03147	q_A  = 3.47561	Pmu = 0.02204	1-Pb  = 0.44075	CLs  = 0.05000
AsymptoticLimits.cc[337] : (in function: getCLs) - At r = 38.236478:	q_mu = 4.03148	q_A  = 3.47562	Pmu = 0.02204	1-Pb  = 0.44075	CLs  = 0.05000
