 <<< Combine >>> 
 <<< v10.0.1 >>>
>>> Random number generator seed is 123456
>>> Method used is FitDiagnostics
Set Default Value of Parameter mask_pass_SIG To : 1
Set Default Value of Parameter mask_pass_HIGH To : 1
Set Default Value of Parameter r To : 1
>>> 2 out of 6 channels masked

>> Found 15 floating parameters
>> The following parameters are protected in the event of negative eigenvalues:
>> Verifying eigenvalues are all positive (iteration 0)
Eigenvalue 14 : -0.00174644
 - -0.793611	Background_fail_par1
 - 0.557269	Background_fail_par2
 - 0.244197	Background_fail_par0
 - 1.66291e-11	Background_fail_LOW_bin_3-1
 - 1.45074e-11	Background_fail_SIG_bin_1-1
>> Attempt 0 failed, remove the variable with largest eigenvector component...
>> Dropping Background_fail_par1 from the hessian
>> Verifying eigenvalues are all positive (iteration 1)
>> All eigenvalues are positive
>> Inverting Hessian...
>> Matrix inverted
>> Note: the following parameters were dropped to make the covariance matrix pos-def:
     - Background_fail_par1
 Fit B-only, status = 0, numBadNLL = 0, covariance quality = -1
Running Minos for POI r
>> Found 16 floating parameters
>> The following parameters are protected in the event of negative eigenvalues: r
>> Verifying eigenvalues are all positive (iteration 0)
Eigenvalue 14 : -0.00192037
 - 0.79856	Background_fail_par1
 - -0.537712	Background_fail_par2
 - -0.270313	Background_fail_par0
 - 0.00949518	r
 - -0.00288	SVM
Eigenvalue 15 : -0.0163347
 - -0.9619	r
 - 0.271425	SVM
 - 0.0252938	Background_fail_par0
 - -0.0188271	Background_fail_par2
 - 0.0083011	Background_fail_par1
>> Attempt 0 failed, remove the variable with largest eigenvector component...
>> Dropping SVM from the hessian
>> Verifying eigenvalues are all positive (iteration 1)
Eigenvalue 13 : -3.44196e-05
 - 0.938325	r
 - -0.285946	Background_fail_par0
 - 0.162671	Background_fail_par2
 - 0.106321	Background_fail_par1
 - -0.00346847	lumi
Eigenvalue 14 : -0.00193295
 - 0.794677	Background_fail_par1
 - -0.54409	Background_fail_par2
 - -0.258648	Background_fail_par0
 - -0.0745383	r
 - 0.000272809	lumi
>> Attempt 1 failed, remove the variable with largest eigenvector component...
>> Dropping Background_fail_par1 from the hessian
>> Verifying eigenvalues are all positive (iteration 2)
Eigenvalue 13 : -6.89013e-05
 - -0.931108	r
 - 0.265348	Background_fail_par0
 - -0.250226	Background_fail_par2
 - 0.00344117	lumi
 - 0.00171018	Background_fail_HIGH_bin_2-1
>> Attempt 2 failed, remove the variable with largest eigenvector component...
>> Dropping Background_fail_par0 from the hessian
>> Verifying eigenvalues are all positive (iteration 3)
>> All eigenvalues are positive
>> Inverting Hessian...
>> Matrix inverted
>> Note: the following parameters were dropped to make the covariance matrix pos-def:
     - SVM
     - Background_fail_par1
     - Background_fail_par0
Fit S+B, status = 0, numBadNLL = 0, covariance quality = -1

 --- FitDiagnostics ---
Best fit r: 2.05392e-06  -2.05392e-06/+50  (68% CL)
Done in 0.00 min (cpu), 0.00 min (real)
27 log messages saved to combine_logger.out
