 <<< Combine >>> 
 <<< v10.0.1 >>>
>>> Random number generator seed is 123456
>>> Method used is FitDiagnostics
Set Default Value of Parameter mask_pass_SIG To : 1
Set Default Value of Parameter mask_pass_HIGH To : 1
Set Default Value of Parameter r To : 1
>>> 2 out of 6 channels masked

>> Found 16 floating parameters
>> The following parameters are protected in the event of negative eigenvalues: r
>> Verifying eigenvalues are all positive (iteration 0)
Eigenvalue 14 : -5.82077e-11
 - -1	Background_fail_HIGH_bin_5-1
 - -2.19567e-08	r
 - 2.48681e-09	SVM
 - 1.45023e-09	Background_fail_HIGH_bin_4-1
 - 4.25016e-10	Background_fail_HIGH_bin_3-1
Eigenvalue 15 : -0.00243097
 - 0.992454	r
 - -0.105905	SVM
 - -0.0580255	Background_fail_HIGH_bin_4-1
 - -0.019414	Background_fail_HIGH_bin_3-1
 - -0.00725895	Background_fail_HIGH_bin_2-1
>> Attempt 0 failed, remove the variable with largest eigenvector component...
>> Dropping SVM from the hessian
>> Verifying eigenvalues are all positive (iteration 1)
Eigenvalue 13 : -5.82077e-11
 - 1	Background_fail_HIGH_bin_5-1
 - 2.42475e-07	r
 - -1.45007e-08	Background_fail_HIGH_bin_4-1
 - -4.79129e-09	Background_fail_HIGH_bin_3-1
 - -1.6953e-09	Background_fail_HIGH_bin_2-1
Eigenvalue 14 : -0.000232339
 - -0.998024	r
 - 0.058995	Background_fail_HIGH_bin_4-1
 - 0.0197379	Background_fail_HIGH_bin_3-1
 - 0.00737774	Background_fail_HIGH_bin_2-1
 - 0.00366357	lumi
>> Attempt 1 failed, remove the variable with largest eigenvector component...
>> Dropping Background_fail_HIGH_bin_4-1 from the hessian
>> Verifying eigenvalues are all positive (iteration 2)
Eigenvalue 13 : -5.82077e-11
 - 1	Background_fail_HIGH_bin_5-1
 - -1.25798e-07	r
 - 2.50053e-09	Background_fail_HIGH_bin_3-1
 - 1.03018e-09	Background_fail_HIGH_bin_2-1
 - 4.62341e-10	lumi
>> Attempt 2 failed, remove the variable with largest eigenvector component...
>> Dropping Background_fail_HIGH_bin_5-1 from the hessian
>> Verifying eigenvalues are all positive (iteration 3)
>> All eigenvalues are positive
>> Inverting Hessian...
>> Matrix inverted
>> Note: the following parameters were dropped to make the covariance matrix pos-def:
     - SVM
     - Background_fail_HIGH_bin_4-1
     - Background_fail_HIGH_bin_5-1

 --- FitDiagnostics ---
Best fit r: 7.66907e-12  -7.66907e-12/+10  (68% CL)
Done in 0.00 min (cpu), 0.00 min (real)
