 <<< Combine >>> 
 <<< v10.0.1 >>>
>>> Random number generator seed is 123456
>>> Method used is FitDiagnostics
Set Default Value of Parameter mask_pass_SIG To : 1
Set Default Value of Parameter mask_pass_HIGH To : 1
Set Default Value of Parameter r To : 1
>>> 2 out of 6 channels masked

>> Found 16 floating parameters
>> The following parameters are protected in the event of negative eigenvalues: r
>> Verifying eigenvalues are all positive (iteration 0)
Eigenvalue 15 : -5.82077e-11
 - 1	Background_fail_HIGH_bin_5-1
 - 3.52072e-09	r
 - -1.51538e-09	Background_fail_LOW_bin_4-1
 - -1.02859e-09	Background_fail_SIG_bin_1-1
 - 9.67289e-10	Background_rpf_expo_par0
>> Attempt 0 failed, remove the variable with largest eigenvector component...
>> Dropping Background_fail_HIGH_bin_5-1 from the hessian
>> Verifying eigenvalues are all positive (iteration 1)
>> All eigenvalues are positive
>> Inverting Hessian...
>> Matrix inverted
>> Note: the following parameters were dropped to make the covariance matrix pos-def:
     - Background_fail_HIGH_bin_5-1

 --- FitDiagnostics ---
Best fit r: 2.85813e-10  -2.85813e-10/+0.3125  (68% CL)
Done in 0.00 min (cpu), 0.00 min (real)
