 <<< Combine >>> 
 <<< v10.0.1 >>>
>>> Random number generator seed is 123456
>>> Method used is FitDiagnostics
Set Default Value of Parameter mask_pass_SIG To : 1
Set Default Value of Parameter mask_pass_HIGH To : 1
Set Default Value of Parameter r To : 1
>>> 2 out of 6 channels masked

>> Found 16 floating parameters
>> The following parameters are protected in the event of negative eigenvalues: r
>> Verifying eigenvalues are all positive (iteration 0)
Eigenvalue 14 : -5.82077e-11
 - 1	Background_fail_HIGH_bin_5-1
 - -5.81085e-08	r
 - 7.97371e-09	SVM
 - 4.34801e-09	Background_fail_HIGH_bin_4-1
 - 1.55187e-09	Background_fail_HIGH_bin_3-1
Eigenvalue 15 : -0.00391636
 - -0.988058	r
 - 0.133497	SVM
 - 0.0725053	Background_fail_HIGH_bin_4-1
 - 0.0236896	Background_fail_HIGH_bin_3-1
 - 0.00868248	Background_fail_HIGH_bin_2-1
>> Attempt 0 failed, remove the variable with largest eigenvector component...
>> Dropping SVM from the hessian
>> Verifying eigenvalues are all positive (iteration 1)
Eigenvalue 13 : -5.82075e-11
 - -1	Background_fail_HIGH_bin_5-1
 - 6.1929e-07	r
 - -4.63388e-08	Background_fail_HIGH_bin_4-1
 - -1.52709e-08	Background_fail_HIGH_bin_3-1
 - -5.54573e-09	Background_fail_HIGH_bin_2-1
Eigenvalue 14 : -0.000372628
 - 0.996874	r
 - -0.0744524	Background_fail_HIGH_bin_4-1
 - -0.0243248	Background_fail_HIGH_bin_3-1
 - -0.00891082	Background_fail_HIGH_bin_2-1
 - -0.00364227	lumi
>> Attempt 1 failed, remove the variable with largest eigenvector component...
>> Dropping Background_fail_HIGH_bin_4-1 from the hessian
>> Verifying eigenvalues are all positive (iteration 2)
Eigenvalue 13 : -5.82077e-11
 - 1	Background_fail_HIGH_bin_5-1
 - 3.14128e-07	r
 - -7.54806e-09	Background_fail_HIGH_bin_3-1
 - -2.81301e-09	Background_fail_HIGH_bin_2-1
 - -1.14996e-09	lumi
>> Attempt 2 failed, remove the variable with largest eigenvector component...
>> Dropping Background_fail_HIGH_bin_5-1 from the hessian
>> Verifying eigenvalues are all positive (iteration 3)
>> All eigenvalues are positive
>> Inverting Hessian...
>> Matrix inverted
>> Note: the following parameters were dropped to make the covariance matrix pos-def:
     - SVM
     - Background_fail_HIGH_bin_4-1
     - Background_fail_HIGH_bin_5-1

 --- FitDiagnostics ---
Best fit r: 6.5912e-12  -6.5912e-12/+10  (68% CL)
Done in 0.00 min (cpu), 0.00 min (real)
