 <<< Combine >>> 
 <<< v10.0.1 >>>
>>> Random number generator seed is 123456
>>> Method used is FitDiagnostics
Set Default Value of Parameter mask_pass_SIG To : 1
Set Default Value of Parameter mask_pass_HIGH To : 1
Set Default Value of Parameter r To : 1
>>> 2 out of 6 channels masked

>> Found 16 floating parameters
>> The following parameters are protected in the event of negative eigenvalues: r
>> Verifying eigenvalues are all positive (iteration 0)
Eigenvalue 14 : -5.55112e-17
 - 1	Background_fail_HIGH_bin_5-1
 - 3.60405e-09	r
 - -8.05349e-10	SVM
 - -6.441e-10	Background_fail_HIGH_bin_4-1
 - -1.58746e-10	Background_fail_HIGH_bin_3-1
Eigenvalue 15 : -0.0101234
 - -0.970189	r
 - 0.205905	SVM
 - 0.119983	Background_fail_HIGH_bin_4-1
 - 0.0406695	Background_fail_HIGH_bin_3-1
 - 0.0154364	Background_fail_HIGH_bin_2-1
>> Attempt 0 failed, remove the variable with largest eigenvector component...
>> Dropping SVM from the hessian
>> Verifying eigenvalues are all positive (iteration 1)
Eigenvalue 14 : -0.00120761
 - 0.990683	r
 - -0.127827	Background_fail_HIGH_bin_4-1
 - -0.0433736	Background_fail_HIGH_bin_3-1
 - -0.0164427	Background_fail_HIGH_bin_2-1
 - -0.00625754	Background_fail_HIGH_bin_1-1
>> Attempt 1 failed, remove the variable with largest eigenvector component...
>> Dropping Background_fail_HIGH_bin_4-1 from the hessian
>> Verifying eigenvalues are all positive (iteration 2)
Eigenvalue 13 : -5.55112e-17
 - 1	Background_fail_HIGH_bin_5-1
 - -1.96693e-08	r
 - 8.66364e-10	Background_fail_HIGH_bin_3-1
 - 3.13701e-10	Background_fail_HIGH_bin_2-1
 - 1.81036e-10	lumi
>> Attempt 2 failed, remove the variable with largest eigenvector component...
>> Dropping Background_fail_HIGH_bin_5-1 from the hessian
>> Verifying eigenvalues are all positive (iteration 3)
>> All eigenvalues are positive
>> Inverting Hessian...
>> Matrix inverted
>> Note: the following parameters were dropped to make the covariance matrix pos-def:
     - SVM
     - Background_fail_HIGH_bin_4-1
     - Background_fail_HIGH_bin_5-1

 --- FitDiagnostics ---
Best fit r: 1.35785e-10  -1.35785e-10/+10  (68% CL)
Done in 0.00 min (cpu), 0.00 min (real)
