 <<< Combine >>> 
 <<< v10.0.1 >>>
>>> Random number generator seed is 123456
>>> Method used is FitDiagnostics
Set Default Value of Parameter mask_pass_SIG To : 1
Set Default Value of Parameter mask_pass_HIGH To : 1
Set Default Value of Parameter r To : 1
>>> 2 out of 6 channels masked

>> Found 16 floating parameters
>> The following parameters are protected in the event of negative eigenvalues: r
>> Verifying eigenvalues are all positive (iteration 0)
Eigenvalue 15 : -0.00543491
 - -0.985834	r
 - 0.162208	SVM
 - 0.0401314	Background_fail_HIGH_bin_4-1
 - 0.0131944	Background_fail_HIGH_bin_3-1
 - 0.0043377	Background_fail_HIGH_bin_2-1
>> Attempt 0 failed, remove the variable with largest eigenvector component...
>> Dropping SVM from the hessian
>> Verifying eigenvalues are all positive (iteration 1)
Eigenvalue 14 : -0.000116057
 - 0.999015	r
 - -0.0417542	Background_fail_HIGH_bin_4-1
 - -0.0137271	Background_fail_HIGH_bin_3-1
 - -0.00450946	Background_fail_HIGH_bin_2-1
 - -0.00375026	lumi
>> Attempt 1 failed, remove the variable with largest eigenvector component...
>> Dropping Background_fail_HIGH_bin_4-1 from the hessian
>> Verifying eigenvalues are all positive (iteration 2)
Eigenvalue 13 : -1.11022e-16
 - 1	Background_fail_HIGH_bin_5-1
 - -7.53361e-07	r
 - 1.03577e-08	Background_fail_HIGH_bin_3-1
 - 3.36457e-09	Background_fail_HIGH_bin_2-1
 - 2.8298e-09	lumi
>> Attempt 2 failed, remove the variable with largest eigenvector component...
>> Dropping Background_fail_HIGH_bin_5-1 from the hessian
>> Verifying eigenvalues are all positive (iteration 3)
>> All eigenvalues are positive
>> Inverting Hessian...
>> Matrix inverted
>> Note: the following parameters were dropped to make the covariance matrix pos-def:
     - SVM
     - Background_fail_HIGH_bin_4-1
     - Background_fail_HIGH_bin_5-1

 --- FitDiagnostics ---
Best fit r: 3.76207e-12  -3.76207e-12/+10  (68% CL)
Done in 0.00 min (cpu), 0.00 min (real)
