 <<< Combine >>> 
 <<< v10.0.1 >>>
>>> Random number generator seed is 123456
>>> Method used is FitDiagnostics
Set Default Value of Parameter mask_pass_SIG To : 1
Set Default Value of Parameter mask_pass_HIGH To : 1
Set Default Value of Parameter r To : 1
>>> 2 out of 6 channels masked

>> Found 16 floating parameters
>> The following parameters are protected in the event of negative eigenvalues: r
>> Verifying eigenvalues are all positive (iteration 0)
Eigenvalue 14 : -5.82075e-11
 - -1	Background_fail_HIGH_bin_5-1
 - 6.15903e-08	r
 - -8.02207e-09	SVM
 - -4.07036e-09	Background_fail_HIGH_bin_4-1
 - -1.465e-09	Background_fail_HIGH_bin_3-1
Eigenvalue 15 : -0.00346749
 - 0.989562	r
 - -0.126596	SVM
 - -0.0646519	Background_fail_HIGH_bin_4-1
 - -0.0217021	Background_fail_HIGH_bin_3-1
 - -0.00813264	Background_fail_HIGH_bin_2-1
>> Attempt 0 failed, remove the variable with largest eigenvector component...
>> Dropping SVM from the hessian
>> Verifying eigenvalues are all positive (iteration 1)
Eigenvalue 13 : -5.82075e-11
 - -1	Background_fail_HIGH_bin_5-1
 - 7.3918e-07	r
 - -4.91112e-08	Background_fail_HIGH_bin_4-1
 - -1.65835e-08	Background_fail_HIGH_bin_3-1
 - -6.17256e-09	Background_fail_HIGH_bin_2-1
Eigenvalue 14 : -0.000293688
 - 0.997511	r
 - -0.066209	Background_fail_HIGH_bin_4-1
 - -0.022224	Background_fail_HIGH_bin_3-1
 - -0.00832447	Background_fail_HIGH_bin_2-1
 - -0.0036445	lumi
>> Attempt 1 failed, remove the variable with largest eigenvector component...
>> Dropping Background_fail_HIGH_bin_4-1 from the hessian
>> Verifying eigenvalues are all positive (iteration 2)
Eigenvalue 13 : -5.82077e-11
 - 1	Background_fail_HIGH_bin_5-1
 - 3.72944e-07	r
 - -8.23043e-09	Background_fail_HIGH_bin_3-1
 - -3.12165e-09	Background_fail_HIGH_bin_2-1
 - -1.32667e-09	lumi
>> Attempt 2 failed, remove the variable with largest eigenvector component...
>> Dropping Background_fail_HIGH_bin_5-1 from the hessian
>> Verifying eigenvalues are all positive (iteration 3)
>> All eigenvalues are positive
>> Inverting Hessian...
>> Matrix inverted
>> Note: the following parameters were dropped to make the covariance matrix pos-def:
     - SVM
     - Background_fail_HIGH_bin_4-1
     - Background_fail_HIGH_bin_5-1

 --- FitDiagnostics ---
Best fit r: 8.57475e-10  -8.57475e-10/+10  (68% CL)
Done in 0.00 min (cpu), 0.00 min (real)
