 <<< Combine >>> 
 <<< v10.0.1 >>>
>>> Random number generator seed is 123456
>>> Method used is FitDiagnostics
Set Default Value of Parameter mask_pass_SIG To : 1
Set Default Value of Parameter mask_pass_HIGH To : 1
Set Default Value of Parameter r To : 1
>>> 2 out of 6 channels masked

>> Found 16 floating parameters
>> The following parameters are protected in the event of negative eigenvalues: r
>> Verifying eigenvalues are all positive (iteration 0)
Eigenvalue 14 : -5.82077e-11
 - 1	Background_fail_HIGH_bin_5-1
 - -4.40407e-08	r
 - 5.72244e-09	Background_fail_HIGH_bin_4-1
 - 5.30689e-09	SVM
 - 2.09579e-09	Background_fail_HIGH_bin_3-1
Eigenvalue 15 : -0.00389084
 - -0.983694	r
 - 0.126922	Background_fail_HIGH_bin_4-1
 - 0.117006	SVM
 - 0.045703	Background_fail_HIGH_bin_3-1
 - 0.0192003	Background_fail_HIGH_bin_2-1
>> Attempt 0 failed, remove the variable with largest eigenvector component...
>> Dropping Background_fail_HIGH_bin_4-1 from the hessian
>> Verifying eigenvalues are all positive (iteration 1)
Eigenvalue 13 : -5.82076e-11
 - -1	Background_fail_HIGH_bin_5-1
 - 3.02465e-07	r
 - -3.667e-08	SVM
 - -1.43365e-08	Background_fail_HIGH_bin_3-1
 - -6.00084e-09	Background_fail_HIGH_bin_2-1
Eigenvalue 14 : -0.000569773
 - 0.991431	r
 - -0.119966	SVM
 - -0.0468271	Background_fail_HIGH_bin_3-1
 - -0.0196633	Background_fail_HIGH_bin_2-1
 - -0.0082232	Background_fail_HIGH_bin_1-1
>> Attempt 1 failed, remove the variable with largest eigenvector component...
>> Dropping SVM from the hessian
>> Verifying eigenvalues are all positive (iteration 2)
Eigenvalue 13 : -5.82077e-11
 - -1	Background_fail_HIGH_bin_5-1
 - -7.78979e-08	r
 - 3.68004e-09	Background_fail_HIGH_bin_3-1
 - 1.56393e-09	Background_fail_HIGH_bin_2-1
 - 6.20266e-10	Background_fail_HIGH_bin_1-1
>> Attempt 2 failed, remove the variable with largest eigenvector component...
>> Dropping Background_fail_HIGH_bin_5-1 from the hessian
>> Verifying eigenvalues are all positive (iteration 3)
>> All eigenvalues are positive
>> Inverting Hessian...
>> Matrix inverted
>> Note: the following parameters were dropped to make the covariance matrix pos-def:
     - Background_fail_HIGH_bin_4-1
     - SVM
     - Background_fail_HIGH_bin_5-1

 --- FitDiagnostics ---
Best fit r: 6.3946e-13  -6.3946e-13/+10  (68% CL)
Done in 0.00 min (cpu), 0.00 min (real)
