 <<< Combine >>> 
 <<< v10.0.1 >>>
>>> Random number generator seed is 123456
>>> Method used is FitDiagnostics
Set Default Value of Parameter mask_pass_SIG To : 1
Set Default Value of Parameter mask_pass_HIGH To : 1
Set Default Value of Parameter r To : 1
>>> 2 out of 6 channels masked

>> Found 16 floating parameters
>> The following parameters are protected in the event of negative eigenvalues: r
>> Verifying eigenvalues are all positive (iteration 0)
Eigenvalue 14 : -5.82077e-11
 - -1	Background_fail_HIGH_bin_5-1
 - 6.61806e-10	r
 - 1.55289e-10	Background_fail_LOW_bin_1-1
 - -1.40309e-10	Background_rpf_expo_par1
 - -8.95919e-11	Background_rpf_expo_par0
Eigenvalue 15 : -0.00971042
 - -0.973881	r
 - 0.208784	SVM
 - 0.0839263	Background_fail_HIGH_bin_4-1
 - 0.0282215	Background_fail_HIGH_bin_3-1
 - 0.0100145	Background_fail_HIGH_bin_2-1
>> Attempt 0 failed, remove the variable with largest eigenvector component...
>> Dropping SVM from the hessian
>> Verifying eigenvalues are all positive (iteration 1)
Eigenvalue 13 : -5.82076e-11
 - -1	Background_fail_HIGH_bin_5-1
 - 4.29708e-10	r
 - 1.55292e-10	Background_fail_LOW_bin_1-1
 - -1.40339e-10	Background_rpf_expo_par1
 - -8.96391e-11	Background_rpf_expo_par0
Eigenvalue 14 : -0.000547488
 - 0.995438	r
 - -0.0897229	Background_fail_HIGH_bin_4-1
 - -0.0301677	Background_fail_HIGH_bin_3-1
 - -0.0106916	Background_fail_HIGH_bin_2-1
 - -0.00376883	Background_fail_HIGH_bin_1-1
>> Attempt 1 failed, remove the variable with largest eigenvector component...
>> Dropping Background_fail_HIGH_bin_4-1 from the hessian
>> Verifying eigenvalues are all positive (iteration 2)
Eigenvalue 13 : -5.82077e-11
 - -1	Background_fail_HIGH_bin_5-1
 - -2.21242e-10	r
 - 1.55301e-10	Background_fail_LOW_bin_1-1
 - -1.40425e-10	Background_rpf_expo_par1
 - -8.97713e-11	Background_rpf_expo_par0
>> Attempt 2 failed, remove the variable with largest eigenvector component...
>> Dropping Background_fail_HIGH_bin_5-1 from the hessian
>> Verifying eigenvalues are all positive (iteration 3)
>> All eigenvalues are positive
>> Inverting Hessian...
>> Matrix inverted
>> Note: the following parameters were dropped to make the covariance matrix pos-def:
     - SVM
     - Background_fail_HIGH_bin_4-1
     - Background_fail_HIGH_bin_5-1

 --- FitDiagnostics ---
Best fit r: 1.78908e-11  -1.78908e-11/+10  (68% CL)
Done in 0.00 min (cpu), 0.00 min (real)
