 <<< Combine >>> 
 <<< v10.0.1 >>>
>>> Random number generator seed is 123456
>>> Method used is FitDiagnostics
Set Default Value of Parameter mask_pass_SIG To : 1
Set Default Value of Parameter mask_pass_HIGH To : 1
Set Default Value of Parameter r To : 1
>>> 2 out of 6 channels masked

>> Found 16 floating parameters
>> The following parameters are protected in the event of negative eigenvalues: r
>> Verifying eigenvalues are all positive (iteration 0)
Eigenvalue 15 : -0.00309107
 - -0.991551	r
 - 0.122932	SVM
 - 0.039279	Background_fail_HIGH_bin_4-1
 - 0.0118963	Background_fail_HIGH_bin_3-1
 - 0.00402989	Background_fail_HIGH_bin_2-1
>> Attempt 0 failed, remove the variable with largest eigenvector component...
>> Dropping SVM from the hessian
>> Verifying eigenvalues are all positive (iteration 1)
Eigenvalue 14 : -0.00010674
 - 0.999103	r
 - -0.0401714	Background_fail_HIGH_bin_4-1
 - -0.0121662	Background_fail_HIGH_bin_3-1
 - -0.00411955	Background_fail_HIGH_bin_2-1
 - -0.00349532	lumi
>> Attempt 1 failed, remove the variable with largest eigenvector component...
>> Dropping Background_fail_HIGH_bin_4-1 from the hessian
>> Verifying eigenvalues are all positive (iteration 2)
Eigenvalue 13 : -5.55112e-17
 - 1	Background_fail_HIGH_bin_5-1
 - 4.73676e-07	r
 - -5.81162e-09	Background_fail_HIGH_bin_3-1
 - -1.99206e-09	Background_fail_HIGH_bin_2-1
 - -1.50601e-09	lumi
>> Attempt 2 failed, remove the variable with largest eigenvector component...
>> Dropping Background_fail_HIGH_bin_5-1 from the hessian
>> Verifying eigenvalues are all positive (iteration 3)
>> All eigenvalues are positive
>> Inverting Hessian...
>> Matrix inverted
>> Note: the following parameters were dropped to make the covariance matrix pos-def:
     - SVM
     - Background_fail_HIGH_bin_4-1
     - Background_fail_HIGH_bin_5-1

 --- FitDiagnostics ---
Best fit r: 2.09588e-11  -2.09588e-11/+10  (68% CL)
Done in 0.00 min (cpu), 0.00 min (real)
