 <<< Combine >>> 
 <<< v10.0.1 >>>
>>> Random number generator seed is 123456
>>> Method used is FitDiagnostics
Set Default Value of Parameter mask_pass_SIG To : 1
Set Default Value of Parameter mask_pass_HIGH To : 1
Set Default Value of Parameter r To : 1
>>> 2 out of 6 channels masked

>> Found 16 floating parameters
>> The following parameters are protected in the event of negative eigenvalues: r
>> Verifying eigenvalues are all positive (iteration 0)
Eigenvalue 15 : -0.0037835
 - -0.988537	r
 - 0.131687	SVM
 - 0.0692039	Background_fail_HIGH_bin_4-1
 - 0.0238413	Background_fail_HIGH_bin_3-1
 - 0.00850872	Background_fail_HIGH_bin_2-1
>> Attempt 0 failed, remove the variable with largest eigenvector component...
>> Dropping SVM from the hessian
>> Verifying eigenvalues are all positive (iteration 1)
Eigenvalue 14 : -0.000339234
 - -0.997125	r
 - 0.0710112	Background_fail_HIGH_bin_4-1
 - 0.0244629	Background_fail_HIGH_bin_3-1
 - 0.00872633	Background_fail_HIGH_bin_2-1
 - 0.00367254	lumi
>> Attempt 1 failed, remove the variable with largest eigenvector component...
>> Dropping Background_fail_HIGH_bin_4-1 from the hessian
>> Verifying eigenvalues are all positive (iteration 2)
Eigenvalue 13 : -5.55112e-17
 - -1	Background_fail_HIGH_bin_5-1
 - 1.52674e-07	r
 - -3.85048e-09	Background_fail_HIGH_bin_3-1
 - -1.32365e-09	Background_fail_HIGH_bin_2-1
 - -7.15366e-10	lumi
>> Attempt 2 failed, remove the variable with largest eigenvector component...
>> Dropping Background_fail_HIGH_bin_5-1 from the hessian
>> Verifying eigenvalues are all positive (iteration 3)
>> All eigenvalues are positive
>> Inverting Hessian...
>> Matrix inverted
>> Note: the following parameters were dropped to make the covariance matrix pos-def:
     - SVM
     - Background_fail_HIGH_bin_4-1
     - Background_fail_HIGH_bin_5-1

 --- FitDiagnostics ---
Best fit r: 3.52992e-12  -3.52992e-12/+10  (68% CL)
Done in 0.00 min (cpu), 0.00 min (real)
