CascadeMinimizer.cc[188] : (in function: improveOnce) - Minimization configured with Type=Minuit2, Algo=Migrad, strategy=0, tolerance=0.1
CascadeMinimizer.cc[215] : (in function: improveOnce) - Minimization finished with status=0
CascadeMinimizer.cc[219] : (in function: improveOnce) - Minimization success! status=0
ToyMCSamplerOpt.cc[146] : (in function: generateAsimov) - Using internal logic for binned/unbinned Asimov dataset generation
ToyMCSamplerOpt.cc[214] : (in function: generateWithHisto) - Generating asimov with histogram for pdf pdf_binpass_LOW_obsOnly: in 4 x-bins
ToyMCSamplerOpt.cc[215] : (in function: generateWithHisto) -  , in 1 y-bins
ToyMCSamplerOpt.cc[146] : (in function: generateAsimov) - Using internal logic for binned/unbinned Asimov dataset generation
ToyMCSamplerOpt.cc[214] : (in function: generateWithHisto) - Generating asimov with histogram for pdf pdf_binpass_SIG_obsOnly: in 2 x-bins
ToyMCSamplerOpt.cc[215] : (in function: generateWithHisto) -  , in 1 y-bins
ToyMCSamplerOpt.cc[146] : (in function: generateAsimov) - Using internal logic for binned/unbinned Asimov dataset generation
ToyMCSamplerOpt.cc[214] : (in function: generateWithHisto) - Generating asimov with histogram for pdf pdf_binpass_HIGH_obsOnly: in 4 x-bins
ToyMCSamplerOpt.cc[215] : (in function: generateWithHisto) -  , in 1 y-bins
ToyMCSamplerOpt.cc[146] : (in function: generateAsimov) - Using internal logic for binned/unbinned Asimov dataset generation
ToyMCSamplerOpt.cc[214] : (in function: generateWithHisto) - Generating asimov with histogram for pdf pdf_binfail_LOW_obsOnly: in 4 x-bins
ToyMCSamplerOpt.cc[215] : (in function: generateWithHisto) -  , in 1 y-bins
ToyMCSamplerOpt.cc[146] : (in function: generateAsimov) - Using internal logic for binned/unbinned Asimov dataset generation
ToyMCSamplerOpt.cc[214] : (in function: generateWithHisto) - Generating asimov with histogram for pdf pdf_binfail_SIG_obsOnly: in 2 x-bins
ToyMCSamplerOpt.cc[215] : (in function: generateWithHisto) -  , in 1 y-bins
ToyMCSamplerOpt.cc[146] : (in function: generateAsimov) - Using internal logic for binned/unbinned Asimov dataset generation
ToyMCSamplerOpt.cc[214] : (in function: generateWithHisto) - Generating asimov with histogram for pdf pdf_binfail_HIGH_obsOnly: in 4 x-bins
ToyMCSamplerOpt.cc[215] : (in function: generateWithHisto) -  , in 1 y-bins
AsymptoticLimits.cc[428] : (in function: runLimitExpected) - Median for expected limits = 0.666016, Sigma for expected limits = 0.33981
AsymptoticLimits.cc[191] : (in function: runLimit) - NLL at global minimum of data = -107898 (r=8.05605e-07)
AsymptoticLimits.cc[211] : (in function: runLimit) - NLL at global minimum of asimov = -107898 (r=5.84921e-09)
AsymptoticLimits.cc[337] : (in function: getCLs) - At r = 1.200001:	q_mu = 9.91454	q_A  = 8.86193	Pmu = 0.00081	1-Pb  = 0.42983	CLs  = 0.00188
AsymptoticLimits.cc[337] : (in function: getCLs) - At r = 0.600001:	q_mu = 3.96289	q_A  = 3.27697	Pmu = 0.02277	1-Pb  = 0.42487	CLs  = 0.05359
AsymptoticLimits.cc[337] : (in function: getCLs) - At r = 0.900001:	q_mu = 6.83942	q_A  = 5.93900	Pmu = 0.00437	1-Pb  = 0.42672	CLs  = 0.01025
AsymptoticLimits.cc[337] : (in function: getCLs) - At r = 0.750001:	q_mu = 5.37054	q_A  = 4.57259	Pmu = 0.01004	1-Pb  = 0.42599	CLs  = 0.02356
AsymptoticLimits.cc[337] : (in function: getCLs) - At r = 0.640115:	q_mu = 4.33205	q_A  = 3.61507	Pmu = 0.01831	1-Pb  = 0.42522	CLs  = 0.04307
AsymptoticLimits.cc[337] : (in function: getCLs) - At r = 0.618196:	q_mu = 4.12960	q_A  = 3.42946	Pmu = 0.02063	1-Pb  = 0.42503	CLs  = 0.04854
AsymptoticLimits.cc[337] : (in function: getCLs) - At r = 0.610187:	q_mu = 4.05607	q_A  = 3.36215	Pmu = 0.02154	1-Pb  = 0.42496	CLs  = 0.05070
AsymptoticLimits.cc[337] : (in function: getCLs) - At r = 0.613829:	q_mu = 4.08947	q_A  = 3.39273	Pmu = 0.02112	1-Pb  = 0.42499	CLs  = 0.04970
AsymptoticLimits.cc[337] : (in function: getCLs) - At r = 0.612228:	q_mu = 4.07478	q_A  = 3.37928	Pmu = 0.02131	1-Pb  = 0.42498	CLs  = 0.05014
AsymptoticLimits.cc[337] : (in function: getCLs) - At r = 0.612957:	q_mu = 4.08146	q_A  = 3.38540	Pmu = 0.02122	1-Pb  = 0.42499	CLs  = 0.04994
AsymptoticLimits.cc[337] : (in function: getCLs) - At r = 0.612636:	q_mu = 4.07853	q_A  = 3.38271	Pmu = 0.02126	1-Pb  = 0.42498	CLs  = 0.05003
AsymptoticLimits.cc[337] : (in function: getCLs) - At r = 0.612782:	q_mu = 4.07986	q_A  = 3.38393	Pmu = 0.02124	1-Pb  = 0.42498	CLs  = 0.04999
AsymptoticLimits.cc[337] : (in function: getCLs) - At r = 0.612718:	q_mu = 4.07928	q_A  = 3.38339	Pmu = 0.02125	1-Pb  = 0.42498	CLs  = 0.05001
AsymptoticLimits.cc[337] : (in function: getCLs) - At r = 0.612747:	q_mu = 4.07954	q_A  = 3.38364	Pmu = 0.02125	1-Pb  = 0.42498	CLs  = 0.05000
AsymptoticLimits.cc[337] : (in function: getCLs) - At r = 0.612734:	q_mu = 4.07943	q_A  = 3.38353	Pmu = 0.02125	1-Pb  = 0.42498	CLs  = 0.05000
AsymptoticLimits.cc[337] : (in function: getCLs) - At r = 0.612740:	q_mu = 4.07948	q_A  = 3.38358	Pmu = 0.02125	1-Pb  = 0.42498	CLs  = 0.05000
AsymptoticLimits.cc[337] : (in function: getCLs) - At r = 0.612738:	q_mu = 4.07946	q_A  = 3.38356	Pmu = 0.02125	1-Pb  = 0.42498	CLs  = 0.05000
