 <<< Combine >>> 
 <<< v10.0.1 >>>
>>> Random number generator seed is 123456
>>> Method used is FitDiagnostics
Set Default Value of Parameter mask_pass_SIG To : 1
Set Default Value of Parameter mask_pass_HIGH To : 1
Set Default Value of Parameter r To : 1
>>> 2 out of 6 channels masked

>> Found 16 floating parameters
>> The following parameters are protected in the event of negative eigenvalues: r
>> Verifying eigenvalues are all positive (iteration 0)
Eigenvalue 14 : -5.82077e-11
 - -1	Background_fail_HIGH_bin_5-1
 - 5.25686e-08	r
 - -7.672e-09	SVM
 - -3.81932e-09	Background_fail_HIGH_bin_4-1
 - -1.12817e-09	Background_fail_HIGH_bin_3-1
Eigenvalue 15 : -0.00430947
 - 0.987306	r
 - -0.140917	SVM
 - -0.0697225	Background_fail_HIGH_bin_4-1
 - -0.0207404	Background_fail_HIGH_bin_3-1
 - -0.00733035	Background_fail_HIGH_bin_2-1
>> Attempt 0 failed, remove the variable with largest eigenvector component...
>> Dropping SVM from the hessian
>> Verifying eigenvalues are all positive (iteration 1)
Eigenvalue 13 : -5.82075e-11
 - 1	Background_fail_HIGH_bin_5-1
 - -6.70754e-07	r
 - 4.84203e-08	Background_fail_HIGH_bin_4-1
 - 1.4395e-08	Background_fail_HIGH_bin_3-1
 - 5.08457e-09	Background_fail_HIGH_bin_2-1
Eigenvalue 14 : -0.000344701
 - -0.997148	r
 - 0.071818	Background_fail_HIGH_bin_4-1
 - 0.0213628	Background_fail_HIGH_bin_3-1
 - 0.0075461	Background_fail_HIGH_bin_2-1
 - 0.00368763	lumi
>> Attempt 1 failed, remove the variable with largest eigenvector component...
>> Dropping Background_fail_HIGH_bin_4-1 from the hessian
>> Verifying eigenvalues are all positive (iteration 2)
Eigenvalue 13 : -5.82077e-11
 - 1	Background_fail_HIGH_bin_5-1
 - 3.37942e-07	r
 - -7.25255e-09	Background_fail_HIGH_bin_3-1
 - -2.56173e-09	Background_fail_HIGH_bin_2-1
 - -1.36606e-09	lumi
>> Attempt 2 failed, remove the variable with largest eigenvector component...
>> Dropping Background_fail_HIGH_bin_5-1 from the hessian
>> Verifying eigenvalues are all positive (iteration 3)
>> All eigenvalues are positive
>> Inverting Hessian...
>> Matrix inverted
>> Note: the following parameters were dropped to make the covariance matrix pos-def:
     - SVM
     - Background_fail_HIGH_bin_4-1
     - Background_fail_HIGH_bin_5-1

 --- FitDiagnostics ---
Best fit r: 1.22933e-11  -1.22933e-11/+10  (68% CL)
Done in 0.00 min (cpu), 0.00 min (real)
