 <<< Combine >>> 
 <<< v10.0.1 >>>
>>> Random number generator seed is 123456
>>> Method used is FitDiagnostics
Set Default Value of Parameter mask_pass_SIG To : 1
Set Default Value of Parameter mask_pass_HIGH To : 1
Set Default Value of Parameter r To : 1
>>> 2 out of 6 channels masked

>> Found 16 floating parameters
>> The following parameters are protected in the event of negative eigenvalues: r
>> Verifying eigenvalues are all positive (iteration 0)
Eigenvalue 14 : -5.82076e-11
 - 1	Background_fail_HIGH_bin_5-1
 - 9.768e-09	r
 - -1.63836e-09	SVM
 - -3.51817e-10	Background_fail_HIGH_bin_4-1
 - -1.5281e-10	Background_fail_SIG_bin_1-1
Eigenvalue 15 : -0.00626886
 - 0.984269	r
 - -0.174689	SVM
 - -0.0251143	Background_fail_HIGH_bin_4-1
 - -0.00693355	Background_fail_HIGH_bin_3-1
 - -0.00358705	lumi
>> Attempt 0 failed, remove the variable with largest eigenvector component...
>> Dropping SVM from the hessian
>> Verifying eigenvalues are all positive (iteration 1)
Eigenvalue 13 : -5.82077e-11
 - -1	Background_fail_HIGH_bin_5-1
 - -1.23687e-06	r
 - 3.26485e-08	Background_fail_HIGH_bin_4-1
 - 8.85548e-09	Background_fail_HIGH_bin_3-1
 - 4.69327e-09	lumi
Eigenvalue 14 : -4.6806e-05
 - -0.999617	r
 - 0.0263032	Background_fail_HIGH_bin_4-1
 - 0.00726127	Background_fail_HIGH_bin_3-1
 - 0.00376138	lumi
 - 0.00246861	Background_fail_HIGH_bin_2-1
>> Attempt 1 failed, remove the variable with largest eigenvector component...
>> Dropping Background_fail_HIGH_bin_4-1 from the hessian
>> Verifying eigenvalues are all positive (iteration 2)
Eigenvalue 13 : -5.82077e-11
 - -1	Background_fail_HIGH_bin_5-1
 - 6.42043e-07	r
 - -4.79624e-09	Background_fail_HIGH_bin_3-1
 - -2.37847e-09	lumi
 - -1.71818e-09	Background_fail_HIGH_bin_2-1
>> Attempt 2 failed, remove the variable with largest eigenvector component...
>> Dropping Background_fail_HIGH_bin_5-1 from the hessian
>> Verifying eigenvalues are all positive (iteration 3)
>> All eigenvalues are positive
>> Inverting Hessian...
>> Matrix inverted
>> Note: the following parameters were dropped to make the covariance matrix pos-def:
     - SVM
     - Background_fail_HIGH_bin_4-1
     - Background_fail_HIGH_bin_5-1

 --- FitDiagnostics ---
Best fit r: 4.30815e-10  -4.30815e-10/+10  (68% CL)
Done in 0.00 min (cpu), 0.00 min (real)
