CascadeMinimizer.cc[188] : (in function: improveOnce) - Minimization configured with Type=Minuit2, Algo=Migrad, strategy=0, tolerance=0.1
CascadeMinimizer.cc[215] : (in function: improveOnce) - Minimization finished with status=0
CascadeMinimizer.cc[219] : (in function: improveOnce) - Minimization success! status=0
ToyMCSamplerOpt.cc[146] : (in function: generateAsimov) - Using internal logic for binned/unbinned Asimov dataset generation
ToyMCSamplerOpt.cc[214] : (in function: generateWithHisto) - Generating asimov with histogram for pdf pdf_binpass_LOW_obsOnly: in 4 x-bins
ToyMCSamplerOpt.cc[215] : (in function: generateWithHisto) -  , in 1 y-bins
ToyMCSamplerOpt.cc[146] : (in function: generateAsimov) - Using internal logic for binned/unbinned Asimov dataset generation
ToyMCSamplerOpt.cc[214] : (in function: generateWithHisto) - Generating asimov with histogram for pdf pdf_binpass_SIG_obsOnly: in 6 x-bins
ToyMCSamplerOpt.cc[215] : (in function: generateWithHisto) -  , in 1 y-bins
ToyMCSamplerOpt.cc[146] : (in function: generateAsimov) - Using internal logic for binned/unbinned Asimov dataset generation
ToyMCSamplerOpt.cc[214] : (in function: generateWithHisto) - Generating asimov with histogram for pdf pdf_binpass_HIGH_obsOnly: in 2 x-bins
ToyMCSamplerOpt.cc[215] : (in function: generateWithHisto) -  , in 1 y-bins
ToyMCSamplerOpt.cc[146] : (in function: generateAsimov) - Using internal logic for binned/unbinned Asimov dataset generation
ToyMCSamplerOpt.cc[214] : (in function: generateWithHisto) - Generating asimov with histogram for pdf pdf_binfail_LOW_obsOnly: in 4 x-bins
ToyMCSamplerOpt.cc[215] : (in function: generateWithHisto) -  , in 1 y-bins
ToyMCSamplerOpt.cc[146] : (in function: generateAsimov) - Using internal logic for binned/unbinned Asimov dataset generation
ToyMCSamplerOpt.cc[214] : (in function: generateWithHisto) - Generating asimov with histogram for pdf pdf_binfail_SIG_obsOnly: in 6 x-bins
ToyMCSamplerOpt.cc[215] : (in function: generateWithHisto) -  , in 1 y-bins
ToyMCSamplerOpt.cc[146] : (in function: generateAsimov) - Using internal logic for binned/unbinned Asimov dataset generation
ToyMCSamplerOpt.cc[214] : (in function: generateWithHisto) - Generating asimov with histogram for pdf pdf_binfail_HIGH_obsOnly: in 2 x-bins
ToyMCSamplerOpt.cc[215] : (in function: generateWithHisto) -  , in 1 y-bins
AsymptoticLimits.cc[428] : (in function: runLimitExpected) - Median for expected limits = 0.000488281, Sigma for expected limits = 0.000249128
AsymptoticLimits.cc[191] : (in function: runLimit) - NLL at global minimum of data = -2.45105e+06 (r=2.59358e-06)
AsymptoticLimits.cc[211] : (in function: runLimit) - NLL at global minimum of asimov = -2.45108e+06 (r=1.17584e-06)
AsymptoticLimits.cc[337] : (in function: getCLs) - At r = 1.200003:	q_mu = 1898621.94413	q_A  = 1898227.69747	Pmu = 0.00000	1-Pb  = 0.44312	CLs  = 0.00000
AsymptoticLimits.cc[337] : (in function: getCLs) - At r = 0.600003:	q_mu = 851341.08359	q_A  = 851337.14029	Pmu = 0.00000	1-Pb  = 0.49915	CLs  = 0.00000
AsymptoticLimits.cc[337] : (in function: getCLs) - At r = 0.300003:	q_mu = 365921.01526	q_A  = 366299.98957	Pmu = 0.00000	1-Pb  = 0.62292	CLs  = 0.00000
AsymptoticLimits.cc[337] : (in function: getCLs) - At r = 0.150003:	q_mu = 154361.66924	q_A  = 154866.64571	Pmu = 0.00000	1-Pb  = 0.73960	CLs  = 0.00000
AsymptoticLimits.cc[337] : (in function: getCLs) - At r = 0.075003:	q_mu = 61711.12973	q_A  = 62139.41261	Pmu = 0.00000	1-Pb  = 0.80525	CLs  = 0.00000
AsymptoticLimits.cc[337] : (in function: getCLs) - At r = 0.037503:	q_mu = 24191.82902	q_A  = 24518.08014	Pmu = 0.00000	1-Pb  = 0.85205	CLs  = 0.00000
AsymptoticLimits.cc[337] : (in function: getCLs) - At r = 0.018753:	q_mu = 9421.72084	q_A  = 9646.94310	Pmu = 0.00000	1-Pb  = 0.87561	CLs  = 0.00000
AsymptoticLimits.cc[337] : (in function: getCLs) - At r = 0.009378:	q_mu = 3522.15964	q_A  = 3662.33558	Pmu = 0.00000	1-Pb  = 0.87889	CLs  = 0.00000
AsymptoticLimits.cc[337] : (in function: getCLs) - At r = 0.004690:	q_mu = 1226.81927	q_A  = 1309.96682	Pmu = 0.00000	1-Pb  = 0.87849	CLs  = 0.00000
AsymptoticLimits.cc[337] : (in function: getCLs) - At r = 0.002346:	q_mu = 404.13702	q_A  = 452.42387	Pmu = 0.00000	1-Pb  = 0.87841	CLs  = 0.00000
AsymptoticLimits.cc[337] : (in function: getCLs) - At r = 0.001174:	q_mu = 115.69400	q_A  = 143.44200	Pmu = 0.00000	1-Pb  = 0.88888	CLs  = 0.00000
AsymptoticLimits.cc[337] : (in function: getCLs) - At r = 0.000589:	q_mu = 26.64280	q_A  = 41.49360	Pmu = 0.00000	1-Pb  = 0.89971	CLs  = 0.00000
AsymptoticLimits.cc[337] : (in function: getCLs) - At r = 0.000296:	q_mu = 3.76404	q_A  = 11.36930	Pmu = 0.02618	1-Pb  = 0.92389	CLs  = 0.02834
