 <<< Combine >>> 
 <<< v10.0.1 >>>
>>> Random number generator seed is 123456
>>> Method used is FitDiagnostics
Set Default Value of Parameter mask_pass_SIG To : 1
Set Default Value of Parameter mask_pass_HIGH To : 1
Set Default Value of Parameter r To : 1
>>> 2 out of 6 channels masked

>> Found 16 floating parameters
>> The following parameters are protected in the event of negative eigenvalues: r
>> Verifying eigenvalues are all positive (iteration 0)
Eigenvalue 15 : -0.00298299
 - -0.991817	r
 - 0.120751	SVM
 - 0.0392957	Background_fail_HIGH_bin_4-1
 - 0.0117974	Background_fail_HIGH_bin_3-1
 - 0.00437517	Background_fail_HIGH_bin_2-1
>> Attempt 0 failed, remove the variable with largest eigenvector component...
>> Dropping SVM from the hessian
>> Verifying eigenvalues are all positive (iteration 1)
Eigenvalue 14 : -0.000106771
 - -0.999103	r
 - 0.0401562	Background_fail_HIGH_bin_4-1
 - 0.0120553	Background_fail_HIGH_bin_3-1
 - 0.00446899	Background_fail_HIGH_bin_2-1
 - 0.00359438	lumi
>> Attempt 1 failed, remove the variable with largest eigenvector component...
>> Dropping Background_fail_HIGH_bin_4-1 from the hessian
>> Verifying eigenvalues are all positive (iteration 2)
Eigenvalue 13 : -5.55112e-17
 - 1	Background_fail_HIGH_bin_5-1
 - 2.70653e-07	r
 - -3.24438e-09	Background_fail_HIGH_bin_3-1
 - -1.1782e-09	Background_fail_HIGH_bin_2-1
 - -9.74248e-10	lumi
>> Attempt 2 failed, remove the variable with largest eigenvector component...
>> Dropping Background_fail_HIGH_bin_5-1 from the hessian
>> Verifying eigenvalues are all positive (iteration 3)
>> All eigenvalues are positive
>> Inverting Hessian...
>> Matrix inverted
>> Note: the following parameters were dropped to make the covariance matrix pos-def:
     - SVM
     - Background_fail_HIGH_bin_4-1
     - Background_fail_HIGH_bin_5-1

 --- FitDiagnostics ---
Best fit r: 1.68353e-10  -1.68353e-10/+10  (68% CL)
Done in 0.00 min (cpu), 0.00 min (real)
