 <<< Combine >>> 
 <<< v10.0.1 >>>
>>> Random number generator seed is 123456
>>> Method used is FitDiagnostics
Set Default Value of Parameter mask_pass_SIG To : 1
Set Default Value of Parameter mask_pass_HIGH To : 1
Set Default Value of Parameter r To : 1
>>> 2 out of 6 channels masked

>> Found 16 floating parameters
>> The following parameters are protected in the event of negative eigenvalues: r
>> Verifying eigenvalues are all positive (iteration 0)
Eigenvalue 14 : -5.82077e-11
 - -1	Background_fail_HIGH_bin_5-1
 - -6.36587e-09	r
 - 1.20492e-09	SVM
 - 1.04127e-09	Background_fail_HIGH_bin_4-1
 - 6.67323e-10	Background_fail_HIGH_bin_3-1
Eigenvalue 15 : -0.00869166
 - 0.967095	r
 - -0.175099	SVM
 - -0.166377	Background_fail_HIGH_bin_4-1
 - -0.0735466	Background_fail_HIGH_bin_3-1
 - -0.0286748	Background_fail_HIGH_bin_2-1
>> Attempt 0 failed, remove the variable with largest eigenvector component...
>> Dropping SVM from the hessian
>> Verifying eigenvalues are all positive (iteration 1)
Eigenvalue 13 : -5.82076e-11
 - -1	Background_fail_HIGH_bin_5-1
 - -2.40941e-08	r
 - 4.22081e-09	Background_fail_HIGH_bin_4-1
 - 2.07428e-09	Background_fail_HIGH_bin_3-1
 - 7.64201e-10	Background_fail_HIGH_bin_2-1
Eigenvalue 14 : -0.00236957
 - 0.981197	r
 - -0.173961	Background_fail_HIGH_bin_4-1
 - -0.0769561	Background_fail_HIGH_bin_3-1
 - -0.0299782	Background_fail_HIGH_bin_2-1
 - -0.0117284	Background_fail_HIGH_bin_1-1
>> Attempt 1 failed, remove the variable with largest eigenvector component...
>> Dropping Background_fail_HIGH_bin_4-1 from the hessian
>> Verifying eigenvalues are all positive (iteration 2)
Eigenvalue 13 : -5.82077e-11
 - -1	Background_fail_HIGH_bin_5-1
 - 1.35185e-08	r
 - -9.10751e-10	Background_fail_HIGH_bin_3-1
 - -3.98224e-10	Background_fail_HIGH_bin_2-1
 - 2.90528e-10	Background_rpf_expo_par0
>> Attempt 2 failed, remove the variable with largest eigenvector component...
>> Dropping Background_fail_HIGH_bin_5-1 from the hessian
>> Verifying eigenvalues are all positive (iteration 3)
>> All eigenvalues are positive
>> Inverting Hessian...
>> Matrix inverted
>> Note: the following parameters were dropped to make the covariance matrix pos-def:
     - SVM
     - Background_fail_HIGH_bin_4-1
     - Background_fail_HIGH_bin_5-1

 --- FitDiagnostics ---
Best fit r: 3.09751e-10  -3.09751e-10/+10  (68% CL)
Done in 0.00 min (cpu), 0.00 min (real)
