 <<< Combine >>> 
 <<< v10.0.1 >>>
>>> Random number generator seed is 123456
>>> Method used is FitDiagnostics
Set Default Value of Parameter mask_pass_SIG To : 1
Set Default Value of Parameter mask_pass_HIGH To : 1
Set Default Value of Parameter r To : 1
>>> 2 out of 6 channels masked

>> Found 16 floating parameters
>> The following parameters are protected in the event of negative eigenvalues: r
>> Verifying eigenvalues are all positive (iteration 0)
Eigenvalue 15 : -0.002618
 - 0.993117	r
 - -0.114577	SVM
 - -0.022729	Background_fail_HIGH_bin_4-1
 - -0.00739747	Background_fail_HIGH_bin_3-1
 - -0.0036258	lumi
>> Attempt 0 failed, remove the variable with largest eigenvector component...
>> Dropping SVM from the hessian
>> Verifying eigenvalues are all positive (iteration 1)
Eigenvalue 14 : -3.70061e-05
 - -0.999693	r
 - 0.0231762	Background_fail_HIGH_bin_4-1
 - 0.00754278	Background_fail_HIGH_bin_3-1
 - 0.00369902	lumi
 - 0.00231364	Background_fail_HIGH_bin_2-1
>> Attempt 1 failed, remove the variable with largest eigenvector component...
>> Dropping Background_fail_HIGH_bin_4-1 from the hessian
>> Verifying eigenvalues are all positive (iteration 2)
Eigenvalue 13 : -4.01155e-17
 - -1	Background_fail_HIGH_bin_5-1
 - -8.33928e-07	r
 - 6.33376e-09	Background_fail_HIGH_bin_3-1
 - 3.2003e-09	lumi
 - 1.93035e-09	Background_fail_HIGH_bin_2-1
>> Attempt 2 failed, remove the variable with largest eigenvector component...
>> Dropping Background_fail_HIGH_bin_5-1 from the hessian
>> Verifying eigenvalues are all positive (iteration 3)
>> All eigenvalues are positive
>> Inverting Hessian...
>> Matrix inverted
>> Note: the following parameters were dropped to make the covariance matrix pos-def:
     - SVM
     - Background_fail_HIGH_bin_4-1
     - Background_fail_HIGH_bin_5-1

 --- FitDiagnostics ---
Best fit r: 1.0787e-10  -1.0787e-10/+10  (68% CL)
Done in 0.00 min (cpu), 0.00 min (real)
