 <<< Combine >>> 
 <<< v10.0.1 >>>
>>> Random number generator seed is 123456
>>> Method used is FitDiagnostics
Set Default Value of Parameter mask_pass_SIG To : 1
Set Default Value of Parameter mask_pass_HIGH To : 1
Set Default Value of Parameter r To : 1
>>> 2 out of 6 channels masked

>> Found 16 floating parameters
>> The following parameters are protected in the event of negative eigenvalues: r
>> Verifying eigenvalues are all positive (iteration 0)
Eigenvalue 15 : -0.00248641
 - 0.993093	r
 - -0.110292	SVM
 - -0.0379567	Background_fail_HIGH_bin_4-1
 - -0.011422	Background_fail_HIGH_bin_3-1
 - -0.00401746	Background_fail_HIGH_bin_2-1
>> Attempt 0 failed, remove the variable with largest eigenvector component...
>> Dropping SVM from the hessian
>> Verifying eigenvalues are all positive (iteration 1)
Eigenvalue 14 : -9.88561e-05
 - 0.999169	r
 - -0.0386469	Background_fail_HIGH_bin_4-1
 - -0.0116294	Background_fail_HIGH_bin_3-1
 - -0.004089	Background_fail_HIGH_bin_2-1
 - -0.00352068	lumi
>> Attempt 1 failed, remove the variable with largest eigenvector component...
>> Dropping Background_fail_HIGH_bin_4-1 from the hessian
>> Verifying eigenvalues are all positive (iteration 2)
Eigenvalue 13 : -1.66533e-16
 - 1	Background_fail_HIGH_bin_5-1
 - 6.57696e-07	r
 - -7.68184e-09	Background_fail_HIGH_bin_3-1
 - -2.55571e-09	Background_fail_HIGH_bin_2-1
 - -2.31866e-09	lumi
>> Attempt 2 failed, remove the variable with largest eigenvector component...
>> Dropping Background_fail_HIGH_bin_5-1 from the hessian
>> Verifying eigenvalues are all positive (iteration 3)
>> All eigenvalues are positive
>> Inverting Hessian...
>> Matrix inverted
>> Note: the following parameters were dropped to make the covariance matrix pos-def:
     - SVM
     - Background_fail_HIGH_bin_4-1
     - Background_fail_HIGH_bin_5-1

 --- FitDiagnostics ---
Best fit r: 2.70825e-11  -2.70825e-11/+10  (68% CL)
Done in 0.00 min (cpu), 0.00 min (real)
