 <<< Combine >>> 
 <<< v10.0.1 >>>
>>> Random number generator seed is 123456
>>> Method used is FitDiagnostics
Set Default Value of Parameter mask_pass_SIG To : 1
Set Default Value of Parameter mask_pass_HIGH To : 1
Set Default Value of Parameter r To : 1
>>> 2 out of 6 channels masked

>> Found 16 floating parameters
>> The following parameters are protected in the event of negative eigenvalues: r
>> Verifying eigenvalues are all positive (iteration 0)
Eigenvalue 15 : -0.00374915
 - 0.985779	r
 - -0.121301	SVM
 - -0.107149	Background_fail_HIGH_bin_4-1
 - -0.0416274	Background_fail_HIGH_bin_3-1
 - -0.0157198	Background_fail_HIGH_bin_2-1
>> Attempt 0 failed, remove the variable with largest eigenvector component...
>> Dropping SVM from the hessian
>> Verifying eigenvalues are all positive (iteration 1)
Eigenvalue 14 : -0.000835347
 - 0.992912	r
 - -0.109498	Background_fail_HIGH_bin_4-1
 - -0.0425385	Background_fail_HIGH_bin_3-1
 - -0.0160572	Background_fail_HIGH_bin_2-1
 - -0.00681352	Background_fail_HIGH_bin_1-1
>> Attempt 1 failed, remove the variable with largest eigenvector component...
>> Dropping Background_fail_HIGH_bin_4-1 from the hessian
>> Verifying eigenvalues are all positive (iteration 2)
>> All eigenvalues are positive
>> Inverting Hessian...
>> Matrix inverted
>> Note: the following parameters were dropped to make the covariance matrix pos-def:
     - SVM
     - Background_fail_HIGH_bin_4-1

 --- FitDiagnostics ---
Best fit r: 2.66744e-12  -2.66744e-12/+10  (68% CL)
Done in 0.00 min (cpu), 0.00 min (real)
