 <<< Combine >>> 
 <<< v10.0.1 >>>
>>> Random number generator seed is 123456
>>> Method used is FitDiagnostics
Set Default Value of Parameter mask_pass_SIG To : 1
Set Default Value of Parameter mask_pass_HIGH To : 1
Set Default Value of Parameter r To : 1
>>> 2 out of 6 channels masked

>> Found 16 floating parameters
>> The following parameters are protected in the event of negative eigenvalues: r
>> Verifying eigenvalues are all positive (iteration 0)
Eigenvalue 15 : -0.00320368
 - 0.990339	r
 - -0.121752	SVM
 - -0.0629175	Background_fail_HIGH_bin_4-1
 - -0.0192923	Background_fail_HIGH_bin_3-1
 - -0.00727456	Background_fail_HIGH_bin_2-1
>> Attempt 0 failed, remove the variable with largest eigenvector component...
>> Dropping SVM from the hessian
>> Verifying eigenvalues are all positive (iteration 1)
Eigenvalue 14 : -0.000275646
 - 0.997696	r
 - -0.0643162	Background_fail_HIGH_bin_4-1
 - -0.0197205	Background_fail_HIGH_bin_3-1
 - -0.00743293	Background_fail_HIGH_bin_2-1
 - -0.00365498	lumi
>> Attempt 1 failed, remove the variable with largest eigenvector component...
>> Dropping Background_fail_HIGH_bin_4-1 from the hessian
>> Verifying eigenvalues are all positive (iteration 2)
Eigenvalue 13 : -5.55112e-17
 - -1	Background_fail_HIGH_bin_5-1
 - -2.63788e-08	r
 - 5.22125e-10	Background_fail_HIGH_bin_3-1
 - 1.96788e-10	Background_fail_HIGH_bin_2-1
 - 1.07715e-10	Background_fail_HIGH_bin_1-1
>> Attempt 2 failed, remove the variable with largest eigenvector component...
>> Dropping Background_fail_HIGH_bin_5-1 from the hessian
>> Verifying eigenvalues are all positive (iteration 3)
>> All eigenvalues are positive
>> Inverting Hessian...
>> Matrix inverted
>> Note: the following parameters were dropped to make the covariance matrix pos-def:
     - SVM
     - Background_fail_HIGH_bin_4-1
     - Background_fail_HIGH_bin_5-1

 --- FitDiagnostics ---
Best fit r: 2.70893e-12  -2.70893e-12/+5  (68% CL)
Done in 0.00 min (cpu), 0.00 min (real)
