 <<< Combine >>> 
 <<< v10.0.1 >>>
>>> Random number generator seed is 123456
>>> Method used is FitDiagnostics
Set Default Value of Parameter mask_pass_SIG To : 1
Set Default Value of Parameter mask_pass_HIGH To : 1
Set Default Value of Parameter r To : 1
>>> 2 out of 6 channels masked

>> Found 16 floating parameters
>> The following parameters are protected in the event of negative eigenvalues: r
>> Verifying eigenvalues are all positive (iteration 0)
Eigenvalue 14 : -5.82076e-11
 - 1	Background_fail_HIGH_bin_5-1
 - -1.00109e-07	r
 - 1.05449e-08	SVM
 - 3.54282e-09	Background_fail_HIGH_bin_4-1
 - 9.22328e-10	Background_fail_HIGH_bin_3-1
Eigenvalue 15 : -0.00213418
 - 0.994067	r
 - -0.102435	SVM
 - -0.0345453	Background_fail_HIGH_bin_4-1
 - -0.0106544	Background_fail_HIGH_bin_3-1
 - -0.00403114	Background_fail_HIGH_bin_2-1
>> Attempt 0 failed, remove the variable with largest eigenvector component...
>> Dropping SVM from the hessian
>> Verifying eigenvalues are all positive (iteration 1)
Eigenvalue 13 : -5.82071e-11
 - -1	Background_fail_HIGH_bin_5-1
 - 2.66535e-06	r
 - -9.36446e-08	Background_fail_HIGH_bin_4-1
 - -2.87107e-08	Background_fail_HIGH_bin_3-1
 - -1.0769e-08	Background_fail_HIGH_bin_2-1
Eigenvalue 14 : -8.18689e-05
 - -0.99931	r
 - 0.0350855	Background_fail_HIGH_bin_4-1
 - 0.0108208	Background_fail_HIGH_bin_3-1
 - 0.00409288	Background_fail_HIGH_bin_2-1
 - 0.00359697	lumi
>> Attempt 1 failed, remove the variable with largest eigenvector component...
>> Dropping Background_fail_HIGH_bin_4-1 from the hessian
>> Verifying eigenvalues are all positive (iteration 2)
Eigenvalue 13 : -5.82079e-11
 - -1	Background_fail_HIGH_bin_5-1
 - -1.33733e-06	r
 - 1.4649e-08	Background_fail_HIGH_bin_3-1
 - 5.63132e-09	Background_fail_HIGH_bin_2-1
 - 4.7777e-09	lumi
>> Attempt 2 failed, remove the variable with largest eigenvector component...
>> Dropping Background_fail_HIGH_bin_5-1 from the hessian
>> Verifying eigenvalues are all positive (iteration 3)
>> All eigenvalues are positive
>> Inverting Hessian...
>> Matrix inverted
>> Note: the following parameters were dropped to make the covariance matrix pos-def:
     - SVM
     - Background_fail_HIGH_bin_4-1
     - Background_fail_HIGH_bin_5-1

 --- FitDiagnostics ---
Best fit r: 9.80336e-13  -9.80336e-13/+10  (68% CL)
Done in 0.00 min (cpu), 0.00 min (real)
