 <<< Combine >>> 
 <<< v10.0.1 >>>
>>> Random number generator seed is 123456
>>> Method used is FitDiagnostics
Set Default Value of Parameter mask_pass_SIG To : 1
Set Default Value of Parameter mask_pass_HIGH To : 1
Set Default Value of Parameter r To : 1
>>> 2 out of 6 channels masked

>> Found 16 floating parameters
>> The following parameters are protected in the event of negative eigenvalues: r
>> Verifying eigenvalues are all positive (iteration 0)
Eigenvalue 14 : -5.82077e-11
 - -1	Background_fail_HIGH_bin_5-1
 - 2.01305e-08	r
 - -2.23702e-09	Background_fail_HIGH_bin_4-1
 - -1.99724e-09	SVM
 - -8.64839e-10	Background_fail_HIGH_bin_3-1
Eigenvalue 15 : -0.0029516
 - 0.987637	r
 - -0.109414	Background_fail_HIGH_bin_4-1
 - -0.102009	SVM
 - -0.0421841	Background_fail_HIGH_bin_3-1
 - -0.0180007	Background_fail_HIGH_bin_2-1
>> Attempt 0 failed, remove the variable with largest eigenvector component...
>> Dropping Background_fail_HIGH_bin_4-1 from the hessian
>> Verifying eigenvalues are all positive (iteration 1)
Eigenvalue 13 : -5.82077e-11
 - -1	Background_fail_HIGH_bin_5-1
 - 1.35938e-07	r
 - -1.4143e-08	SVM
 - -5.88442e-09	Background_fail_HIGH_bin_3-1
 - -2.60752e-09	Background_fail_HIGH_bin_2-1
Eigenvalue 14 : -0.000438165
 - 0.993437	r
 - -0.103952	SVM
 - -0.0429652	Background_fail_HIGH_bin_3-1
 - -0.0183275	Background_fail_HIGH_bin_2-1
 - -0.00828695	Background_fail_HIGH_bin_1-1
>> Attempt 1 failed, remove the variable with largest eigenvector component...
>> Dropping SVM from the hessian
>> Verifying eigenvalues are all positive (iteration 2)
Eigenvalue 13 : -5.82076e-11
 - -1	Background_fail_HIGH_bin_5-1
 - -3.49445e-08	r
 - 1.52234e-09	Background_fail_HIGH_bin_3-1
 - 5.51757e-10	Background_fail_HIGH_bin_2-1
 - 2.94716e-10	Background_fail_HIGH_bin_1-1
>> Attempt 2 failed, remove the variable with largest eigenvector component...
>> Dropping Background_fail_HIGH_bin_5-1 from the hessian
>> Verifying eigenvalues are all positive (iteration 3)
>> All eigenvalues are positive
>> Inverting Hessian...
>> Matrix inverted
>> Note: the following parameters were dropped to make the covariance matrix pos-def:
     - Background_fail_HIGH_bin_4-1
     - SVM
     - Background_fail_HIGH_bin_5-1

 --- FitDiagnostics ---
Best fit r: 4.62334e-11  -4.62334e-11/+10  (68% CL)
Done in 0.00 min (cpu), 0.00 min (real)
