CascadeMinimizer.cc[188] : (in function: improveOnce) - Minimization configured with Type=Minuit2, Algo=Migrad, strategy=0, tolerance=0.1
CascadeMinimizer.cc[215] : (in function: improveOnce) - Minimization finished with status=0
CascadeMinimizer.cc[219] : (in function: improveOnce) - Minimization success! status=0
ToyMCSamplerOpt.cc[146] : (in function: generateAsimov) - Using internal logic for binned/unbinned Asimov dataset generation
ToyMCSamplerOpt.cc[214] : (in function: generateWithHisto) - Generating asimov with histogram for pdf pdf_binpass_LOW_obsOnly: in 4 x-bins
ToyMCSamplerOpt.cc[215] : (in function: generateWithHisto) -  , in 1 y-bins
ToyMCSamplerOpt.cc[146] : (in function: generateAsimov) - Using internal logic for binned/unbinned Asimov dataset generation
ToyMCSamplerOpt.cc[214] : (in function: generateWithHisto) - Generating asimov with histogram for pdf pdf_binpass_SIG_obsOnly: in 2 x-bins
ToyMCSamplerOpt.cc[215] : (in function: generateWithHisto) -  , in 1 y-bins
ToyMCSamplerOpt.cc[146] : (in function: generateAsimov) - Using internal logic for binned/unbinned Asimov dataset generation
ToyMCSamplerOpt.cc[214] : (in function: generateWithHisto) - Generating asimov with histogram for pdf pdf_binpass_HIGH_obsOnly: in 5 x-bins
ToyMCSamplerOpt.cc[215] : (in function: generateWithHisto) -  , in 1 y-bins
ToyMCSamplerOpt.cc[146] : (in function: generateAsimov) - Using internal logic for binned/unbinned Asimov dataset generation
ToyMCSamplerOpt.cc[214] : (in function: generateWithHisto) - Generating asimov with histogram for pdf pdf_binfail_LOW_obsOnly: in 4 x-bins
ToyMCSamplerOpt.cc[215] : (in function: generateWithHisto) -  , in 1 y-bins
ToyMCSamplerOpt.cc[146] : (in function: generateAsimov) - Using internal logic for binned/unbinned Asimov dataset generation
ToyMCSamplerOpt.cc[214] : (in function: generateWithHisto) - Generating asimov with histogram for pdf pdf_binfail_SIG_obsOnly: in 2 x-bins
ToyMCSamplerOpt.cc[215] : (in function: generateWithHisto) -  , in 1 y-bins
ToyMCSamplerOpt.cc[146] : (in function: generateAsimov) - Using internal logic for binned/unbinned Asimov dataset generation
ToyMCSamplerOpt.cc[214] : (in function: generateWithHisto) - Generating asimov with histogram for pdf pdf_binfail_HIGH_obsOnly: in 5 x-bins
ToyMCSamplerOpt.cc[215] : (in function: generateWithHisto) -  , in 1 y-bins
AsymptoticLimits.cc[428] : (in function: runLimitExpected) - Median for expected limits = 0.000118256, Sigma for expected limits = 6.03356e-05
AsymptoticLimits.cc[191] : (in function: runLimit) - NLL at global minimum of data = -1.80993e+07 (r=4.62662e-09)
AsymptoticLimits.cc[211] : (in function: runLimit) - NLL at global minimum of asimov = -1.80993e+07 (r=1.00734e-06)
AsymptoticLimits.cc[337] : (in function: getCLs) - At r = 1.200000:	q_mu = 15878730.42564	q_A  = 15878775.64579	Pmu = 0.00000	1-Pb  = 0.50226	CLs  = 0.00000
AsymptoticLimits.cc[337] : (in function: getCLs) - At r = 0.600000:	q_mu = 6825090.12246	q_A  = 7066516.47325	Pmu = 0.00000	1-Pb  = 1.00000	CLs  = 0.00000
AsymptoticLimits.cc[337] : (in function: getCLs) - At r = 0.300000:	q_mu = 2859273.49809	q_A  = 2859286.12110	Pmu = 0.00000	1-Pb  = 0.50149	CLs  = 0.00000
AsymptoticLimits.cc[337] : (in function: getCLs) - At r = 0.150000:	q_mu = 1156919.95281	q_A  = 1092692.73554	Pmu = 0.00000	1-Pb  = 0.00000	CLs  = 0.00000
AsymptoticLimits.cc[337] : (in function: getCLs) - At r = 0.075000:	q_mu = 562723.94434	q_A  = 376580.14288	Pmu = 0.00000	1-Pb  = 0.00000	CLs  = 0.00000
AsymptoticLimits.cc[337] : (in function: getCLs) - At r = 0.037500:	q_mu = 384295.33179	q_A  = 110514.72868	Pmu = 0.00000	1-Pb  = 0.00000	CLs  = 0.00000
AsymptoticLimits.cc[337] : (in function: getCLs) - At r = 0.018750:	q_mu = 320148.82842	q_A  = 27127.91588	Pmu = 0.00000	1-Pb  = 0.00000	CLs  = 0.00000
AsymptoticLimits.cc[337] : (in function: getCLs) - At r = 0.009375:	q_mu = 267792.69350	q_A  = 5308.60173	Pmu = 0.00000	1-Pb  = 0.00000	CLs  = 0.00000
AsymptoticLimits.cc[337] : (in function: getCLs) - At r = 0.004688:	q_mu = 224298.45872	q_A  = 722.08065	Pmu = 0.00000	1-Pb  = 0.00000	CLs  = 0.00000
AsymptoticLimits.cc[337] : (in function: getCLs) - At r = 0.002344:	q_mu = 243856.41943	q_A  = 104.68091	Pmu = 0.00000	1-Pb  = 0.00000	CLs  = 0.00000
AsymptoticLimits.cc[337] : (in function: getCLs) - At r = 0.001172:	q_mu = 366991.66682	q_A  = 42.05043	Pmu = 0.00000	1-Pb  = 0.00000	CLs  = 0.00000
AsymptoticLimits.cc[337] : (in function: getCLs) - At r = 0.000586:	q_mu = 551343.70892	q_A  = 26.73424	Pmu = 0.00000	1-Pb  = 0.00000	CLs  = 0.00000
AsymptoticLimits.cc[337] : (in function: getCLs) - At r = 0.000293:	q_mu = 766303.08884	q_A  = 14.28443	Pmu = 0.00000	1-Pb  = 0.00000	CLs  = 0.00000
AsymptoticLimits.cc[337] : (in function: getCLs) - At r = 0.000146:	q_mu = 996564.01874	q_A  = 5.36744	Pmu = 0.00000	1-Pb  = 0.00000	CLs  = 0.00000
AsymptoticLimits.cc[337] : (in function: getCLs) - At r = 0.000073:	q_mu = 1234471.48594	q_A  = 1.57784	Pmu = 0.00000	1-Pb  = 0.00000	CLs  = 0.00000
AsymptoticLimits.cc[337] : (in function: getCLs) - At r = 0.000037:	q_mu = 1476193.74714	q_A  = 0.41391	Pmu = 0.00000	1-Pb  = 0.00000	CLs  = 0.00000
AsymptoticLimits.cc[337] : (in function: getCLs) - At r = 0.000018:	q_mu = 1719806.45883	q_A  = 0.52150	Pmu = 0.00000	1-Pb  = 0.00000	CLs  = 0.00000
AsymptoticLimits.cc[337] : (in function: getCLs) - At r = 0.000009:	q_mu = 1964330.51417	q_A  = 0.96726	Pmu = 0.00000	1-Pb  = 0.00000	CLs  = 0.00000
AsymptoticLimits.cc[337] : (in function: getCLs) - At r = 0.000005:	q_mu = 2209242.52345	q_A  = 0.01333	Pmu = 0.00000	1-Pb  = 0.00000	CLs  = 0.00000
