 <<< Combine >>> 
 <<< v10.0.1 >>>
>>> Random number generator seed is 123456
>>> Method used is FitDiagnostics
Set Default Value of Parameter mask_pass_SIG To : 1
Set Default Value of Parameter mask_pass_HIGH To : 1
Set Default Value of Parameter r To : 1
>>> 2 out of 6 channels masked

>> Found 16 floating parameters
>> The following parameters are protected in the event of negative eigenvalues: r
>> Verifying eigenvalues are all positive (iteration 0)
Eigenvalue 15 : -0.00195864
 - 0.993621	r
 - -0.094097	SVM
 - -0.0581019	Background_fail_HIGH_bin_4-1
 - -0.0198728	Background_fail_HIGH_bin_3-1
 - -0.00826331	Background_fail_HIGH_bin_2-1
>> Attempt 0 failed, remove the variable with largest eigenvector component...
>> Dropping SVM from the hessian
>> Verifying eigenvalues are all positive (iteration 1)
Eigenvalue 13 : -5.55112e-17
 - 1	Background_fail_HIGH_bin_5-1
 - -1.92503e-07	r
 - 1.13171e-08	Background_fail_HIGH_bin_4-1
 - 3.84742e-09	Background_fail_HIGH_bin_3-1
 - 1.517e-09	Background_fail_HIGH_bin_2-1
Eigenvalue 14 : -0.000231308
 - 0.998015	r
 - -0.0588649	Background_fail_HIGH_bin_4-1
 - -0.0201334	Background_fail_HIGH_bin_3-1
 - -0.00836957	Background_fail_HIGH_bin_2-1
 - -0.00342896	lumi
>> Attempt 1 failed, remove the variable with largest eigenvector component...
>> Dropping Background_fail_HIGH_bin_4-1 from the hessian
>> Verifying eigenvalues are all positive (iteration 2)
>> All eigenvalues are positive
>> Inverting Hessian...
>> Matrix inverted
>> Note: the following parameters were dropped to make the covariance matrix pos-def:
     - SVM
     - Background_fail_HIGH_bin_4-1

 --- FitDiagnostics ---
Best fit r: 2.34406e-11  -2.34406e-11/+10  (68% CL)
Done in 0.00 min (cpu), 0.00 min (real)
