 <<< Combine >>> 
 <<< v10.0.1 >>>
>>> Random number generator seed is 123456
>>> Method used is FitDiagnostics
Set Default Value of Parameter mask_pass_SIG To : 1
Set Default Value of Parameter mask_pass_HIGH To : 1
Set Default Value of Parameter r To : 1
>>> 2 out of 6 channels masked

>> Found 16 floating parameters
>> The following parameters are protected in the event of negative eigenvalues: r
>> Verifying eigenvalues are all positive (iteration 0)
Eigenvalue 14 : -5.82077e-11
 - 1	Background_fail_HIGH_bin_5-1
 - 5.61335e-09	r
 - -1.65399e-09	Background_fail_HIGH_bin_4-1
 - -7.50048e-10	Background_fail_HIGH_bin_3-1
 - -7.17224e-10	SVM
Eigenvalue 15 : -0.00770052
 - -0.953606	r
 - 0.240722	Background_fail_HIGH_bin_4-1
 - 0.121424	Background_fail_HIGH_bin_3-1
 - 0.117164	SVM
 - 0.0589103	Background_fail_HIGH_bin_2-1
>> Attempt 0 failed, remove the variable with largest eigenvector component...
>> Dropping Background_fail_HIGH_bin_4-1 from the hessian
>> Verifying eigenvalues are all positive (iteration 1)
Eigenvalue 14 : -5.82077e-11
 - 1	Background_fail_HIGH_bin_5-1
 - -1.05373e-08	r
 - 1.38582e-09	Background_fail_HIGH_bin_3-1
 - 1.34642e-09	SVM
 - 6.55791e-10	Background_fail_HIGH_bin_2-1
>> Attempt 1 failed, remove the variable with largest eigenvector component...
>> Dropping Background_fail_HIGH_bin_5-1 from the hessian
>> Verifying eigenvalues are all positive (iteration 2)
>> All eigenvalues are positive
>> Inverting Hessian...
>> Matrix inverted
>> Note: the following parameters were dropped to make the covariance matrix pos-def:
     - Background_fail_HIGH_bin_4-1
     - Background_fail_HIGH_bin_5-1

 --- FitDiagnostics ---
Best fit r: 5.26108e-09  -5.26108e-09/+10  (68% CL)
Done in 0.00 min (cpu), 0.00 min (real)
