 <<< Combine >>> 
 <<< v10.0.1 >>>
>>> Random number generator seed is 123456
>>> Method used is FitDiagnostics
Set Default Value of Parameter mask_pass_SIG To : 1
Set Default Value of Parameter mask_pass_HIGH To : 1
Set Default Value of Parameter r To : 1
>>> 2 out of 6 channels masked

>> Found 16 floating parameters
>> The following parameters are protected in the event of negative eigenvalues: r
>> Verifying eigenvalues are all positive (iteration 0)
Eigenvalue 14 : -5.82077e-11
 - -1	Background_fail_HIGH_bin_5-1
 - -4.31109e-09	r
 - 4.83526e-10	Background_fail_HIGH_bin_4-1
 - 4.29413e-10	SVM
 - -1.51898e-10	Background_fail_LOW_bin_1-1
Eigenvalue 15 : -0.00331438
 - 0.989695	r
 - -0.122637	SVM
 - -0.069781	Background_fail_HIGH_bin_4-1
 - -0.0223658	Background_fail_HIGH_bin_3-1
 - -0.00834429	Background_fail_HIGH_bin_2-1
>> Attempt 0 failed, remove the variable with largest eigenvector component...
>> Dropping SVM from the hessian
>> Verifying eigenvalues are all positive (iteration 1)
Eigenvalue 13 : -5.82076e-11
 - 1	Background_fail_HIGH_bin_5-1
 - 3.4489e-08	r
 - -2.64674e-09	Background_fail_HIGH_bin_4-1
 - -8.32886e-10	Background_fail_HIGH_bin_3-1
 - -3.15043e-10	Background_fail_HIGH_bin_2-1
Eigenvalue 14 : -0.000341368
 - -0.997139	r
 - 0.0713544	Background_fail_HIGH_bin_4-1
 - 0.0228693	Background_fail_HIGH_bin_3-1
 - 0.00852854	Background_fail_HIGH_bin_2-1
 - 0.00369717	lumi
>> Attempt 1 failed, remove the variable with largest eigenvector component...
>> Dropping Background_fail_HIGH_bin_4-1 from the hessian
>> Verifying eigenvalues are all positive (iteration 2)
Eigenvalue 13 : -5.82077e-11
 - -1	Background_fail_HIGH_bin_5-1
 - 2.10986e-08	r
 - -4.44192e-10	Background_fail_HIGH_bin_3-1
 - -1.7455e-10	Background_fail_HIGH_bin_1-1
 - -1.61188e-10	Background_fail_HIGH_bin_2-1
>> Attempt 2 failed, remove the variable with largest eigenvector component...
>> Dropping Background_fail_HIGH_bin_5-1 from the hessian
>> Verifying eigenvalues are all positive (iteration 3)
>> All eigenvalues are positive
>> Inverting Hessian...
>> Matrix inverted
>> Note: the following parameters were dropped to make the covariance matrix pos-def:
     - SVM
     - Background_fail_HIGH_bin_4-1
     - Background_fail_HIGH_bin_5-1

 --- FitDiagnostics ---
Best fit r: 1.29895e-12  -1.29895e-12/+10  (68% CL)
Done in 0.00 min (cpu), 0.00 min (real)
