 <<< Combine >>> 
 <<< v10.0.1 >>>
>>> Random number generator seed is 123456
>>> Method used is FitDiagnostics
Set Default Value of Parameter mask_pass_SIG To : 1
Set Default Value of Parameter mask_pass_HIGH To : 1
Set Default Value of Parameter r To : 1
>>> 2 out of 6 channels masked

>> Found 16 floating parameters
>> The following parameters are protected in the event of negative eigenvalues: r
>> Verifying eigenvalues are all positive (iteration 0)
Eigenvalue 15 : -0.010597
 - -0.974022	r
 - 0.221786	SVM
 - 0.043923	Background_fail_HIGH_bin_4-1
 - 0.0117101	Background_fail_HIGH_bin_3-1
 - 0.00378335	Background_fail_HIGH_bin_2-1
>> Attempt 0 failed, remove the variable with largest eigenvector component...
>> Dropping SVM from the hessian
>> Verifying eigenvalues are all positive (iteration 1)
Eigenvalue 13 : -5.55112e-17
 - 1	Background_fail_HIGH_bin_5-1
 - 1.85034e-09	r
 - -8.78831e-11	Background_fail_HIGH_bin_4-1
 - 7.50596e-11	Background_fail_HIGH_bin_3-1
 - 4.39681e-11	Background_fail_LOW_bin_2-1
Eigenvalue 14 : -0.000147862
 - 0.99878	r
 - -0.0474026	Background_fail_HIGH_bin_4-1
 - -0.0126363	Background_fail_HIGH_bin_3-1
 - -0.00407674	Background_fail_HIGH_bin_2-1
 - -0.00351669	lumi
>> Attempt 1 failed, remove the variable with largest eigenvector component...
>> Dropping Background_fail_HIGH_bin_4-1 from the hessian
>> Verifying eigenvalues are all positive (iteration 2)
>> All eigenvalues are positive
>> Inverting Hessian...
>> Matrix inverted
>> Note: the following parameters were dropped to make the covariance matrix pos-def:
     - SVM
     - Background_fail_HIGH_bin_4-1

 --- FitDiagnostics ---
Best fit r: 8.70042e-12  -8.70042e-12/+10  (68% CL)
Done in 0.00 min (cpu), 0.00 min (real)
