 <<< Combine >>> 
 <<< v10.0.1 >>>
>>> Random number generator seed is 123456
>>> Method used is FitDiagnostics
Set Default Value of Parameter mask_pass_SIG To : 1
Set Default Value of Parameter mask_pass_HIGH To : 1
Set Default Value of Parameter r To : 1
>>> 2 out of 6 channels masked

>> Found 16 floating parameters
>> The following parameters are protected in the event of negative eigenvalues: r
>> Verifying eigenvalues are all positive (iteration 0)
Eigenvalue 14 : -5.82077e-11
 - 1	Background_fail_HIGH_bin_5-1
 - 4.61589e-09	r
 - -1.17908e-09	SVM
 - -4.35704e-10	Background_fail_HIGH_bin_4-1
 - -2.07064e-10	Background_fail_LOW_bin_1-1
Eigenvalue 15 : -0.0111912
 - 0.972626	r
 - -0.227155	SVM
 - -0.0468041	Background_fail_HIGH_bin_4-1
 - -0.0134284	Background_fail_HIGH_bin_3-1
 - -0.00385489	Background_fail_HIGH_bin_2-1
>> Attempt 0 failed, remove the variable with largest eigenvector component...
>> Dropping SVM from the hessian
>> Verifying eigenvalues are all positive (iteration 1)
Eigenvalue 13 : -5.82077e-11
 - 1	Background_fail_HIGH_bin_5-1
 - 3.3169e-07	r
 - -1.706e-08	Background_fail_HIGH_bin_4-1
 - -4.74556e-09	Background_fail_HIGH_bin_3-1
 - -1.38624e-09	Background_fail_HIGH_bin_2-1
Eigenvalue 14 : -0.000170091
 - 0.998591	r
 - -0.0507125	Background_fail_HIGH_bin_4-1
 - -0.014548	Background_fail_HIGH_bin_3-1
 - -0.00417	Background_fail_HIGH_bin_2-1
 - -0.00373712	lumi
>> Attempt 1 failed, remove the variable with largest eigenvector component...
>> Dropping Background_fail_HIGH_bin_4-1 from the hessian
>> Verifying eigenvalues are all positive (iteration 2)
Eigenvalue 13 : -5.82076e-11
 - 1	Background_fail_HIGH_bin_5-1
 - -1.70606e-07	r
 - 2.57838e-09	Background_fail_HIGH_bin_3-1
 - 7.91095e-10	lumi
 - 7.13021e-10	Background_fail_HIGH_bin_2-1
>> Attempt 2 failed, remove the variable with largest eigenvector component...
>> Dropping Background_fail_HIGH_bin_5-1 from the hessian
>> Verifying eigenvalues are all positive (iteration 3)
>> All eigenvalues are positive
>> Inverting Hessian...
>> Matrix inverted
>> Note: the following parameters were dropped to make the covariance matrix pos-def:
     - SVM
     - Background_fail_HIGH_bin_4-1
     - Background_fail_HIGH_bin_5-1

 --- FitDiagnostics ---
Best fit r: 1.45533e-10  -1.45533e-10/+10  (68% CL)
Done in 0.00 min (cpu), 0.00 min (real)
