 <<< Combine >>> 
 <<< v10.0.1 >>>
>>> Random number generator seed is 123456
>>> Method used is FitDiagnostics
Set Default Value of Parameter mask_pass_SIG To : 1
Set Default Value of Parameter mask_pass_HIGH To : 1
Set Default Value of Parameter r To : 1
>>> 2 out of 6 channels masked

>> Found 16 floating parameters
>> The following parameters are protected in the event of negative eigenvalues: r
>> Verifying eigenvalues are all positive (iteration 0)
Eigenvalue 14 : -5.82077e-11
 - -1	Background_fail_HIGH_bin_5-1
 - -2.45556e-09	r
 - 9.06408e-10	Background_fail_HIGH_bin_1-1
 - 8.57401e-10	Background_fail_HIGH_bin_4-1
 - 8.50105e-10	Background_fail_HIGH_bin_3-1
Eigenvalue 15 : -0.00653737
 - 0.826311	r
 - -0.292763	Background_fail_HIGH_bin_1-1
 - -0.248025	Background_fail_HIGH_bin_2-1
 - -0.226098	Background_fail_SIG_bin_2-1
 - -0.224179	Background_fail_HIGH_bin_3-1
>> Attempt 0 failed, remove the variable with largest eigenvector component...
>> Dropping Background_fail_HIGH_bin_1-1 from the hessian
>> Verifying eigenvalues are all positive (iteration 1)
Eigenvalue 14 : -5.82077e-11
 - 1	Background_fail_HIGH_bin_5-1
 - -1.43928e-09	r
 - 4.31089e-10	Background_fail_HIGH_bin_2-1
 - 3.99079e-10	Background_fail_SIG_bin_2-1
 - 2.53321e-10	Background_fail_LOW_bin_4-1
>> Attempt 1 failed, remove the variable with largest eigenvector component...
>> Dropping Background_fail_HIGH_bin_5-1 from the hessian
>> Verifying eigenvalues are all positive (iteration 2)
>> All eigenvalues are positive
>> Inverting Hessian...
>> Matrix inverted
>> Note: the following parameters were dropped to make the covariance matrix pos-def:
     - Background_fail_HIGH_bin_1-1
     - Background_fail_HIGH_bin_5-1

 --- FitDiagnostics ---
Best fit r: 2.90974e-09  -2.90974e-09/+10  (68% CL)
Done in 0.00 min (cpu), 0.00 min (real)
