 <<< Combine >>> 
 <<< v10.0.1 >>>
>>> Random number generator seed is 123456
>>> Method used is FitDiagnostics
Set Default Value of Parameter mask_pass_SIG To : 1
Set Default Value of Parameter mask_pass_HIGH To : 1
Set Default Value of Parameter r To : 1
>>> 2 out of 6 channels masked

>> Found 16 floating parameters
>> The following parameters are protected in the event of negative eigenvalues: r
>> Verifying eigenvalues are all positive (iteration 0)
Eigenvalue 15 : -0.00768467
 - -0.968873	r
 - 0.171636	Background_fail_HIGH_bin_4-1
 - 0.161573	SVM
 - 0.0693928	Background_fail_HIGH_bin_3-1
 - 0.02751	Background_fail_HIGH_bin_2-1
>> Attempt 0 failed, remove the variable with largest eigenvector component...
>> Dropping Background_fail_HIGH_bin_4-1 from the hessian
>> Verifying eigenvalues are all positive (iteration 1)
Eigenvalue 13 : -5.55112e-17
 - 1	Background_fail_HIGH_bin_5-1
 - -1.13847e-10	lumi
 - -5.65332e-11	r
 - -3.79441e-11	Background_fail_SIG_bin_1-1
 - 9.8062e-12	SVM
Eigenvalue 14 : -0.00141741
 - -0.982412	r
 - 0.169156	SVM
 - 0.0725576	Background_fail_HIGH_bin_3-1
 - 0.0287397	Background_fail_HIGH_bin_2-1
 - 0.0115353	Background_fail_HIGH_bin_1-1
>> Attempt 1 failed, remove the variable with largest eigenvector component...
>> Dropping SVM from the hessian
>> Verifying eigenvalues are all positive (iteration 2)
>> All eigenvalues are positive
>> Inverting Hessian...
>> Matrix inverted
>> Note: the following parameters were dropped to make the covariance matrix pos-def:
     - Background_fail_HIGH_bin_4-1
     - SVM

 --- FitDiagnostics ---
Best fit r: 1.03855e-12  -1.03855e-12/+10  (68% CL)
Done in 0.00 min (cpu), 0.00 min (real)
