 <<< Combine >>> 
 <<< v10.0.1 >>>
>>> Random number generator seed is 123456
>>> Method used is FitDiagnostics
Set Default Value of Parameter mask_pass_SIG To : 1
Set Default Value of Parameter mask_pass_HIGH To : 1
Set Default Value of Parameter r To : 1
>>> 2 out of 6 channels masked

>> Found 16 floating parameters
>> The following parameters are protected in the event of negative eigenvalues: r
>> Verifying eigenvalues are all positive (iteration 0)
Eigenvalue 14 : -5.82077e-11
 - -1	Background_fail_HIGH_bin_5-1
 - 8.7583e-08	r
 - -9.76237e-09	SVM
 - -5.27109e-09	Background_fail_HIGH_bin_4-1
 - -1.6761e-09	Background_fail_HIGH_bin_3-1
Eigenvalue 15 : -0.00264953
 - -0.991877	r
 - 0.110748	SVM
 - 0.0589107	Background_fail_HIGH_bin_4-1
 - 0.0190772	Background_fail_HIGH_bin_3-1
 - 0.00761882	Background_fail_HIGH_bin_2-1
>> Attempt 0 failed, remove the variable with largest eigenvector component...
>> Dropping SVM from the hessian
>> Verifying eigenvalues are all positive (iteration 1)
Eigenvalue 13 : -5.82075e-11
 - 1	Background_fail_HIGH_bin_5-1
 - -9.65399e-07	r
 - 5.81015e-08	Background_fail_HIGH_bin_4-1
 - 1.87838e-08	Background_fail_HIGH_bin_3-1
 - 7.64335e-09	Background_fail_HIGH_bin_2-1
Eigenvalue 14 : -0.000239986
 - 0.997968	r
 - -0.0599893	Background_fail_HIGH_bin_4-1
 - -0.019426	Background_fail_HIGH_bin_3-1
 - -0.00775543	Background_fail_HIGH_bin_2-1
 - -0.00367357	lumi
>> Attempt 1 failed, remove the variable with largest eigenvector component...
>> Dropping Background_fail_HIGH_bin_4-1 from the hessian
>> Verifying eigenvalues are all positive (iteration 2)
Eigenvalue 13 : -5.82078e-11
 - 1	Background_fail_HIGH_bin_5-1
 - 4.84788e-07	r
 - -9.47881e-09	Background_fail_HIGH_bin_3-1
 - -3.63954e-09	Background_fail_HIGH_bin_2-1
 - -1.63471e-09	lumi
>> Attempt 2 failed, remove the variable with largest eigenvector component...
>> Dropping Background_fail_HIGH_bin_5-1 from the hessian
>> Verifying eigenvalues are all positive (iteration 3)
>> All eigenvalues are positive
>> Inverting Hessian...
>> Matrix inverted
>> Note: the following parameters were dropped to make the covariance matrix pos-def:
     - SVM
     - Background_fail_HIGH_bin_4-1
     - Background_fail_HIGH_bin_5-1

 --- FitDiagnostics ---
Best fit r: 2.16298e-10  -2.16298e-10/+10  (68% CL)
Done in 0.00 min (cpu), 0.00 min (real)
