 <<< Combine >>> 
 <<< v10.0.1 >>>
>>> Random number generator seed is 123456
>>> Method used is FitDiagnostics
Set Default Value of Parameter mask_pass_SIG To : 1
Set Default Value of Parameter mask_pass_HIGH To : 1
Set Default Value of Parameter r To : 1
>>> 2 out of 6 channels masked

>> Found 16 floating parameters
>> The following parameters are protected in the event of negative eigenvalues: r
>> Verifying eigenvalues are all positive (iteration 0)
Eigenvalue 14 : -5.82077e-11
 - 1	Background_fail_HIGH_bin_5-1
 - -5.15381e-10	r
 - 1.74982e-10	Background_fail_HIGH_bin_3-1
 - -1.60734e-10	Background_fail_LOW_bin_1-1
 - -1.34306e-10	Background_fail_LOW_bin_2-1
Eigenvalue 15 : -0.00854024
 - -0.946462	r
 - 0.262397	Background_fail_HIGH_bin_4-1
 - 0.134722	Background_fail_HIGH_bin_3-1
 - 0.107622	SVM
 - 0.0665239	Background_fail_HIGH_bin_2-1
>> Attempt 0 failed, remove the variable with largest eigenvector component...
>> Dropping Background_fail_HIGH_bin_4-1 from the hessian
>> Verifying eigenvalues are all positive (iteration 1)
Eigenvalue 14 : -5.82077e-11
 - 1	Background_fail_HIGH_bin_5-1
 - -1.60749e-10	Background_fail_LOW_bin_1-1
 - -1.59234e-10	SVM
 - -1.34389e-10	Background_fail_LOW_bin_2-1
 - -1.15854e-10	Background_fail_LOW_bin_4-1
>> Attempt 1 failed, remove the variable with largest eigenvector component...
>> Dropping Background_fail_HIGH_bin_5-1 from the hessian
>> Verifying eigenvalues are all positive (iteration 2)
>> All eigenvalues are positive
>> Inverting Hessian...
>> Matrix inverted
>> Note: the following parameters were dropped to make the covariance matrix pos-def:
     - Background_fail_HIGH_bin_4-1
     - Background_fail_HIGH_bin_5-1

 --- FitDiagnostics ---
Best fit r: 3.30053e-12  -3.30053e-12/+10  (68% CL)
Done in 0.00 min (cpu), 0.00 min (real)
