CascadeMinimizer.cc[188] : (in function: improveOnce) - Minimization configured with Type=Minuit2, Algo=Migrad, strategy=0, tolerance=0.1
CascadeMinimizer.cc[215] : (in function: improveOnce) - Minimization finished with status=0
CascadeMinimizer.cc[219] : (in function: improveOnce) - Minimization success! status=0
ToyMCSamplerOpt.cc[146] : (in function: generateAsimov) - Using internal logic for binned/unbinned Asimov dataset generation
ToyMCSamplerOpt.cc[214] : (in function: generateWithHisto) - Generating asimov with histogram for pdf pdf_binpass_LOW_obsOnly: in 4 x-bins
ToyMCSamplerOpt.cc[215] : (in function: generateWithHisto) -  , in 1 y-bins
ToyMCSamplerOpt.cc[146] : (in function: generateAsimov) - Using internal logic for binned/unbinned Asimov dataset generation
ToyMCSamplerOpt.cc[214] : (in function: generateWithHisto) - Generating asimov with histogram for pdf pdf_binpass_SIG_obsOnly: in 2 x-bins
ToyMCSamplerOpt.cc[215] : (in function: generateWithHisto) -  , in 1 y-bins
ToyMCSamplerOpt.cc[146] : (in function: generateAsimov) - Using internal logic for binned/unbinned Asimov dataset generation
ToyMCSamplerOpt.cc[214] : (in function: generateWithHisto) - Generating asimov with histogram for pdf pdf_binpass_HIGH_obsOnly: in 4 x-bins
ToyMCSamplerOpt.cc[215] : (in function: generateWithHisto) -  , in 1 y-bins
ToyMCSamplerOpt.cc[146] : (in function: generateAsimov) - Using internal logic for binned/unbinned Asimov dataset generation
ToyMCSamplerOpt.cc[214] : (in function: generateWithHisto) - Generating asimov with histogram for pdf pdf_binfail_LOW_obsOnly: in 4 x-bins
ToyMCSamplerOpt.cc[215] : (in function: generateWithHisto) -  , in 1 y-bins
ToyMCSamplerOpt.cc[146] : (in function: generateAsimov) - Using internal logic for binned/unbinned Asimov dataset generation
ToyMCSamplerOpt.cc[214] : (in function: generateWithHisto) - Generating asimov with histogram for pdf pdf_binfail_SIG_obsOnly: in 2 x-bins
ToyMCSamplerOpt.cc[215] : (in function: generateWithHisto) -  , in 1 y-bins
ToyMCSamplerOpt.cc[146] : (in function: generateAsimov) - Using internal logic for binned/unbinned Asimov dataset generation
ToyMCSamplerOpt.cc[214] : (in function: generateWithHisto) - Generating asimov with histogram for pdf pdf_binfail_HIGH_obsOnly: in 4 x-bins
ToyMCSamplerOpt.cc[215] : (in function: generateWithHisto) -  , in 1 y-bins
AsymptoticLimits.cc[428] : (in function: runLimitExpected) - Median for expected limits = 0.034668, Sigma for expected limits = 0.0176881
AsymptoticLimits.cc[191] : (in function: runLimit) - NLL at global minimum of data = -108211 (r=3.16659e-08)
AsymptoticLimits.cc[211] : (in function: runLimit) - NLL at global minimum of asimov = -108210 (r=7.32911e-06)
AsymptoticLimits.cc[337] : (in function: getCLs) - At r = 1.200000:	q_mu = 341.07762	q_A  = 334.99767	Pmu = 0.00000	1-Pb  = 0.43404	CLs  = 0.00000
AsymptoticLimits.cc[337] : (in function: getCLs) - At r = 0.600000:	q_mu = 162.97027	q_A  = 157.71527	Pmu = 0.00000	1-Pb  = 0.41714	CLs  = 0.00000
AsymptoticLimits.cc[337] : (in function: getCLs) - At r = 0.300000:	q_mu = 75.38764	q_A  = 71.38945	Pmu = 0.00000	1-Pb  = 0.40648	CLs  = 0.00000
AsymptoticLimits.cc[337] : (in function: getCLs) - At r = 0.150000:	q_mu = 33.27042	q_A  = 30.49572	Pmu = 0.00000	1-Pb  = 0.40082	CLs  = 0.00000
AsymptoticLimits.cc[337] : (in function: getCLs) - At r = 0.075000:	q_mu = 13.78499	q_A  = 11.96897	Pmu = 0.00010	1-Pb  = 0.39648	CLs  = 0.00025
AsymptoticLimits.cc[337] : (in function: getCLs) - At r = 0.037500:	q_mu = 5.49547	q_A  = 4.31294	Pmu = 0.00910	1-Pb  = 0.38794	CLs  = 0.02346
AsymptoticLimits.cc[337] : (in function: getCLs) - At r = 0.018750:	q_mu = 2.11711	q_A  = 1.42922	Pmu = 0.06901	1-Pb  = 0.38679	CLs  = 0.17842
AsymptoticLimits.cc[337] : (in function: getCLs) - At r = 0.028125:	q_mu = 3.72768	q_A  = 2.77784	Pmu = 0.02549	1-Pb  = 0.38784	CLs  = 0.06572
AsymptoticLimits.cc[337] : (in function: getCLs) - At r = 0.031991:	q_mu = 4.44167	q_A  = 3.39297	Pmu = 0.01672	1-Pb  = 0.38795	CLs  = 0.04311
AsymptoticLimits.cc[337] : (in function: getCLs) - At r = 0.030130:	q_mu = 4.09502	q_A  = 3.09337	Pmu = 0.02050	1-Pb  = 0.38792	CLs  = 0.05284
AsymptoticLimits.cc[337] : (in function: getCLs) - At r = 0.030907:	q_mu = 4.23904	q_A  = 3.21763	Pmu = 0.01883	1-Pb  = 0.38793	CLs  = 0.04855
AsymptoticLimits.cc[337] : (in function: getCLs) - At r = 0.030535:	q_mu = 4.17001	q_A  = 3.15803	Pmu = 0.01961	1-Pb  = 0.38793	CLs  = 0.05056
AsymptoticLimits.cc[337] : (in function: getCLs) - At r = 0.030691:	q_mu = 4.19887	q_A  = 3.18294	Pmu = 0.01928	1-Pb  = 0.38793	CLs  = 0.04971
AsymptoticLimits.cc[337] : (in function: getCLs) - At r = 0.030617:	q_mu = 4.18507	q_A  = 3.17103	Pmu = 0.01944	1-Pb  = 0.38793	CLs  = 0.05011
AsymptoticLimits.cc[337] : (in function: getCLs) - At r = 0.030648:	q_mu = 4.19085	q_A  = 3.17602	Pmu = 0.01937	1-Pb  = 0.38793	CLs  = 0.04994
AsymptoticLimits.cc[337] : (in function: getCLs) - At r = 0.030633:	q_mu = 4.18809	q_A  = 3.17364	Pmu = 0.01941	1-Pb  = 0.38793	CLs  = 0.05002
AsymptoticLimits.cc[337] : (in function: getCLs) - At r = 0.030639:	q_mu = 4.18925	q_A  = 3.17464	Pmu = 0.01939	1-Pb  = 0.38793	CLs  = 0.04999
AsymptoticLimits.cc[337] : (in function: getCLs) - At r = 0.030636:	q_mu = 4.18870	q_A  = 3.17416	Pmu = 0.01940	1-Pb  = 0.38793	CLs  = 0.05000
