 <<< Combine >>> 
 <<< v10.0.1 >>>
>>> Random number generator seed is 123456
>>> Method used is FitDiagnostics
Set Default Value of Parameter mask_pass_SIG To : 1
Set Default Value of Parameter mask_pass_HIGH To : 1
Set Default Value of Parameter r To : 1
>>> 2 out of 6 channels masked

>> Found 16 floating parameters
>> The following parameters are protected in the event of negative eigenvalues: r
>> Verifying eigenvalues are all positive (iteration 0)
Eigenvalue 15 : -0.0042318
 - 0.982848	r
 - -0.126089	Background_fail_HIGH_bin_4-1
 - -0.124061	SVM
 - -0.0476293	Background_fail_HIGH_bin_3-1
 - -0.0190116	Background_fail_HIGH_bin_2-1
>> Attempt 0 failed, remove the variable with largest eigenvector component...
>> Dropping Background_fail_HIGH_bin_4-1 from the hessian
>> Verifying eigenvalues are all positive (iteration 1)
Eigenvalue 13 : -5.55112e-17
 - 1	Background_fail_HIGH_bin_5-1
 - 9.90837e-10	r
 - -1.78547e-10	Background_fail_LOW_bin_4-1
 - -1.71681e-10	Background_rpf_expo_par0
 - -1.5354e-10	Background_fail_LOW_bin_3-1
Eigenvalue 14 : -0.000949357
 - 0.990444	r
 - -0.127153	SVM
 - -0.0487835	Background_fail_HIGH_bin_3-1
 - -0.0194633	Background_fail_HIGH_bin_2-1
 - -0.00839069	Background_fail_HIGH_bin_1-1
>> Attempt 1 failed, remove the variable with largest eigenvector component...
>> Dropping SVM from the hessian
>> Verifying eigenvalues are all positive (iteration 2)
>> All eigenvalues are positive
>> Inverting Hessian...
>> Matrix inverted
>> Note: the following parameters were dropped to make the covariance matrix pos-def:
     - Background_fail_HIGH_bin_4-1
     - SVM

 --- FitDiagnostics ---
Best fit r: 3.39857e-11  -3.39857e-11/+10  (68% CL)
Done in 0.00 min (cpu), 0.00 min (real)
