 <<< Combine >>> 
 <<< v10.0.1 >>>
>>> Random number generator seed is 123456
>>> Method used is FitDiagnostics
Set Default Value of Parameter mask_pass_SIG To : 1
Set Default Value of Parameter mask_pass_HIGH To : 1
Set Default Value of Parameter r To : 1
>>> 2 out of 6 channels masked

>> Found 16 floating parameters
>> The following parameters are protected in the event of negative eigenvalues: r
>> Verifying eigenvalues are all positive (iteration 0)
Eigenvalue 14 : -5.55112e-17
 - -1	Background_fail_HIGH_bin_5-1
 - -2.0686e-10	Background_fail_LOW_bin_1-1
 - 1.49409e-10	Background_fail_HIGH_bin_1-1
 - 1.18099e-10	Background_rpf_expo_par1
 - -6.48375e-11	Background_fail_LOW_bin_2-1
Eigenvalue 15 : -0.00185838
 - -0.994777	r
 - 0.095521	SVM
 - 0.0339495	Background_fail_HIGH_bin_4-1
 - 0.0104588	Background_fail_HIGH_bin_3-1
 - 0.00419808	Background_fail_HIGH_bin_2-1
>> Attempt 0 failed, remove the variable with largest eigenvector component...
>> Dropping SVM from the hessian
>> Verifying eigenvalues are all positive (iteration 1)
Eigenvalue 14 : -7.87716e-05
 - -0.999335	r
 - 0.03441	Background_fail_HIGH_bin_4-1
 - 0.0106005	Background_fail_HIGH_bin_3-1
 - 0.00425384	Background_fail_HIGH_bin_2-1
 - 0.00357477	lumi
>> Attempt 1 failed, remove the variable with largest eigenvector component...
>> Dropping Background_fail_HIGH_bin_4-1 from the hessian
>> Verifying eigenvalues are all positive (iteration 2)
>> All eigenvalues are positive
>> Inverting Hessian...
>> Matrix inverted
>> Note: the following parameters were dropped to make the covariance matrix pos-def:
     - SVM
     - Background_fail_HIGH_bin_4-1

 --- FitDiagnostics ---
Best fit r: 2.69229e-10  -2.69229e-10/+10  (68% CL)
Done in 0.00 min (cpu), 0.00 min (real)
