 <<< Combine >>> 
 <<< v10.0.1 >>>
>>> Random number generator seed is 123456
>>> Method used is FitDiagnostics
Set Default Value of Parameter mask_pass_SIG To : 1
Set Default Value of Parameter mask_pass_HIGH To : 1
Set Default Value of Parameter r To : 1
>>> 2 out of 6 channels masked

>> Found 16 floating parameters
>> The following parameters are protected in the event of negative eigenvalues: r
>> Verifying eigenvalues are all positive (iteration 0)
Eigenvalue 15 : -0.00258401
 - -0.989643	r
 - 0.0990735	SVM
 - 0.0967056	Background_fail_HIGH_bin_4-1
 - 0.0346604	Background_fail_HIGH_bin_3-1
 - 0.0136496	Background_fail_HIGH_bin_2-1
>> Attempt 0 failed, remove the variable with largest eigenvector component...
>> Dropping SVM from the hessian
>> Verifying eigenvalues are all positive (iteration 1)
Eigenvalue 14 : -0.000661214
 - 0.994431	r
 - -0.0981092	Background_fail_HIGH_bin_4-1
 - -0.0351627	Background_fail_HIGH_bin_3-1
 - -0.0138437	Background_fail_HIGH_bin_2-1
 - -0.00588134	Background_fail_HIGH_bin_1-1
>> Attempt 1 failed, remove the variable with largest eigenvector component...
>> Dropping Background_fail_HIGH_bin_4-1 from the hessian
>> Verifying eigenvalues are all positive (iteration 2)
>> All eigenvalues are positive
>> Inverting Hessian...
>> Matrix inverted
>> Note: the following parameters were dropped to make the covariance matrix pos-def:
     - SVM
     - Background_fail_HIGH_bin_4-1

 --- FitDiagnostics ---
Best fit r: 1.37575e-11  -1.37575e-11/+10  (68% CL)
Done in 0.00 min (cpu), 0.00 min (real)
