CascadeMinimizer.cc[188] : (in function: improveOnce) - Minimization configured with Type=Minuit2, Algo=Migrad, strategy=0, tolerance=0.1
CascadeMinimizer.cc[215] : (in function: improveOnce) - Minimization finished with status=0
CascadeMinimizer.cc[219] : (in function: improveOnce) - Minimization success! status=0
ToyMCSamplerOpt.cc[146] : (in function: generateAsimov) - Using internal logic for binned/unbinned Asimov dataset generation
ToyMCSamplerOpt.cc[214] : (in function: generateWithHisto) - Generating asimov with histogram for pdf pdf_binpass_LOW_obsOnly: in 4 x-bins
ToyMCSamplerOpt.cc[215] : (in function: generateWithHisto) -  , in 1 y-bins
ToyMCSamplerOpt.cc[146] : (in function: generateAsimov) - Using internal logic for binned/unbinned Asimov dataset generation
ToyMCSamplerOpt.cc[214] : (in function: generateWithHisto) - Generating asimov with histogram for pdf pdf_binpass_SIG_obsOnly: in 6 x-bins
ToyMCSamplerOpt.cc[215] : (in function: generateWithHisto) -  , in 1 y-bins
ToyMCSamplerOpt.cc[146] : (in function: generateAsimov) - Using internal logic for binned/unbinned Asimov dataset generation
ToyMCSamplerOpt.cc[214] : (in function: generateWithHisto) - Generating asimov with histogram for pdf pdf_binpass_HIGH_obsOnly: in 2 x-bins
ToyMCSamplerOpt.cc[215] : (in function: generateWithHisto) -  , in 1 y-bins
ToyMCSamplerOpt.cc[146] : (in function: generateAsimov) - Using internal logic for binned/unbinned Asimov dataset generation
ToyMCSamplerOpt.cc[214] : (in function: generateWithHisto) - Generating asimov with histogram for pdf pdf_binfail_LOW_obsOnly: in 4 x-bins
ToyMCSamplerOpt.cc[215] : (in function: generateWithHisto) -  , in 1 y-bins
ToyMCSamplerOpt.cc[146] : (in function: generateAsimov) - Using internal logic for binned/unbinned Asimov dataset generation
ToyMCSamplerOpt.cc[214] : (in function: generateWithHisto) - Generating asimov with histogram for pdf pdf_binfail_SIG_obsOnly: in 6 x-bins
ToyMCSamplerOpt.cc[215] : (in function: generateWithHisto) -  , in 1 y-bins
ToyMCSamplerOpt.cc[146] : (in function: generateAsimov) - Using internal logic for binned/unbinned Asimov dataset generation
ToyMCSamplerOpt.cc[214] : (in function: generateWithHisto) - Generating asimov with histogram for pdf pdf_binfail_HIGH_obsOnly: in 2 x-bins
ToyMCSamplerOpt.cc[215] : (in function: generateWithHisto) -  , in 1 y-bins
AsymptoticLimits.cc[428] : (in function: runLimitExpected) - Median for expected limits = 9.875, Sigma for expected limits = 5.03836
AsymptoticLimits.cc[191] : (in function: runLimit) - NLL at global minimum of data = -379309 (r=9.02285e-06)
AsymptoticLimits.cc[211] : (in function: runLimit) - NLL at global minimum of asimov = -379309 (r=8.03757e-11)
AsymptoticLimits.cc[337] : (in function: getCLs) - At r = 6.085432:	q_mu = 2.96193	q_A  = 2.21844	Pmu = 0.04101	1-Pb  = 0.40145	CLs  = 0.10217
AsymptoticLimits.cc[337] : (in function: getCLs) - At r = 12.170863:	q_mu = 5.93171	q_A  = 4.85483	Pmu = 0.00719	1-Pb  = 0.40347	CLs  = 0.01781
AsymptoticLimits.cc[337] : (in function: getCLs) - At r = 6.085436:	q_mu = 2.96189	q_A  = 2.21839	Pmu = 0.04102	1-Pb  = 0.40145	CLs  = 0.10217
AsymptoticLimits.cc[337] : (in function: getCLs) - At r = 9.294352:	q_mu = 4.52701	q_A  = 3.59056	Pmu = 0.01610	1-Pb  = 0.40242	CLs  = 0.04000
AsymptoticLimits.cc[337] : (in function: getCLs) - At r = 8.041833:	q_mu = 3.91586	q_A  = 3.04924	Pmu = 0.02306	1-Pb  = 0.40201	CLs  = 0.05735
AsymptoticLimits.cc[337] : (in function: getCLs) - At r = 8.673942:	q_mu = 4.22424	q_A  = 3.32162	Pmu = 0.01922	1-Pb  = 0.40221	CLs  = 0.04778
AsymptoticLimits.cc[337] : (in function: getCLs) - At r = 8.421888:	q_mu = 4.10124	q_A  = 3.21277	Pmu = 0.02066	1-Pb  = 0.40213	CLs  = 0.05138
AsymptoticLimits.cc[337] : (in function: getCLs) - At r = 8.547997:	q_mu = 4.16277	q_A  = 3.26719	Pmu = 0.01993	1-Pb  = 0.40217	CLs  = 0.04955
AsymptoticLimits.cc[337] : (in function: getCLs) - At r = 8.497533:	q_mu = 4.13815	q_A  = 3.24540	Pmu = 0.02022	1-Pb  = 0.40215	CLs  = 0.05027
AsymptoticLimits.cc[337] : (in function: getCLs) - At r = 8.522743:	q_mu = 4.15045	q_A  = 3.25628	Pmu = 0.02007	1-Pb  = 0.40216	CLs  = 0.04991
