 <<< Combine >>> 
 <<< v10.0.1 >>>
>>> Random number generator seed is 123456
>>> Method used is FitDiagnostics
Set Default Value of Parameter mask_pass_SIG To : 1
Set Default Value of Parameter mask_pass_HIGH To : 1
Set Default Value of Parameter r To : 1
>>> 2 out of 6 channels masked

>> Found 16 floating parameters
>> The following parameters are protected in the event of negative eigenvalues: r
>> Verifying eigenvalues are all positive (iteration 0)
Eigenvalue 15 : -0.00233309
 - 0.993451	r
 - -0.106614	SVM
 - -0.0393161	Background_fail_HIGH_bin_4-1
 - -0.0105143	Background_fail_HIGH_bin_3-1
 - -0.00401256	Background_fail_HIGH_bin_2-1
>> Attempt 0 failed, remove the variable with largest eigenvector component...
>> Dropping SVM from the hessian
>> Verifying eigenvalues are all positive (iteration 1)
Eigenvalue 14 : -0.000105658
 - 0.999126	r
 - -0.039983	Background_fail_HIGH_bin_4-1
 - -0.0106924	Background_fail_HIGH_bin_3-1
 - -0.00407922	Background_fail_HIGH_bin_2-1
 - -0.0037638	lumi
>> Attempt 1 failed, remove the variable with largest eigenvector component...
>> Dropping Background_fail_HIGH_bin_4-1 from the hessian
>> Verifying eigenvalues are all positive (iteration 2)
Eigenvalue 13 : -2.95445e-17
 - 1	Background_fail_HIGH_bin_5-1
 - 2.72774e-07	r
 - -2.92069e-09	Background_fail_HIGH_bin_3-1
 - -1.08119e-09	Background_fail_HIGH_bin_2-1
 - -9.90118e-10	lumi
>> Attempt 2 failed, remove the variable with largest eigenvector component...
>> Dropping Background_fail_HIGH_bin_5-1 from the hessian
>> Verifying eigenvalues are all positive (iteration 3)
>> All eigenvalues are positive
>> Inverting Hessian...
>> Matrix inverted
>> Note: the following parameters were dropped to make the covariance matrix pos-def:
     - SVM
     - Background_fail_HIGH_bin_4-1
     - Background_fail_HIGH_bin_5-1

 --- FitDiagnostics ---
Best fit r: 2.02956e-11  -2.02956e-11/+10  (68% CL)
Done in 0.00 min (cpu), 0.00 min (real)
