 <<< Combine >>> 
 <<< v10.0.1 >>>
>>> Random number generator seed is 123456
>>> Method used is FitDiagnostics
Set Default Value of Parameter mask_pass_SIG To : 1
Set Default Value of Parameter mask_pass_HIGH To : 1
Set Default Value of Parameter r To : 1
>>> 2 out of 6 channels masked

>> Found 16 floating parameters
>> The following parameters are protected in the event of negative eigenvalues: r
>> Verifying eigenvalues are all positive (iteration 0)
Eigenvalue 14 : -5.55112e-17
 - 1	Background_fail_HIGH_bin_5-1
 - -1.86459e-08	r
 - 2.68357e-09	SVM
 - 2.49465e-09	Background_fail_HIGH_bin_4-1
 - 1.11982e-09	Background_fail_HIGH_bin_3-1
Eigenvalue 15 : -0.00531826
 - -0.979951	r
 - 0.136958	SVM
 - 0.134224	Background_fail_HIGH_bin_4-1
 - 0.0494218	Background_fail_HIGH_bin_3-1
 - 0.0199966	Background_fail_HIGH_bin_2-1
>> Attempt 0 failed, remove the variable with largest eigenvector component...
>> Dropping SVM from the hessian
>> Verifying eigenvalues are all positive (iteration 1)
Eigenvalue 14 : -0.00142737
 - 0.98887	r
 - -0.138004	Background_fail_HIGH_bin_4-1
 - -0.0508373	Background_fail_HIGH_bin_3-1
 - -0.0205582	Background_fail_HIGH_bin_2-1
 - -0.00792306	Background_fail_HIGH_bin_1-1
>> Attempt 1 failed, remove the variable with largest eigenvector component...
>> Dropping Background_fail_HIGH_bin_4-1 from the hessian
>> Verifying eigenvalues are all positive (iteration 2)
Eigenvalue 13 : -5.55112e-17
 - 1	Background_fail_HIGH_bin_5-1
 - 3.87394e-08	r
 - -1.85144e-09	Background_fail_HIGH_bin_3-1
 - -7.96298e-10	Background_fail_HIGH_bin_2-1
 - -1.9863e-10	Background_fail_HIGH_bin_1-1
>> Attempt 2 failed, remove the variable with largest eigenvector component...
>> Dropping Background_fail_HIGH_bin_5-1 from the hessian
>> Verifying eigenvalues are all positive (iteration 3)
>> All eigenvalues are positive
>> Inverting Hessian...
>> Matrix inverted
>> Note: the following parameters were dropped to make the covariance matrix pos-def:
     - SVM
     - Background_fail_HIGH_bin_4-1
     - Background_fail_HIGH_bin_5-1

 --- FitDiagnostics ---
Best fit r: 1.81543e-12  -1.81543e-12/+10  (68% CL)
Done in 0.00 min (cpu), 0.00 min (real)
