 <<< Combine >>> 
 <<< v10.0.1 >>>
>>> Random number generator seed is 123456
>>> Method used is FitDiagnostics
Set Default Value of Parameter mask_pass_SIG To : 1
Set Default Value of Parameter mask_pass_HIGH To : 1
Set Default Value of Parameter r To : 1
>>> 2 out of 6 channels masked

>> Found 16 floating parameters
>> The following parameters are protected in the event of negative eigenvalues: r
>> Verifying eigenvalues are all positive (iteration 0)
Eigenvalue 14 : -1.11022e-16
 - 1	Background_fail_HIGH_bin_5-1
 - 1.53746e-10	Background_rpf_expo_par0
 - 1.47355e-10	Background_fail_LOW_bin_2-1
 - 1.37816e-10	Background_fail_LOW_bin_4-1
 - -1.06334e-10	Background_fail_HIGH_bin_1-1
Eigenvalue 15 : -0.00482372
 - 0.986004	r
 - -0.144977	SVM
 - -0.0781625	Background_fail_HIGH_bin_4-1
 - -0.0240282	Background_fail_HIGH_bin_3-1
 - -0.00822283	Background_fail_HIGH_bin_2-1
>> Attempt 0 failed, remove the variable with largest eigenvector component...
>> Dropping SVM from the hessian
>> Verifying eigenvalues are all positive (iteration 1)
Eigenvalue 13 : -1.11022e-16
 - -1	Background_fail_HIGH_bin_5-1
 - -2.03637e-10	r
 - -1.53756e-10	Background_rpf_expo_par0
 - -1.47356e-10	Background_fail_LOW_bin_2-1
 - -1.37786e-10	Background_fail_LOW_bin_4-1
Eigenvalue 14 : -0.000463213
 - -0.996383	r
 - 0.0806644	Background_fail_HIGH_bin_4-1
 - 0.0248111	Background_fail_HIGH_bin_3-1
 - 0.00848541	Background_fail_HIGH_bin_2-1
 - 0.00362463	lumi
>> Attempt 1 failed, remove the variable with largest eigenvector component...
>> Dropping Background_fail_HIGH_bin_4-1 from the hessian
>> Verifying eigenvalues are all positive (iteration 2)
Eigenvalue 13 : -5.55112e-17
 - -1	Background_fail_HIGH_bin_5-1
 - -1.5374e-10	Background_rpf_expo_par0
 - -1.47355e-10	Background_fail_LOW_bin_2-1
 - -1.37836e-10	Background_fail_LOW_bin_4-1
 - 1.07865e-10	r
>> Attempt 2 failed, remove the variable with largest eigenvector component...
>> Dropping Background_fail_HIGH_bin_5-1 from the hessian
>> Verifying eigenvalues are all positive (iteration 3)
>> All eigenvalues are positive
>> Inverting Hessian...
>> Matrix inverted
>> Note: the following parameters were dropped to make the covariance matrix pos-def:
     - SVM
     - Background_fail_HIGH_bin_4-1
     - Background_fail_HIGH_bin_5-1

 --- FitDiagnostics ---
Best fit r: 5.59692e-08  -5.59692e-08/+10  (68% CL)
Done in 0.00 min (cpu), 0.00 min (real)
