 <<< Combine >>> 
 <<< v10.0.1 >>>
>>> Random number generator seed is 123456
>>> Method used is FitDiagnostics
Set Default Value of Parameter mask_pass_SIG To : 1
Set Default Value of Parameter mask_pass_HIGH To : 1
Set Default Value of Parameter r To : 1
>>> 2 out of 6 channels masked

>> Found 16 floating parameters
>> The following parameters are protected in the event of negative eigenvalues: r
>> Verifying eigenvalues are all positive (iteration 0)
Eigenvalue 15 : -0.00439772
 - -0.987173	r
 - 0.142599	SVM
 - 0.0686687	Background_fail_HIGH_bin_4-1
 - 0.0194239	Background_fail_HIGH_bin_3-1
 - 0.00656602	Background_fail_HIGH_bin_2-1
>> Attempt 0 failed, remove the variable with largest eigenvector component...
>> Dropping SVM from the hessian
>> Verifying eigenvalues are all positive (iteration 1)
Eigenvalue 14 : -0.000333918
 - -0.997258	r
 - 0.0707844	Background_fail_HIGH_bin_4-1
 - 0.0200214	Background_fail_HIGH_bin_3-1
 - 0.00676412	Background_fail_HIGH_bin_2-1
 - 0.00366156	lumi
>> Attempt 1 failed, remove the variable with largest eigenvector component...
>> Dropping Background_fail_HIGH_bin_4-1 from the hessian
>> Verifying eigenvalues are all positive (iteration 2)
Eigenvalue 13 : -5.55112e-17
 - -1	Background_fail_HIGH_bin_5-1
 - -8.67254e-08	r
 - 1.71123e-09	Background_fail_HIGH_bin_3-1
 - 5.8919e-10	Background_fail_HIGH_bin_2-1
 - 4.33018e-10	lumi
>> Attempt 2 failed, remove the variable with largest eigenvector component...
>> Dropping Background_fail_HIGH_bin_5-1 from the hessian
>> Verifying eigenvalues are all positive (iteration 3)
>> All eigenvalues are positive
>> Inverting Hessian...
>> Matrix inverted
>> Note: the following parameters were dropped to make the covariance matrix pos-def:
     - SVM
     - Background_fail_HIGH_bin_4-1
     - Background_fail_HIGH_bin_5-1

 --- FitDiagnostics ---
Best fit r: 3.37863e-11  -3.37863e-11/+10  (68% CL)
Done in 0.00 min (cpu), 0.01 min (real)
