 <<< Combine >>> 
 <<< v10.0.1 >>>
>>> Random number generator seed is 123456
>>> Method used is FitDiagnostics
Set Default Value of Parameter mask_pass_SIG To : 1
Set Default Value of Parameter mask_pass_HIGH To : 1
Set Default Value of Parameter r To : 1
>>> 2 out of 6 channels masked

>> Found 16 floating parameters
>> The following parameters are protected in the event of negative eigenvalues: r
>> Verifying eigenvalues are all positive (iteration 0)
Eigenvalue 14 : -5.82077e-11
 - 1	Background_fail_HIGH_bin_5-1
 - -4.48629e-09	r
 - 1.38709e-09	Background_fail_HIGH_bin_4-1
 - 7.14248e-10	Background_fail_HIGH_bin_3-1
 - 4.29593e-10	SVM
Eigenvalue 15 : -0.00970541
 - -0.938963	r
 - 0.282221	Background_fail_HIGH_bin_4-1
 - 0.144091	Background_fail_HIGH_bin_3-1
 - 0.10829	SVM
 - 0.0689815	Background_fail_HIGH_bin_2-1
>> Attempt 0 failed, remove the variable with largest eigenvector component...
>> Dropping Background_fail_HIGH_bin_4-1 from the hessian
>> Verifying eigenvalues are all positive (iteration 1)
Eigenvalue 14 : -5.82076e-11
 - 1	Background_fail_HIGH_bin_5-1
 - 5.21782e-09	r
 - -8.47366e-10	Background_fail_HIGH_bin_3-1
 - -7.46319e-10	SVM
 - -5.53255e-10	Background_fail_HIGH_bin_2-1
>> Attempt 1 failed, remove the variable with largest eigenvector component...
>> Dropping Background_fail_HIGH_bin_5-1 from the hessian
>> Verifying eigenvalues are all positive (iteration 2)
>> All eigenvalues are positive
>> Inverting Hessian...
>> Matrix inverted
>> Note: the following parameters were dropped to make the covariance matrix pos-def:
     - Background_fail_HIGH_bin_4-1
     - Background_fail_HIGH_bin_5-1

 --- FitDiagnostics ---
Best fit r: 7.1104e-11  -7.1104e-11/+10  (68% CL)
Done in 0.00 min (cpu), 0.00 min (real)
