 <<< Combine >>> 
 <<< v10.0.1 >>>
>>> Random number generator seed is 123456
>>> Method used is FitDiagnostics
Set Default Value of Parameter mask_pass_SIG To : 1
Set Default Value of Parameter mask_pass_HIGH To : 1
Set Default Value of Parameter r To : 1
>>> 2 out of 6 channels masked

>> Found 16 floating parameters
>> The following parameters are protected in the event of negative eigenvalues: r
>> Verifying eigenvalues are all positive (iteration 0)
Eigenvalue 14 : -5.55112e-17
 - -1	Background_fail_HIGH_bin_5-1
 - -2.48353e-08	r
 - 2.58282e-09	SVM
 - 1.58791e-09	Background_fail_HIGH_bin_4-1
 - 5.31662e-10	Background_fail_HIGH_bin_3-1
Eigenvalue 15 : -0.00230752
 - 0.992544	r
 - -0.101993	SVM
 - -0.0627334	Background_fail_HIGH_bin_4-1
 - -0.0210049	Background_fail_HIGH_bin_3-1
 - -0.0073283	Background_fail_HIGH_bin_2-1
>> Attempt 0 failed, remove the variable with largest eigenvector component...
>> Dropping SVM from the hessian
>> Verifying eigenvalues are all positive (iteration 1)
Eigenvalue 14 : -0.000271312
 - 0.997701	r
 - -0.0637037	Background_fail_HIGH_bin_4-1
 - -0.0213293	Background_fail_HIGH_bin_3-1
 - -0.00743931	Background_fail_HIGH_bin_2-1
 - -0.00354824	lumi
>> Attempt 1 failed, remove the variable with largest eigenvector component...
>> Dropping Background_fail_HIGH_bin_4-1 from the hessian
>> Verifying eigenvalues are all positive (iteration 2)
>> All eigenvalues are positive
>> Inverting Hessian...
>> Matrix inverted
>> Note: the following parameters were dropped to make the covariance matrix pos-def:
     - SVM
     - Background_fail_HIGH_bin_4-1

 --- FitDiagnostics ---
Best fit r: 3.71119e-12  -3.71119e-12/+10  (68% CL)
Done in 0.00 min (cpu), 0.00 min (real)
