CascadeMinimizer.cc[188] : (in function: improveOnce) - Minimization configured with Type=Minuit2, Algo=Migrad, strategy=0, tolerance=0.1
CascadeMinimizer.cc[215] : (in function: improveOnce) - Minimization finished with status=0
CascadeMinimizer.cc[219] : (in function: improveOnce) - Minimization success! status=0
ToyMCSamplerOpt.cc[146] : (in function: generateAsimov) - Using internal logic for binned/unbinned Asimov dataset generation
ToyMCSamplerOpt.cc[214] : (in function: generateWithHisto) - Generating asimov with histogram for pdf pdf_binpass_LOW_obsOnly: in 4 x-bins
ToyMCSamplerOpt.cc[215] : (in function: generateWithHisto) -  , in 1 y-bins
ToyMCSamplerOpt.cc[146] : (in function: generateAsimov) - Using internal logic for binned/unbinned Asimov dataset generation
ToyMCSamplerOpt.cc[214] : (in function: generateWithHisto) - Generating asimov with histogram for pdf pdf_binpass_SIG_obsOnly: in 6 x-bins
ToyMCSamplerOpt.cc[215] : (in function: generateWithHisto) -  , in 1 y-bins
ToyMCSamplerOpt.cc[146] : (in function: generateAsimov) - Using internal logic for binned/unbinned Asimov dataset generation
ToyMCSamplerOpt.cc[214] : (in function: generateWithHisto) - Generating asimov with histogram for pdf pdf_binpass_HIGH_obsOnly: in 1 x-bins
ToyMCSamplerOpt.cc[215] : (in function: generateWithHisto) -  , in 1 y-bins
ToyMCSamplerOpt.cc[146] : (in function: generateAsimov) - Using internal logic for binned/unbinned Asimov dataset generation
ToyMCSamplerOpt.cc[214] : (in function: generateWithHisto) - Generating asimov with histogram for pdf pdf_binfail_LOW_obsOnly: in 4 x-bins
ToyMCSamplerOpt.cc[215] : (in function: generateWithHisto) -  , in 1 y-bins
ToyMCSamplerOpt.cc[146] : (in function: generateAsimov) - Using internal logic for binned/unbinned Asimov dataset generation
ToyMCSamplerOpt.cc[214] : (in function: generateWithHisto) - Generating asimov with histogram for pdf pdf_binfail_SIG_obsOnly: in 6 x-bins
ToyMCSamplerOpt.cc[215] : (in function: generateWithHisto) -  , in 1 y-bins
ToyMCSamplerOpt.cc[146] : (in function: generateAsimov) - Using internal logic for binned/unbinned Asimov dataset generation
ToyMCSamplerOpt.cc[214] : (in function: generateWithHisto) - Generating asimov with histogram for pdf pdf_binfail_HIGH_obsOnly: in 1 x-bins
ToyMCSamplerOpt.cc[215] : (in function: generateWithHisto) -  , in 1 y-bins
AsymptoticLimits.cc[428] : (in function: runLimitExpected) - Median for expected limits = 0.0444336, Sigma for expected limits = 0.0226706
AsymptoticLimits.cc[191] : (in function: runLimit) - NLL at global minimum of data = -298696 (r=1.16019e-07)
AsymptoticLimits.cc[211] : (in function: runLimit) - NLL at global minimum of asimov = -298695 (r=1.29185e-05)
AsymptoticLimits.cc[337] : (in function: getCLs) - At r = 1.200000:	q_mu = 228.02474	q_A  = 219.58745	Pmu = 0.00000	1-Pb  = 0.38794	CLs  = 0.00000
AsymptoticLimits.cc[337] : (in function: getCLs) - At r = 0.600000:	q_mu = 110.11508	q_A  = 101.52091	Pmu = 0.00000	1-Pb  = 0.33488	CLs  = 0.00000
AsymptoticLimits.cc[337] : (in function: getCLs) - At r = 0.300000:	q_mu = 53.30062	q_A  = 45.65683	Pmu = 0.00000	1-Pb  = 0.28583	CLs  = 0.00000
AsymptoticLimits.cc[337] : (in function: getCLs) - At r = 0.150000:	q_mu = 25.88219	q_A  = 19.63411	Pmu = 0.00000	1-Pb  = 0.24039	CLs  = 0.00000
AsymptoticLimits.cc[337] : (in function: getCLs) - At r = 0.075000:	q_mu = 12.65362	q_A  = 7.96899	Pmu = 0.00013	1-Pb  = 0.20334	CLs  = 0.00064
AsymptoticLimits.cc[337] : (in function: getCLs) - At r = 0.037500:	q_mu = 6.23324	q_A  = 3.00292	Pmu = 0.00385	1-Pb  = 0.17565	CLs  = 0.02192
AsymptoticLimits.cc[337] : (in function: getCLs) - At r = 0.018750:	q_mu = 3.08960	q_A  = 1.03368	Pmu = 0.02129	1-Pb  = 0.15599	CLs  = 0.13649
AsymptoticLimits.cc[337] : (in function: getCLs) - At r = 0.026986:	q_mu = 4.46429	q_A  = 1.83188	Pmu = 0.01001	1-Pb  = 0.16541	CLs  = 0.06052
AsymptoticLimits.cc[337] : (in function: getCLs) - At r = 0.030671:	q_mu = 5.08244	q_A  = 2.22580	Pmu = 0.00716	1-Pb  = 0.16919	CLs  = 0.04230
AsymptoticLimits.cc[337] : (in function: getCLs) - At r = 0.028558:	q_mu = 4.72773	q_A  = 1.99749	Pmu = 0.00867	1-Pb  = 0.16705	CLs  = 0.05193
AsymptoticLimits.cc[337] : (in function: getCLs) - At r = 0.029293:	q_mu = 4.85099	q_A  = 2.07615	Pmu = 0.00811	1-Pb  = 0.16780	CLs  = 0.04835
AsymptoticLimits.cc[337] : (in function: getCLs) - At r = 0.028870:	q_mu = 4.78000	q_A  = 2.03076	Pmu = 0.00843	1-Pb  = 0.16737	CLs  = 0.05038
AsymptoticLimits.cc[337] : (in function: getCLs) - At r = 0.029016:	q_mu = 4.80464	q_A  = 2.04649	Pmu = 0.00832	1-Pb  = 0.16752	CLs  = 0.04967
AsymptoticLimits.cc[337] : (in function: getCLs) - At r = 0.028932:	q_mu = 4.79044	q_A  = 2.03742	Pmu = 0.00838	1-Pb  = 0.16743	CLs  = 0.05008
AsymptoticLimits.cc[337] : (in function: getCLs) - At r = 0.028961:	q_mu = 4.79537	q_A  = 2.04056	Pmu = 0.00836	1-Pb  = 0.16746	CLs  = 0.04993
AsymptoticLimits.cc[337] : (in function: getCLs) - At r = 0.028944:	q_mu = 4.79253	q_A  = 2.03875	Pmu = 0.00837	1-Pb  = 0.16744	CLs  = 0.05002
AsymptoticLimits.cc[337] : (in function: getCLs) - At r = 0.028950:	q_mu = 4.79352	q_A  = 2.03938	Pmu = 0.00837	1-Pb  = 0.16745	CLs  = 0.04999
AsymptoticLimits.cc[337] : (in function: getCLs) - At r = 0.028947:	q_mu = 4.79295	q_A  = 2.03902	Pmu = 0.00837	1-Pb  = 0.16745	CLs  = 0.05000
