 <<< Combine >>> 
 <<< v10.0.1 >>>
>>> Random number generator seed is 123456
>>> Method used is FitDiagnostics
Set Default Value of Parameter mask_pass_SIG To : 1
Set Default Value of Parameter mask_pass_HIGH To : 1
Set Default Value of Parameter r To : 1
>>> 2 out of 6 channels masked

>> Found 16 floating parameters
>> The following parameters are protected in the event of negative eigenvalues: r
>> Verifying eigenvalues are all positive (iteration 0)
Eigenvalue 15 : -0.0106369
 - 0.971669	r
 - -0.217629	SVM
 - -0.0869851	Background_fail_HIGH_bin_4-1
 - -0.0288697	Background_fail_HIGH_bin_3-1
 - -0.00860827	Background_fail_HIGH_bin_2-1
>> Attempt 0 failed, remove the variable with largest eigenvector component...
>> Dropping SVM from the hessian
>> Verifying eigenvalues are all positive (iteration 1)
Eigenvalue 13 : -5.55112e-17
 - 1	Background_fail_HIGH_bin_5-1
 - 1.69223e-07	r
 - -1.59587e-08	Background_fail_HIGH_bin_4-1
 - -5.28827e-09	Background_fail_HIGH_bin_3-1
 - -1.5915e-09	Background_fail_HIGH_bin_2-1
Eigenvalue 14 : -0.000596421
 - -0.995073	r
 - 0.0935612	Background_fail_HIGH_bin_4-1
 - 0.0310488	Background_fail_HIGH_bin_3-1
 - 0.00924531	Background_fail_HIGH_bin_2-1
 - 0.00367954	lumi
>> Attempt 1 failed, remove the variable with largest eigenvector component...
>> Dropping Background_fail_HIGH_bin_4-1 from the hessian
>> Verifying eigenvalues are all positive (iteration 2)
>> All eigenvalues are positive
>> Inverting Hessian...
>> Matrix inverted
>> Note: the following parameters were dropped to make the covariance matrix pos-def:
     - SVM
     - Background_fail_HIGH_bin_4-1

 --- FitDiagnostics ---
Best fit r: 1.89753e-14  -1.89753e-14/+5  (68% CL)
Done in 0.00 min (cpu), 0.00 min (real)
