 <<< Combine >>> 
 <<< v10.0.1 >>>
>>> Random number generator seed is 123456
>>> Method used is FitDiagnostics
Set Default Value of Parameter mask_pass_SIG To : 1
Set Default Value of Parameter mask_pass_HIGH To : 1
Set Default Value of Parameter r To : 1
>>> 2 out of 6 channels masked

>> Found 18 floating parameters
>> The following parameters are protected in the event of negative eigenvalues: r
>> Verifying eigenvalues are all positive (iteration 0)
Eigenvalue 16 : -5.82075e-11
 - -1	Background_fail_HIGH_bin_5-1
 - 1.165e-08	r
 - -3.36925e-09	SVM
 - 1.62508e-09	pileup
 - -4.21016e-10	Background_fail_HIGH_bin_4-1
Eigenvalue 17 : -0.0184447
 - 0.958098	r
 - -0.249881	SVM
 - 0.133305	pileup
 - -0.0408183	Background_fail_HIGH_bin_4-1
 - -0.0112843	Background_fail_HIGH_bin_3-1
>> Attempt 0 failed, remove the variable with largest eigenvector component...
>> Dropping SVM from the hessian
>> Verifying eigenvalues are all positive (iteration 1)
Eigenvalue 15 : -5.82075e-11
 - 1	Background_fail_HIGH_bin_5-1
 - -5.17191e-08	r
 - -7.73734e-09	pileup
 - 2.28632e-09	Background_fail_HIGH_bin_4-1
 - 7.63952e-10	Background_fail_HIGH_bin_3-1
Eigenvalue 16 : -0.00448955
 - -0.98797	r
 - -0.147254	pileup
 - 0.0449775	Background_fail_HIGH_bin_4-1
 - 0.0124323	Background_fail_HIGH_bin_3-1
 - 0.00506931	JES
>> Attempt 1 failed, remove the variable with largest eigenvector component...
>> Dropping pileup from the hessian
>> Verifying eigenvalues are all positive (iteration 2)
Eigenvalue 14 : -5.82073e-11
 - 1	Background_fail_HIGH_bin_5-1
 - -1.57601e-06	r
 - 7.32455e-08	Background_fail_HIGH_bin_4-1
 - 2.03769e-08	Background_fail_HIGH_bin_3-1
 - 8.27624e-09	JES
Eigenvalue 15 : -0.000147855
 - -0.998809	r
 - 0.0464622	Background_fail_HIGH_bin_4-1
 - 0.0128421	Background_fail_HIGH_bin_3-1
 - 0.00524108	JES
 - 0.00383659	Background_fail_HIGH_bin_2-1
>> Attempt 2 failed, remove the variable with largest eigenvector component...
>> Dropping Background_fail_HIGH_bin_4-1 from the hessian
>> Verifying eigenvalues are all positive (iteration 3)
Eigenvalue 14 : -5.82078e-11
 - -1	Background_fail_HIGH_bin_5-1
 - -8.21227e-07	r
 - 1.04682e-08	Background_fail_HIGH_bin_3-1
 - 4.31258e-09	JES
 - 3.0999e-09	lumi
>> Attempt 3 failed, remove the variable with largest eigenvector component...
>> Dropping Background_fail_HIGH_bin_5-1 from the hessian
>> Verifying eigenvalues are all positive (iteration 4)
>> All eigenvalues are positive
>> Inverting Hessian...
>> Matrix inverted
>> Note: the following parameters were dropped to make the covariance matrix pos-def:
     - SVM
     - pileup
     - Background_fail_HIGH_bin_4-1
     - Background_fail_HIGH_bin_5-1

 --- FitDiagnostics ---
Best fit r: 3.95488e-12  -3.95488e-12/+10  (68% CL)
Done in 0.00 min (cpu), 0.00 min (real)
