 <<< Combine >>> 
 <<< v10.0.1 >>>
>>> Random number generator seed is 123456
>>> Method used is FitDiagnostics
Set Default Value of Parameter mask_pass_SIG To : 1
Set Default Value of Parameter mask_pass_HIGH To : 1
Set Default Value of Parameter r To : 1
>>> 2 out of 6 channels masked

>> Found 16 floating parameters
>> The following parameters are protected in the event of negative eigenvalues: r
>> Verifying eigenvalues are all positive (iteration 0)
Eigenvalue 14 : -5.55112e-17
 - -1	Background_fail_HIGH_bin_5-1
 - 5.98232e-10	r
 - -8.39156e-11	Background_fail_HIGH_bin_4-1
 - 7.53183e-11	Background_rpf_expo_par1
 - 7.52929e-11	Background_rpf_expo_par0
Eigenvalue 15 : -0.0054873
 - 0.979167	r
 - -0.142223	SVM
 - -0.133762	Background_fail_HIGH_bin_4-1
 - -0.0509274	Background_fail_HIGH_bin_3-1
 - -0.0207234	Background_fail_HIGH_bin_2-1
>> Attempt 0 failed, remove the variable with largest eigenvector component...
>> Dropping SVM from the hessian
>> Verifying eigenvalues are all positive (iteration 1)
Eigenvalue 13 : -5.55112e-17
 - 1	Background_fail_HIGH_bin_5-1
 - -1.14218e-10	r
 - -7.52666e-11	Background_rpf_expo_par1
 - -7.52119e-11	Background_rpf_expo_par0
 - 5.50344e-11	Background_fail_LOW_bin_1-1
Eigenvalue 14 : -0.00142416
 - -0.9888	r
 - 0.137742	Background_fail_HIGH_bin_4-1
 - 0.0524684	Background_fail_HIGH_bin_3-1
 - 0.0213383	Background_fail_HIGH_bin_2-1
 - 0.00855678	Background_fail_HIGH_bin_1-1
>> Attempt 1 failed, remove the variable with largest eigenvector component...
>> Dropping Background_fail_HIGH_bin_4-1 from the hessian
>> Verifying eigenvalues are all positive (iteration 2)
>> All eigenvalues are positive
>> Inverting Hessian...
>> Matrix inverted
>> Note: the following parameters were dropped to make the covariance matrix pos-def:
     - SVM
     - Background_fail_HIGH_bin_4-1

 --- FitDiagnostics ---
Best fit r: 5.84196e-12  -5.84196e-12/+10  (68% CL)
Done in 0.00 min (cpu), 0.00 min (real)
