 <<< Combine >>> 
 <<< v10.0.1 >>>
>>> Random number generator seed is 123456
>>> Method used is FitDiagnostics
Set Default Value of Parameter mask_pass_SIG To : 1
Set Default Value of Parameter mask_pass_HIGH To : 1
Set Default Value of Parameter r To : 1
>>> 2 out of 6 channels masked

>> Found 16 floating parameters
>> The following parameters are protected in the event of negative eigenvalues: r
>> Verifying eigenvalues are all positive (iteration 0)
Eigenvalue 15 : -0.0120483
 - -0.968605	r
 - 0.230755	SVM
 - 0.0871691	Background_fail_HIGH_bin_4-1
 - 0.0291972	Background_fail_HIGH_bin_3-1
 - 0.00914177	Background_fail_HIGH_bin_2-1
>> Attempt 0 failed, remove the variable with largest eigenvector component...
>> Dropping SVM from the hessian
>> Verifying eigenvalues are all positive (iteration 1)
Eigenvalue 14 : -0.000611413
 - -0.994942	r
 - 0.0946692	Background_fail_HIGH_bin_4-1
 - 0.0317054	Background_fail_HIGH_bin_3-1
 - 0.00991166	Background_fail_HIGH_bin_2-1
 - 0.00363846	lumi
>> Attempt 1 failed, remove the variable with largest eigenvector component...
>> Dropping Background_fail_HIGH_bin_4-1 from the hessian
>> Verifying eigenvalues are all positive (iteration 2)
>> All eigenvalues are positive
>> Inverting Hessian...
>> Matrix inverted
>> Note: the following parameters were dropped to make the covariance matrix pos-def:
     - SVM
     - Background_fail_HIGH_bin_4-1

 --- FitDiagnostics ---
Best fit r: 6.31717e-11  -6.31717e-11/+10  (68% CL)
Done in 0.00 min (cpu), 0.00 min (real)
