 <<< Combine >>> 
 <<< v10.0.1 >>>
>>> Random number generator seed is 123456
>>> Method used is FitDiagnostics
Set Default Value of Parameter mask_pass_SIG To : 1
Set Default Value of Parameter mask_pass_HIGH To : 1
Set Default Value of Parameter r To : 1
>>> 2 out of 6 channels masked

>> Found 16 floating parameters
>> The following parameters are protected in the event of negative eigenvalues: r
>> Verifying eigenvalues are all positive (iteration 0)
Eigenvalue 15 : -0.00527905
 - -0.986187	r
 - 0.159839	SVM
 - 0.0414096	Background_fail_HIGH_bin_4-1
 - 0.0118629	Background_fail_HIGH_bin_3-1
 - 0.00407306	Background_fail_HIGH_bin_2-1
>> Attempt 0 failed, remove the variable with largest eigenvector component...
>> Dropping SVM from the hessian
>> Verifying eigenvalues are all positive (iteration 1)
Eigenvalue 14 : -0.000122547
 - 0.99898	r
 - -0.0430331	Background_fail_HIGH_bin_4-1
 - -0.0123273	Background_fail_HIGH_bin_3-1
 - -0.00422942	Background_fail_HIGH_bin_2-1
 - -0.00377273	lumi
>> Attempt 1 failed, remove the variable with largest eigenvector component...
>> Dropping Background_fail_HIGH_bin_4-1 from the hessian
>> Verifying eigenvalues are all positive (iteration 2)
Eigenvalue 13 : -1.11022e-16
 - -1	Background_fail_HIGH_bin_5-1
 - 7.67729e-07	r
 - -9.6339e-09	Background_fail_HIGH_bin_3-1
 - -3.11516e-09	Background_fail_HIGH_bin_2-1
 - -3.0533e-09	lumi
>> Attempt 2 failed, remove the variable with largest eigenvector component...
>> Dropping Background_fail_HIGH_bin_5-1 from the hessian
>> Verifying eigenvalues are all positive (iteration 3)
>> All eigenvalues are positive
>> Inverting Hessian...
>> Matrix inverted
>> Note: the following parameters were dropped to make the covariance matrix pos-def:
     - SVM
     - Background_fail_HIGH_bin_4-1
     - Background_fail_HIGH_bin_5-1

 --- FitDiagnostics ---
Best fit r: 1.23686e-13  -1.23686e-13/+10  (68% CL)
Done in 0.00 min (cpu), 0.00 min (real)
