 <<< Combine >>> 
 <<< v10.0.1 >>>
>>> Random number generator seed is 123456
>>> Method used is FitDiagnostics
Set Default Value of Parameter mask_pass_SIG To : 1
Set Default Value of Parameter mask_pass_HIGH To : 1
Set Default Value of Parameter r To : 1
>>> 2 out of 6 channels masked

>> Found 16 floating parameters
>> The following parameters are protected in the event of negative eigenvalues: r
>> Verifying eigenvalues are all positive (iteration 0)
Eigenvalue 14 : -5.82077e-11
 - -1	Background_fail_HIGH_bin_5-1
 - -1.27593e-09	r
 - -1.72741e-10	Background_fail_LOW_bin_3-1
 - -1.29274e-10	Background_fail_LOW_bin_4-1
 - -1.21892e-10	Background_rpf_expo_par0
Eigenvalue 15 : -0.00325604
 - 0.989976	r
 - -0.122096	SVM
 - -0.0665145	Background_fail_HIGH_bin_4-1
 - -0.0228303	Background_fail_HIGH_bin_3-1
 - -0.00835655	Background_fail_HIGH_bin_2-1
>> Attempt 0 failed, remove the variable with largest eigenvector component...
>> Dropping SVM from the hessian
>> Verifying eigenvalues are all positive (iteration 1)
Eigenvalue 13 : -5.82077e-11
 - 1	Background_fail_HIGH_bin_5-1
 - 1.89039e-09	r
 - 1.72712e-10	Background_fail_LOW_bin_3-1
 - 1.29176e-10	Background_fail_LOW_bin_4-1
 - 1.21886e-10	Background_rpf_expo_par0
Eigenvalue 14 : -0.000310435
 - -0.997363	r
 - 0.0680011	Background_fail_HIGH_bin_4-1
 - 0.0233398	Background_fail_HIGH_bin_3-1
 - 0.00853945	Background_fail_HIGH_bin_2-1
 - 0.0036149	lumi
>> Attempt 1 failed, remove the variable with largest eigenvector component...
>> Dropping Background_fail_HIGH_bin_4-1 from the hessian
>> Verifying eigenvalues are all positive (iteration 2)
Eigenvalue 13 : -5.82077e-11
 - 1	Background_fail_HIGH_bin_5-1
 - 2.79683e-10	r
 - 1.72789e-10	Background_fail_LOW_bin_3-1
 - 1.29432e-10	Background_fail_LOW_bin_4-1
 - 1.21901e-10	Background_rpf_expo_par0
>> Attempt 2 failed, remove the variable with largest eigenvector component...
>> Dropping Background_fail_HIGH_bin_5-1 from the hessian
>> Verifying eigenvalues are all positive (iteration 3)
>> All eigenvalues are positive
>> Inverting Hessian...
>> Matrix inverted
>> Note: the following parameters were dropped to make the covariance matrix pos-def:
     - SVM
     - Background_fail_HIGH_bin_4-1
     - Background_fail_HIGH_bin_5-1

 --- FitDiagnostics ---
Best fit r: 2.09425e-11  -2.09425e-11/+10  (68% CL)
Done in 0.00 min (cpu), 0.00 min (real)
