 <<< Combine >>> 
 <<< v10.0.1 >>>
>>> Random number generator seed is 123456
>>> Method used is FitDiagnostics
Set Default Value of Parameter mask_pass_SIG To : 1
Set Default Value of Parameter mask_pass_HIGH To : 1
Set Default Value of Parameter r To : 1
>>> 2 out of 6 channels masked

>> Found 16 floating parameters
>> The following parameters are protected in the event of negative eigenvalues: r
>> Verifying eigenvalues are all positive (iteration 0)
Eigenvalue 14 : -5.82076e-11
 - -1	Background_fail_HIGH_bin_5-1
 - -2.30174e-08	r
 - 2.48389e-09	SVM
 - 1.6869e-09	Background_fail_HIGH_bin_4-1
 - 5.22541e-10	Background_fail_HIGH_bin_3-1
Eigenvalue 15 : -0.00227332
 - 0.992569	r
 - -0.100995	SVM
 - -0.0633486	Background_fail_HIGH_bin_4-1
 - -0.0222794	Background_fail_HIGH_bin_3-1
 - -0.00834694	Background_fail_HIGH_bin_2-1
>> Attempt 0 failed, remove the variable with largest eigenvector component...
>> Dropping SVM from the hessian
>> Verifying eigenvalues are all positive (iteration 1)
Eigenvalue 13 : -5.82077e-11
 - -1	Background_fail_HIGH_bin_5-1
 - -1.98554e-07	r
 - 1.30182e-08	Background_fail_HIGH_bin_4-1
 - 4.50759e-09	Background_fail_HIGH_bin_3-1
 - 1.84003e-09	Background_fail_HIGH_bin_2-1
Eigenvalue 14 : -0.000277534
 - 0.997623	r
 - -0.0643088	Background_fail_HIGH_bin_4-1
 - -0.0226166	Background_fail_HIGH_bin_3-1
 - -0.00847085	Background_fail_HIGH_bin_2-1
 - -0.00366124	lumi
>> Attempt 1 failed, remove the variable with largest eigenvector component...
>> Dropping Background_fail_HIGH_bin_4-1 from the hessian
>> Verifying eigenvalues are all positive (iteration 2)
Eigenvalue 13 : -5.82076e-11
 - 1	Background_fail_HIGH_bin_5-1
 - -1.05294e-07	r
 - 2.39038e-09	Background_fail_HIGH_bin_3-1
 - 7.43439e-10	Background_fail_HIGH_bin_2-1
 - 3.86983e-10	lumi
>> Attempt 2 failed, remove the variable with largest eigenvector component...
>> Dropping Background_fail_HIGH_bin_5-1 from the hessian
>> Verifying eigenvalues are all positive (iteration 3)
>> All eigenvalues are positive
>> Inverting Hessian...
>> Matrix inverted
>> Note: the following parameters were dropped to make the covariance matrix pos-def:
     - SVM
     - Background_fail_HIGH_bin_4-1
     - Background_fail_HIGH_bin_5-1

 --- FitDiagnostics ---
Best fit r: 2.7463e-14  -2.7463e-14/+5  (68% CL)
Done in 0.00 min (cpu), 0.00 min (real)
