 <<< Combine >>> 
 <<< v10.0.1 >>>
>>> Random number generator seed is 123456
>>> Method used is FitDiagnostics
Set Default Value of Parameter mask_pass_SIG To : 1
Set Default Value of Parameter mask_pass_HIGH To : 1
Set Default Value of Parameter r To : 1
>>> 2 out of 6 channels masked

>> Found 16 floating parameters
>> The following parameters are protected in the event of negative eigenvalues: r
>> Verifying eigenvalues are all positive (iteration 0)
Eigenvalue 15 : -0.00259207
 - 0.989572	r
 - -0.098055	Background_fail_HIGH_bin_4-1
 - -0.0977951	SVM
 - -0.0362807	Background_fail_HIGH_bin_3-1
 - -0.0140732	Background_fail_HIGH_bin_2-1
>> Attempt 0 failed, remove the variable with largest eigenvector component...
>> Dropping Background_fail_HIGH_bin_4-1 from the hessian
>> Verifying eigenvalues are all positive (iteration 1)
Eigenvalue 14 : -0.000581668
 - 0.994247	r
 - -0.099286	SVM
 - -0.0368184	Background_fail_HIGH_bin_3-1
 - -0.0142777	Background_fail_HIGH_bin_2-1
 - -0.0059514	Background_fail_HIGH_bin_1-1
>> Attempt 1 failed, remove the variable with largest eigenvector component...
>> Dropping SVM from the hessian
>> Verifying eigenvalues are all positive (iteration 2)
>> All eigenvalues are positive
>> Inverting Hessian...
>> Matrix inverted
>> Note: the following parameters were dropped to make the covariance matrix pos-def:
     - Background_fail_HIGH_bin_4-1
     - SVM

 --- FitDiagnostics ---
Best fit r: 3.95067e-11  -3.95067e-11/+10  (68% CL)
Done in 0.00 min (cpu), 0.00 min (real)
