 <<< Combine >>> 
 <<< v10.0.1 >>>
>>> Random number generator seed is 123456
>>> Method used is FitDiagnostics
Set Default Value of Parameter mask_pass_SIG To : 1
Set Default Value of Parameter mask_pass_HIGH To : 1
Set Default Value of Parameter r To : 1
>>> 2 out of 6 channels masked

>> Found 16 floating parameters
>> The following parameters are protected in the event of negative eigenvalues: r
>> Verifying eigenvalues are all positive (iteration 0)
Eigenvalue 14 : -5.82077e-11
 - -1	Background_fail_HIGH_bin_5-1
 - -5.80808e-10	r
 - 1.80468e-10	Background_fail_HIGH_bin_3-1
 - -1.7223e-10	Background_fail_LOW_bin_2-1
 - -1.41514e-10	Background_fail_SIG_bin_1-1
Eigenvalue 15 : -0.00928207
 - 0.974545	r
 - -0.203626	SVM
 - -0.0883713	Background_fail_HIGH_bin_4-1
 - -0.0294211	Background_fail_HIGH_bin_3-1
 - -0.0098843	Background_fail_HIGH_bin_2-1
>> Attempt 0 failed, remove the variable with largest eigenvector component...
>> Dropping SVM from the hessian
>> Verifying eigenvalues are all positive (iteration 1)
Eigenvalue 13 : -5.82077e-11
 - 1	Background_fail_HIGH_bin_5-1
 - 1.48767e-09	r
 - -2.0912e-10	Background_fail_HIGH_bin_3-1
 - 1.7227e-10	Background_fail_LOW_bin_2-1
 - 1.41169e-10	Background_fail_SIG_bin_1-1
Eigenvalue 14 : -0.000604349
 - -0.994995	r
 - 0.0941481	Background_fail_HIGH_bin_4-1
 - 0.0313413	Background_fail_HIGH_bin_3-1
 - 0.0105168	Background_fail_HIGH_bin_2-1
 - 0.0037676	Background_fail_HIGH_bin_1-1
>> Attempt 1 failed, remove the variable with largest eigenvector component...
>> Dropping Background_fail_HIGH_bin_4-1 from the hessian
>> Verifying eigenvalues are all positive (iteration 2)
Eigenvalue 13 : -5.82077e-11
 - -1	Background_fail_HIGH_bin_5-1
 - -9.31118e-10	r
 - 1.91536e-10	Background_fail_HIGH_bin_3-1
 - -1.72246e-10	Background_fail_LOW_bin_2-1
 - -1.41381e-10	Background_fail_SIG_bin_1-1
>> Attempt 2 failed, remove the variable with largest eigenvector component...
>> Dropping Background_fail_HIGH_bin_5-1 from the hessian
>> Verifying eigenvalues are all positive (iteration 3)
>> All eigenvalues are positive
>> Inverting Hessian...
>> Matrix inverted
>> Note: the following parameters were dropped to make the covariance matrix pos-def:
     - SVM
     - Background_fail_HIGH_bin_4-1
     - Background_fail_HIGH_bin_5-1

 --- FitDiagnostics ---
Best fit r: 2.2617e-12  -2.2617e-12/+10  (68% CL)
Done in 0.00 min (cpu), 0.00 min (real)
