 <<< Combine >>> 
 <<< v10.0.1 >>>
>>> Random number generator seed is 123456
>>> Method used is FitDiagnostics
Set Default Value of Parameter mask_pass_SIG To : 1
Set Default Value of Parameter mask_pass_HIGH To : 1
Set Default Value of Parameter r To : 1
>>> 2 out of 6 channels masked

>> Found 16 floating parameters
>> The following parameters are protected in the event of negative eigenvalues: r
>> Verifying eigenvalues are all positive (iteration 0)
Eigenvalue 15 : -0.00210419
 - 0.993148	r
 - -0.0974408	SVM
 - -0.0601558	Background_fail_HIGH_bin_4-1
 - -0.0211253	Background_fail_HIGH_bin_3-1
 - -0.00837682	Background_fail_HIGH_bin_2-1
>> Attempt 0 failed, remove the variable with largest eigenvector component...
>> Dropping SVM from the hessian
>> Verifying eigenvalues are all positive (iteration 1)
Eigenvalue 14 : -0.000249328
 - -0.997857	r
 - 0.0610037	Background_fail_HIGH_bin_4-1
 - 0.0214226	Background_fail_HIGH_bin_3-1
 - 0.00849246	Background_fail_HIGH_bin_2-1
 - 0.0036502	lumi
>> Attempt 1 failed, remove the variable with largest eigenvector component...
>> Dropping Background_fail_HIGH_bin_4-1 from the hessian
>> Verifying eigenvalues are all positive (iteration 2)
>> All eigenvalues are positive
>> Inverting Hessian...
>> Matrix inverted
>> Note: the following parameters were dropped to make the covariance matrix pos-def:
     - SVM
     - Background_fail_HIGH_bin_4-1

 --- FitDiagnostics ---
Best fit r: 4.80782e-13  -4.80782e-13/+10  (68% CL)
Done in 0.00 min (cpu), 0.00 min (real)
