 <<< Combine >>> 
 <<< v10.0.1 >>>
>>> Random number generator seed is 123456
>>> Method used is FitDiagnostics
Set Default Value of Parameter mask_pass_SIG To : 1
Set Default Value of Parameter mask_pass_HIGH To : 1
Set Default Value of Parameter r To : 1
>>> 2 out of 6 channels masked

>> Found 16 floating parameters
>> The following parameters are protected in the event of negative eigenvalues: r
>> Verifying eigenvalues are all positive (iteration 0)
Eigenvalue 14 : -1.11022e-16
 - 1	Background_fail_HIGH_bin_5-1
 - -4.47295e-08	r
 - 4.78376e-09	SVM
 - 1.74501e-09	Background_fail_HIGH_bin_4-1
 - 5.0086e-10	Background_fail_HIGH_bin_3-1
Eigenvalue 15 : -0.00221155
 - -0.993855	r
 - 0.104242	SVM
 - 0.0350324	Background_fail_HIGH_bin_4-1
 - 0.0111759	Background_fail_HIGH_bin_3-1
 - 0.00412205	Background_fail_HIGH_bin_2-1
>> Attempt 0 failed, remove the variable with largest eigenvector component...
>> Dropping SVM from the hessian
>> Verifying eigenvalues are all positive (iteration 1)
Eigenvalue 14 : -8.45061e-05
 - 0.999284	r
 - -0.0356001	Background_fail_HIGH_bin_4-1
 - -0.0113567	Background_fail_HIGH_bin_3-1
 - -0.00418748	Background_fail_HIGH_bin_2-1
 - -0.00369417	lumi
>> Attempt 1 failed, remove the variable with largest eigenvector component...
>> Dropping Background_fail_HIGH_bin_4-1 from the hessian
>> Verifying eigenvalues are all positive (iteration 2)
Eigenvalue 13 : -5.55112e-17
 - 1	Background_fail_HIGH_bin_5-1
 - 6.06587e-07	r
 - -6.9044e-09	Background_fail_HIGH_bin_3-1
 - -2.68008e-09	Background_fail_HIGH_bin_2-1
 - -2.24343e-09	lumi
>> Attempt 2 failed, remove the variable with largest eigenvector component...
>> Dropping Background_fail_HIGH_bin_5-1 from the hessian
>> Verifying eigenvalues are all positive (iteration 3)
>> All eigenvalues are positive
>> Inverting Hessian...
>> Matrix inverted
>> Note: the following parameters were dropped to make the covariance matrix pos-def:
     - SVM
     - Background_fail_HIGH_bin_4-1
     - Background_fail_HIGH_bin_5-1

 --- FitDiagnostics ---
Best fit r: 7.08042e-13  -7.08042e-13/+10  (68% CL)
Done in 0.00 min (cpu), 0.00 min (real)
