CascadeMinimizer.cc[188] : (in function: improveOnce) - Minimization configured with Type=Minuit2, Algo=Migrad, strategy=0, tolerance=0.1
CascadeMinimizer.cc[215] : (in function: improveOnce) - Minimization finished with status=0
CascadeMinimizer.cc[219] : (in function: improveOnce) - Minimization success! status=0
ToyMCSamplerOpt.cc[146] : (in function: generateAsimov) - Using internal logic for binned/unbinned Asimov dataset generation
ToyMCSamplerOpt.cc[214] : (in function: generateWithHisto) - Generating asimov with histogram for pdf pdf_binpass_LOW_obsOnly: in 4 x-bins
ToyMCSamplerOpt.cc[215] : (in function: generateWithHisto) -  , in 1 y-bins
ToyMCSamplerOpt.cc[146] : (in function: generateAsimov) - Using internal logic for binned/unbinned Asimov dataset generation
ToyMCSamplerOpt.cc[214] : (in function: generateWithHisto) - Generating asimov with histogram for pdf pdf_binpass_SIG_obsOnly: in 2 x-bins
ToyMCSamplerOpt.cc[215] : (in function: generateWithHisto) -  , in 1 y-bins
ToyMCSamplerOpt.cc[146] : (in function: generateAsimov) - Using internal logic for binned/unbinned Asimov dataset generation
ToyMCSamplerOpt.cc[214] : (in function: generateWithHisto) - Generating asimov with histogram for pdf pdf_binpass_HIGH_obsOnly: in 5 x-bins
ToyMCSamplerOpt.cc[215] : (in function: generateWithHisto) -  , in 1 y-bins
ToyMCSamplerOpt.cc[146] : (in function: generateAsimov) - Using internal logic for binned/unbinned Asimov dataset generation
ToyMCSamplerOpt.cc[214] : (in function: generateWithHisto) - Generating asimov with histogram for pdf pdf_binfail_LOW_obsOnly: in 4 x-bins
ToyMCSamplerOpt.cc[215] : (in function: generateWithHisto) -  , in 1 y-bins
ToyMCSamplerOpt.cc[146] : (in function: generateAsimov) - Using internal logic for binned/unbinned Asimov dataset generation
ToyMCSamplerOpt.cc[214] : (in function: generateWithHisto) - Generating asimov with histogram for pdf pdf_binfail_SIG_obsOnly: in 2 x-bins
ToyMCSamplerOpt.cc[215] : (in function: generateWithHisto) -  , in 1 y-bins
ToyMCSamplerOpt.cc[146] : (in function: generateAsimov) - Using internal logic for binned/unbinned Asimov dataset generation
ToyMCSamplerOpt.cc[214] : (in function: generateWithHisto) - Generating asimov with histogram for pdf pdf_binfail_HIGH_obsOnly: in 5 x-bins
ToyMCSamplerOpt.cc[215] : (in function: generateWithHisto) -  , in 1 y-bins
AsymptoticLimits.cc[428] : (in function: runLimitExpected) - Median for expected limits = 0.000164032, Sigma for expected limits = 8.36913e-05
AsymptoticLimits.cc[191] : (in function: runLimit) - NLL at global minimum of data = -1.72203e+06 (r=0.0152705)
AsymptoticLimits.cc[211] : (in function: runLimit) - NLL at global minimum of asimov = -1.76071e+06 (r=3.88308e-08)
AsymptoticLimits.cc[337] : (in function: getCLs) - At r = 7.215081:	q_mu = 7218270.47432	q_A  = 7338676.48224	Pmu = 0.00000	1-Pb  = 1.00000	CLs  = 0.00000
AsymptoticLimits.cc[337] : (in function: getCLs) - At r = 3.615176:	q_mu = 3424080.11205	q_A  = 3537207.53229	Pmu = 0.00000	1-Pb  = 1.00000	CLs  = 0.00000
AsymptoticLimits.cc[337] : (in function: getCLs) - At r = 1.815223:	q_mu = 1586084.66167	q_A  = 1697826.82223	Pmu = 0.00000	1-Pb  = 1.00000	CLs  = 0.00000
AsymptoticLimits.cc[337] : (in function: getCLs) - At r = 0.915247:	q_mu = 706347.30456	q_A  = 807068.42416	Pmu = 0.00000	1-Pb  = 1.00000	CLs  = 0.00000
AsymptoticLimits.cc[337] : (in function: getCLs) - At r = 0.465259:	q_mu = 284737.32793	q_A  = 362208.67167	Pmu = 0.00000	1-Pb  = 1.00000	CLs  = 0.00000
AsymptoticLimits.cc[337] : (in function: getCLs) - At r = 0.240265:	q_mu = 88082.13761	q_A  = 165481.36772	Pmu = 0.00000	1-Pb  = 1.00000	CLs  = 0.00000
AsymptoticLimits.cc[337] : (in function: getCLs) - At r = 0.127768:	q_mu = 0.00000	q_A  = 76219.25112	Pmu = 0.50000	1-Pb  = 1.00000	CLs  = 0.50000
AsymptoticLimits.cc[337] : (in function: getCLs) - At r = 0.184016:	q_mu = 42631.19878	q_A  = 119999.31399	Pmu = 0.00000	1-Pb  = 1.00000	CLs  = 0.00000
AsymptoticLimits.cc[337] : (in function: getCLs) - At r = 0.155892:	q_mu = 20512.68007	q_A  = 97858.64006	Pmu = 0.00000	1-Pb  = 1.00000	CLs  = 0.00000
AsymptoticLimits.cc[337] : (in function: getCLs) - At r = 0.141830:	q_mu = 9631.82193	q_A  = 86965.99249	Pmu = 0.00000	1-Pb  = 1.00000	CLs  = 0.00000
AsymptoticLimits.cc[337] : (in function: getCLs) - At r = 0.134799:	q_mu = 4244.69551	q_A  = 81572.78943	Pmu = 0.00000	1-Pb  = 1.00000	CLs  = 0.00000
AsymptoticLimits.cc[337] : (in function: getCLs) - At r = 0.131283:	q_mu = 1565.82788	q_A  = 78890.83815	Pmu = 0.00000	1-Pb  = 1.00000	CLs  = 0.00000
AsymptoticLimits.cc[337] : (in function: getCLs) - At r = 0.129525:	q_mu = 230.26210	q_A  = 77553.71930	Pmu = 0.00000	1-Pb  = 1.00000	CLs  = 0.00000
AsymptoticLimits.cc[337] : (in function: getCLs) - At r = 0.128646:	q_mu = 0.00000	q_A  = 76886.15047	Pmu = 0.50000	1-Pb  = 1.00000	CLs  = 0.50000
AsymptoticLimits.cc[337] : (in function: getCLs) - At r = 0.129086:	q_mu = 0.00000	q_A  = 77219.85146	Pmu = 0.50000	1-Pb  = 1.00000	CLs  = 0.50000
AsymptoticLimits.cc[337] : (in function: getCLs) - At r = 0.129306:	q_mu = 63.50206	q_A  = 77386.76460	Pmu = 0.00000	1-Pb  = 1.00000	CLs  = 0.00000
AsymptoticLimits.cc[337] : (in function: getCLs) - At r = 0.129196:	q_mu = 0.00000	q_A  = 77303.30277	Pmu = 0.50000	1-Pb  = 1.00000	CLs  = 0.50000
AsymptoticLimits.cc[337] : (in function: getCLs) - At r = 0.129251:	q_mu = 21.81853	q_A  = 77345.03238	Pmu = 0.00000	1-Pb  = 1.00000	CLs  = 0.00000
AsymptoticLimits.cc[337] : (in function: getCLs) - At r = 0.129223:	q_mu = 0.97774	q_A  = 77324.16725	Pmu = 0.16138	1-Pb  = 1.00000	CLs  = 0.16138
AsymptoticLimits.cc[337] : (in function: getCLs) - At r = 0.129237:	q_mu = 11.39806	q_A  = 77334.59974	Pmu = 0.00037	1-Pb  = 1.00000	CLs  = 0.00037
AsymptoticLimits.cc[337] : (in function: getCLs) - At r = 0.129230:	q_mu = 6.18789	q_A  = 77329.38348	Pmu = 0.00643	1-Pb  = 1.00000	CLs  = 0.00643
AsymptoticLimits.cc[337] : (in function: getCLs) - At r = 0.129227:	q_mu = 3.58282	q_A  = 77326.77537	Pmu = 0.02919	1-Pb  = 1.00000	CLs  = 0.02919
