 <<< Combine >>> 
 <<< v10.0.1 >>>
>>> Random number generator seed is 123456
>>> Method used is FitDiagnostics
Set Default Value of Parameter mask_pass_SIG To : 1
Set Default Value of Parameter mask_pass_HIGH To : 1
Set Default Value of Parameter r To : 1
>>> 2 out of 6 channels masked

>> Found 16 floating parameters
>> The following parameters are protected in the event of negative eigenvalues: r
>> Verifying eigenvalues are all positive (iteration 0)
Eigenvalue 15 : -0.00250887
 - 0.993289	r
 - -0.111796	SVM
 - -0.0280042	Background_fail_HIGH_bin_4-1
 - -0.00843073	Background_fail_HIGH_bin_3-1
 - -0.00352191	lumi
>> Attempt 0 failed, remove the variable with largest eigenvector component...
>> Dropping SVM from the hessian
>> Verifying eigenvalues are all positive (iteration 1)
Eigenvalue 13 : -5.55112e-17
 - 1	Background_fail_HIGH_bin_5-1
 - -4.37295e-11	Background_fail_LOW_bin_2-1
 - -2.57276e-11	Background_rpf_expo_par0
 - -8.43296e-12	Background_rpf_expo_par1
 - -6.48926e-12	Background_fail_LOW_bin_3-1
Eigenvalue 14 : -5.46219e-05
 - -0.999544	r
 - 0.028528	Background_fail_HIGH_bin_4-1
 - 0.00858817	Background_fail_HIGH_bin_3-1
 - 0.00358952	lumi
 - 0.00308303	Background_fail_HIGH_bin_2-1
>> Attempt 1 failed, remove the variable with largest eigenvector component...
>> Dropping Background_fail_HIGH_bin_4-1 from the hessian
>> Verifying eigenvalues are all positive (iteration 2)
>> All eigenvalues are positive
>> Inverting Hessian...
>> Matrix inverted
>> Note: the following parameters were dropped to make the covariance matrix pos-def:
     - SVM
     - Background_fail_HIGH_bin_4-1

 --- FitDiagnostics ---
Best fit r: 3.63794e-10  -3.63794e-10/+10  (68% CL)
Done in 0.00 min (cpu), 0.00 min (real)
