 <<< Combine >>> 
 <<< v10.0.1 >>>
>>> Random number generator seed is 123456
>>> Method used is FitDiagnostics
Set Default Value of Parameter mask_pass_SIG To : 1
Set Default Value of Parameter mask_pass_HIGH To : 1
Set Default Value of Parameter r To : 1
>>> 2 out of 6 channels masked

>> Found 16 floating parameters
>> The following parameters are protected in the event of negative eigenvalues: r
>> Verifying eigenvalues are all positive (iteration 0)
Eigenvalue 14 : -5.82077e-11
 - 1	Background_fail_HIGH_bin_5-1
 - -1.50456e-09	r
 - 2.66885e-10	SVM
 - 1.98824e-10	Background_rpf_expo_par0
 - 1.92199e-10	Background_fail_LOW_bin_3-1
Eigenvalue 15 : -0.00638995
 - -0.963321	r
 - 0.225517	Background_fail_HIGH_bin_4-1
 - 0.101004	SVM
 - 0.0930515	Background_fail_HIGH_bin_3-1
 - 0.0428994	Background_fail_HIGH_bin_2-1
>> Attempt 0 failed, remove the variable with largest eigenvector component...
>> Dropping Background_fail_HIGH_bin_4-1 from the hessian
>> Verifying eigenvalues are all positive (iteration 1)
Eigenvalue 14 : -5.82077e-11
 - -1	Background_fail_HIGH_bin_5-1
 - -1.98092e-10	Background_rpf_expo_par0
 - -1.91444e-10	Background_fail_LOW_bin_3-1
 - -1.80399e-10	Background_fail_LOW_bin_4-1
 - -1.51773e-10	lumi
>> Attempt 1 failed, remove the variable with largest eigenvector component...
>> Dropping Background_fail_HIGH_bin_5-1 from the hessian
>> Verifying eigenvalues are all positive (iteration 2)
>> All eigenvalues are positive
>> Inverting Hessian...
>> Matrix inverted
>> Note: the following parameters were dropped to make the covariance matrix pos-def:
     - Background_fail_HIGH_bin_4-1
     - Background_fail_HIGH_bin_5-1

 --- FitDiagnostics ---
Best fit r: 1.56136e-09  -1.56136e-09/+10  (68% CL)
Done in 0.00 min (cpu), 0.00 min (real)
