 <<< Combine >>> 
 <<< v10.0.1 >>>
>>> Random number generator seed is 123456
>>> Method used is FitDiagnostics
Set Default Value of Parameter mask_pass_SIG To : 1
Set Default Value of Parameter mask_pass_HIGH To : 1
Set Default Value of Parameter r To : 1
>>> 2 out of 6 channels masked

>> Found 16 floating parameters
>> The following parameters are protected in the event of negative eigenvalues: r
>> Verifying eigenvalues are all positive (iteration 0)
Eigenvalue 14 : -5.82076e-11
 - -1	Background_fail_HIGH_bin_5-1
 - 1.2915e-08	r
 - -1.71296e-09	SVM
 - -5.13649e-10	Background_fail_HIGH_bin_4-1
 - 2.00945e-10	Background_fail_LOW_bin_3-1
Eigenvalue 15 : -0.00327345
 - -0.991063	r
 - 0.12637	SVM
 - 0.0405661	Background_fail_HIGH_bin_4-1
 - 0.0120228	Background_fail_HIGH_bin_3-1
 - 0.00432161	Background_fail_HIGH_bin_2-1
>> Attempt 0 failed, remove the variable with largest eigenvector component...
>> Dropping SVM from the hessian
>> Verifying eigenvalues are all positive (iteration 1)
Eigenvalue 13 : -5.82077e-11
 - 1	Background_fail_HIGH_bin_5-1
 - -3.84596e-07	r
 - 1.59775e-08	Background_fail_HIGH_bin_4-1
 - 4.70165e-09	Background_fail_HIGH_bin_3-1
 - 1.6989e-09	Background_fail_HIGH_bin_2-1
Eigenvalue 14 : -0.000114185
 - 0.999043	r
 - -0.0415415	Background_fail_HIGH_bin_4-1
 - -0.0123115	Background_fail_HIGH_bin_3-1
 - -0.00442338	Background_fail_HIGH_bin_2-1
 - -0.00361497	lumi
>> Attempt 1 failed, remove the variable with largest eigenvector component...
>> Dropping Background_fail_HIGH_bin_4-1 from the hessian
>> Verifying eigenvalues are all positive (iteration 2)
Eigenvalue 13 : -5.82077e-11
 - 1	Background_fail_HIGH_bin_5-1
 - 1.90388e-07	r
 - -2.38807e-09	Background_fail_HIGH_bin_3-1
 - -8.48326e-10	Background_fail_HIGH_bin_2-1
 - -6.89317e-10	lumi
>> Attempt 2 failed, remove the variable with largest eigenvector component...
>> Dropping Background_fail_HIGH_bin_5-1 from the hessian
>> Verifying eigenvalues are all positive (iteration 3)
>> All eigenvalues are positive
>> Inverting Hessian...
>> Matrix inverted
>> Note: the following parameters were dropped to make the covariance matrix pos-def:
     - SVM
     - Background_fail_HIGH_bin_4-1
     - Background_fail_HIGH_bin_5-1

 --- FitDiagnostics ---
Best fit r: 1.72899e-13  -1.72899e-13/+10  (68% CL)
Done in 0.00 min (cpu), 0.00 min (real)
