 <<< Combine >>> 
 <<< v10.0.1 >>>
>>> Random number generator seed is 123456
>>> Method used is FitDiagnostics
Set Default Value of Parameter mask_pass_SIG To : 1
Set Default Value of Parameter mask_pass_HIGH To : 1
Set Default Value of Parameter r To : 1
>>> 2 out of 6 channels masked

>> Found 16 floating parameters
>> The following parameters are protected in the event of negative eigenvalues: r
>> Verifying eigenvalues are all positive (iteration 0)
Eigenvalue 15 : -0.00288032
 - -0.991186	r
 - 0.115406	SVM
 - 0.0608614	Background_fail_HIGH_bin_4-1
 - 0.0210143	Background_fail_HIGH_bin_3-1
 - 0.0078355	Background_fail_HIGH_bin_2-1
>> Attempt 0 failed, remove the variable with largest eigenvector component...
>> Dropping SVM from the hessian
>> Verifying eigenvalues are all positive (iteration 1)
Eigenvalue 14 : -0.000257942
 - -0.997797	r
 - 0.0620737	Background_fail_HIGH_bin_4-1
 - 0.0214322	Background_fail_HIGH_bin_3-1
 - 0.00798834	Background_fail_HIGH_bin_2-1
 - 0.00360813	lumi
>> Attempt 1 failed, remove the variable with largest eigenvector component...
>> Dropping Background_fail_HIGH_bin_4-1 from the hessian
>> Verifying eigenvalues are all positive (iteration 2)
Eigenvalue 13 : -5.55112e-17
 - -1	Background_fail_HIGH_bin_5-1
 - -3.69603e-07	r
 - 8.07075e-09	Background_fail_HIGH_bin_3-1
 - 2.97743e-09	Background_fail_HIGH_bin_2-1
 - 1.18872e-09	Background_fail_HIGH_bin_1-1
>> Attempt 2 failed, remove the variable with largest eigenvector component...
>> Dropping Background_fail_HIGH_bin_5-1 from the hessian
>> Verifying eigenvalues are all positive (iteration 3)
>> All eigenvalues are positive
>> Inverting Hessian...
>> Matrix inverted
>> Note: the following parameters were dropped to make the covariance matrix pos-def:
     - SVM
     - Background_fail_HIGH_bin_4-1
     - Background_fail_HIGH_bin_5-1

 --- FitDiagnostics ---
Best fit r: 2.39354e-11  -2.39354e-11/+10  (68% CL)
Done in 0.00 min (cpu), 0.00 min (real)
