 <<< Combine >>> 
 <<< v10.0.1 >>>
>>> Random number generator seed is 123456
>>> Method used is FitDiagnostics
Set Default Value of Parameter mask_pass_SIG To : 1
Set Default Value of Parameter mask_pass_HIGH To : 1
Set Default Value of Parameter r To : 1
>>> 2 out of 6 channels masked

>> Found 16 floating parameters
>> The following parameters are protected in the event of negative eigenvalues: r
>> Verifying eigenvalues are all positive (iteration 0)
Eigenvalue 14 : -5.82076e-11
 - 1	Background_fail_HIGH_bin_5-1
 - -7.08251e-08	r
 - 7.79232e-09	SVM
 - 2.84736e-09	Background_fail_HIGH_bin_4-1
 - 6.67299e-10	Background_fail_HIGH_bin_3-1
Eigenvalue 15 : -0.00247589
 - 0.9931	r
 - -0.109972	SVM
 - -0.0386579	Background_fail_HIGH_bin_4-1
 - -0.0114874	Background_fail_HIGH_bin_3-1
 - -0.00415621	Background_fail_HIGH_bin_2-1
>> Attempt 0 failed, remove the variable with largest eigenvector component...
>> Dropping SVM from the hessian
>> Verifying eigenvalues are all positive (iteration 1)
Eigenvalue 13 : -5.82073e-11
 - 1	Background_fail_HIGH_bin_5-1
 - -1.70125e-06	r
 - 6.71035e-08	Background_fail_HIGH_bin_4-1
 - 1.97608e-08	Background_fail_HIGH_bin_3-1
 - 7.20569e-09	Background_fail_HIGH_bin_2-1
Eigenvalue 14 : -0.000102435
 - 0.99914	r
 - -0.0393567	Background_fail_HIGH_bin_4-1
 - -0.0116947	Background_fail_HIGH_bin_3-1
 - -0.00422979	Background_fail_HIGH_bin_2-1
 - -0.00351195	lumi
>> Attempt 1 failed, remove the variable with largest eigenvector component...
>> Dropping Background_fail_HIGH_bin_4-1 from the hessian
>> Verifying eigenvalues are all positive (iteration 2)
Eigenvalue 13 : -5.82078e-11
 - 1	Background_fail_HIGH_bin_5-1
 - 8.47552e-07	r
 - -1.00876e-08	Background_fail_HIGH_bin_3-1
 - -3.58984e-09	Background_fail_HIGH_bin_2-1
 - -2.98072e-09	lumi
>> Attempt 2 failed, remove the variable with largest eigenvector component...
>> Dropping Background_fail_HIGH_bin_5-1 from the hessian
>> Verifying eigenvalues are all positive (iteration 3)
>> All eigenvalues are positive
>> Inverting Hessian...
>> Matrix inverted
>> Note: the following parameters were dropped to make the covariance matrix pos-def:
     - SVM
     - Background_fail_HIGH_bin_4-1
     - Background_fail_HIGH_bin_5-1

 --- FitDiagnostics ---
Best fit r: 1.03062e-11  -1.03062e-11/+10  (68% CL)
Done in 0.00 min (cpu), 0.00 min (real)
