 <<< Combine >>> 
 <<< v10.0.1 >>>
>>> Random number generator seed is 123456
>>> Method used is FitDiagnostics
Set Default Value of Parameter mask_pass_SIG To : 1
Set Default Value of Parameter mask_pass_HIGH To : 1
Set Default Value of Parameter r To : 1
>>> 2 out of 6 channels masked

>> Found 16 floating parameters
>> The following parameters are protected in the event of negative eigenvalues: r
>> Verifying eigenvalues are all positive (iteration 0)
Eigenvalue 15 : -0.00253349
 - -0.989862	r
 - 0.0969404	SVM
 - 0.0964725	Background_fail_HIGH_bin_4-1
 - 0.034856	Background_fail_HIGH_bin_3-1
 - 0.0141379	Background_fail_HIGH_bin_2-1
>> Attempt 0 failed, remove the variable with largest eigenvector component...
>> Dropping SVM from the hessian
>> Verifying eigenvalues are all positive (iteration 1)
Eigenvalue 14 : -0.000693844
 - 0.994449	r
 - -0.0977883	Background_fail_HIGH_bin_4-1
 - -0.0353394	Background_fail_HIGH_bin_3-1
 - -0.0143302	Background_fail_HIGH_bin_2-1
 - -0.00586137	Background_fail_HIGH_bin_1-1
>> Attempt 1 failed, remove the variable with largest eigenvector component...
>> Dropping Background_fail_HIGH_bin_4-1 from the hessian
>> Verifying eigenvalues are all positive (iteration 2)
Eigenvalue 13 : -5.55112e-17
 - 1	Background_fail_HIGH_bin_5-1
 - -7.85687e-08	r
 - 2.76895e-09	Background_fail_HIGH_bin_3-1
 - 9.89084e-10	Background_fail_HIGH_bin_2-1
 - 4.67287e-10	Background_fail_HIGH_bin_1-1
>> Attempt 2 failed, remove the variable with largest eigenvector component...
>> Dropping Background_fail_HIGH_bin_5-1 from the hessian
>> Verifying eigenvalues are all positive (iteration 3)
>> All eigenvalues are positive
>> Inverting Hessian...
>> Matrix inverted
>> Note: the following parameters were dropped to make the covariance matrix pos-def:
     - SVM
     - Background_fail_HIGH_bin_4-1
     - Background_fail_HIGH_bin_5-1

 --- FitDiagnostics ---
Best fit r: 1.456e-12  -1.456e-12/+10  (68% CL)
Done in 0.00 min (cpu), 0.00 min (real)
