 <<< Combine >>> 
 <<< v10.0.1 >>>
>>> Random number generator seed is 123456
>>> Method used is FitDiagnostics
Set Default Value of Parameter mask_pass_SIG To : 1
Set Default Value of Parameter mask_pass_HIGH To : 1
Set Default Value of Parameter r To : 1
>>> 2 out of 6 channels masked

>> Found 16 floating parameters
>> The following parameters are protected in the event of negative eigenvalues: r
>> Verifying eigenvalues are all positive (iteration 0)
Eigenvalue 14 : -5.55112e-17
 - -1	Background_fail_HIGH_bin_5-1
 - -9.99935e-09	r
 - 1.56849e-09	Background_fail_HIGH_bin_4-1
 - 1.3979e-09	SVM
 - 7.0032e-10	Background_fail_HIGH_bin_3-1
Eigenvalue 15 : -0.00551713
 - 0.977466	r
 - -0.149298	Background_fail_HIGH_bin_4-1
 - -0.136432	SVM
 - -0.055051	Background_fail_HIGH_bin_3-1
 - -0.0228769	Background_fail_HIGH_bin_2-1
>> Attempt 0 failed, remove the variable with largest eigenvector component...
>> Dropping Background_fail_HIGH_bin_4-1 from the hessian
>> Verifying eigenvalues are all positive (iteration 1)
Eigenvalue 13 : -5.55112e-17
 - 1	Background_fail_HIGH_bin_5-1
 - 7.71823e-08	r
 - -1.10454e-08	SVM
 - -4.58872e-09	Background_fail_HIGH_bin_3-1
 - -1.85002e-09	Background_fail_HIGH_bin_2-1
Eigenvalue 14 : -0.000731073
 - -0.987982	r
 - 0.141335	SVM
 - 0.0569734	Background_fail_HIGH_bin_3-1
 - 0.0236599	Background_fail_HIGH_bin_2-1
 - 0.00913076	Background_fail_HIGH_bin_1-1
>> Attempt 1 failed, remove the variable with largest eigenvector component...
>> Dropping SVM from the hessian
>> Verifying eigenvalues are all positive (iteration 2)
Eigenvalue 13 : -5.55112e-17
 - -1	Background_fail_HIGH_bin_5-1
 - 1.7751e-08	r
 - -9.05807e-10	Background_fail_HIGH_bin_3-1
 - -4.31499e-10	Background_fail_HIGH_bin_2-1
 - -1.78664e-10	Background_fail_LOW_bin_3-1
>> Attempt 2 failed, remove the variable with largest eigenvector component...
>> Dropping Background_fail_HIGH_bin_5-1 from the hessian
>> Verifying eigenvalues are all positive (iteration 3)
>> All eigenvalues are positive
>> Inverting Hessian...
>> Matrix inverted
>> Note: the following parameters were dropped to make the covariance matrix pos-def:
     - Background_fail_HIGH_bin_4-1
     - SVM
     - Background_fail_HIGH_bin_5-1

 --- FitDiagnostics ---
Best fit r: 2.28295e-12  -2.28295e-12/+10  (68% CL)
Done in 0.00 min (cpu), 0.00 min (real)
