 <<< Combine >>> 
 <<< v10.0.1 >>>
>>> Random number generator seed is 123456
>>> Method used is FitDiagnostics
Set Default Value of Parameter mask_pass_SIG To : 1
Set Default Value of Parameter mask_pass_HIGH To : 1
Set Default Value of Parameter r To : 1
>>> 2 out of 6 channels masked

>> Found 16 floating parameters
>> The following parameters are protected in the event of negative eigenvalues: r
>> Verifying eigenvalues are all positive (iteration 0)
Eigenvalue 14 : -5.82077e-11
 - -1	Background_fail_HIGH_bin_5-1
 - 9.57424e-08	r
 - -1.05881e-08	SVM
 - -3.43793e-09	Background_fail_HIGH_bin_4-1
 - -1.20396e-09	Background_fail_HIGH_bin_3-1
Eigenvalue 15 : -0.00238966
 - 0.993432	r
 - -0.108509	SVM
 - -0.0341585	Background_fail_HIGH_bin_4-1
 - -0.0109981	Background_fail_HIGH_bin_3-1
 - -0.00375187	Background_fail_HIGH_bin_2-1
>> Attempt 0 failed, remove the variable with largest eigenvector component...
>> Dropping SVM from the hessian
>> Verifying eigenvalues are all positive (iteration 1)
Eigenvalue 13 : -5.82069e-11
 - -1	Background_fail_HIGH_bin_5-1
 - 2.86793e-06	r
 - -9.99023e-08	Background_fail_HIGH_bin_4-1
 - -3.2262e-08	Background_fail_HIGH_bin_3-1
 - -1.09572e-08	Background_fail_HIGH_bin_2-1
Eigenvalue 14 : -8.07371e-05
 - 0.999317	r
 - -0.0347594	Background_fail_HIGH_bin_4-1
 - -0.0111913	Background_fail_HIGH_bin_3-1
 - -0.0038165	Background_fail_HIGH_bin_2-1
 - -0.00374644	lumi
>> Attempt 1 failed, remove the variable with largest eigenvector component...
>> Dropping Background_fail_HIGH_bin_4-1 from the hessian
>> Verifying eigenvalues are all positive (iteration 2)
Eigenvalue 13 : -5.82079e-11
 - 1	Background_fail_HIGH_bin_5-1
 - 1.45269e-06	r
 - -1.61438e-08	Background_fail_HIGH_bin_3-1
 - -5.55015e-09	Background_fail_HIGH_bin_2-1
 - -5.44843e-09	lumi
>> Attempt 2 failed, remove the variable with largest eigenvector component...
>> Dropping Background_fail_HIGH_bin_5-1 from the hessian
>> Verifying eigenvalues are all positive (iteration 3)
>> All eigenvalues are positive
>> Inverting Hessian...
>> Matrix inverted
>> Note: the following parameters were dropped to make the covariance matrix pos-def:
     - SVM
     - Background_fail_HIGH_bin_4-1
     - Background_fail_HIGH_bin_5-1

 --- FitDiagnostics ---
Best fit r: 2.23135e-10  -2.23135e-10/+10  (68% CL)
Done in 0.00 min (cpu), 0.00 min (real)
