CascadeMinimizer.cc[188] : (in function: improveOnce) - Minimization configured with Type=Minuit2, Algo=Migrad, strategy=0, tolerance=0.1
CascadeMinimizer.cc[215] : (in function: improveOnce) - Minimization finished with status=0
CascadeMinimizer.cc[219] : (in function: improveOnce) - Minimization success! status=0
ToyMCSamplerOpt.cc[146] : (in function: generateAsimov) - Using internal logic for binned/unbinned Asimov dataset generation
ToyMCSamplerOpt.cc[214] : (in function: generateWithHisto) - Generating asimov with histogram for pdf pdf_binpass_LOW_obsOnly: in 4 x-bins
ToyMCSamplerOpt.cc[215] : (in function: generateWithHisto) -  , in 1 y-bins
ToyMCSamplerOpt.cc[146] : (in function: generateAsimov) - Using internal logic for binned/unbinned Asimov dataset generation
ToyMCSamplerOpt.cc[214] : (in function: generateWithHisto) - Generating asimov with histogram for pdf pdf_binpass_SIG_obsOnly: in 6 x-bins
ToyMCSamplerOpt.cc[215] : (in function: generateWithHisto) -  , in 1 y-bins
ToyMCSamplerOpt.cc[146] : (in function: generateAsimov) - Using internal logic for binned/unbinned Asimov dataset generation
ToyMCSamplerOpt.cc[214] : (in function: generateWithHisto) - Generating asimov with histogram for pdf pdf_binpass_HIGH_obsOnly: in 2 x-bins
ToyMCSamplerOpt.cc[215] : (in function: generateWithHisto) -  , in 1 y-bins
ToyMCSamplerOpt.cc[146] : (in function: generateAsimov) - Using internal logic for binned/unbinned Asimov dataset generation
ToyMCSamplerOpt.cc[214] : (in function: generateWithHisto) - Generating asimov with histogram for pdf pdf_binfail_LOW_obsOnly: in 4 x-bins
ToyMCSamplerOpt.cc[215] : (in function: generateWithHisto) -  , in 1 y-bins
ToyMCSamplerOpt.cc[146] : (in function: generateAsimov) - Using internal logic for binned/unbinned Asimov dataset generation
ToyMCSamplerOpt.cc[214] : (in function: generateWithHisto) - Generating asimov with histogram for pdf pdf_binfail_SIG_obsOnly: in 6 x-bins
ToyMCSamplerOpt.cc[215] : (in function: generateWithHisto) -  , in 1 y-bins
ToyMCSamplerOpt.cc[146] : (in function: generateAsimov) - Using internal logic for binned/unbinned Asimov dataset generation
ToyMCSamplerOpt.cc[214] : (in function: generateWithHisto) - Generating asimov with histogram for pdf pdf_binfail_HIGH_obsOnly: in 2 x-bins
ToyMCSamplerOpt.cc[215] : (in function: generateWithHisto) -  , in 1 y-bins
AsymptoticLimits.cc[428] : (in function: runLimitExpected) - Median for expected limits = 0.00634766, Sigma for expected limits = 0.00323866
AsymptoticLimits.cc[191] : (in function: runLimit) - NLL at global minimum of data = -381235 (r=2.98624e-08)
AsymptoticLimits.cc[211] : (in function: runLimit) - NLL at global minimum of asimov = -381236 (r=7.42892e-06)
AsymptoticLimits.cc[337] : (in function: getCLs) - At r = 1.200000:	q_mu = 1796.16992	q_A  = 1807.66469	Pmu = 0.00000	1-Pb  = 0.55385	CLs  = 0.00000
AsymptoticLimits.cc[337] : (in function: getCLs) - At r = 0.600000:	q_mu = 865.95362	q_A  = 871.64995	Pmu = 0.00000	1-Pb  = 0.53849	CLs  = 0.00000
AsymptoticLimits.cc[337] : (in function: getCLs) - At r = 0.300000:	q_mu = 414.08291	q_A  = 415.70245	Pmu = 0.00000	1-Pb  = 0.51586	CLs  = 0.00000
AsymptoticLimits.cc[337] : (in function: getCLs) - At r = 0.150000:	q_mu = 193.94739	q_A  = 193.23748	Pmu = 0.00000	1-Pb  = 0.48981	CLs  = 0.00000
AsymptoticLimits.cc[337] : (in function: getCLs) - At r = 0.075000:	q_mu = 89.80350	q_A  = 88.19487	Pmu = 0.00000	1-Pb  = 0.46587	CLs  = 0.00000
AsymptoticLimits.cc[337] : (in function: getCLs) - At r = 0.037500:	q_mu = 41.10442	q_A  = 39.29459	Pmu = 0.00000	1-Pb  = 0.44261	CLs  = 0.00000
AsymptoticLimits.cc[337] : (in function: getCLs) - At r = 0.018750:	q_mu = 18.66676	q_A  = 16.91818	Pmu = 0.00001	1-Pb  = 0.41584	CLs  = 0.00002
AsymptoticLimits.cc[337] : (in function: getCLs) - At r = 0.009375:	q_mu = 8.52194	q_A  = 6.98197	Pmu = 0.00167	1-Pb  = 0.38537	CLs  = 0.00435
AsymptoticLimits.cc[337] : (in function: getCLs) - At r = 0.004688:	q_mu = 3.96317	q_A  = 2.73405	Pmu = 0.02143	1-Pb  = 0.35507	CLs  = 0.06034
AsymptoticLimits.cc[337] : (in function: getCLs) - At r = 0.007031:	q_mu = 6.18510	q_A  = 4.76475	Pmu = 0.00607	1-Pb  = 0.37246	CLs  = 0.01629
AsymptoticLimits.cc[337] : (in function: getCLs) - At r = 0.005425:	q_mu = 4.64863	q_A  = 3.34825	Pmu = 0.01444	1-Pb  = 0.36117	CLs  = 0.03998
AsymptoticLimits.cc[337] : (in function: getCLs) - At r = 0.005105:	q_mu = 4.34895	q_A  = 3.07803	Pmu = 0.01715	1-Pb  = 0.35860	CLs  = 0.04781
