CascadeMinimizer.cc[188] : (in function: improveOnce) - Minimization configured with Type=Minuit2, Algo=Migrad, strategy=0, tolerance=0.1
CascadeMinimizer.cc[215] : (in function: improveOnce) - Minimization finished with status=0
CascadeMinimizer.cc[219] : (in function: improveOnce) - Minimization success! status=0
ToyMCSamplerOpt.cc[146] : (in function: generateAsimov) - Using internal logic for binned/unbinned Asimov dataset generation
ToyMCSamplerOpt.cc[214] : (in function: generateWithHisto) - Generating asimov with histogram for pdf pdf_binpass_LOW_obsOnly: in 10 x-bins
ToyMCSamplerOpt.cc[215] : (in function: generateWithHisto) -  , in 1 y-bins
ToyMCSamplerOpt.cc[146] : (in function: generateAsimov) - Using internal logic for binned/unbinned Asimov dataset generation
ToyMCSamplerOpt.cc[214] : (in function: generateWithHisto) - Generating asimov with histogram for pdf pdf_binpass_SIG_obsOnly: in 3 x-bins
ToyMCSamplerOpt.cc[215] : (in function: generateWithHisto) -  , in 1 y-bins
ToyMCSamplerOpt.cc[146] : (in function: generateAsimov) - Using internal logic for binned/unbinned Asimov dataset generation
ToyMCSamplerOpt.cc[214] : (in function: generateWithHisto) - Generating asimov with histogram for pdf pdf_binpass_HIGH_obsOnly: in 5 x-bins
ToyMCSamplerOpt.cc[215] : (in function: generateWithHisto) -  , in 1 y-bins
ToyMCSamplerOpt.cc[146] : (in function: generateAsimov) - Using internal logic for binned/unbinned Asimov dataset generation
ToyMCSamplerOpt.cc[214] : (in function: generateWithHisto) - Generating asimov with histogram for pdf pdf_binfail_LOW_obsOnly: in 10 x-bins
ToyMCSamplerOpt.cc[215] : (in function: generateWithHisto) -  , in 1 y-bins
ToyMCSamplerOpt.cc[146] : (in function: generateAsimov) - Using internal logic for binned/unbinned Asimov dataset generation
ToyMCSamplerOpt.cc[214] : (in function: generateWithHisto) - Generating asimov with histogram for pdf pdf_binfail_SIG_obsOnly: in 3 x-bins
ToyMCSamplerOpt.cc[215] : (in function: generateWithHisto) -  , in 1 y-bins
ToyMCSamplerOpt.cc[146] : (in function: generateAsimov) - Using internal logic for binned/unbinned Asimov dataset generation
ToyMCSamplerOpt.cc[214] : (in function: generateWithHisto) - Generating asimov with histogram for pdf pdf_binfail_HIGH_obsOnly: in 5 x-bins
ToyMCSamplerOpt.cc[215] : (in function: generateWithHisto) -  , in 1 y-bins
AsymptoticLimits.cc[428] : (in function: runLimitExpected) - Median for expected limits = 0.882812, Sigma for expected limits = 0.450423
AsymptoticLimits.cc[191] : (in function: runLimit) - NLL at global minimum of data = -128648 (r=2.12596e-08)
AsymptoticLimits.cc[211] : (in function: runLimit) - NLL at global minimum of asimov = -128637 (r=1.24977e-11)
AsymptoticLimits.cc[337] : (in function: getCLs) - At r = 1.200000:	q_mu = 5.23734	q_A  = 5.38802	Pmu = 0.01105	1-Pb  = 0.51304	CLs  = 0.02155
AsymptoticLimits.cc[337] : (in function: getCLs) - At r = 0.600000:	q_mu = 2.57046	q_A  = 2.49702	Pmu = 0.05442	1-Pb  = 0.49073	CLs  = 0.11089
AsymptoticLimits.cc[337] : (in function: getCLs) - At r = 0.953363:	q_mu = 4.13065	q_A  = 4.17982	Pmu = 0.02106	1-Pb  = 0.50481	CLs  = 0.04171
AsymptoticLimits.cc[337] : (in function: getCLs) - At r = 0.830292:	q_mu = 3.58366	q_A  = 3.58609	Pmu = 0.02918	1-Pb  = 0.50026	CLs  = 0.05832
AsymptoticLimits.cc[337] : (in function: getCLs) - At r = 0.900124:	q_mu = 3.89354	q_A  = 3.92215	Pmu = 0.02424	1-Pb  = 0.50289	CLs  = 0.04819
AsymptoticLimits.cc[337] : (in function: getCLs) - At r = 0.875381:	q_mu = 3.78360	q_A  = 3.80279	Pmu = 0.02588	1-Pb  = 0.50197	CLs  = 0.05155
AsymptoticLimits.cc[337] : (in function: getCLs) - At r = 0.889320:	q_mu = 3.84552	q_A  = 3.87000	Pmu = 0.02494	1-Pb  = 0.50249	CLs  = 0.04963
AsymptoticLimits.cc[337] : (in function: getCLs) - At r = 0.884366:	q_mu = 3.82350	q_A  = 3.84609	Pmu = 0.02527	1-Pb  = 0.50230	CLs  = 0.05031
AsymptoticLimits.cc[337] : (in function: getCLs) - At r = 0.887154:	q_mu = 3.83589	q_A  = 3.85954	Pmu = 0.02508	1-Pb  = 0.50241	CLs  = 0.04993
