 <<< Combine >>> 
 <<< v10.0.1 >>>
>>> Random number generator seed is 123456
>>> Method used is FitDiagnostics
Set Default Value of Parameter mask_pass_SIG To : 1
Set Default Value of Parameter mask_pass_HIGH To : 1
Set Default Value of Parameter r To : 1
>>> 2 out of 6 channels masked

>> Found 16 floating parameters
>> The following parameters are protected in the event of negative eigenvalues: r
>> Verifying eigenvalues are all positive (iteration 0)
Eigenvalue 14 : -5.55112e-17
 - -1	Background_fail_HIGH_bin_5-1
 - 8.26855e-10	r
 - 1.3239e-10	Background_fail_LOW_bin_2-1
 - -1.17061e-10	lumi
 - -1.06386e-10	Background_fail_SIG_bin_1-1
Eigenvalue 15 : -0.00344242
 - -0.990857	r
 - 0.130272	SVM
 - 0.033594	Background_fail_HIGH_bin_4-1
 - 0.00900389	Background_fail_HIGH_bin_3-1
 - 0.00355648	lumi
>> Attempt 0 failed, remove the variable with largest eigenvector component...
>> Dropping SVM from the hessian
>> Verifying eigenvalues are all positive (iteration 1)
Eigenvalue 14 : -7.86448e-05
 - 0.999352	r
 - -0.0344545	Background_fail_HIGH_bin_4-1
 - -0.00923417	Background_fail_HIGH_bin_3-1
 - -0.00364998	lumi
 - -0.00302374	Background_fail_HIGH_bin_2-1
>> Attempt 1 failed, remove the variable with largest eigenvector component...
>> Dropping Background_fail_HIGH_bin_4-1 from the hessian
>> Verifying eigenvalues are all positive (iteration 2)
>> All eigenvalues are positive
>> Inverting Hessian...
>> Matrix inverted
>> Note: the following parameters were dropped to make the covariance matrix pos-def:
     - SVM
     - Background_fail_HIGH_bin_4-1

 --- FitDiagnostics ---
Best fit r: 6.49437e-16  -6.49437e-16/+10  (68% CL)
Done in 0.00 min (cpu), 0.00 min (real)
