 <<< Combine >>> 
 <<< v10.0.1 >>>
>>> Random number generator seed is 123456
>>> Method used is FitDiagnostics
Set Default Value of Parameter mask_pass_SIG To : 1
Set Default Value of Parameter mask_pass_HIGH To : 1
Set Default Value of Parameter r To : 1
>>> 2 out of 6 channels masked

>> Found 16 floating parameters
>> The following parameters are protected in the event of negative eigenvalues: r
>> Verifying eigenvalues are all positive (iteration 0)
Eigenvalue 14 : -5.82077e-11
 - 1	Background_fail_HIGH_bin_5-1
 - 1.55904e-08	r
 - -1.93735e-09	Background_fail_HIGH_bin_4-1
 - -1.80785e-09	SVM
 - -7.07736e-10	Background_fail_HIGH_bin_3-1
Eigenvalue 15 : -0.00343965
 - -0.985954	r
 - 0.114549	Background_fail_HIGH_bin_4-1
 - 0.112312	SVM
 - 0.042563	Background_fail_HIGH_bin_3-1
 - 0.01662	Background_fail_HIGH_bin_2-1
>> Attempt 0 failed, remove the variable with largest eigenvector component...
>> Dropping Background_fail_HIGH_bin_4-1 from the hessian
>> Verifying eigenvalues are all positive (iteration 1)
Eigenvalue 13 : -5.82076e-11
 - -1	Background_fail_HIGH_bin_5-1
 - -7.5529e-08	r
 - 8.75826e-09	SVM
 - 3.33986e-09	Background_fail_HIGH_bin_3-1
 - 1.44632e-09	Background_fail_HIGH_bin_2-1
Eigenvalue 14 : -0.000748494
 - 0.992279	r
 - -0.114615	SVM
 - -0.0434118	Background_fail_HIGH_bin_3-1
 - -0.016945	Background_fail_HIGH_bin_2-1
 - -0.00727187	Background_fail_HIGH_bin_1-1
>> Attempt 1 failed, remove the variable with largest eigenvector component...
>> Dropping SVM from the hessian
>> Verifying eigenvalues are all positive (iteration 2)
Eigenvalue 13 : -5.82077e-11
 - 1	Background_fail_HIGH_bin_5-1
 - -3.16622e-08	r
 - 1.3673e-09	Background_fail_HIGH_bin_3-1
 - 3.90841e-10	Background_fail_HIGH_bin_2-1
 - 2.22609e-10	Background_fail_HIGH_bin_1-1
>> Attempt 2 failed, remove the variable with largest eigenvector component...
>> Dropping Background_fail_HIGH_bin_5-1 from the hessian
>> Verifying eigenvalues are all positive (iteration 3)
>> All eigenvalues are positive
>> Inverting Hessian...
>> Matrix inverted
>> Note: the following parameters were dropped to make the covariance matrix pos-def:
     - Background_fail_HIGH_bin_4-1
     - SVM
     - Background_fail_HIGH_bin_5-1

 --- FitDiagnostics ---
Best fit r: 2.70955e-11  -2.70955e-11/+10  (68% CL)
Done in 0.00 min (cpu), 0.00 min (real)
