 <<< Combine >>> 
 <<< v10.0.1 >>>
>>> Random number generator seed is 123456
>>> Method used is FitDiagnostics
Set Default Value of Parameter mask_pass_SIG To : 1
Set Default Value of Parameter mask_pass_HIGH To : 1
Set Default Value of Parameter r To : 1
>>> 2 out of 6 channels masked

>> Found 16 floating parameters
>> The following parameters are protected in the event of negative eigenvalues: r
>> Verifying eigenvalues are all positive (iteration 0)
Eigenvalue 14 : -5.82077e-11
 - -1	Background_fail_HIGH_bin_5-1
 - -2.19053e-10	Background_fail_LOW_bin_1-1
 - -1.80346e-10	Background_fail_LOW_bin_2-1
 - 1.5181e-10	lumi
 - 1.4614e-10	Background_rpf_expo_par1
Eigenvalue 15 : -0.00385394
 - 0.988446	r
 - -0.133166	SVM
 - -0.0682278	Background_fail_HIGH_bin_4-1
 - -0.0224334	Background_fail_HIGH_bin_3-1
 - -0.00771421	Background_fail_HIGH_bin_2-1
>> Attempt 0 failed, remove the variable with largest eigenvector component...
>> Dropping SVM from the hessian
>> Verifying eigenvalues are all positive (iteration 1)
Eigenvalue 13 : -5.82077e-11
 - -1	Background_fail_HIGH_bin_5-1
 - 7.68618e-10	r
 - -2.19054e-10	Background_fail_LOW_bin_1-1
 - -1.80351e-10	Background_fail_LOW_bin_2-1
 - 1.49163e-10	lumi
Eigenvalue 14 : -0.000329195
 - 0.997233	r
 - -0.0700515	Background_fail_HIGH_bin_4-1
 - -0.0230321	Background_fail_HIGH_bin_3-1
 - -0.00791613	Background_fail_HIGH_bin_2-1
 - -0.00374271	lumi
>> Attempt 1 failed, remove the variable with largest eigenvector component...
>> Dropping Background_fail_HIGH_bin_4-1 from the hessian
>> Verifying eigenvalues are all positive (iteration 2)
Eigenvalue 13 : -5.82077e-11
 - 1	Background_fail_HIGH_bin_5-1
 - 3.88917e-10	r
 - 2.19053e-10	Background_fail_LOW_bin_1-1
 - 1.80342e-10	Background_fail_LOW_bin_2-1
 - -1.53515e-10	lumi
>> Attempt 2 failed, remove the variable with largest eigenvector component...
>> Dropping Background_fail_HIGH_bin_5-1 from the hessian
>> Verifying eigenvalues are all positive (iteration 3)
>> All eigenvalues are positive
>> Inverting Hessian...
>> Matrix inverted
>> Note: the following parameters were dropped to make the covariance matrix pos-def:
     - SVM
     - Background_fail_HIGH_bin_4-1
     - Background_fail_HIGH_bin_5-1

 --- FitDiagnostics ---
Best fit r: 9.94261e-13  -9.94261e-13/+10  (68% CL)
Done in 0.01 min (cpu), 0.01 min (real)
