 <<< Combine >>> 
 <<< v10.0.1 >>>
>>> Random number generator seed is 123456
>>> Method used is FitDiagnostics
Set Default Value of Parameter mask_pass_SIG To : 1
Set Default Value of Parameter mask_pass_HIGH To : 1
Set Default Value of Parameter r To : 1
>>> 2 out of 6 channels masked

>> Found 16 floating parameters
>> The following parameters are protected in the event of negative eigenvalues: r
>> Verifying eigenvalues are all positive (iteration 0)
Eigenvalue 15 : -0.00250411
 - -0.98954	r
 - 0.101006	Background_fail_HIGH_bin_4-1
 - 0.0954798	SVM
 - 0.0345046	Background_fail_HIGH_bin_3-1
 - 0.0153502	Background_fail_HIGH_bin_2-1
>> Attempt 0 failed, remove the variable with largest eigenvector component...
>> Dropping Background_fail_HIGH_bin_4-1 from the hessian
>> Verifying eigenvalues are all positive (iteration 1)
Eigenvalue 14 : -0.000427278
 - -0.994511	r
 - 0.0969984	SVM
 - 0.0350383	Background_fail_HIGH_bin_3-1
 - 0.015583	Background_fail_HIGH_bin_2-1
 - 0.00668908	Background_fail_HIGH_bin_1-1
>> Attempt 1 failed, remove the variable with largest eigenvector component...
>> Dropping SVM from the hessian
>> Verifying eigenvalues are all positive (iteration 2)
>> All eigenvalues are positive
>> Inverting Hessian...
>> Matrix inverted
>> Note: the following parameters were dropped to make the covariance matrix pos-def:
     - Background_fail_HIGH_bin_4-1
     - SVM

 --- FitDiagnostics ---
Best fit r: 1.3715e-11  -1.3715e-11/+10  (68% CL)
Done in 0.00 min (cpu), 0.00 min (real)
