 <<< Combine >>> 
 <<< v10.0.1 >>>
>>> Random number generator seed is 123456
>>> Method used is FitDiagnostics
Set Default Value of Parameter mask_pass_SIG To : 1
Set Default Value of Parameter mask_pass_HIGH To : 1
Set Default Value of Parameter r To : 1
>>> 2 out of 6 channels masked

>> Found 16 floating parameters
>> The following parameters are protected in the event of negative eigenvalues: r
>> Verifying eigenvalues are all positive (iteration 0)
Eigenvalue 15 : -0.00223932
 - -0.992626	r
 - 0.100102	SVM
 - 0.0635057	Background_fail_HIGH_bin_4-1
 - 0.0230219	Background_fail_HIGH_bin_3-1
 - 0.00890751	Background_fail_HIGH_bin_2-1
>> Attempt 0 failed, remove the variable with largest eigenvector component...
>> Dropping SVM from the hessian
>> Verifying eigenvalues are all positive (iteration 1)
Eigenvalue 14 : -0.000279346
 - 0.99759	r
 - -0.064451	Background_fail_HIGH_bin_4-1
 - -0.023364	Background_fail_HIGH_bin_3-1
 - -0.00903737	Background_fail_HIGH_bin_2-1
 - -0.00407033	Background_fail_HIGH_bin_1-1
>> Attempt 1 failed, remove the variable with largest eigenvector component...
>> Dropping Background_fail_HIGH_bin_4-1 from the hessian
>> Verifying eigenvalues are all positive (iteration 2)
Eigenvalue 13 : -5.55112e-17
 - -1	Background_fail_HIGH_bin_5-1
 - 2.74557e-10	r
 - -1.3199e-10	Background_fail_LOW_bin_3-1
 - -1.16356e-10	Background_fail_HIGH_bin_2-1
 - 1.0589e-10	Background_fail_SIG_bin_2-1
>> Attempt 2 failed, remove the variable with largest eigenvector component...
>> Dropping Background_fail_HIGH_bin_5-1 from the hessian
>> Verifying eigenvalues are all positive (iteration 3)
>> All eigenvalues are positive
>> Inverting Hessian...
>> Matrix inverted
>> Note: the following parameters were dropped to make the covariance matrix pos-def:
     - SVM
     - Background_fail_HIGH_bin_4-1
     - Background_fail_HIGH_bin_5-1

 --- FitDiagnostics ---
Best fit r: 5.86545e-11  -5.86545e-11/+10  (68% CL)
Done in 0.00 min (cpu), 0.00 min (real)
