 <<< Combine >>> 
 <<< v10.0.1 >>>
>>> Random number generator seed is 123456
>>> Method used is FitDiagnostics
Set Default Value of Parameter mask_pass_SIG To : 1
Set Default Value of Parameter mask_pass_HIGH To : 1
Set Default Value of Parameter r To : 1
>>> 2 out of 6 channels masked

>> Found 16 floating parameters
>> The following parameters are protected in the event of negative eigenvalues: r
>> Verifying eigenvalues are all positive (iteration 0)
Eigenvalue 14 : -5.82077e-11
 - -1	Background_fail_HIGH_bin_5-1
 - -2.47692e-08	r
 - 2.62593e-09	SVM
 - 1.38718e-09	Background_fail_HIGH_bin_4-1
 - 4.58453e-10	Background_fail_HIGH_bin_3-1
Eigenvalue 15 : -0.00234195
 - 0.992733	r
 - -0.103973	SVM
 - -0.0571723	Background_fail_HIGH_bin_4-1
 - -0.0181612	Background_fail_HIGH_bin_3-1
 - -0.00706644	Background_fail_HIGH_bin_2-1
>> Attempt 0 failed, remove the variable with largest eigenvector component...
>> Dropping SVM from the hessian
>> Verifying eigenvalues are all positive (iteration 1)
Eigenvalue 13 : -5.82076e-11
 - -1	Background_fail_HIGH_bin_5-1
 - -2.61077e-07	r
 - 1.51565e-08	Background_fail_HIGH_bin_4-1
 - 4.83227e-09	Background_fail_HIGH_bin_3-1
 - 1.89915e-09	Background_fail_HIGH_bin_2-1
Eigenvalue 14 : -0.000224638
 - 0.998104	r
 - -0.0580925	Background_fail_HIGH_bin_4-1
 - -0.0184531	Background_fail_HIGH_bin_3-1
 - -0.00717783	Background_fail_HIGH_bin_2-1
 - -0.00367651	lumi
>> Attempt 1 failed, remove the variable with largest eigenvector component...
>> Dropping Background_fail_HIGH_bin_4-1 from the hessian
>> Verifying eigenvalues are all positive (iteration 2)
Eigenvalue 13 : -5.82076e-11
 - 1	Background_fail_HIGH_bin_5-1
 - -1.29328e-07	r
 - 2.39373e-09	Background_fail_HIGH_bin_3-1
 - 9.11509e-10	Background_fail_HIGH_bin_2-1
 - 6.28992e-10	lumi
>> Attempt 2 failed, remove the variable with largest eigenvector component...
>> Dropping Background_fail_HIGH_bin_5-1 from the hessian
>> Verifying eigenvalues are all positive (iteration 3)
>> All eigenvalues are positive
>> Inverting Hessian...
>> Matrix inverted
>> Note: the following parameters were dropped to make the covariance matrix pos-def:
     - SVM
     - Background_fail_HIGH_bin_4-1
     - Background_fail_HIGH_bin_5-1

 --- FitDiagnostics ---
Best fit r: 6.04391e-14  -6.04391e-14/+10  (68% CL)
Done in 0.00 min (cpu), 0.00 min (real)
