 <<< Combine >>> 
 <<< v10.0.1 >>>
>>> Random number generator seed is 123456
>>> Method used is FitDiagnostics
Set Default Value of Parameter mask_pass_SIG To : 1
Set Default Value of Parameter mask_pass_HIGH To : 1
Set Default Value of Parameter r To : 1
>>> 2 out of 6 channels masked

>> Found 16 floating parameters
>> The following parameters are protected in the event of negative eigenvalues: r
>> Verifying eigenvalues are all positive (iteration 0)
Eigenvalue 14 : -5.55112e-17
 - -1	Background_fail_HIGH_bin_5-1
 - -5.13055e-09	r
 - 1.60758e-09	Background_fail_HIGH_bin_4-1
 - 7.68613e-10	Background_fail_HIGH_bin_3-1
 - 7.29513e-10	SVM
Eigenvalue 15 : -0.00955998
 - 0.941094	r
 - -0.28171	Background_fail_HIGH_bin_4-1
 - -0.134539	Background_fail_HIGH_bin_3-1
 - -0.107525	SVM
 - -0.0645081	Background_fail_HIGH_bin_2-1
>> Attempt 0 failed, remove the variable with largest eigenvector component...
>> Dropping Background_fail_HIGH_bin_4-1 from the hessian
>> Verifying eigenvalues are all positive (iteration 1)
>> All eigenvalues are positive
>> Inverting Hessian...
>> Matrix inverted
>> Note: the following parameters were dropped to make the covariance matrix pos-def:
     - Background_fail_HIGH_bin_4-1

 --- FitDiagnostics ---
Best fit r: 3.83594e-11  -3.83594e-11/+10  (68% CL)
Done in 0.00 min (cpu), 0.00 min (real)
