 <<< Combine >>> 
 <<< v10.0.1 >>>
>>> Random number generator seed is 123456
>>> Method used is FitDiagnostics
Set Default Value of Parameter mask_pass_SIG To : 1
Set Default Value of Parameter mask_pass_HIGH To : 1
Set Default Value of Parameter r To : 1
>>> 2 out of 6 channels masked

>> Found 16 floating parameters
>> The following parameters are protected in the event of negative eigenvalues: r
>> Verifying eigenvalues are all positive (iteration 0)
Eigenvalue 14 : -5.82077e-11
 - 1	Background_fail_HIGH_bin_5-1
 - 3.1836e-10	r
 - -2.22386e-10	Background_fail_HIGH_bin_4-1
 - 1.96374e-10	Background_fail_LOW_bin_1-1
 - 1.55904e-10	Background_fail_LOW_bin_4-1
Eigenvalue 15 : -0.00299788
 - -0.990691	r
 - 0.117052	SVM
 - 0.0652867	Background_fail_HIGH_bin_4-1
 - 0.0219401	Background_fail_HIGH_bin_3-1
 - 0.00788921	Background_fail_HIGH_bin_2-1
>> Attempt 0 failed, remove the variable with largest eigenvector component...
>> Dropping SVM from the hessian
>> Verifying eigenvalues are all positive (iteration 1)
Eigenvalue 13 : -5.82076e-11
 - 1	Background_fail_HIGH_bin_5-1
 - -8.42731e-09	r
 - 3.62638e-10	Background_fail_HIGH_bin_4-1
 - 2.00342e-10	Background_fail_HIGH_bin_2-1
 - 1.96392e-10	Background_fail_LOW_bin_1-1
Eigenvalue 14 : -0.0002975
 - 0.997482	r
 - -0.0666249	Background_fail_HIGH_bin_4-1
 - -0.0223891	Background_fail_HIGH_bin_3-1
 - -0.00804757	Background_fail_HIGH_bin_2-1
 - -0.00368432	lumi
>> Attempt 1 failed, remove the variable with largest eigenvector component...
>> Dropping Background_fail_HIGH_bin_4-1 from the hessian
>> Verifying eigenvalues are all positive (iteration 2)
Eigenvalue 13 : -5.82076e-11
 - -1	Background_fail_HIGH_bin_5-1
 - 2.65589e-10	r
 - -1.96375e-10	Background_fail_LOW_bin_1-1
 - -1.5599e-10	Background_fail_LOW_bin_4-1
 - -1.53035e-10	lumi
>> Attempt 2 failed, remove the variable with largest eigenvector component...
>> Dropping Background_fail_HIGH_bin_5-1 from the hessian
>> Verifying eigenvalues are all positive (iteration 3)
>> All eigenvalues are positive
>> Inverting Hessian...
>> Matrix inverted
>> Note: the following parameters were dropped to make the covariance matrix pos-def:
     - SVM
     - Background_fail_HIGH_bin_4-1
     - Background_fail_HIGH_bin_5-1

 --- FitDiagnostics ---
Best fit r: 1.28867e-13  -1.28867e-13/+10  (68% CL)
Done in 0.00 min (cpu), 0.00 min (real)
