 <<< Combine >>> 
 <<< v10.0.1 >>>
>>> Random number generator seed is 123456
>>> Method used is FitDiagnostics
Set Default Value of Parameter mask_pass_SIG To : 1
Set Default Value of Parameter mask_pass_HIGH To : 1
Set Default Value of Parameter r To : 1
>>> 2 out of 6 channels masked

>> Found 16 floating parameters
>> The following parameters are protected in the event of negative eigenvalues: r
>> Verifying eigenvalues are all positive (iteration 0)
Eigenvalue 14 : -5.82076e-11
 - -1	Background_fail_HIGH_bin_5-1
 - 2.76371e-08	r
 - -9.90878e-09	Background_fail_HIGH_bin_1-1
 - -8.48518e-09	Background_fail_SIG_bin_2-1
 - -8.33241e-09	Background_fail_HIGH_bin_2-1
Eigenvalue 15 : -0.0045554
 - 0.831985	r
 - -0.291596	Background_fail_HIGH_bin_1-1
 - -0.250003	Background_fail_SIG_bin_2-1
 - -0.245396	Background_fail_HIGH_bin_2-1
 - -0.197364	Background_fail_HIGH_bin_3-1
>> Attempt 0 failed, remove the variable with largest eigenvector component...
>> Dropping Background_fail_HIGH_bin_1-1 from the hessian
>> Verifying eigenvalues are all positive (iteration 1)
Eigenvalue 14 : -5.82077e-11
 - -1	Background_fail_HIGH_bin_5-1
 - -9.70835e-09	r
 - 2.9946e-09	Background_fail_SIG_bin_2-1
 - 2.92701e-09	Background_fail_HIGH_bin_2-1
 - 2.51775e-09	Background_fail_HIGH_bin_3-1
>> Attempt 1 failed, remove the variable with largest eigenvector component...
>> Dropping Background_fail_HIGH_bin_5-1 from the hessian
>> Verifying eigenvalues are all positive (iteration 2)
>> All eigenvalues are positive
>> Inverting Hessian...
>> Matrix inverted
>> Note: the following parameters were dropped to make the covariance matrix pos-def:
     - Background_fail_HIGH_bin_1-1
     - Background_fail_HIGH_bin_5-1

 --- FitDiagnostics ---
Best fit r: 1.09696e-08  -1.09696e-08/+10  (68% CL)
Done in 0.00 min (cpu), 0.00 min (real)
