 <<< Combine >>> 
 <<< v10.0.1 >>>
>>> Random number generator seed is 123456
>>> Method used is FitDiagnostics
Set Default Value of Parameter mask_pass_SIG To : 1
Set Default Value of Parameter mask_pass_HIGH To : 1
Set Default Value of Parameter r To : 1
>>> 2 out of 6 channels masked

>> Found 16 floating parameters
>> The following parameters are protected in the event of negative eigenvalues: r
>> Verifying eigenvalues are all positive (iteration 0)
Eigenvalue 14 : -5.55112e-17
 - -1	Background_fail_HIGH_bin_5-1
 - 2.57737e-08	r
 - -3.6388e-09	SVM
 - -1.65879e-09	Background_fail_HIGH_bin_4-1
 - -6.01619e-10	Background_fail_HIGH_bin_3-1
Eigenvalue 15 : -0.00369474
 - 0.989174	r
 - -0.131284	SVM
 - -0.0625027	Background_fail_HIGH_bin_4-1
 - -0.0180881	Background_fail_HIGH_bin_3-1
 - -0.00671769	Background_fail_HIGH_bin_2-1
>> Attempt 0 failed, remove the variable with largest eigenvector component...
>> Dropping SVM from the hessian
>> Verifying eigenvalues are all positive (iteration 1)
Eigenvalue 14 : -0.000273358
 - -0.997735	r
 - 0.064126	Background_fail_HIGH_bin_4-1
 - 0.0185572	Background_fail_HIGH_bin_3-1
 - 0.00688855	Background_fail_HIGH_bin_2-1
 - 0.00367218	lumi
>> Attempt 1 failed, remove the variable with largest eigenvector component...
>> Dropping Background_fail_HIGH_bin_4-1 from the hessian
>> Verifying eigenvalues are all positive (iteration 2)
>> All eigenvalues are positive
>> Inverting Hessian...
>> Matrix inverted
>> Note: the following parameters were dropped to make the covariance matrix pos-def:
     - SVM
     - Background_fail_HIGH_bin_4-1

 --- FitDiagnostics ---
Best fit r: 1.00159e-11  -1.00159e-11/+10  (68% CL)
Done in 0.00 min (cpu), 0.00 min (real)
