 <<< Combine >>> 
 <<< v10.0.1 >>>
>>> Random number generator seed is 123456
>>> Method used is FitDiagnostics
Set Default Value of Parameter mask_pass_SIG To : 1
Set Default Value of Parameter mask_pass_HIGH To : 1
Set Default Value of Parameter r To : 1
>>> 2 out of 6 channels masked

>> Found 16 floating parameters
>> The following parameters are protected in the event of negative eigenvalues: r
>> Verifying eigenvalues are all positive (iteration 0)
Eigenvalue 14 : -5.55112e-17
 - 1	Background_fail_HIGH_bin_5-1
 - -2.57084e-08	r
 - 2.37409e-09	SVM
 - 8.26595e-10	Background_fail_HIGH_bin_4-1
 - 2.64606e-10	Background_fail_HIGH_bin_3-1
Eigenvalue 15 : -0.00168512
 - -0.995268	r
 - 0.0911078	SVM
 - 0.0317319	Background_fail_HIGH_bin_4-1
 - 0.0101581	Background_fail_HIGH_bin_3-1
 - 0.00402348	Background_fail_HIGH_bin_2-1
>> Attempt 0 failed, remove the variable with largest eigenvector component...
>> Dropping SVM from the hessian
>> Verifying eigenvalues are all positive (iteration 1)
Eigenvalue 14 : -6.89393e-05
 - -0.999415	r
 - 0.0321228	Background_fail_HIGH_bin_4-1
 - 0.010283	Background_fail_HIGH_bin_3-1
 - 0.00407203	Background_fail_HIGH_bin_2-1
 - 0.00355972	lumi
>> Attempt 1 failed, remove the variable with largest eigenvector component...
>> Dropping Background_fail_HIGH_bin_4-1 from the hessian
>> Verifying eigenvalues are all positive (iteration 2)
Eigenvalue 13 : -5.55112e-17
 - 1	Background_fail_HIGH_bin_5-1
 - 3.1993e-07	r
 - -3.29292e-09	Background_fail_HIGH_bin_3-1
 - -1.40315e-09	Background_fail_HIGH_bin_2-1
 - -1.13994e-09	lumi
>> Attempt 2 failed, remove the variable with largest eigenvector component...
>> Dropping Background_fail_HIGH_bin_5-1 from the hessian
>> Verifying eigenvalues are all positive (iteration 3)
>> All eigenvalues are positive
>> Inverting Hessian...
>> Matrix inverted
>> Note: the following parameters were dropped to make the covariance matrix pos-def:
     - SVM
     - Background_fail_HIGH_bin_4-1
     - Background_fail_HIGH_bin_5-1

 --- FitDiagnostics ---
Best fit r: 1.29601e-10  -1.29601e-10/+10  (68% CL)
Done in 0.00 min (cpu), 0.00 min (real)
