 <<< Combine >>> 
 <<< v10.0.1 >>>
>>> Random number generator seed is 123456
>>> Method used is FitDiagnostics
Set Default Value of Parameter mask_pass_SIG To : 1
Set Default Value of Parameter mask_pass_HIGH To : 1
Set Default Value of Parameter r To : 1
>>> 2 out of 6 channels masked

>> Found 16 floating parameters
>> The following parameters are protected in the event of negative eigenvalues: r
>> Verifying eigenvalues are all positive (iteration 0)
Eigenvalue 14 : -5.82077e-11
 - -1	Background_fail_HIGH_bin_5-1
 - 9.06685e-09	r
 - -1.29265e-09	Background_fail_HIGH_bin_4-1
 - -1.17127e-09	SVM
 - -6.0323e-10	Background_fail_HIGH_bin_3-1
Eigenvalue 15 : -0.0044439
 - 0.981306	r
 - -0.136848	Background_fail_HIGH_bin_4-1
 - -0.12389	SVM
 - -0.0499622	Background_fail_HIGH_bin_3-1
 - -0.0193944	Background_fail_HIGH_bin_2-1
>> Attempt 0 failed, remove the variable with largest eigenvector component...
>> Dropping Background_fail_HIGH_bin_4-1 from the hessian
>> Verifying eigenvalues are all positive (iteration 1)
Eigenvalue 13 : -5.82077e-11
 - 1	Background_fail_HIGH_bin_5-1
 - -7.29899e-08	r
 - 9.42895e-09	SVM
 - 3.93032e-09	Background_fail_HIGH_bin_3-1
 - 1.56807e-09	Background_fail_HIGH_bin_2-1
Eigenvalue 14 : -0.000562573
 - -0.990251	r
 - 0.127547	SVM
 - 0.0513959	Background_fail_HIGH_bin_3-1
 - 0.01994	Background_fail_HIGH_bin_2-1
 - 0.00840781	Background_fail_HIGH_bin_1-1
>> Attempt 1 failed, remove the variable with largest eigenvector component...
>> Dropping SVM from the hessian
>> Verifying eigenvalues are all positive (iteration 2)
Eigenvalue 13 : -5.82077e-11
 - -1	Background_fail_HIGH_bin_5-1
 - -1.5981e-08	r
 - 7.00469e-10	Background_fail_HIGH_bin_3-1
 - 2.28383e-10	Background_fail_HIGH_bin_2-1
 - 2.12544e-10	Background_fail_LOW_bin_1-1
>> Attempt 2 failed, remove the variable with largest eigenvector component...
>> Dropping Background_fail_HIGH_bin_5-1 from the hessian
>> Verifying eigenvalues are all positive (iteration 3)
>> All eigenvalues are positive
>> Inverting Hessian...
>> Matrix inverted
>> Note: the following parameters were dropped to make the covariance matrix pos-def:
     - Background_fail_HIGH_bin_4-1
     - SVM
     - Background_fail_HIGH_bin_5-1

 --- FitDiagnostics ---
Best fit r: 3.40266e-14  -3.40266e-14/+10  (68% CL)
Done in 0.00 min (cpu), 0.00 min (real)
