 <<< Combine >>> 
 <<< v10.0.1 >>>
>>> Random number generator seed is 123456
>>> Method used is FitDiagnostics
Set Default Value of Parameter mask_pass_SIG To : 1
Set Default Value of Parameter mask_pass_HIGH To : 1
Set Default Value of Parameter r To : 1
>>> 2 out of 6 channels masked

>> Found 16 floating parameters
>> The following parameters are protected in the event of negative eigenvalues: r
>> Verifying eigenvalues are all positive (iteration 0)
Eigenvalue 15 : -0.0026977
 - 0.991376	r
 - -0.110273	SVM
 - -0.0666595	Background_fail_HIGH_bin_4-1
 - -0.0217078	Background_fail_HIGH_bin_3-1
 - -0.00845051	Background_fail_HIGH_bin_2-1
>> Attempt 0 failed, remove the variable with largest eigenvector component...
>> Dropping SVM from the hessian
>> Verifying eigenvalues are all positive (iteration 1)
Eigenvalue 14 : -0.000308464
 - -0.997398	r
 - 0.0678684	Background_fail_HIGH_bin_4-1
 - 0.0221009	Background_fail_HIGH_bin_3-1
 - 0.0086006	Background_fail_HIGH_bin_2-1
 - 0.00368348	lumi
>> Attempt 1 failed, remove the variable with largest eigenvector component...
>> Dropping Background_fail_HIGH_bin_4-1 from the hessian
>> Verifying eigenvalues are all positive (iteration 2)
Eigenvalue 13 : -5.09575e-18
 - 1	Background_fail_HIGH_bin_5-1
 - -7.1076e-08	r
 - 1.57737e-09	Background_fail_HIGH_bin_3-1
 - 6.13811e-10	Background_fail_HIGH_bin_2-1
 - 2.62913e-10	lumi
>> Attempt 2 failed, remove the variable with largest eigenvector component...
>> Dropping Background_fail_HIGH_bin_5-1 from the hessian
>> Verifying eigenvalues are all positive (iteration 3)
>> All eigenvalues are positive
>> Inverting Hessian...
>> Matrix inverted
>> Note: the following parameters were dropped to make the covariance matrix pos-def:
     - SVM
     - Background_fail_HIGH_bin_4-1
     - Background_fail_HIGH_bin_5-1

 --- FitDiagnostics ---
Best fit r: 2.10579e-12  -2.10579e-12/+10  (68% CL)
Done in 0.00 min (cpu), 0.00 min (real)
