 <<< Combine >>> 
 <<< v10.0.1 >>>
>>> Random number generator seed is 123456
>>> Method used is FitDiagnostics
Set Default Value of Parameter mask_pass_SIG To : 1
Set Default Value of Parameter mask_pass_HIGH To : 1
Set Default Value of Parameter r To : 1
>>> 2 out of 6 channels masked

>> Found 16 floating parameters
>> The following parameters are protected in the event of negative eigenvalues: r
>> Verifying eigenvalues are all positive (iteration 0)
Eigenvalue 14 : -5.82077e-11
 - -1	Background_fail_HIGH_bin_5-1
 - 6.19491e-09	r
 - -2.40927e-09	Background_fail_HIGH_bin_4-1
 - -1.62754e-09	Background_fail_HIGH_bin_3-1
 - -8.53587e-10	SVM
Eigenvalue 15 : -0.0148345
 - 0.90321	r
 - -0.328002	Background_fail_HIGH_bin_4-1
 - -0.207501	Background_fail_HIGH_bin_3-1
 - -0.130929	SVM
 - -0.11403	Background_fail_HIGH_bin_2-1
>> Attempt 0 failed, remove the variable with largest eigenvector component...
>> Dropping Background_fail_HIGH_bin_4-1 from the hessian
>> Verifying eigenvalues are all positive (iteration 1)
Eigenvalue 14 : -5.82077e-11
 - 1	Background_fail_HIGH_bin_5-1
 - 8.64497e-09	r
 - -2.03529e-09	Background_fail_HIGH_bin_3-1
 - -1.46428e-09	SVM
 - -1.18493e-09	Background_fail_HIGH_bin_2-1
>> Attempt 1 failed, remove the variable with largest eigenvector component...
>> Dropping Background_fail_HIGH_bin_5-1 from the hessian
>> Verifying eigenvalues are all positive (iteration 2)
>> All eigenvalues are positive
>> Inverting Hessian...
>> Matrix inverted
>> Note: the following parameters were dropped to make the covariance matrix pos-def:
     - Background_fail_HIGH_bin_4-1
     - Background_fail_HIGH_bin_5-1

 --- FitDiagnostics ---
Best fit r: 1.40197e-10  -1.40197e-10/+10  (68% CL)
Done in 0.01 min (cpu), 0.01 min (real)
