 <<< Combine >>> 
 <<< v10.0.1 >>>
>>> Random number generator seed is 123456
>>> Method used is FitDiagnostics
Set Default Value of Parameter mask_pass_SIG To : 1
Set Default Value of Parameter mask_pass_HIGH To : 1
Set Default Value of Parameter r To : 1
>>> 2 out of 6 channels masked

>> Found 16 floating parameters
>> The following parameters are protected in the event of negative eigenvalues: r
>> Verifying eigenvalues are all positive (iteration 0)
Eigenvalue 15 : -0.00259258
 - 0.991911	r
 - -0.10907	SVM
 - -0.0609187	Background_fail_HIGH_bin_4-1
 - -0.0205505	Background_fail_HIGH_bin_3-1
 - -0.00761551	Background_fail_HIGH_bin_2-1
>> Attempt 0 failed, remove the variable with largest eigenvector component...
>> Dropping SVM from the hessian
>> Verifying eigenvalues are all positive (iteration 1)
Eigenvalue 14 : -0.000257054
 - 0.997814	r
 - -0.0619995	Background_fail_HIGH_bin_4-1
 - -0.0209145	Background_fail_HIGH_bin_3-1
 - -0.00774783	Background_fail_HIGH_bin_2-1
 - -0.00365332	lumi
>> Attempt 1 failed, remove the variable with largest eigenvector component...
>> Dropping Background_fail_HIGH_bin_4-1 from the hessian
>> Verifying eigenvalues are all positive (iteration 2)
Eigenvalue 13 : -5.55112e-17
 - -1	Background_fail_HIGH_bin_5-1
 - 3.4141e-07	r
 - -7.19812e-09	Background_fail_HIGH_bin_3-1
 - -2.68736e-09	Background_fail_HIGH_bin_2-1
 - -1.2897e-09	lumi
>> Attempt 2 failed, remove the variable with largest eigenvector component...
>> Dropping Background_fail_HIGH_bin_5-1 from the hessian
>> Verifying eigenvalues are all positive (iteration 3)
>> All eigenvalues are positive
>> Inverting Hessian...
>> Matrix inverted
>> Note: the following parameters were dropped to make the covariance matrix pos-def:
     - SVM
     - Background_fail_HIGH_bin_4-1
     - Background_fail_HIGH_bin_5-1

 --- FitDiagnostics ---
Best fit r: 9.29364e-13  -9.29364e-13/+10  (68% CL)
Done in 0.00 min (cpu), 0.00 min (real)
