 <<< Combine >>> 
 <<< v10.0.1 >>>
>>> Random number generator seed is 123456
>>> Method used is FitDiagnostics
Set Default Value of Parameter mask_pass_SIG To : 1
Set Default Value of Parameter mask_pass_HIGH To : 1
Set Default Value of Parameter r To : 1
>>> 2 out of 6 channels masked

>> Found 16 floating parameters
>> The following parameters are protected in the event of negative eigenvalues: r
>> Verifying eigenvalues are all positive (iteration 0)
Eigenvalue 15 : -0.00385494
 - 0.808757	r
 - -0.293023	Background_fail_HIGH_bin_1-1
 - -0.278086	Background_fail_SIG_bin_2-1
 - -0.238864	Background_fail_HIGH_bin_2-1
 - -0.188849	Background_fail_HIGH_bin_4-1
>> Attempt 0 failed, remove the variable with largest eigenvector component...
>> Dropping Background_fail_HIGH_bin_1-1 from the hessian
>> Verifying eigenvalues are all positive (iteration 1)
Eigenvalue 14 : -5.55112e-17
 - 1	Background_fail_HIGH_bin_5-1
 - 6.21138e-09	r
 - -2.17727e-09	Background_fail_SIG_bin_2-1
 - -1.86894e-09	Background_fail_HIGH_bin_2-1
 - -1.47713e-09	Background_fail_HIGH_bin_4-1
>> Attempt 1 failed, remove the variable with largest eigenvector component...
>> Dropping Background_fail_HIGH_bin_5-1 from the hessian
>> Verifying eigenvalues are all positive (iteration 2)
>> All eigenvalues are positive
>> Inverting Hessian...
>> Matrix inverted
>> Note: the following parameters were dropped to make the covariance matrix pos-def:
     - Background_fail_HIGH_bin_1-1
     - Background_fail_HIGH_bin_5-1

 --- FitDiagnostics ---
Best fit r: 1.89427e-10  -1.89427e-10/+10  (68% CL)
Done in 0.00 min (cpu), 0.00 min (real)
