 <<< Combine >>> 
 <<< v10.0.1 >>>
>>> Random number generator seed is 123456
>>> Method used is FitDiagnostics
Set Default Value of Parameter mask_pass_SIG To : 1
Set Default Value of Parameter mask_pass_HIGH To : 1
Set Default Value of Parameter r To : 1
>>> 2 out of 6 channels masked

>> Found 16 floating parameters
>> The following parameters are protected in the event of negative eigenvalues: r
>> Verifying eigenvalues are all positive (iteration 0)
Eigenvalue 14 : -5.82077e-11
 - -1	Background_fail_HIGH_bin_5-1
 - 6.46109e-08	r
 - -7.88271e-09	Background_fail_HIGH_bin_4-1
 - -7.42274e-09	SVM
 - -3.04392e-09	Background_fail_HIGH_bin_3-1
Eigenvalue 15 : -0.00354599
 - -0.98518	r
 - 0.12004	Background_fail_HIGH_bin_4-1
 - 0.111122	SVM
 - 0.046556	Background_fail_HIGH_bin_3-1
 - 0.0201012	Background_fail_HIGH_bin_2-1
>> Attempt 0 failed, remove the variable with largest eigenvector component...
>> Dropping Background_fail_HIGH_bin_4-1 from the hessian
>> Verifying eigenvalues are all positive (iteration 1)
Eigenvalue 13 : -5.82076e-11
 - -1	Background_fail_HIGH_bin_5-1
 - 4.54607e-07	r
 - -5.22269e-08	SVM
 - -2.18013e-08	Background_fail_HIGH_bin_3-1
 - -9.53495e-09	Background_fail_HIGH_bin_2-1
Eigenvalue 14 : -0.000504409
 - 0.992116	r
 - -0.113678	SVM
 - -0.0475968	Background_fail_HIGH_bin_3-1
 - -0.0205418	Background_fail_HIGH_bin_2-1
 - -0.00826	Background_fail_HIGH_bin_1-1
>> Attempt 1 failed, remove the variable with largest eigenvector component...
>> Dropping SVM from the hessian
>> Verifying eigenvalues are all positive (iteration 2)
Eigenvalue 13 : -5.82077e-11
 - 1	Background_fail_HIGH_bin_5-1
 - 1.15693e-07	r
 - -5.62801e-09	Background_fail_HIGH_bin_3-1
 - -2.30211e-09	Background_fail_HIGH_bin_2-1
 - -9.73389e-10	Background_fail_HIGH_bin_1-1
>> Attempt 2 failed, remove the variable with largest eigenvector component...
>> Dropping Background_fail_HIGH_bin_5-1 from the hessian
>> Verifying eigenvalues are all positive (iteration 3)
>> All eigenvalues are positive
>> Inverting Hessian...
>> Matrix inverted
>> Note: the following parameters were dropped to make the covariance matrix pos-def:
     - Background_fail_HIGH_bin_4-1
     - SVM
     - Background_fail_HIGH_bin_5-1

 --- FitDiagnostics ---
Best fit r: 9.42742e-13  -9.42742e-13/+10  (68% CL)
Done in 0.00 min (cpu), 0.00 min (real)
