 <<< Combine >>> 
 <<< v10.0.1 >>>
>>> Random number generator seed is 123456
>>> Method used is FitDiagnostics
Set Default Value of Parameter mask_pass_SIG To : 1
Set Default Value of Parameter mask_pass_HIGH To : 1
Set Default Value of Parameter r To : 1
>>> 2 out of 6 channels masked

>> Found 16 floating parameters
>> The following parameters are protected in the event of negative eigenvalues: r
>> Verifying eigenvalues are all positive (iteration 0)
Eigenvalue 14 : -5.55112e-17
 - 1	Background_fail_HIGH_bin_5-1
 - 1.48746e-08	r
 - -1.88716e-09	Background_fail_HIGH_bin_4-1
 - -1.82938e-09	SVM
 - -7.30247e-10	Background_fail_HIGH_bin_3-1
Eigenvalue 15 : -0.00382741
 - -0.984015	r
 - 0.125751	Background_fail_HIGH_bin_4-1
 - 0.116183	SVM
 - 0.0452685	Background_fail_HIGH_bin_3-1
 - 0.0169513	Background_fail_HIGH_bin_2-1
>> Attempt 0 failed, remove the variable with largest eigenvector component...
>> Dropping Background_fail_HIGH_bin_4-1 from the hessian
>> Verifying eigenvalues are all positive (iteration 1)
Eigenvalue 13 : -5.55112e-17
 - 1	Background_fail_HIGH_bin_5-1
 - 9.93903e-08	r
 - -1.20077e-08	SVM
 - -4.6929e-09	Background_fail_HIGH_bin_3-1
 - -1.64489e-09	Background_fail_HIGH_bin_2-1
Eigenvalue 14 : -0.000569128
 - 0.991616	r
 - -0.119067	SVM
 - -0.0463612	Background_fail_HIGH_bin_3-1
 - -0.0173525	Background_fail_HIGH_bin_2-1
 - -0.00723619	Background_fail_HIGH_bin_1-1
>> Attempt 1 failed, remove the variable with largest eigenvector component...
>> Dropping SVM from the hessian
>> Verifying eigenvalues are all positive (iteration 2)
>> All eigenvalues are positive
>> Inverting Hessian...
>> Matrix inverted
>> Note: the following parameters were dropped to make the covariance matrix pos-def:
     - Background_fail_HIGH_bin_4-1
     - SVM

 --- FitDiagnostics ---
Best fit r: 2.00141e-11  -2.00141e-11/+10  (68% CL)
Done in 0.00 min (cpu), 0.00 min (real)
