 <<< Combine >>> 
 <<< v10.0.1 >>>
>>> Random number generator seed is 123456
>>> Method used is FitDiagnostics
Set Default Value of Parameter mask_pass_SIG To : 1
Set Default Value of Parameter mask_pass_HIGH To : 1
Set Default Value of Parameter r To : 1
>>> 2 out of 6 channels masked

>> Found 16 floating parameters
>> The following parameters are protected in the event of negative eigenvalues: r
>> Verifying eigenvalues are all positive (iteration 0)
Eigenvalue 14 : -5.55112e-17
 - 1	Background_fail_HIGH_bin_5-1
 - 3.52406e-09	r
 - -4.566e-10	SVM
 - -4.35563e-10	Background_fail_HIGH_bin_4-1
 - -2.03407e-10	Background_fail_LOW_bin_2-1
Eigenvalue 15 : -0.00418945
 - 0.983838	r
 - -0.124742	SVM
 - -0.119158	Background_fail_HIGH_bin_4-1
 - -0.0439591	Background_fail_HIGH_bin_3-1
 - -0.0173661	Background_fail_HIGH_bin_2-1
>> Attempt 0 failed, remove the variable with largest eigenvector component...
>> Dropping SVM from the hessian
>> Verifying eigenvalues are all positive (iteration 1)
Eigenvalue 13 : -5.55112e-17
 - 1	Background_fail_HIGH_bin_5-1
 - 1.36528e-08	r
 - -1.68745e-09	Background_fail_HIGH_bin_4-1
 - -5.01254e-10	Background_fail_HIGH_bin_3-1
 - -3.45096e-10	Background_fail_HIGH_bin_2-1
Eigenvalue 14 : -0.00109855
 - 0.99133	r
 - -0.121871	Background_fail_HIGH_bin_4-1
 - -0.0449764	Background_fail_HIGH_bin_3-1
 - -0.0177603	Background_fail_HIGH_bin_2-1
 - -0.00717079	Background_fail_HIGH_bin_1-1
>> Attempt 1 failed, remove the variable with largest eigenvector component...
>> Dropping Background_fail_HIGH_bin_4-1 from the hessian
>> Verifying eigenvalues are all positive (iteration 2)
Eigenvalue 13 : -5.55112e-17
 - -1	Background_fail_HIGH_bin_5-1
 - 7.60785e-09	r
 - -4.68652e-10	Background_fail_HIGH_bin_3-1
 - 2.03135e-10	Background_fail_LOW_bin_2-1
 - -1.79973e-10	lumi
>> Attempt 2 failed, remove the variable with largest eigenvector component...
>> Dropping Background_fail_HIGH_bin_5-1 from the hessian
>> Verifying eigenvalues are all positive (iteration 3)
>> All eigenvalues are positive
>> Inverting Hessian...
>> Matrix inverted
>> Note: the following parameters were dropped to make the covariance matrix pos-def:
     - SVM
     - Background_fail_HIGH_bin_4-1
     - Background_fail_HIGH_bin_5-1

 --- FitDiagnostics ---
Best fit r: 1.25035e-11  -1.25035e-11/+10  (68% CL)
Done in 0.00 min (cpu), 0.00 min (real)
