 <<< Combine >>> 
 <<< v10.0.1 >>>
>>> Random number generator seed is 123456
>>> Method used is FitDiagnostics
Set Default Value of Parameter mask_pass_SIG To : 1
Set Default Value of Parameter mask_pass_HIGH To : 1
Set Default Value of Parameter r To : 1
>>> 2 out of 6 channels masked

>> Found 16 floating parameters
>> The following parameters are protected in the event of negative eigenvalues: r
>> Verifying eigenvalues are all positive (iteration 0)
Eigenvalue 14 : -5.82077e-11
 - 1	Background_fail_HIGH_bin_5-1
 - -1.36816e-08	r
 - 2.58488e-09	SVM
 - 2.50713e-09	Background_fail_HIGH_bin_4-1
 - 1.21836e-09	Background_fail_HIGH_bin_3-1
Eigenvalue 15 : -0.0090723
 - -0.965367	r
 - 0.176695	SVM
 - 0.174518	Background_fail_HIGH_bin_4-1
 - 0.073366	Background_fail_HIGH_bin_3-1
 - 0.0289205	Background_fail_HIGH_bin_2-1
>> Attempt 0 failed, remove the variable with largest eigenvector component...
>> Dropping SVM from the hessian
>> Verifying eigenvalues are all positive (iteration 1)
Eigenvalue 13 : -5.82077e-11
 - -1	Background_fail_HIGH_bin_5-1
 - 4.84167e-08	r
 - -9.06501e-09	Background_fail_HIGH_bin_4-1
 - -3.97821e-09	Background_fail_HIGH_bin_3-1
 - -1.51454e-09	Background_fail_HIGH_bin_2-1
Eigenvalue 14 : -0.00261913
 - 0.979617	r
 - -0.182611	Background_fail_HIGH_bin_4-1
 - -0.076826	Background_fail_HIGH_bin_3-1
 - -0.0302579	Background_fail_HIGH_bin_2-1
 - -0.0124109	Background_fail_HIGH_bin_1-1
>> Attempt 1 failed, remove the variable with largest eigenvector component...
>> Dropping Background_fail_HIGH_bin_4-1 from the hessian
>> Verifying eigenvalues are all positive (iteration 2)
Eigenvalue 13 : -5.82077e-11
 - -1	Background_fail_HIGH_bin_5-1
 - -2.83485e-08	r
 - 2.12111e-09	Background_fail_HIGH_bin_3-1
 - 8.86779e-10	Background_fail_HIGH_bin_2-1
 - 5.15885e-10	Background_fail_HIGH_bin_1-1
>> Attempt 2 failed, remove the variable with largest eigenvector component...
>> Dropping Background_fail_HIGH_bin_5-1 from the hessian
>> Verifying eigenvalues are all positive (iteration 3)
>> All eigenvalues are positive
>> Inverting Hessian...
>> Matrix inverted
>> Note: the following parameters were dropped to make the covariance matrix pos-def:
     - SVM
     - Background_fail_HIGH_bin_4-1
     - Background_fail_HIGH_bin_5-1

 --- FitDiagnostics ---
Best fit r: 4.7628e-12  -4.7628e-12/+10  (68% CL)
Done in 0.00 min (cpu), 0.00 min (real)
