 <<< Combine >>> 
 <<< v10.0.1 >>>
>>> Random number generator seed is 123456
>>> Method used is FitDiagnostics
Set Default Value of Parameter mask_pass_SIG To : 1
Set Default Value of Parameter mask_pass_HIGH To : 1
Set Default Value of Parameter r To : 1
>>> 2 out of 6 channels masked

>> Found 16 floating parameters
>> The following parameters are protected in the event of negative eigenvalues: r
>> Verifying eigenvalues are all positive (iteration 0)
Eigenvalue 15 : -0.00306043
 - -0.990652	r
 - 0.118878	SVM
 - 0.0624619	Background_fail_HIGH_bin_4-1
 - 0.0221436	Background_fail_HIGH_bin_3-1
 - 0.00781278	Background_fail_HIGH_bin_2-1
>> Attempt 0 failed, remove the variable with largest eigenvector component...
>> Dropping SVM from the hessian
>> Verifying eigenvalues are all positive (iteration 1)
Eigenvalue 14 : -0.000273034
 - -0.997663	r
 - 0.0637838	Background_fail_HIGH_bin_4-1
 - 0.0226115	Background_fail_HIGH_bin_3-1
 - 0.00797471	Background_fail_HIGH_bin_2-1
 - 0.00365154	lumi
>> Attempt 1 failed, remove the variable with largest eigenvector component...
>> Dropping Background_fail_HIGH_bin_4-1 from the hessian
>> Verifying eigenvalues are all positive (iteration 2)
>> All eigenvalues are positive
>> Inverting Hessian...
>> Matrix inverted
>> Note: the following parameters were dropped to make the covariance matrix pos-def:
     - SVM
     - Background_fail_HIGH_bin_4-1

 --- FitDiagnostics ---
Best fit r: 1.67257e-13  -1.67257e-13/+5  (68% CL)
Done in 0.00 min (cpu), 0.00 min (real)
