 <<< Combine >>> 
 <<< v10.0.1 >>>
>>> Random number generator seed is 123456
>>> Method used is FitDiagnostics
Set Default Value of Parameter mask_pass_SIG To : 1
Set Default Value of Parameter mask_pass_HIGH To : 1
Set Default Value of Parameter r To : 1
>>> 2 out of 6 channels masked

>> Found 16 floating parameters
>> The following parameters are protected in the event of negative eigenvalues: r
>> Verifying eigenvalues are all positive (iteration 0)
Eigenvalue 15 : -0.00266915
 - 0.991619	r
 - -0.110345	SVM
 - -0.063213	Background_fail_HIGH_bin_4-1
 - -0.0209965	Background_fail_HIGH_bin_3-1
 - -0.00733285	Background_fail_HIGH_bin_2-1
>> Attempt 0 failed, remove the variable with largest eigenvector component...
>> Dropping SVM from the hessian
>> Verifying eigenvalues are all positive (iteration 1)
Eigenvalue 14 : -0.000277082
 - -0.997657	r
 - 0.0643612	Background_fail_HIGH_bin_4-1
 - 0.0213773	Background_fail_HIGH_bin_3-1
 - 0.00746331	Background_fail_HIGH_bin_2-1
 - 0.00365445	lumi
>> Attempt 1 failed, remove the variable with largest eigenvector component...
>> Dropping Background_fail_HIGH_bin_4-1 from the hessian
>> Verifying eigenvalues are all positive (iteration 2)
>> All eigenvalues are positive
>> Inverting Hessian...
>> Matrix inverted
>> Note: the following parameters were dropped to make the covariance matrix pos-def:
     - SVM
     - Background_fail_HIGH_bin_4-1

 --- FitDiagnostics ---
Best fit r: 1.19374e-11  -1.19374e-11/+10  (68% CL)
Done in 0.00 min (cpu), 0.00 min (real)
