 <<< Combine >>> 
 <<< v10.0.1 >>>
>>> Random number generator seed is 123456
>>> Method used is FitDiagnostics
Set Default Value of Parameter mask_pass_SIG To : 1
Set Default Value of Parameter mask_pass_HIGH To : 1
Set Default Value of Parameter r To : 1
>>> 2 out of 6 channels masked

>> Found 16 floating parameters
>> The following parameters are protected in the event of negative eigenvalues: r
>> Verifying eigenvalues are all positive (iteration 0)
Eigenvalue 15 : -0.00998647
 - 0.973056	r
 - -0.211017	SVM
 - -0.0881418	Background_fail_HIGH_bin_4-1
 - -0.0269109	Background_fail_HIGH_bin_3-1
 - -0.0107803	Background_fail_HIGH_bin_2-1
>> Attempt 0 failed, remove the variable with largest eigenvector component...
>> Dropping SVM from the hessian
>> Verifying eigenvalues are all positive (iteration 1)
Eigenvalue 14 : -0.000604898
 - -0.99504	r
 - 0.0943693	Background_fail_HIGH_bin_4-1
 - 0.0288092	Background_fail_HIGH_bin_3-1
 - 0.0115259	Background_fail_HIGH_bin_2-1
 - 0.00365359	lumi
>> Attempt 1 failed, remove the variable with largest eigenvector component...
>> Dropping Background_fail_HIGH_bin_4-1 from the hessian
>> Verifying eigenvalues are all positive (iteration 2)
Eigenvalue 13 : -5.55112e-17
 - -1	Background_fail_HIGH_bin_5-1
 - -1.10038e-07	r
 - 3.19558e-09	Background_fail_HIGH_bin_3-1
 - 1.31143e-09	Background_fail_HIGH_bin_2-1
 - 3.87663e-10	Background_fail_HIGH_bin_1-1
>> Attempt 2 failed, remove the variable with largest eigenvector component...
>> Dropping Background_fail_HIGH_bin_5-1 from the hessian
>> Verifying eigenvalues are all positive (iteration 3)
>> All eigenvalues are positive
>> Inverting Hessian...
>> Matrix inverted
>> Note: the following parameters were dropped to make the covariance matrix pos-def:
     - SVM
     - Background_fail_HIGH_bin_4-1
     - Background_fail_HIGH_bin_5-1

 --- FitDiagnostics ---
Best fit r: 7.19831e-13  -7.19831e-13/+10  (68% CL)
Done in 0.00 min (cpu), 0.00 min (real)
