 <<< Combine >>> 
 <<< v10.0.1 >>>
>>> Random number generator seed is 123456
>>> Method used is FitDiagnostics
Set Default Value of Parameter mask_pass_SIG To : 1
Set Default Value of Parameter mask_pass_HIGH To : 1
Set Default Value of Parameter r To : 1
>>> 2 out of 6 channels masked

>> Found 16 floating parameters
>> The following parameters are protected in the event of negative eigenvalues: r
>> Verifying eigenvalues are all positive (iteration 0)
Eigenvalue 14 : -5.55112e-17
 - 1	Background_fail_HIGH_bin_5-1
 - 3.82715e-09	r
 - -5.24386e-10	SVM
 - -2.79734e-10	Background_fail_HIGH_bin_4-1
 - 1.23784e-10	Background_fail_LOW_bin_4-1
Eigenvalue 15 : -0.00385612
 - 0.988344	r
 - -0.132746	SVM
 - -0.0708667	Background_fail_HIGH_bin_4-1
 - -0.0211942	Background_fail_HIGH_bin_3-1
 - -0.00780462	Background_fail_HIGH_bin_2-1
>> Attempt 0 failed, remove the variable with largest eigenvector component...
>> Dropping SVM from the hessian
>> Verifying eigenvalues are all positive (iteration 1)
Eigenvalue 13 : -5.55112e-17
 - 1	Background_fail_HIGH_bin_5-1
 - 4.24549e-08	r
 - -3.10311e-09	Background_fail_HIGH_bin_4-1
 - -8.06422e-10	Background_fail_HIGH_bin_3-1
 - -3.08483e-10	Background_fail_HIGH_bin_2-1
Eigenvalue 14 : -0.00035394
 - 0.997069	r
 - -0.0727482	Background_fail_HIGH_bin_4-1
 - -0.0217561	Background_fail_HIGH_bin_3-1
 - -0.00800754	Background_fail_HIGH_bin_2-1
 - -0.00366202	lumi
>> Attempt 1 failed, remove the variable with largest eigenvector component...
>> Dropping Background_fail_HIGH_bin_4-1 from the hessian
>> Verifying eigenvalues are all positive (iteration 2)
Eigenvalue 13 : -5.55112e-17
 - 1	Background_fail_HIGH_bin_5-1
 - -2.13749e-08	r
 - 5.88817e-10	Background_fail_HIGH_bin_3-1
 - 2.05022e-10	Background_fail_HIGH_bin_2-1
 - 1.26945e-10	Background_fail_LOW_bin_4-1
>> Attempt 2 failed, remove the variable with largest eigenvector component...
>> Dropping Background_fail_HIGH_bin_5-1 from the hessian
>> Verifying eigenvalues are all positive (iteration 3)
>> All eigenvalues are positive
>> Inverting Hessian...
>> Matrix inverted
>> Note: the following parameters were dropped to make the covariance matrix pos-def:
     - SVM
     - Background_fail_HIGH_bin_4-1
     - Background_fail_HIGH_bin_5-1

 --- FitDiagnostics ---
Best fit r: 3.59266e-13  -3.59266e-13/+10  (68% CL)
Done in 0.00 min (cpu), 0.00 min (real)
