 <<< Combine >>> 
 <<< v10.0.1 >>>
>>> Random number generator seed is 123456
>>> Method used is FitDiagnostics
Set Default Value of Parameter mask_pass_SIG To : 1
Set Default Value of Parameter mask_pass_HIGH To : 1
Set Default Value of Parameter r To : 1
>>> 2 out of 6 channels masked

>> Found 16 floating parameters
>> The following parameters are protected in the event of negative eigenvalues: r
>> Verifying eigenvalues are all positive (iteration 0)
Eigenvalue 14 : -5.82075e-11
 - -1	Background_fail_HIGH_bin_5-1
 - 5.97797e-08	r
 - -7.96764e-09	Background_fail_HIGH_bin_4-1
 - -6.98257e-09	SVM
 - -2.80786e-09	Background_fail_HIGH_bin_3-1
Eigenvalue 15 : -0.00380486
 - -0.983819	r
 - 0.126949	Background_fail_HIGH_bin_4-1
 - 0.115129	SVM
 - 0.0479633	Background_fail_HIGH_bin_3-1
 - 0.0186615	Background_fail_HIGH_bin_2-1
>> Attempt 0 failed, remove the variable with largest eigenvector component...
>> Dropping Background_fail_HIGH_bin_4-1 from the hessian
>> Verifying eigenvalues are all positive (iteration 1)
Eigenvalue 13 : -5.82075e-11
 - 1	Background_fail_HIGH_bin_5-1
 - -4.83566e-07	r
 - 5.75609e-08	SVM
 - 2.38625e-08	Background_fail_HIGH_bin_3-1
 - 9.34241e-09	Background_fail_HIGH_bin_2-1
Eigenvalue 14 : -0.000483739
 - -0.991565	r
 - 0.118044	SVM
 - 0.0491439	Background_fail_HIGH_bin_3-1
 - 0.0191119	Background_fail_HIGH_bin_2-1
 - 0.00774736	Background_fail_HIGH_bin_1-1
>> Attempt 1 failed, remove the variable with largest eigenvector component...
>> Dropping SVM from the hessian
>> Verifying eigenvalues are all positive (iteration 2)
Eigenvalue 13 : -5.82077e-11
 - -1	Background_fail_HIGH_bin_5-1
 - -1.0493e-07	r
 - 5.37524e-09	Background_fail_HIGH_bin_3-1
 - 2.02722e-09	Background_fail_HIGH_bin_2-1
 - 8.32144e-10	Background_fail_HIGH_bin_1-1
>> Attempt 2 failed, remove the variable with largest eigenvector component...
>> Dropping Background_fail_HIGH_bin_5-1 from the hessian
>> Verifying eigenvalues are all positive (iteration 3)
>> All eigenvalues are positive
>> Inverting Hessian...
>> Matrix inverted
>> Note: the following parameters were dropped to make the covariance matrix pos-def:
     - Background_fail_HIGH_bin_4-1
     - SVM
     - Background_fail_HIGH_bin_5-1

 --- FitDiagnostics ---
Best fit r: 3.25261e-17  -3.25261e-17/+10  (68% CL)
Done in 0.00 min (cpu), 0.00 min (real)
