 <<< Combine >>> 
 <<< v10.0.1 >>>
>>> Random number generator seed is 123456
>>> Method used is FitDiagnostics
Set Default Value of Parameter mask_pass_SIG To : 1
Set Default Value of Parameter mask_pass_HIGH To : 1
Set Default Value of Parameter r To : 1
>>> 2 out of 6 channels masked

>> Found 16 floating parameters
>> The following parameters are protected in the event of negative eigenvalues: r
>> Verifying eigenvalues are all positive (iteration 0)
Eigenvalue 14 : -5.55112e-17
 - 1	Background_fail_HIGH_bin_5-1
 - -3.62355e-09	r
 - 1.11047e-09	Background_fail_HIGH_bin_4-1
 - 1.10816e-09	Background_fail_HIGH_bin_2-1
 - 1.0557e-09	Background_fail_HIGH_bin_3-1
Eigenvalue 15 : -0.00884289
 - -0.884846	r
 - 0.259933	Background_fail_HIGH_bin_4-1
 - 0.246849	Background_fail_HIGH_bin_3-1
 - 0.232771	Background_fail_HIGH_bin_2-1
 - 0.148499	Background_fail_HIGH_bin_1-1
>> Attempt 0 failed, remove the variable with largest eigenvector component...
>> Dropping Background_fail_HIGH_bin_4-1 from the hessian
>> Verifying eigenvalues are all positive (iteration 1)
Eigenvalue 14 : -5.55112e-17
 - 1	Background_fail_HIGH_bin_5-1
 - 5.28975e-09	r
 - -1.54114e-09	Background_fail_HIGH_bin_3-1
 - -1.33758e-09	Background_fail_HIGH_bin_2-1
 - -9.65328e-10	Background_fail_HIGH_bin_1-1
>> Attempt 1 failed, remove the variable with largest eigenvector component...
>> Dropping Background_fail_HIGH_bin_5-1 from the hessian
>> Verifying eigenvalues are all positive (iteration 2)
>> All eigenvalues are positive
>> Inverting Hessian...
>> Matrix inverted
>> Note: the following parameters were dropped to make the covariance matrix pos-def:
     - Background_fail_HIGH_bin_4-1
     - Background_fail_HIGH_bin_5-1

 --- FitDiagnostics ---
Best fit r: 1.57616e-08  -1.57616e-08/+10  (68% CL)
Done in 0.00 min (cpu), 0.00 min (real)
