 <<< Combine >>> 
 <<< v10.0.1 >>>
>>> Random number generator seed is 123456
>>> Method used is FitDiagnostics
Set Default Value of Parameter mask_pass_SIG To : 1
Set Default Value of Parameter mask_pass_HIGH To : 1
Set Default Value of Parameter r To : 1
>>> 2 out of 6 channels masked

>> Found 16 floating parameters
>> The following parameters are protected in the event of negative eigenvalues: r
>> Verifying eigenvalues are all positive (iteration 0)
Eigenvalue 14 : -5.82077e-11
 - -1	Background_fail_HIGH_bin_5-1
 - 1.69355e-08	r
 - -1.96627e-09	SVM
 - -3.10843e-10	Background_fail_HIGH_bin_4-1
 - -1.65734e-10	Background_fail_LOW_bin_1-1
Eigenvalue 15 : -0.00259851
 - 0.993061	r
 - -0.113753	SVM
 - -0.0280927	Background_fail_HIGH_bin_4-1
 - -0.00858124	Background_fail_HIGH_bin_3-1
 - -0.00364052	lumi
>> Attempt 0 failed, remove the variable with largest eigenvector component...
>> Dropping SVM from the hessian
>> Verifying eigenvalues are all positive (iteration 1)
Eigenvalue 13 : -5.82075e-11
 - 1	Background_fail_HIGH_bin_5-1
 - -8.07312e-07	r
 - 2.29617e-08	Background_fail_HIGH_bin_4-1
 - 7.06702e-09	Background_fail_HIGH_bin_3-1
 - 2.99975e-09	lumi
Eigenvalue 14 : -5.52342e-05
 - -0.999538	r
 - 0.0286371	Background_fail_HIGH_bin_4-1
 - 0.0087473	Background_fail_HIGH_bin_3-1
 - 0.00371294	lumi
 - 0.00342085	Background_fail_HIGH_bin_2-1
>> Attempt 1 failed, remove the variable with largest eigenvector component...
>> Dropping Background_fail_HIGH_bin_4-1 from the hessian
>> Verifying eigenvalues are all positive (iteration 2)
Eigenvalue 13 : -5.82077e-11
 - -1	Background_fail_HIGH_bin_5-1
 - -4.03459e-07	r
 - 3.53179e-09	Background_fail_HIGH_bin_3-1
 - 1.49914e-09	lumi
 - 1.38608e-09	Background_fail_HIGH_bin_2-1
>> Attempt 2 failed, remove the variable with largest eigenvector component...
>> Dropping Background_fail_HIGH_bin_5-1 from the hessian
>> Verifying eigenvalues are all positive (iteration 3)
>> All eigenvalues are positive
>> Inverting Hessian...
>> Matrix inverted
>> Note: the following parameters were dropped to make the covariance matrix pos-def:
     - SVM
     - Background_fail_HIGH_bin_4-1
     - Background_fail_HIGH_bin_5-1

 --- FitDiagnostics ---
Best fit r: 6.26283e-09  -6.26283e-09/+10  (68% CL)
Done in 0.00 min (cpu), 0.00 min (real)
