 <<< Combine >>> 
 <<< v10.0.1 >>>
>>> Random number generator seed is 123456
>>> Method used is FitDiagnostics
Set Default Value of Parameter mask_pass_SIG To : 1
Set Default Value of Parameter mask_pass_HIGH To : 1
Set Default Value of Parameter r To : 1
>>> 2 out of 6 channels masked

>> Found 16 floating parameters
>> The following parameters are protected in the event of negative eigenvalues: r
>> Verifying eigenvalues are all positive (iteration 0)
Eigenvalue 14 : -5.82077e-11
 - -1	Background_fail_HIGH_bin_5-1
 - 3.49624e-08	r
 - -4.98809e-09	Background_fail_HIGH_bin_4-1
 - -4.7582e-09	SVM
 - -1.97785e-09	Background_fail_HIGH_bin_3-1
Eigenvalue 15 : -0.00478018
 - 0.980317	r
 - -0.136581	Background_fail_HIGH_bin_4-1
 - -0.130165	SVM
 - -0.0532603	Background_fail_HIGH_bin_3-1
 - -0.0210739	Background_fail_HIGH_bin_2-1
>> Attempt 0 failed, remove the variable with largest eigenvector component...
>> Dropping Background_fail_HIGH_bin_4-1 from the hessian
>> Verifying eigenvalues are all positive (iteration 1)
Eigenvalue 13 : -5.82076e-11
 - 1	Background_fail_HIGH_bin_5-1
 - -1.8761e-07	r
 - 2.55327e-08	SVM
 - 1.04699e-08	Background_fail_HIGH_bin_3-1
 - 4.22121e-09	Background_fail_HIGH_bin_2-1
Eigenvalue 14 : -0.000907768
 - -0.989177	r
 - 0.133986	SVM
 - 0.0547803	Background_fail_HIGH_bin_3-1
 - 0.0216635	Background_fail_HIGH_bin_2-1
 - 0.00895042	Background_fail_HIGH_bin_1-1
>> Attempt 1 failed, remove the variable with largest eigenvector component...
>> Dropping SVM from the hessian
>> Verifying eigenvalues are all positive (iteration 2)
Eigenvalue 13 : -5.82077e-11
 - -1	Background_fail_HIGH_bin_5-1
 - -6.65068e-08	r
 - 3.66706e-09	Background_fail_HIGH_bin_3-1
 - 1.36867e-09	Background_fail_HIGH_bin_2-1
 - 7.56524e-10	Background_fail_HIGH_bin_1-1
>> Attempt 2 failed, remove the variable with largest eigenvector component...
>> Dropping Background_fail_HIGH_bin_5-1 from the hessian
>> Verifying eigenvalues are all positive (iteration 3)
>> All eigenvalues are positive
>> Inverting Hessian...
>> Matrix inverted
>> Note: the following parameters were dropped to make the covariance matrix pos-def:
     - Background_fail_HIGH_bin_4-1
     - SVM
     - Background_fail_HIGH_bin_5-1

 --- FitDiagnostics ---
Best fit r: 1.17549e-12  -1.17549e-12/+10  (68% CL)
Done in 0.00 min (cpu), 0.00 min (real)
