 <<< Combine >>> 
 <<< v10.0.1 >>>
>>> Random number generator seed is 123456
>>> Method used is FitDiagnostics
Set Default Value of Parameter mask_pass_SIG To : 1
Set Default Value of Parameter mask_pass_HIGH To : 1
Set Default Value of Parameter r To : 1
>>> 2 out of 6 channels masked

>> Found 16 floating parameters
>> The following parameters are protected in the event of negative eigenvalues: r
>> Verifying eigenvalues are all positive (iteration 0)
Eigenvalue 14 : -5.82075e-11
 - -1	Background_fail_HIGH_bin_5-1
 - 4.82731e-08	r
 - -6.08253e-09	Background_fail_HIGH_bin_4-1
 - -5.86804e-09	SVM
 - -2.25897e-09	Background_fail_HIGH_bin_3-1
Eigenvalue 15 : -0.00383168
 - 0.984166	r
 - -0.123086	Background_fail_HIGH_bin_4-1
 - -0.117287	SVM
 - -0.0456489	Background_fail_HIGH_bin_3-1
 - -0.0184272	Background_fail_HIGH_bin_2-1
>> Attempt 0 failed, remove the variable with largest eigenvector component...
>> Dropping Background_fail_HIGH_bin_4-1 from the hessian
>> Verifying eigenvalues are all positive (iteration 1)
Eigenvalue 13 : -5.82076e-11
 - 1	Background_fail_HIGH_bin_5-1
 - -2.61297e-07	r
 - 3.17631e-08	SVM
 - 1.23295e-08	Background_fail_HIGH_bin_3-1
 - 4.96903e-09	Background_fail_HIGH_bin_2-1
Eigenvalue 14 : -0.000711998
 - -0.991441	r
 - 0.120072	SVM
 - 0.046703	Background_fail_HIGH_bin_3-1
 - 0.0188444	Background_fail_HIGH_bin_2-1
 - 0.00823887	Background_fail_HIGH_bin_1-1
>> Attempt 1 failed, remove the variable with largest eigenvector component...
>> Dropping SVM from the hessian
>> Verifying eigenvalues are all positive (iteration 2)
Eigenvalue 13 : -5.82077e-11
 - -1	Background_fail_HIGH_bin_5-1
 - -8.99643e-08	r
 - 4.2761e-09	Background_fail_HIGH_bin_3-1
 - 1.73056e-09	Background_fail_HIGH_bin_2-1
 - 7.2259e-10	Background_fail_HIGH_bin_1-1
>> Attempt 2 failed, remove the variable with largest eigenvector component...
>> Dropping Background_fail_HIGH_bin_5-1 from the hessian
>> Verifying eigenvalues are all positive (iteration 3)
>> All eigenvalues are positive
>> Inverting Hessian...
>> Matrix inverted
>> Note: the following parameters were dropped to make the covariance matrix pos-def:
     - Background_fail_HIGH_bin_4-1
     - SVM
     - Background_fail_HIGH_bin_5-1

 --- FitDiagnostics ---
Best fit r: 3.92204e-11  -3.92204e-11/+10  (68% CL)
Done in 0.00 min (cpu), 0.00 min (real)
