 <<< Combine >>> 
 <<< v10.0.1 >>>
>>> Random number generator seed is 123456
>>> Method used is FitDiagnostics
Set Default Value of Parameter mask_pass_SIG To : 1
Set Default Value of Parameter mask_pass_HIGH To : 1
Set Default Value of Parameter r To : 1
>>> 2 out of 6 channels masked

>> Found 16 floating parameters
>> The following parameters are protected in the event of negative eigenvalues: r
>> Verifying eigenvalues are all positive (iteration 0)
Eigenvalue 15 : -0.00289244
 - 0.990982	r
 - -0.114902	SVM
 - -0.0649173	Background_fail_HIGH_bin_4-1
 - -0.0209736	Background_fail_HIGH_bin_3-1
 - -0.00852303	Background_fail_HIGH_bin_2-1
>> Attempt 0 failed, remove the variable with largest eigenvector component...
>> Dropping SVM from the hessian
>> Verifying eigenvalues are all positive (iteration 1)
Eigenvalue 14 : -0.000293045
 - 0.997526	r
 - -0.0661983	Background_fail_HIGH_bin_4-1
 - -0.0213869	Background_fail_HIGH_bin_3-1
 - -0.00868773	Background_fail_HIGH_bin_2-1
 - -0.0036357	lumi
>> Attempt 1 failed, remove the variable with largest eigenvector component...
>> Dropping Background_fail_HIGH_bin_4-1 from the hessian
>> Verifying eigenvalues are all positive (iteration 2)
>> All eigenvalues are positive
>> Inverting Hessian...
>> Matrix inverted
>> Note: the following parameters were dropped to make the covariance matrix pos-def:
     - SVM
     - Background_fail_HIGH_bin_4-1

 --- FitDiagnostics ---
Best fit r: 2.03448e-14  -2.03448e-14/+10  (68% CL)
Done in 0.00 min (cpu), 0.00 min (real)
