 <<< Combine >>> 
 <<< v10.0.1 >>>
>>> Random number generator seed is 123456
>>> Method used is FitDiagnostics
Set Default Value of Parameter mask_pass_SIG To : 1
Set Default Value of Parameter mask_pass_HIGH To : 1
Set Default Value of Parameter r To : 1
>>> 2 out of 6 channels masked

>> Found 16 floating parameters
>> The following parameters are protected in the event of negative eigenvalues: r
>> Verifying eigenvalues are all positive (iteration 0)
Eigenvalue 14 : -5.82077e-11
 - 1	Background_fail_HIGH_bin_5-1
 - -1.24157e-08	r
 - 1.5202e-09	Background_fail_HIGH_bin_4-1
 - 1.44292e-09	SVM
 - 5.79784e-10	Background_fail_HIGH_bin_3-1
Eigenvalue 15 : -0.00364383
 - -0.984388	r
 - 0.125739	Background_fail_HIGH_bin_4-1
 - 0.112266	SVM
 - 0.0457434	Background_fail_HIGH_bin_3-1
 - 0.019596	Background_fail_HIGH_bin_2-1
>> Attempt 0 failed, remove the variable with largest eigenvector component...
>> Dropping Background_fail_HIGH_bin_4-1 from the hessian
>> Verifying eigenvalues are all positive (iteration 1)
Eigenvalue 13 : -5.82077e-11
 - 1	Background_fail_HIGH_bin_5-1
 - -1.11918e-07	r
 - 1.30068e-08	SVM
 - 5.28802e-09	Background_fail_HIGH_bin_3-1
 - 2.14871e-09	Background_fail_HIGH_bin_2-1
Eigenvalue 14 : -0.000389172
 - 0.992003	r
 - -0.115054	SVM
 - -0.046848	Background_fail_HIGH_bin_3-1
 - -0.02006	Background_fail_HIGH_bin_2-1
 - -0.00836772	Background_fail_HIGH_bin_1-1
>> Attempt 1 failed, remove the variable with largest eigenvector component...
>> Dropping SVM from the hessian
>> Verifying eigenvalues are all positive (iteration 2)
Eigenvalue 13 : -5.82077e-11
 - 1	Background_fail_HIGH_bin_5-1
 - 2.02134e-08	r
 - -9.64154e-10	Background_fail_HIGH_bin_3-1
 - -5.28281e-10	Background_fail_HIGH_bin_2-1
 - -1.75113e-10	Background_fail_SIG_bin_1-1
>> Attempt 2 failed, remove the variable with largest eigenvector component...
>> Dropping Background_fail_HIGH_bin_5-1 from the hessian
>> Verifying eigenvalues are all positive (iteration 3)
>> All eigenvalues are positive
>> Inverting Hessian...
>> Matrix inverted
>> Note: the following parameters were dropped to make the covariance matrix pos-def:
     - Background_fail_HIGH_bin_4-1
     - SVM
     - Background_fail_HIGH_bin_5-1

 --- FitDiagnostics ---
Best fit r: 4.65383e-11  -4.65383e-11/+10  (68% CL)
Done in 0.00 min (cpu), 0.00 min (real)
