 <<< Combine >>> 
 <<< v10.0.1 >>>
>>> Random number generator seed is 123456
>>> Method used is FitDiagnostics
Set Default Value of Parameter mask_pass_SIG To : 1
Set Default Value of Parameter mask_pass_HIGH To : 1
Set Default Value of Parameter r To : 1
>>> 2 out of 6 channels masked

>> Found 16 floating parameters
>> The following parameters are protected in the event of negative eigenvalues: r
>> Verifying eigenvalues are all positive (iteration 0)
Eigenvalue 15 : -0.0018598
 - -0.994917	r
 - 0.0962273	SVM
 - 0.0277766	Background_fail_HIGH_bin_4-1
 - 0.00915619	Background_fail_HIGH_bin_3-1
 - 0.003558	lumi
>> Attempt 0 failed, remove the variable with largest eigenvector component...
>> Dropping SVM from the hessian
>> Verifying eigenvalues are all positive (iteration 1)
Eigenvalue 14 : -5.35007e-05
 - 0.999548	r
 - -0.0281591	Background_fail_HIGH_bin_4-1
 - -0.00928208	Background_fail_HIGH_bin_3-1
 - -0.00360829	lumi
 - -0.00317864	Background_fail_HIGH_bin_2-1
>> Attempt 1 failed, remove the variable with largest eigenvector component...
>> Dropping Background_fail_HIGH_bin_4-1 from the hessian
>> Verifying eigenvalues are all positive (iteration 2)
Eigenvalue 13 : -1.11022e-16
 - -1	Background_fail_HIGH_bin_5-1
 - -4.14488e-07	r
 - 3.69566e-09	Background_fail_HIGH_bin_3-1
 - 1.38265e-09	lumi
 - 1.3564e-09	Background_fail_HIGH_bin_2-1
>> Attempt 2 failed, remove the variable with largest eigenvector component...
>> Dropping Background_fail_HIGH_bin_5-1 from the hessian
>> Verifying eigenvalues are all positive (iteration 3)
>> All eigenvalues are positive
>> Inverting Hessian...
>> Matrix inverted
>> Note: the following parameters were dropped to make the covariance matrix pos-def:
     - SVM
     - Background_fail_HIGH_bin_4-1
     - Background_fail_HIGH_bin_5-1

 --- FitDiagnostics ---
Best fit r: 1.39141e-13  -1.39141e-13/+10  (68% CL)
Done in 0.00 min (cpu), 0.00 min (real)
