 <<< Combine >>> 
 <<< v10.0.1 >>>
>>> Random number generator seed is 123456
>>> Method used is FitDiagnostics
Set Default Value of Parameter mask_pass_SIG To : 1
Set Default Value of Parameter mask_pass_HIGH To : 1
Set Default Value of Parameter r To : 1
>>> 2 out of 6 channels masked

>> Found 16 floating parameters
>> The following parameters are protected in the event of negative eigenvalues: r
>> Verifying eigenvalues are all positive (iteration 0)
Eigenvalue 15 : -0.00189192
 - 0.993587	r
 - -0.0913168	SVM
 - -0.0623139	Background_fail_HIGH_bin_4-1
 - -0.021522	Background_fail_HIGH_bin_3-1
 - -0.00828302	Background_fail_HIGH_bin_2-1
>> Attempt 0 failed, remove the variable with largest eigenvector component...
>> Dropping SVM from the hessian
>> Verifying eigenvalues are all positive (iteration 1)
Eigenvalue 14 : -0.000266559
 - -0.997719	r
 - 0.0630834	Background_fail_HIGH_bin_4-1
 - 0.0217873	Background_fail_HIGH_bin_3-1
 - 0.0083832	Background_fail_HIGH_bin_2-1
 - 0.00394213	Background_fail_HIGH_bin_1-1
>> Attempt 1 failed, remove the variable with largest eigenvector component...
>> Dropping Background_fail_HIGH_bin_4-1 from the hessian
>> Verifying eigenvalues are all positive (iteration 2)
Eigenvalue 13 : -3.9465e-17
 - 1	Background_fail_HIGH_bin_5-1
 - 3.28666e-07	r
 - -7.08822e-09	Background_fail_HIGH_bin_3-1
 - -2.76515e-09	Background_fail_HIGH_bin_2-1
 - -1.30035e-09	Background_fail_HIGH_bin_1-1
>> Attempt 2 failed, remove the variable with largest eigenvector component...
>> Dropping Background_fail_HIGH_bin_5-1 from the hessian
>> Verifying eigenvalues are all positive (iteration 3)
>> All eigenvalues are positive
>> Inverting Hessian...
>> Matrix inverted
>> Note: the following parameters were dropped to make the covariance matrix pos-def:
     - SVM
     - Background_fail_HIGH_bin_4-1
     - Background_fail_HIGH_bin_5-1

 --- FitDiagnostics ---
Best fit r: 5.58421e-12  -5.58421e-12/+10  (68% CL)
Done in 0.00 min (cpu), 0.00 min (real)
