 <<< Combine >>> 
 <<< v10.0.1 >>>
>>> Random number generator seed is 123456
>>> Method used is FitDiagnostics
Set Default Value of Parameter mask_pass_SIG To : 1
Set Default Value of Parameter mask_pass_HIGH To : 1
Set Default Value of Parameter r To : 1
>>> 2 out of 6 channels masked

>> Found 16 floating parameters
>> The following parameters are protected in the event of negative eigenvalues: r
>> Verifying eigenvalues are all positive (iteration 0)
Eigenvalue 14 : -5.82077e-11
 - -1	Background_fail_HIGH_bin_5-1
 - 4.86656e-08	r
 - -6.43298e-09	SVM
 - -6.42229e-09	Background_fail_HIGH_bin_4-1
 - -2.4705e-09	Background_fail_HIGH_bin_3-1
Eigenvalue 15 : -0.00423322
 - 0.982752	r
 - -0.125882	Background_fail_HIGH_bin_4-1
 - -0.124092	SVM
 - -0.0496539	Background_fail_HIGH_bin_3-1
 - -0.0198602	Background_fail_HIGH_bin_2-1
>> Attempt 0 failed, remove the variable with largest eigenvector component...
>> Dropping Background_fail_HIGH_bin_4-1 from the hessian
>> Verifying eigenvalues are all positive (iteration 1)
Eigenvalue 13 : -5.82075e-11
 - 1	Background_fail_HIGH_bin_5-1
 - -2.19171e-07	r
 - 2.84389e-08	SVM
 - 1.12682e-08	Background_fail_HIGH_bin_3-1
 - 4.51556e-09	Background_fail_HIGH_bin_2-1
Eigenvalue 14 : -0.000961637
 - -0.990317	r
 - 0.127174	SVM
 - 0.0508529	Background_fail_HIGH_bin_3-1
 - 0.0203304	Background_fail_HIGH_bin_2-1
 - 0.00858249	Background_fail_HIGH_bin_1-1
>> Attempt 1 failed, remove the variable with largest eigenvector component...
>> Dropping SVM from the hessian
>> Verifying eigenvalues are all positive (iteration 2)
Eigenvalue 13 : -5.82076e-11
 - 1	Background_fail_HIGH_bin_5-1
 - 9.90555e-08	r
 - -5.15156e-09	Background_fail_HIGH_bin_3-1
 - -2.04794e-09	Background_fail_HIGH_bin_2-1
 - -8.65193e-10	Background_fail_HIGH_bin_1-1
>> Attempt 2 failed, remove the variable with largest eigenvector component...
>> Dropping Background_fail_HIGH_bin_5-1 from the hessian
>> Verifying eigenvalues are all positive (iteration 3)
>> All eigenvalues are positive
>> Inverting Hessian...
>> Matrix inverted
>> Note: the following parameters were dropped to make the covariance matrix pos-def:
     - Background_fail_HIGH_bin_4-1
     - SVM
     - Background_fail_HIGH_bin_5-1

 --- FitDiagnostics ---
Best fit r: 4.36777e-12  -4.36777e-12/+10  (68% CL)
Done in 0.00 min (cpu), 0.00 min (real)
