 <<< Combine >>> 
 <<< v10.0.1 >>>
>>> Random number generator seed is 123456
>>> Method used is FitDiagnostics
Set Default Value of Parameter mask_pass_SIG To : 1
Set Default Value of Parameter mask_pass_HIGH To : 1
Set Default Value of Parameter r To : 1
>>> 2 out of 6 channels masked

>> Found 16 floating parameters
>> The following parameters are protected in the event of negative eigenvalues: r
>> Verifying eigenvalues are all positive (iteration 0)
Eigenvalue 15 : -0.00278827
 - 0.992349	r
 - -0.116917	SVM
 - -0.037418	Background_fail_HIGH_bin_4-1
 - -0.011816	Background_fail_HIGH_bin_3-1
 - -0.00416117	Background_fail_HIGH_bin_2-1
>> Attempt 0 failed, remove the variable with largest eigenvector component...
>> Dropping SVM from the hessian
>> Verifying eigenvalues are all positive (iteration 1)
Eigenvalue 14 : -9.69591e-05
 - 0.999181	r
 - -0.0381848	Background_fail_HIGH_bin_4-1
 - -0.0120578	Background_fail_HIGH_bin_3-1
 - -0.00424469	Background_fail_HIGH_bin_2-1
 - -0.0036786	lumi
>> Attempt 1 failed, remove the variable with largest eigenvector component...
>> Dropping Background_fail_HIGH_bin_4-1 from the hessian
>> Verifying eigenvalues are all positive (iteration 2)
>> All eigenvalues are positive
>> Inverting Hessian...
>> Matrix inverted
>> Note: the following parameters were dropped to make the covariance matrix pos-def:
     - SVM
     - Background_fail_HIGH_bin_4-1

 --- FitDiagnostics ---
Best fit r: 1.61066e-13  -1.61066e-13/+10  (68% CL)
Done in 0.00 min (cpu), 0.00 min (real)
