 <<< Combine >>> 
 <<< v10.0.1 >>>
>>> Random number generator seed is 123456
>>> Method used is FitDiagnostics
Set Default Value of Parameter mask_pass_SIG To : 1
Set Default Value of Parameter mask_pass_HIGH To : 1
Set Default Value of Parameter r To : 1
>>> 2 out of 6 channels masked

>> Found 16 floating parameters
>> The following parameters are protected in the event of negative eigenvalues: r
>> Verifying eigenvalues are all positive (iteration 0)
Eigenvalue 14 : -5.82077e-11
 - -1	Background_fail_HIGH_bin_5-1
 - 3.52254e-09	r
 - -1.11e-09	Background_fail_HIGH_bin_4-1
 - -1.10559e-09	Background_fail_HIGH_bin_3-1
 - -7.38659e-10	Background_fail_HIGH_bin_2-1
Eigenvalue 15 : -0.0118311
 - 0.891356	r
 - -0.309834	Background_fail_HIGH_bin_4-1
 - -0.242413	Background_fail_HIGH_bin_3-1
 - -0.176733	Background_fail_HIGH_bin_2-1
 - -0.0986865	Background_fail_HIGH_bin_1-1
>> Attempt 0 failed, remove the variable with largest eigenvector component...
>> Dropping Background_fail_HIGH_bin_4-1 from the hessian
>> Verifying eigenvalues are all positive (iteration 1)
Eigenvalue 14 : -5.82077e-11
 - -1	Background_fail_HIGH_bin_5-1
 - -2.96556e-09	r
 - 7.63564e-10	Background_fail_HIGH_bin_3-1
 - 6.21864e-10	Background_fail_HIGH_bin_2-1
 - 3.85917e-10	Background_fail_HIGH_bin_1-1
>> Attempt 1 failed, remove the variable with largest eigenvector component...
>> Dropping Background_fail_HIGH_bin_5-1 from the hessian
>> Verifying eigenvalues are all positive (iteration 2)
>> All eigenvalues are positive
>> Inverting Hessian...
>> Matrix inverted
>> Note: the following parameters were dropped to make the covariance matrix pos-def:
     - Background_fail_HIGH_bin_4-1
     - Background_fail_HIGH_bin_5-1

 --- FitDiagnostics ---
Best fit r: 1.36569e-09  -1.36569e-09/+10  (68% CL)
Done in 0.00 min (cpu), 0.00 min (real)
