 <<< Combine >>> 
 <<< v10.0.1 >>>
>>> Random number generator seed is 123456
>>> Method used is FitDiagnostics
Set Default Value of Parameter mask_pass_SIG To : 1
Set Default Value of Parameter mask_pass_HIGH To : 1
Set Default Value of Parameter r To : 1
>>> 2 out of 6 channels masked

>> Found 16 floating parameters
>> The following parameters are protected in the event of negative eigenvalues: r
>> Verifying eigenvalues are all positive (iteration 0)
Eigenvalue 14 : -5.82077e-11
 - -1	Background_fail_HIGH_bin_5-1
 - 8.25211e-08	r
 - -8.23224e-09	SVM
 - -4.71119e-09	Background_fail_HIGH_bin_4-1
 - -1.68911e-09	Background_fail_HIGH_bin_3-1
Eigenvalue 15 : -0.00210261
 - 0.993292	r
 - -0.0980133	SVM
 - -0.0572432	Background_fail_HIGH_bin_4-1
 - -0.0201194	Background_fail_HIGH_bin_3-1
 - -0.00763149	Background_fail_HIGH_bin_2-1
>> Attempt 0 failed, remove the variable with largest eigenvector component...
>> Dropping SVM from the hessian
>> Verifying eigenvalues are all positive (iteration 1)
Eigenvalue 13 : -5.82075e-11
 - -1	Background_fail_HIGH_bin_5-1
 - 7.76334e-07	r
 - -4.51179e-08	Background_fail_HIGH_bin_4-1
 - -1.58906e-08	Background_fail_HIGH_bin_3-1
 - -6.02565e-09	Background_fail_HIGH_bin_2-1
Eigenvalue 14 : -0.000225682
 - 0.998062	r
 - -0.0580599	Background_fail_HIGH_bin_4-1
 - -0.020406	Background_fail_HIGH_bin_3-1
 - -0.00773813	Background_fail_HIGH_bin_2-1
 - -0.00375306	lumi
>> Attempt 1 failed, remove the variable with largest eigenvector component...
>> Dropping Background_fail_HIGH_bin_4-1 from the hessian
>> Verifying eigenvalues are all positive (iteration 2)
Eigenvalue 13 : -5.82077e-11
 - 1	Background_fail_HIGH_bin_5-1
 - 3.89795e-07	r
 - -7.97863e-09	Background_fail_HIGH_bin_3-1
 - -3.02546e-09	Background_fail_HIGH_bin_2-1
 - -1.61954e-09	lumi
>> Attempt 2 failed, remove the variable with largest eigenvector component...
>> Dropping Background_fail_HIGH_bin_5-1 from the hessian
>> Verifying eigenvalues are all positive (iteration 3)
>> All eigenvalues are positive
>> Inverting Hessian...
>> Matrix inverted
>> Note: the following parameters were dropped to make the covariance matrix pos-def:
     - SVM
     - Background_fail_HIGH_bin_4-1
     - Background_fail_HIGH_bin_5-1

 --- FitDiagnostics ---
Best fit r: 2.99632e-12  -2.99632e-12/+10  (68% CL)
Done in 0.00 min (cpu), 0.00 min (real)
