 <<< Combine >>> 
 <<< v10.0.1 >>>
>>> Random number generator seed is 123456
>>> Method used is FitDiagnostics
Set Default Value of Parameter mask_pass_SIG To : 1
Set Default Value of Parameter mask_pass_HIGH To : 1
Set Default Value of Parameter r To : 1
>>> 2 out of 6 channels masked

>> Found 16 floating parameters
>> The following parameters are protected in the event of negative eigenvalues: r
>> Verifying eigenvalues are all positive (iteration 0)
Eigenvalue 14 : -5.82077e-11
 - -1	Background_fail_HIGH_bin_5-1
 - 4.78572e-10	r
 - 2.11425e-10	Background_fail_LOW_bin_2-1
 - 2.11353e-10	Background_fail_LOW_bin_1-1
 - 1.98046e-10	Background_fail_LOW_bin_3-1
Eigenvalue 15 : -0.00383449
 - 0.984693	r
 - -0.12	SVM
 - -0.115751	Background_fail_HIGH_bin_4-1
 - -0.0463457	Background_fail_HIGH_bin_3-1
 - -0.0188193	Background_fail_HIGH_bin_2-1
>> Attempt 0 failed, remove the variable with largest eigenvector component...
>> Dropping SVM from the hessian
>> Verifying eigenvalues are all positive (iteration 1)
Eigenvalue 13 : -5.82078e-11
 - -1	Background_fail_HIGH_bin_5-1
 - 9.89915e-10	r
 - 2.11419e-10	Background_fail_LOW_bin_2-1
 - 2.1135e-10	Background_fail_LOW_bin_1-1
 - 1.97996e-10	Background_fail_LOW_bin_3-1
Eigenvalue 14 : -0.00098259
 - 0.99163	r
 - -0.118229	Background_fail_HIGH_bin_4-1
 - -0.0473362	Background_fail_HIGH_bin_3-1
 - -0.0192138	Background_fail_HIGH_bin_2-1
 - -0.00779449	Background_fail_HIGH_bin_1-1
>> Attempt 1 failed, remove the variable with largest eigenvector component...
>> Dropping Background_fail_HIGH_bin_4-1 from the hessian
>> Verifying eigenvalues are all positive (iteration 2)
Eigenvalue 13 : -5.82077e-11
 - -1	Background_fail_HIGH_bin_5-1
 - 2.11429e-10	Background_fail_LOW_bin_2-1
 - 2.11355e-10	Background_fail_LOW_bin_1-1
 - 1.98083e-10	Background_fail_LOW_bin_3-1
 - -1.52437e-10	lumi
>> Attempt 2 failed, remove the variable with largest eigenvector component...
>> Dropping Background_fail_HIGH_bin_5-1 from the hessian
>> Verifying eigenvalues are all positive (iteration 3)
>> All eigenvalues are positive
>> Inverting Hessian...
>> Matrix inverted
>> Note: the following parameters were dropped to make the covariance matrix pos-def:
     - SVM
     - Background_fail_HIGH_bin_4-1
     - Background_fail_HIGH_bin_5-1

 --- FitDiagnostics ---
Best fit r: 1.13636e-11  -1.13636e-11/+5  (68% CL)
Done in 0.00 min (cpu), 0.00 min (real)
