 <<< Combine >>> 
 <<< v10.0.1 >>>
>>> Random number generator seed is 123456
>>> Method used is FitDiagnostics
Set Default Value of Parameter mask_pass_SIG To : 1
Set Default Value of Parameter mask_pass_HIGH To : 1
Set Default Value of Parameter r To : 1
>>> 2 out of 6 channels masked

>> Found 16 floating parameters
>> The following parameters are protected in the event of negative eigenvalues: r
>> Verifying eigenvalues are all positive (iteration 0)
Eigenvalue 15 : -0.00994575
 - -0.973214	r
 - 0.210709	SVM
 - 0.0874589	Background_fail_HIGH_bin_4-1
 - 0.0264648	Background_fail_HIGH_bin_3-1
 - 0.00900815	Background_fail_HIGH_bin_2-1
>> Attempt 0 failed, remove the variable with largest eigenvector component...
>> Dropping SVM from the hessian
>> Verifying eigenvalues are all positive (iteration 1)
Eigenvalue 14 : -0.0005946
 - -0.995143	r
 - 0.0936194	Background_fail_HIGH_bin_4-1
 - 0.028326	Background_fail_HIGH_bin_3-1
 - 0.00962929	Background_fail_HIGH_bin_2-1
 - 0.00385098	Background_fail_HIGH_bin_1-1
>> Attempt 1 failed, remove the variable with largest eigenvector component...
>> Dropping Background_fail_HIGH_bin_4-1 from the hessian
>> Verifying eigenvalues are all positive (iteration 2)
>> All eigenvalues are positive
>> Inverting Hessian...
>> Matrix inverted
>> Note: the following parameters were dropped to make the covariance matrix pos-def:
     - SVM
     - Background_fail_HIGH_bin_4-1

 --- FitDiagnostics ---
Best fit r: 3.9592e-13  -3.9592e-13/+10  (68% CL)
Done in 0.00 min (cpu), 0.00 min (real)
