 <<< Combine >>> 
 <<< v10.0.1 >>>
>>> Random number generator seed is 123456
>>> Method used is FitDiagnostics
Set Default Value of Parameter mask_pass_SIG To : 1
Set Default Value of Parameter mask_pass_HIGH To : 1
Set Default Value of Parameter r To : 1
>>> 2 out of 6 channels masked

>> Found 16 floating parameters
>> The following parameters are protected in the event of negative eigenvalues: r
>> Verifying eigenvalues are all positive (iteration 0)
Eigenvalue 14 : -5.82077e-11
 - 1	Background_fail_HIGH_bin_5-1
 - -1.48081e-09	r
 - 2.10903e-10	Background_fail_LOW_bin_1-1
 - -1.6245e-10	Background_rpf_expo_par1
 - 1.57612e-10	lumi
Eigenvalue 15 : -0.00283228
 - 0.992134	r
 - -0.117471	SVM
 - -0.0406235	Background_fail_HIGH_bin_4-1
 - -0.0133243	Background_fail_HIGH_bin_3-1
 - -0.00504371	Background_fail_HIGH_bin_2-1
>> Attempt 0 failed, remove the variable with largest eigenvector component...
>> Dropping SVM from the hessian
>> Verifying eigenvalues are all positive (iteration 1)
Eigenvalue 13 : -5.82077e-11
 - 1	Background_fail_HIGH_bin_5-1
 - -6.66799e-09	r
 - 2.10907e-10	Background_fail_LOW_bin_1-1
 - 1.82182e-10	Background_fail_HIGH_bin_4-1
 - 1.77087e-10	lumi
Eigenvalue 14 : -0.000114485
 - 0.999025	r
 - -0.041464	Background_fail_HIGH_bin_4-1
 - -0.0135995	Background_fail_HIGH_bin_3-1
 - -0.00514591	Background_fail_HIGH_bin_2-1
 - -0.00374856	lumi
>> Attempt 1 failed, remove the variable with largest eigenvector component...
>> Dropping Background_fail_HIGH_bin_4-1 from the hessian
>> Verifying eigenvalues are all positive (iteration 2)
Eigenvalue 13 : -5.82077e-11
 - -1	Background_fail_HIGH_bin_5-1
 - -2.10902e-10	Background_fail_LOW_bin_1-1
 - 1.62468e-10	Background_rpf_expo_par1
 - -1.52348e-10	lumi
 - -1.03786e-10	Background_fail_SIG_bin_2-1
>> Attempt 2 failed, remove the variable with largest eigenvector component...
>> Dropping Background_fail_HIGH_bin_5-1 from the hessian
>> Verifying eigenvalues are all positive (iteration 3)
>> All eigenvalues are positive
>> Inverting Hessian...
>> Matrix inverted
>> Note: the following parameters were dropped to make the covariance matrix pos-def:
     - SVM
     - Background_fail_HIGH_bin_4-1
     - Background_fail_HIGH_bin_5-1

 --- FitDiagnostics ---
Best fit r: 2.78839e-11  -2.78839e-11/+10  (68% CL)
Done in 0.00 min (cpu), 0.01 min (real)
