 <<< Combine >>> 
 <<< v10.0.1 >>>
>>> Random number generator seed is 123456
>>> Method used is FitDiagnostics
Set Default Value of Parameter mask_pass_SIG To : 1
Set Default Value of Parameter mask_pass_HIGH To : 1
Set Default Value of Parameter r To : 1
>>> 2 out of 6 channels masked

>> Found 16 floating parameters
>> The following parameters are protected in the event of negative eigenvalues: r
>> Verifying eigenvalues are all positive (iteration 0)
Eigenvalue 14 : -5.55112e-17
 - -1	Background_fail_HIGH_bin_5-1
 - 4.56901e-09	r
 - -5.25909e-10	SVM
 - -1.94024e-10	Background_fail_HIGH_bin_4-1
 - 1.5862e-10	Background_fail_LOW_bin_1-1
Eigenvalue 15 : -0.00379374
 - -0.989769	r
 - 0.135935	SVM
 - 0.0412444	Background_fail_HIGH_bin_4-1
 - 0.0119978	Background_fail_HIGH_bin_3-1
 - 0.00424522	Background_fail_HIGH_bin_2-1
>> Attempt 0 failed, remove the variable with largest eigenvector component...
>> Dropping SVM from the hessian
>> Verifying eigenvalues are all positive (iteration 1)
Eigenvalue 13 : -5.55112e-17
 - 1	Background_fail_HIGH_bin_5-1
 - -1.22845e-07	r
 - 5.21662e-09	Background_fail_HIGH_bin_4-1
 - 1.4846e-09	Background_fail_HIGH_bin_3-1
 - 5.74581e-10	Background_fail_HIGH_bin_2-1
Eigenvalue 14 : -0.000118968
 - 0.999007	r
 - -0.0423976	Background_fail_HIGH_bin_4-1
 - -0.0123328	Background_fail_HIGH_bin_3-1
 - -0.00436146	Background_fail_HIGH_bin_2-1
 - -0.00372046	lumi
>> Attempt 1 failed, remove the variable with largest eigenvector component...
>> Dropping Background_fail_HIGH_bin_4-1 from the hessian
>> Verifying eigenvalues are all positive (iteration 2)
Eigenvalue 13 : -5.55112e-17
 - -1	Background_fail_HIGH_bin_5-1
 - -6.11024e-08	r
 - 7.87591e-10	Background_fail_HIGH_bin_3-1
 - 3.41736e-10	lumi
 - 2.2896e-10	Background_fail_HIGH_bin_2-1
>> Attempt 2 failed, remove the variable with largest eigenvector component...
>> Dropping Background_fail_HIGH_bin_5-1 from the hessian
>> Verifying eigenvalues are all positive (iteration 3)
>> All eigenvalues are positive
>> Inverting Hessian...
>> Matrix inverted
>> Note: the following parameters were dropped to make the covariance matrix pos-def:
     - SVM
     - Background_fail_HIGH_bin_4-1
     - Background_fail_HIGH_bin_5-1

 --- FitDiagnostics ---
Best fit r: 3.89468e-12  -3.89468e-12/+10  (68% CL)
Done in 0.00 min (cpu), 0.00 min (real)
