 <<< Combine >>> 
 <<< v10.0.1 >>>
>>> Random number generator seed is 123456
>>> Method used is FitDiagnostics
Set Default Value of Parameter mask_pass_SIG To : 1
Set Default Value of Parameter mask_pass_HIGH To : 1
Set Default Value of Parameter r To : 1
>>> 2 out of 6 channels masked

>> Found 16 floating parameters
>> The following parameters are protected in the event of negative eigenvalues: r
>> Verifying eigenvalues are all positive (iteration 0)
Eigenvalue 14 : -5.82077e-11
 - -1	Background_fail_HIGH_bin_5-1
 - 1.56893e-08	r
 - -1.70218e-09	SVM
 - -1.58757e-09	Background_fail_HIGH_bin_4-1
 - -5.80127e-10	Background_fail_HIGH_bin_3-1
Eigenvalue 15 : -0.00268577
 - 0.988802	r
 - -0.104613	Background_fail_HIGH_bin_4-1
 - -0.0987059	SVM
 - -0.0360762	Background_fail_HIGH_bin_3-1
 - -0.0149411	Background_fail_HIGH_bin_2-1
>> Attempt 0 failed, remove the variable with largest eigenvector component...
>> Dropping Background_fail_HIGH_bin_4-1 from the hessian
>> Verifying eigenvalues are all positive (iteration 1)
Eigenvalue 13 : -5.82077e-11
 - -1	Background_fail_HIGH_bin_5-1
 - 8.93733e-08	r
 - -9.1608e-09	SVM
 - -3.30467e-09	Background_fail_HIGH_bin_3-1
 - -1.46241e-09	Background_fail_HIGH_bin_2-1
Eigenvalue 14 : -0.000454352
 - 0.994126	r
 - -0.100391	SVM
 - -0.0366752	Background_fail_HIGH_bin_3-1
 - -0.0151844	Background_fail_HIGH_bin_2-1
 - -0.00625714	Background_fail_HIGH_bin_1-1
>> Attempt 1 failed, remove the variable with largest eigenvector component...
>> Dropping SVM from the hessian
>> Verifying eigenvalues are all positive (iteration 2)
Eigenvalue 13 : -5.82075e-11
 - -1	Background_fail_HIGH_bin_5-1
 - -2.88377e-08	r
 - 1.0663e-09	Background_fail_HIGH_bin_3-1
 - 3.47147e-10	Background_fail_HIGH_bin_2-1
 - 3.11852e-10	Background_rpf_expo_par0
>> Attempt 2 failed, remove the variable with largest eigenvector component...
>> Dropping Background_fail_HIGH_bin_5-1 from the hessian
>> Verifying eigenvalues are all positive (iteration 3)
>> All eigenvalues are positive
>> Inverting Hessian...
>> Matrix inverted
>> Note: the following parameters were dropped to make the covariance matrix pos-def:
     - Background_fail_HIGH_bin_4-1
     - SVM
     - Background_fail_HIGH_bin_5-1

 --- FitDiagnostics ---
Best fit r: 7.86296e-12  -7.86296e-12/+2.5  (68% CL)
Done in 0.00 min (cpu), 0.00 min (real)
