 <<< Combine >>> 
 <<< v10.0.1 >>>
>>> Random number generator seed is 123456
>>> Method used is FitDiagnostics
Set Default Value of Parameter mask_pass_SIG To : 1
Set Default Value of Parameter mask_pass_HIGH To : 1
Set Default Value of Parameter r To : 1
>>> 2 out of 6 channels masked

>> Found 16 floating parameters
>> The following parameters are protected in the event of negative eigenvalues: r
>> Verifying eigenvalues are all positive (iteration 0)
Eigenvalue 15 : -5.8208e-11
 - -1	Background_fail_HIGH_bin_5-1
 - -7.06418e-07	r
 - 2.4479e-07	Background_fail_LOW_bin_4-1
 - 2.30631e-07	Background_fail_SIG_bin_1-1
 - 2.16138e-07	Background_fail_SIG_bin_2-1
>> Attempt 0 failed, remove the variable with largest eigenvector component...
>> Dropping Background_fail_HIGH_bin_5-1 from the hessian
>> Verifying eigenvalues are all positive (iteration 1)
>> All eigenvalues are positive
>> Inverting Hessian...
>> Matrix inverted
>> Note: the following parameters were dropped to make the covariance matrix pos-def:
     - Background_fail_HIGH_bin_5-1

 --- FitDiagnostics ---
Best fit r: 9.37079e-09  -9.37079e-09/+10  (68% CL)
Done in 0.00 min (cpu), 0.00 min (real)
