 <<< Combine >>> 
 <<< v10.0.1 >>>
>>> Random number generator seed is 123456
>>> Method used is FitDiagnostics
Set Default Value of Parameter mask_pass_SIG To : 1
Set Default Value of Parameter mask_pass_HIGH To : 1
Set Default Value of Parameter r To : 1
>>> 2 out of 6 channels masked

>> Found 16 floating parameters
>> The following parameters are protected in the event of negative eigenvalues: r
>> Verifying eigenvalues are all positive (iteration 0)
Eigenvalue 14 : -5.82076e-11
 - -1	Background_fail_HIGH_bin_5-1
 - 1.7468e-09	r
 - -2.72044e-10	Background_fail_HIGH_bin_4-1
 - -1.94838e-10	Background_fail_HIGH_bin_1-1
 - -1.8721e-10	Background_fail_HIGH_bin_3-1
Eigenvalue 15 : -0.00699378
 - 0.956269	r
 - -0.237481	Background_fail_HIGH_bin_4-1
 - -0.121916	Background_fail_HIGH_bin_3-1
 - -0.0998801	SVM
 - -0.0577638	Background_fail_HIGH_bin_2-1
>> Attempt 0 failed, remove the variable with largest eigenvector component...
>> Dropping Background_fail_HIGH_bin_4-1 from the hessian
>> Verifying eigenvalues are all positive (iteration 1)
Eigenvalue 14 : -5.82077e-11
 - -1	Background_fail_HIGH_bin_5-1
 - -7.05735e-10	r
 - 2.28505e-10	SVM
 - 1.61409e-10	Background_fail_SIG_bin_2-1
 - -1.55994e-10	Background_fail_LOW_bin_2-1
>> Attempt 1 failed, remove the variable with largest eigenvector component...
>> Dropping Background_fail_HIGH_bin_5-1 from the hessian
>> Verifying eigenvalues are all positive (iteration 2)
>> All eigenvalues are positive
>> Inverting Hessian...
>> Matrix inverted
>> Note: the following parameters were dropped to make the covariance matrix pos-def:
     - Background_fail_HIGH_bin_4-1
     - Background_fail_HIGH_bin_5-1

 --- FitDiagnostics ---
Best fit r: 1.6267e-09  -1.6267e-09/+10  (68% CL)
Done in 0.00 min (cpu), 0.00 min (real)
