 <<< Combine >>> 
 <<< v10.0.1 >>>
>>> Random number generator seed is 123456
>>> Method used is FitDiagnostics
Set Default Value of Parameter mask_pass_SIG To : 1
Set Default Value of Parameter mask_pass_HIGH To : 1
Set Default Value of Parameter r To : 1
>>> 2 out of 6 channels masked

>> Found 16 floating parameters
>> The following parameters are protected in the event of negative eigenvalues: r
>> Verifying eigenvalues are all positive (iteration 0)
Eigenvalue 14 : -5.82076e-11
 - 1	Background_fail_HIGH_bin_5-1
 - -1.79835e-08	r
 - 5.93716e-09	Background_fail_HIGH_bin_4-1
 - 5.77879e-09	Background_fail_HIGH_bin_3-1
 - 4.40391e-09	Background_fail_HIGH_bin_2-1
Eigenvalue 15 : -0.0103596
 - -0.878838	r
 - 0.280865	Background_fail_HIGH_bin_4-1
 - 0.269896	Background_fail_HIGH_bin_3-1
 - 0.210407	Background_fail_HIGH_bin_2-1
 - 0.141055	Background_fail_HIGH_bin_1-1
>> Attempt 0 failed, remove the variable with largest eigenvector component...
>> Dropping Background_fail_HIGH_bin_4-1 from the hessian
>> Verifying eigenvalues are all positive (iteration 1)
Eigenvalue 14 : -5.82076e-11
 - 1	Background_fail_HIGH_bin_5-1
 - 2.49769e-08	r
 - -8.09958e-09	Background_fail_HIGH_bin_3-1
 - -6.40014e-09	Background_fail_HIGH_bin_2-1
 - -4.07654e-09	Background_fail_HIGH_bin_1-1
>> Attempt 1 failed, remove the variable with largest eigenvector component...
>> Dropping Background_fail_HIGH_bin_5-1 from the hessian
>> Verifying eigenvalues are all positive (iteration 2)
>> All eigenvalues are positive
>> Inverting Hessian...
>> Matrix inverted
>> Note: the following parameters were dropped to make the covariance matrix pos-def:
     - Background_fail_HIGH_bin_4-1
     - Background_fail_HIGH_bin_5-1

 --- FitDiagnostics ---
Best fit r: 4.00375e-09  -4.00375e-09/+10  (68% CL)
Done in 0.00 min (cpu), 0.00 min (real)
