 <<< Combine >>> 
 <<< v10.0.1 >>>
>>> Random number generator seed is 123456
>>> Method used is FitDiagnostics
Set Default Value of Parameter mask_pass_SIG To : 1
Set Default Value of Parameter mask_pass_HIGH To : 1
Set Default Value of Parameter r To : 1
>>> 2 out of 6 channels masked

>> Found 16 floating parameters
>> The following parameters are protected in the event of negative eigenvalues: r
>> Verifying eigenvalues are all positive (iteration 0)
Eigenvalue 14 : -5.55112e-17
 - 1	Background_fail_HIGH_bin_5-1
 - -1.14023e-10	Background_fail_SIG_bin_1-1
 - -6.92187e-12	r
 - 8.9372e-13	Background_fail_HIGH_bin_4-1
 - 8.01074e-13	SVM
Eigenvalue 15 : -0.00360938
 - -0.984495	r
 - 0.124849	Background_fail_HIGH_bin_4-1
 - 0.111828	SVM
 - 0.0476279	Background_fail_HIGH_bin_3-1
 - 0.0180383	Background_fail_HIGH_bin_2-1
>> Attempt 0 failed, remove the variable with largest eigenvector component...
>> Dropping Background_fail_HIGH_bin_4-1 from the hessian
>> Verifying eigenvalues are all positive (iteration 1)
Eigenvalue 14 : -0.000401889
 - 0.992002	r
 - -0.114565	SVM
 - -0.0487613	Background_fail_HIGH_bin_3-1
 - -0.0184591	Background_fail_HIGH_bin_2-1
 - -0.00800038	Background_fail_HIGH_bin_1-1
>> Attempt 1 failed, remove the variable with largest eigenvector component...
>> Dropping SVM from the hessian
>> Verifying eigenvalues are all positive (iteration 2)
>> All eigenvalues are positive
>> Inverting Hessian...
>> Matrix inverted
>> Note: the following parameters were dropped to make the covariance matrix pos-def:
     - Background_fail_HIGH_bin_4-1
     - SVM

 --- FitDiagnostics ---
Best fit r: 4.4333e-11  -4.4333e-11/+10  (68% CL)
Done in 0.00 min (cpu), 0.00 min (real)
