 <<< Combine >>> 
 <<< v10.0.1 >>>
>>> Random number generator seed is 123456
>>> Method used is FitDiagnostics
Set Default Value of Parameter mask_pass_SIG To : 1
Set Default Value of Parameter mask_pass_HIGH To : 1
Set Default Value of Parameter r To : 1
>>> 2 out of 6 channels masked

>> Found 16 floating parameters
>> The following parameters are protected in the event of negative eigenvalues: r
>> Verifying eigenvalues are all positive (iteration 0)
Eigenvalue 14 : -5.82077e-11
 - -1	Background_fail_HIGH_bin_5-1
 - 2.90396e-10	r
 - -2.27536e-10	Background_rpf_expo_par0
 - -2.03298e-10	Background_fail_LOW_bin_2-1
 - -2.03257e-10	Background_fail_LOW_bin_3-1
Eigenvalue 15 : -0.0028153
 - -0.992279	r
 - 0.117432	SVM
 - 0.0379739	Background_fail_HIGH_bin_4-1
 - 0.0109944	Background_fail_HIGH_bin_3-1
 - 0.00375796	Background_fail_HIGH_bin_2-1
>> Attempt 0 failed, remove the variable with largest eigenvector component...
>> Dropping SVM from the hessian
>> Verifying eigenvalues are all positive (iteration 1)
Eigenvalue 13 : -5.82076e-11
 - 1	Background_fail_HIGH_bin_5-1
 - -1.70899e-08	r
 - 4.62184e-10	Background_fail_HIGH_bin_4-1
 - 2.27829e-10	Background_rpf_expo_par0
 - 2.03554e-10	Background_fail_LOW_bin_3-1
Eigenvalue 14 : -9.95571e-05
 - 0.99917	r
 - -0.0387592	Background_fail_HIGH_bin_4-1
 - -0.0112214	Background_fail_HIGH_bin_3-1
 - -0.00383407	Background_fail_HIGH_bin_2-1
 - -0.00372224	lumi
>> Attempt 1 failed, remove the variable with largest eigenvector component...
>> Dropping Background_fail_HIGH_bin_4-1 from the hessian
>> Verifying eigenvalues are all positive (iteration 2)
Eigenvalue 13 : -5.82077e-11
 - -1	Background_fail_HIGH_bin_5-1
 - -7.55495e-10	r
 - -2.27517e-10	Background_rpf_expo_par0
 - -2.03292e-10	Background_fail_LOW_bin_2-1
 - -2.03239e-10	Background_fail_LOW_bin_3-1
>> Attempt 2 failed, remove the variable with largest eigenvector component...
>> Dropping Background_fail_HIGH_bin_5-1 from the hessian
>> Verifying eigenvalues are all positive (iteration 3)
>> All eigenvalues are positive
>> Inverting Hessian...
>> Matrix inverted
>> Note: the following parameters were dropped to make the covariance matrix pos-def:
     - SVM
     - Background_fail_HIGH_bin_4-1
     - Background_fail_HIGH_bin_5-1

 --- FitDiagnostics ---
Best fit r: 1.37767e-11  -1.37767e-11/+10  (68% CL)
Done in 0.00 min (cpu), 0.00 min (real)
