 <<< Combine >>> 
 <<< v10.0.1 >>>
>>> Random number generator seed is 123456
>>> Method used is FitDiagnostics
Set Default Value of Parameter mask_pass_SIG To : 1
Set Default Value of Parameter mask_pass_HIGH To : 1
Set Default Value of Parameter r To : 1
>>> 2 out of 6 channels masked

>> Found 16 floating parameters
>> The following parameters are protected in the event of negative eigenvalues: r
>> Verifying eigenvalues are all positive (iteration 0)
Eigenvalue 14 : -5.82077e-11
 - 1	Background_fail_HIGH_bin_5-1
 - -1.02959e-08	r
 - 2.67097e-09	SVM
 - 4.14655e-10	Background_fail_HIGH_bin_4-1
 - 2.00697e-10	Background_fail_LOW_bin_1-1
Eigenvalue 15 : -0.0119442
 - 0.97089	r
 - -0.2337	SVM
 - -0.050304	Background_fail_HIGH_bin_4-1
 - -0.0139406	Background_fail_HIGH_bin_3-1
 - -0.00424264	Background_fail_HIGH_bin_2-1
>> Attempt 0 failed, remove the variable with largest eigenvector component...
>> Dropping SVM from the hessian
>> Verifying eigenvalues are all positive (iteration 1)
Eigenvalue 13 : -5.82075e-11
 - 1	Background_fail_HIGH_bin_5-1
 - -6.67039e-07	r
 - 3.64842e-08	Background_fail_HIGH_bin_4-1
 - 1.01204e-08	Background_fail_HIGH_bin_3-1
 - 3.10275e-09	Background_fail_HIGH_bin_2-1
Eigenvalue 14 : -0.000198419
 - 0.998364	r
 - -0.0547775	Background_fail_HIGH_bin_4-1
 - -0.0151784	Background_fail_HIGH_bin_3-1
 - -0.00461195	Background_fail_HIGH_bin_2-1
 - -0.00375313	lumi
>> Attempt 1 failed, remove the variable with largest eigenvector component...
>> Dropping Background_fail_HIGH_bin_4-1 from the hessian
>> Verifying eigenvalues are all positive (iteration 2)
Eigenvalue 13 : -5.82077e-11
 - -1	Background_fail_HIGH_bin_5-1
 - -3.26857e-07	r
 - 5.00503e-09	Background_fail_HIGH_bin_3-1
 - 1.49299e-09	Background_fail_HIGH_bin_2-1
 - 1.34406e-09	lumi
>> Attempt 2 failed, remove the variable with largest eigenvector component...
>> Dropping Background_fail_HIGH_bin_5-1 from the hessian
>> Verifying eigenvalues are all positive (iteration 3)
>> All eigenvalues are positive
>> Inverting Hessian...
>> Matrix inverted
>> Note: the following parameters were dropped to make the covariance matrix pos-def:
     - SVM
     - Background_fail_HIGH_bin_4-1
     - Background_fail_HIGH_bin_5-1

 --- FitDiagnostics ---
Best fit r: 2.35264e-09  -2.35264e-09/+10  (68% CL)
Done in 0.00 min (cpu), 0.00 min (real)
