CascadeMinimizer.cc[188] : (in function: improveOnce) - Minimization configured with Type=Minuit2, Algo=Migrad, strategy=1, tolerance=0.1
CascadeMinimizer.cc[215] : (in function: improveOnce) - Minimization finished with status=-1
CascadeMinimizer.cc[220] : (in function: improveOnce) - Minimization ended with latest status != 0 or 1
ToyMCSamplerOpt.cc[146] : (in function: generateAsimov) - Using internal logic for binned/unbinned Asimov dataset generation
ToyMCSamplerOpt.cc[214] : (in function: generateWithHisto) - Generating asimov with histogram for pdf pdf_binpass_LOW_obsOnly: in 4 x-bins
ToyMCSamplerOpt.cc[215] : (in function: generateWithHisto) -  , in 1 y-bins
ToyMCSamplerOpt.cc[146] : (in function: generateAsimov) - Using internal logic for binned/unbinned Asimov dataset generation
ToyMCSamplerOpt.cc[214] : (in function: generateWithHisto) - Generating asimov with histogram for pdf pdf_binpass_SIG_obsOnly: in 2 x-bins
ToyMCSamplerOpt.cc[215] : (in function: generateWithHisto) -  , in 1 y-bins
ToyMCSamplerOpt.cc[146] : (in function: generateAsimov) - Using internal logic for binned/unbinned Asimov dataset generation
ToyMCSamplerOpt.cc[214] : (in function: generateWithHisto) - Generating asimov with histogram for pdf pdf_binpass_HIGH_obsOnly: in 5 x-bins
ToyMCSamplerOpt.cc[215] : (in function: generateWithHisto) -  , in 1 y-bins
ToyMCSamplerOpt.cc[146] : (in function: generateAsimov) - Using internal logic for binned/unbinned Asimov dataset generation
ToyMCSamplerOpt.cc[214] : (in function: generateWithHisto) - Generating asimov with histogram for pdf pdf_binfail_LOW_obsOnly: in 4 x-bins
ToyMCSamplerOpt.cc[215] : (in function: generateWithHisto) -  , in 1 y-bins
ToyMCSamplerOpt.cc[146] : (in function: generateAsimov) - Using internal logic for binned/unbinned Asimov dataset generation
ToyMCSamplerOpt.cc[214] : (in function: generateWithHisto) - Generating asimov with histogram for pdf pdf_binfail_SIG_obsOnly: in 2 x-bins
ToyMCSamplerOpt.cc[215] : (in function: generateWithHisto) -  , in 1 y-bins
ToyMCSamplerOpt.cc[146] : (in function: generateAsimov) - Using internal logic for binned/unbinned Asimov dataset generation
ToyMCSamplerOpt.cc[214] : (in function: generateWithHisto) - Generating asimov with histogram for pdf pdf_binfail_HIGH_obsOnly: in 5 x-bins
ToyMCSamplerOpt.cc[215] : (in function: generateWithHisto) -  , in 1 y-bins
AsymptoticLimits.cc[428] : (in function: runLimitExpected) - Median for expected limits = 0.000205517, Sigma for expected limits = 0.000104857
AsymptoticLimits.cc[191] : (in function: runLimit) - NLL at global minimum of data = -1.81075e+07 (r=9.14462e-05)
AsymptoticLimits.cc[211] : (in function: runLimit) - NLL at global minimum of asimov = -1.81043e+07 (r=0.000910619)
AsymptoticLimits.cc[337] : (in function: getCLs) - At r = 2.398837:	q_mu = 34745130.56472	q_A  = 34823783.69808	Pmu = 0.00000	1-Pb  = 1.00000	CLs  = 0.00000
AsymptoticLimits.cc[337] : (in function: getCLs) - At r = 1.199464:	q_mu = 15601452.04487	q_A  = 15864715.92849	Pmu = 0.00000	1-Pb  = 1.00000	CLs  = 0.00000
AsymptoticLimits.cc[337] : (in function: getCLs) - At r = 0.599778:	q_mu = 6822074.19533	q_A  = 7063017.01799	Pmu = 0.00000	1-Pb  = 1.00000	CLs  = 0.00000
AsymptoticLimits.cc[337] : (in function: getCLs) - At r = 0.299935:	q_mu = 2871284.94440	q_A  = 2866926.40795	Pmu = 0.00000	1-Pb  = 0.09903	CLs  = 0.00000
AsymptoticLimits.cc[337] : (in function: getCLs) - At r = 0.150013:	q_mu = 1092850.45754	q_A  = 1100567.33699	Pmu = 0.00000	1-Pb  = 0.99989	CLs  = 0.00000
AsymptoticLimits.cc[337] : (in function: getCLs) - At r = 0.075052:	q_mu = 379354.21611	q_A  = 382682.73574	Pmu = 0.00000	1-Pb  = 0.99649	CLs  = 0.00000
AsymptoticLimits.cc[337] : (in function: getCLs) - At r = 0.037572:	q_mu = 110708.62965	q_A  = 112617.54507	Pmu = 0.00000	1-Pb  = 0.99786	CLs  = 0.00000
AsymptoticLimits.cc[337] : (in function: getCLs) - At r = 0.018832:	q_mu = 26908.09115	q_A  = 27620.12973	Pmu = 0.00000	1-Pb  = 0.98447	CLs  = 0.00000
AsymptoticLimits.cc[337] : (in function: getCLs) - At r = 0.009462:	q_mu = 5216.26678	q_A  = 4820.05208	Pmu = 0.00000	1-Pb  = 0.00216	CLs  = 0.00000
AsymptoticLimits.cc[337] : (in function: getCLs) - At r = 0.004776:	q_mu = 778.95306	q_A  = 507.25297	Pmu = 0.00000	1-Pb  = 0.00000	CLs  = 0.00000
AsymptoticLimits.cc[337] : (in function: getCLs) - At r = 0.002434:	q_mu = 115.60967	q_A  = 38.53690	Pmu = 0.00000	1-Pb  = 0.00000	CLs  = 0.00000
AsymptoticLimits.cc[337] : (in function: getCLs) - At r = 0.001263:	q_mu = 47.55601	q_A  = 3.00193	Pmu = 0.00000	1-Pb  = 0.00000	CLs  = 0.00000
AsymptoticLimits.cc[337] : (in function: getCLs) - At r = 0.000677:	q_mu = 19.97801	q_A  = 3.82408	Pmu = 0.00000	1-Pb  = 0.00002	CLs  = 0.00003
AsymptoticLimits.cc[337] : (in function: getCLs) - At r = 0.000384:	q_mu = 5.66249	q_A  = 32.57561	Pmu = 0.00867	1-Pb  = 0.99956	CLs  = 0.00867
AsymptoticLimits.cc[337] : (in function: getCLs) - At r = 0.000238:	q_mu = 1.29324	q_A  = 0.00000	Pmu = 0.00000	1-Pb  = 0.00000	CLs  = 0.00000
AsymptoticLimits.cc[337] : (in function: getCLs) - At r = 0.000165:	q_mu = 0.17416	q_A  = 0.00000	Pmu = 0.00000	1-Pb  = 0.00000	CLs  = 0.00000
AsymptoticLimits.cc[337] : (in function: getCLs) - At r = 0.000128:	q_mu = 0.00000	q_A  = 0.00000	Pmu = 0.50000	1-Pb  = 0.50000	CLs  = 1.00000
AsymptoticLimits.cc[337] : (in function: getCLs) - At r = 0.000146:	q_mu = 0.00000	q_A  = 0.00000	Pmu = 0.50000	1-Pb  = 0.50000	CLs  = 1.00000
AsymptoticLimits.cc[337] : (in function: getCLs) - At r = 0.000155:	q_mu = 0.08129	q_A  = 0.00000	Pmu = 0.00000	1-Pb  = 0.00000	CLs  = 0.00000
AsymptoticLimits.cc[337] : (in function: getCLs) - At r = 0.000151:	q_mu = 0.03891	q_A  = 0.00000	Pmu = 0.00000	1-Pb  = 0.00000	CLs  = 0.00000
AsymptoticLimits.cc[337] : (in function: getCLs) - At r = 0.000149:	q_mu = 0.01875	q_A  = 0.00000	Pmu = 0.00000	1-Pb  = 0.00000	CLs  = 0.00000
AsymptoticLimits.cc[337] : (in function: getCLs) - At r = 0.000147:	q_mu = 0.00892	q_A  = 0.00000	Pmu = 0.00000	1-Pb  = 0.00000	CLs  = 0.00000
AsymptoticLimits.cc[337] : (in function: getCLs) - At r = 0.000147:	q_mu = 0.00409	q_A  = 0.00000	Pmu = 0.00000	1-Pb  = 0.00000	CLs  = 0.00000
AsymptoticLimits.cc[337] : (in function: getCLs) - At r = 0.000147:	q_mu = 0.00173	q_A  = 0.00000	Pmu = 0.00000	1-Pb  = 0.00000	CLs  = 0.00000
AsymptoticLimits.cc[337] : (in function: getCLs) - At r = 0.000146:	q_mu = 0.00045	q_A  = 0.00000	Pmu = 0.00000	1-Pb  = 0.00000	CLs  = 0.00000
AsymptoticLimits.cc[337] : (in function: getCLs) - At r = 0.000146:	q_mu = 0.00000	q_A  = 0.00000	Pmu = 0.50000	1-Pb  = 0.50000	CLs  = 1.00000
