 <<< Combine >>> 
 <<< v10.0.1 >>>
>>> Random number generator seed is 123456
>>> Method used is FitDiagnostics
Set Default Value of Parameter mask_pass_SIG To : 1
Set Default Value of Parameter mask_pass_HIGH To : 1
Set Default Value of Parameter r To : 1
>>> 2 out of 6 channels masked

>> Found 16 floating parameters
>> The following parameters are protected in the event of negative eigenvalues: r
>> Verifying eigenvalues are all positive (iteration 0)
Eigenvalue 15 : -0.00288199
 - -0.992072	r
 - 0.118713	SVM
 - 0.0388841	Background_fail_HIGH_bin_4-1
 - 0.0122929	Background_fail_HIGH_bin_3-1
 - 0.00445855	Background_fail_HIGH_bin_2-1
>> Attempt 0 failed, remove the variable with largest eigenvector component...
>> Dropping SVM from the hessian
>> Verifying eigenvalues are all positive (iteration 1)
Eigenvalue 14 : -0.000104837
 - 0.999113	r
 - -0.0397062	Background_fail_HIGH_bin_4-1
 - -0.0125524	Background_fail_HIGH_bin_3-1
 - -0.00455088	Background_fail_HIGH_bin_2-1
 - -0.00372989	lumi
>> Attempt 1 failed, remove the variable with largest eigenvector component...
>> Dropping Background_fail_HIGH_bin_4-1 from the hessian
>> Verifying eigenvalues are all positive (iteration 2)
Eigenvalue 13 : -5.55112e-17
 - 1	Background_fail_HIGH_bin_5-1
 - 4.87171e-07	r
 - -6.13153e-09	Background_fail_HIGH_bin_3-1
 - -2.3573e-09	Background_fail_HIGH_bin_2-1
 - -1.97176e-09	lumi
>> Attempt 2 failed, remove the variable with largest eigenvector component...
>> Dropping Background_fail_HIGH_bin_5-1 from the hessian
>> Verifying eigenvalues are all positive (iteration 3)
>> All eigenvalues are positive
>> Inverting Hessian...
>> Matrix inverted
>> Note: the following parameters were dropped to make the covariance matrix pos-def:
     - SVM
     - Background_fail_HIGH_bin_4-1
     - Background_fail_HIGH_bin_5-1

 --- FitDiagnostics ---
Best fit r: 5.97026e-11  -5.97026e-11/+10  (68% CL)
Done in 0.00 min (cpu), 0.00 min (real)
