 <<< Combine >>> 
 <<< v10.0.1 >>>
>>> Random number generator seed is 123456
>>> Method used is FitDiagnostics
Set Default Value of Parameter mask_pass_SIG To : 1
Set Default Value of Parameter mask_pass_HIGH To : 1
Set Default Value of Parameter r To : 1
>>> 2 out of 6 channels masked

>> Found 16 floating parameters
>> The following parameters are protected in the event of negative eigenvalues: r
>> Verifying eigenvalues are all positive (iteration 0)
Eigenvalue 14 : -5.82077e-11
 - 1	Background_fail_HIGH_bin_5-1
 - -9.33586e-08	r
 - 1.05379e-08	SVM
 - 1.93591e-09	Background_fail_HIGH_bin_4-1
 - 4.93675e-10	Background_fail_HIGH_bin_3-1
Eigenvalue 15 : -0.00248831
 - 0.993485	r
 - -0.111899	SVM
 - -0.0203468	Background_fail_HIGH_bin_4-1
 - -0.00585756	Background_fail_HIGH_bin_3-1
 - -0.00346836	lumi
>> Attempt 0 failed, remove the variable with largest eigenvector component...
>> Dropping SVM from the hessian
>> Verifying eigenvalues are all positive (iteration 1)
Eigenvalue 13 : -5.82058e-11
 - -1	Background_fail_HIGH_bin_5-1
 - 7.84025e-06	r
 - -1.62578e-07	Background_fail_HIGH_bin_4-1
 - -4.67389e-08	Background_fail_HIGH_bin_3-1
 - -2.7727e-08	lumi
Eigenvalue 14 : -2.96928e-05
 - -0.999758	r
 - 0.0207282	Background_fail_HIGH_bin_4-1
 - 0.00596719	Background_fail_HIGH_bin_3-1
 - 0.00353509	lumi
 - 0.0022176	Background_fail_HIGH_bin_2-1
>> Attempt 1 failed, remove the variable with largest eigenvector component...
>> Dropping Background_fail_HIGH_bin_4-1 from the hessian
>> Verifying eigenvalues are all positive (iteration 2)
Eigenvalue 13 : -5.82087e-11
 - -1	Background_fail_HIGH_bin_5-1
 - -4.16926e-06	r
 - 2.49521e-08	Background_fail_HIGH_bin_3-1
 - 1.47446e-08	lumi
 - 9.2689e-09	Background_fail_HIGH_bin_2-1
>> Attempt 2 failed, remove the variable with largest eigenvector component...
>> Dropping Background_fail_HIGH_bin_5-1 from the hessian
>> Verifying eigenvalues are all positive (iteration 3)
>> All eigenvalues are positive
>> Inverting Hessian...
>> Matrix inverted
>> Note: the following parameters were dropped to make the covariance matrix pos-def:
     - SVM
     - Background_fail_HIGH_bin_4-1
     - Background_fail_HIGH_bin_5-1

 --- FitDiagnostics ---
Best fit r: 2.13399e-11  -2.13399e-11/+10  (68% CL)
Done in 0.00 min (cpu), 0.00 min (real)
