 <<< Combine >>> 
 <<< v10.0.1 >>>
>>> Random number generator seed is 123456
>>> Method used is FitDiagnostics
Set Default Value of Parameter mask_pass_SIG To : 1
Set Default Value of Parameter mask_pass_HIGH To : 1
Set Default Value of Parameter r To : 1
>>> 2 out of 6 channels masked

>> Found 16 floating parameters
>> The following parameters are protected in the event of negative eigenvalues: r
>> Verifying eigenvalues are all positive (iteration 0)
Eigenvalue 14 : -5.82076e-11
 - -1	Background_fail_HIGH_bin_5-1
 - 3.0269e-09	r
 - -1.0371e-09	Background_fail_SIG_bin_2-1
 - -1.00973e-09	Background_fail_HIGH_bin_1-1
 - -7.73768e-10	Background_fail_HIGH_bin_2-1
Eigenvalue 15 : -0.00275555
 - 0.800888	r
 - -0.282582	Background_fail_SIG_bin_2-1
 - -0.266191	Background_fail_HIGH_bin_1-1
 - -0.23175	Background_fail_HIGH_bin_2-1
 - -0.202421	Background_fail_HIGH_bin_3-1
>> Attempt 0 failed, remove the variable with largest eigenvector component...
>> Dropping Background_fail_SIG_bin_2-1 from the hessian
>> Verifying eigenvalues are all positive (iteration 1)
Eigenvalue 14 : -5.82077e-11
 - 1	Background_fail_HIGH_bin_5-1
 - 4.67869e-10	r
 - -2.51068e-10	Background_fail_HIGH_bin_2-1
 - -2.43175e-10	Background_fail_HIGH_bin_4-1
 - 1.9123e-10	Background_rpf_expo_par0
>> Attempt 1 failed, remove the variable with largest eigenvector component...
>> Dropping Background_fail_HIGH_bin_5-1 from the hessian
>> Verifying eigenvalues are all positive (iteration 2)
>> All eigenvalues are positive
>> Inverting Hessian...
>> Matrix inverted
>> Note: the following parameters were dropped to make the covariance matrix pos-def:
     - Background_fail_SIG_bin_2-1
     - Background_fail_HIGH_bin_5-1

 --- FitDiagnostics ---
Best fit r: 4.12205e-10  -4.12205e-10/+10  (68% CL)
Done in 0.00 min (cpu), 0.00 min (real)
