 <<< Combine >>> 
 <<< v10.0.1 >>>
>>> Random number generator seed is 123456
>>> Method used is FitDiagnostics
Set Default Value of Parameter mask_pass_SIG To : 1
Set Default Value of Parameter mask_pass_HIGH To : 1
Set Default Value of Parameter r To : 1
>>> 2 out of 6 channels masked

>> Found 16 floating parameters
>> The following parameters are protected in the event of negative eigenvalues: r
>> Verifying eigenvalues are all positive (iteration 0)
Eigenvalue 14 : -5.82077e-11
 - 1	Background_fail_HIGH_bin_5-1
 - 6.88716e-09	r
 - -1.90818e-09	Background_fail_HIGH_bin_4-1
 - -7.77666e-10	Background_fail_HIGH_bin_3-1
 - -5.94629e-10	SVM
Eigenvalue 15 : -0.00659056
 - -0.960619	r
 - 0.230603	Background_fail_HIGH_bin_4-1
 - 0.105001	Background_fail_HIGH_bin_3-1
 - 0.0993998	SVM
 - 0.0499551	Background_fail_HIGH_bin_2-1
>> Attempt 0 failed, remove the variable with largest eigenvector component...
>> Dropping Background_fail_HIGH_bin_4-1 from the hessian
>> Verifying eigenvalues are all positive (iteration 1)
Eigenvalue 14 : -5.82077e-11
 - 1	Background_fail_HIGH_bin_5-1
 - -1.10133e-08	r
 - 1.31917e-09	SVM
 - 1.24357e-09	Background_fail_HIGH_bin_3-1
 - 4.39294e-10	Background_fail_HIGH_bin_2-1
>> Attempt 1 failed, remove the variable with largest eigenvector component...
>> Dropping Background_fail_HIGH_bin_5-1 from the hessian
>> Verifying eigenvalues are all positive (iteration 2)
>> All eigenvalues are positive
>> Inverting Hessian...
>> Matrix inverted
>> Note: the following parameters were dropped to make the covariance matrix pos-def:
     - Background_fail_HIGH_bin_4-1
     - Background_fail_HIGH_bin_5-1

 --- FitDiagnostics ---
Best fit r: 2.2043e-10  -2.2043e-10/+10  (68% CL)
Done in 0.00 min (cpu), 0.00 min (real)
