 <<< Combine >>> 
 <<< v10.0.1 >>>
>>> Random number generator seed is 123456
>>> Method used is FitDiagnostics
Set Default Value of Parameter mask_pass_SIG To : 1
Set Default Value of Parameter mask_pass_HIGH To : 1
Set Default Value of Parameter r To : 1
>>> 2 out of 6 channels masked

>> Found 16 floating parameters
>> The following parameters are protected in the event of negative eigenvalues: r
>> Verifying eigenvalues are all positive (iteration 0)
Eigenvalue 14 : -5.82077e-11
 - -1	Background_fail_HIGH_bin_5-1
 - 8.64123e-10	r
 - -1.62487e-10	Background_fail_LOW_bin_4-1
 - 1.52965e-10	Background_fail_LOW_bin_1-1
 - -1.41713e-10	Background_rpf_expo_par1
Eigenvalue 15 : -0.00906243
 - 0.975403	r
 - -0.202081	SVM
 - -0.083089	Background_fail_HIGH_bin_4-1
 - -0.0269723	Background_fail_HIGH_bin_3-1
 - -0.0097862	Background_fail_HIGH_bin_2-1
>> Attempt 0 failed, remove the variable with largest eigenvector component...
>> Dropping SVM from the hessian
>> Verifying eigenvalues are all positive (iteration 1)
Eigenvalue 13 : -5.82077e-11
 - 1	Background_fail_HIGH_bin_5-1
 - -3.61565e-09	r
 - 2.27293e-10	Background_fail_HIGH_bin_4-1
 - 1.63007e-10	Background_fail_LOW_bin_4-1
 - -1.52923e-10	Background_fail_LOW_bin_1-1
Eigenvalue 14 : -0.000530381
 - -0.995599	r
 - 0.0884358	Background_fail_HIGH_bin_4-1
 - 0.0287052	Background_fail_HIGH_bin_3-1
 - 0.0104027	Background_fail_HIGH_bin_2-1
 - 0.00383321	Background_fail_HIGH_bin_1-1
>> Attempt 1 failed, remove the variable with largest eigenvector component...
>> Dropping Background_fail_HIGH_bin_4-1 from the hessian
>> Verifying eigenvalues are all positive (iteration 2)
Eigenvalue 13 : -5.82077e-11
 - 1	Background_fail_HIGH_bin_5-1
 - 2.45077e-10	r
 - 1.62278e-10	Background_fail_LOW_bin_4-1
 - -1.52982e-10	Background_fail_LOW_bin_1-1
 - 1.41871e-10	Background_rpf_expo_par1
>> Attempt 2 failed, remove the variable with largest eigenvector component...
>> Dropping Background_fail_HIGH_bin_5-1 from the hessian
>> Verifying eigenvalues are all positive (iteration 3)
>> All eigenvalues are positive
>> Inverting Hessian...
>> Matrix inverted
>> Note: the following parameters were dropped to make the covariance matrix pos-def:
     - SVM
     - Background_fail_HIGH_bin_4-1
     - Background_fail_HIGH_bin_5-1

 --- FitDiagnostics ---
Best fit r: 1.82933e-12  -1.82933e-12/+10  (68% CL)
Done in 0.00 min (cpu), 0.00 min (real)
