 <<< Combine >>> 
 <<< v10.0.1 >>>
>>> Random number generator seed is 123456
>>> Method used is FitDiagnostics
Set Default Value of Parameter mask_pass_SIG To : 1
Set Default Value of Parameter mask_pass_HIGH To : 1
Set Default Value of Parameter r To : 1
>>> 2 out of 6 channels masked

>> Found 16 floating parameters
>> The following parameters are protected in the event of negative eigenvalues: r
>> Verifying eigenvalues are all positive (iteration 0)
Eigenvalue 14 : -5.82076e-11
 - 1	Background_fail_HIGH_bin_5-1
 - -4.91354e-08	r
 - 5.84703e-09	Background_fail_HIGH_bin_4-1
 - 5.73106e-09	SVM
 - 2.33064e-09	Background_fail_HIGH_bin_3-1
Eigenvalue 15 : -0.00333385
 - -0.986177	r
 - 0.114313	Background_fail_HIGH_bin_4-1
 - 0.110057	SVM
 - 0.0434162	Background_fail_HIGH_bin_3-1
 - 0.0176383	Background_fail_HIGH_bin_2-1
>> Attempt 0 failed, remove the variable with largest eigenvector component...
>> Dropping Background_fail_HIGH_bin_4-1 from the hessian
>> Verifying eigenvalues are all positive (iteration 1)
Eigenvalue 13 : -5.82077e-11
 - 1	Background_fail_HIGH_bin_5-1
 - -2.55254e-07	r
 - 2.91345e-08	SVM
 - 1.15566e-08	Background_fail_HIGH_bin_3-1
 - 4.7717e-09	Background_fail_HIGH_bin_2-1
Eigenvalue 14 : -0.000655334
 - -0.992482	r
 - 0.112305	SVM
 - 0.0442786	Background_fail_HIGH_bin_3-1
 - 0.0179818	Background_fail_HIGH_bin_2-1
 - 0.00781827	Background_fail_HIGH_bin_1-1
>> Attempt 1 failed, remove the variable with largest eigenvector component...
>> Dropping SVM from the hessian
>> Verifying eigenvalues are all positive (iteration 2)
Eigenvalue 13 : -5.82076e-11
 - -1	Background_fail_HIGH_bin_5-1
 - -9.60623e-08	r
 - 4.16849e-09	Background_fail_HIGH_bin_3-1
 - 1.61376e-09	Background_fail_HIGH_bin_2-1
 - 7.69532e-10	Background_fail_HIGH_bin_1-1
>> Attempt 2 failed, remove the variable with largest eigenvector component...
>> Dropping Background_fail_HIGH_bin_5-1 from the hessian
>> Verifying eigenvalues are all positive (iteration 3)
>> All eigenvalues are positive
>> Inverting Hessian...
>> Matrix inverted
>> Note: the following parameters were dropped to make the covariance matrix pos-def:
     - Background_fail_HIGH_bin_4-1
     - SVM
     - Background_fail_HIGH_bin_5-1

 --- FitDiagnostics ---
Best fit r: 7.43389e-13  -7.43389e-13/+10  (68% CL)
Done in 0.00 min (cpu), 0.00 min (real)
