 <<< Combine >>> 
 <<< v10.0.1 >>>
>>> Random number generator seed is 123456
>>> Method used is FitDiagnostics
Set Default Value of Parameter mask_pass_SIG To : 1
Set Default Value of Parameter mask_pass_HIGH To : 1
Set Default Value of Parameter r To : 1
>>> 2 out of 6 channels masked

>> Found 16 floating parameters
>> The following parameters are protected in the event of negative eigenvalues: r
>> Verifying eigenvalues are all positive (iteration 0)
Eigenvalue 15 : -0.00986306
 - 0.896962	r
 - -0.275895	Background_fail_HIGH_bin_4-1
 - -0.239979	Background_fail_HIGH_bin_3-1
 - -0.191847	Background_fail_HIGH_bin_2-1
 - -0.116228	Background_fail_HIGH_bin_1-1
>> Attempt 0 failed, remove the variable with largest eigenvector component...
>> Dropping Background_fail_HIGH_bin_4-1 from the hessian
>> Verifying eigenvalues are all positive (iteration 1)
Eigenvalue 14 : -5.55112e-17
 - 1	Background_fail_HIGH_bin_5-1
 - -4.52805e-09	r
 - 1.14979e-09	Background_fail_HIGH_bin_3-1
 - 1.05294e-09	Background_fail_HIGH_bin_2-1
 - 6.185e-10	Background_fail_HIGH_bin_1-1
>> Attempt 1 failed, remove the variable with largest eigenvector component...
>> Dropping Background_fail_HIGH_bin_5-1 from the hessian
>> Verifying eigenvalues are all positive (iteration 2)
>> All eigenvalues are positive
>> Inverting Hessian...
>> Matrix inverted
>> Note: the following parameters were dropped to make the covariance matrix pos-def:
     - Background_fail_HIGH_bin_4-1
     - Background_fail_HIGH_bin_5-1

 --- FitDiagnostics ---
Best fit r: 9.31304e-11  -9.31304e-11/+0.625  (68% CL)
Done in 0.00 min (cpu), 0.00 min (real)
