 <<< Combine >>> 
 <<< v10.0.1 >>>
>>> Random number generator seed is 123456
>>> Method used is FitDiagnostics
Set Default Value of Parameter mask_pass_SIG To : 1
Set Default Value of Parameter mask_pass_HIGH To : 1
Set Default Value of Parameter r To : 1
>>> 2 out of 6 channels masked

>> Found 16 floating parameters
>> The following parameters are protected in the event of negative eigenvalues: r
>> Verifying eigenvalues are all positive (iteration 0)
Eigenvalue 15 : -0.00297775
 - 0.991073	r
 - -0.117891	SVM
 - -0.0585055	Background_fail_HIGH_bin_4-1
 - -0.0195999	Background_fail_HIGH_bin_3-1
 - -0.00689301	Background_fail_HIGH_bin_2-1
>> Attempt 0 failed, remove the variable with largest eigenvector component...
>> Dropping SVM from the hessian
>> Verifying eigenvalues are all positive (iteration 1)
Eigenvalue 13 : -5.55112e-17
 - 1	Background_fail_HIGH_bin_5-1
 - -1.71172e-07	r
 - 1.04067e-08	Background_fail_HIGH_bin_4-1
 - 3.59013e-09	Background_fail_HIGH_bin_3-1
 - 1.35471e-09	Background_fail_HIGH_bin_2-1
Eigenvalue 14 : -0.0002382
 - -0.997979	r
 - 0.0597232	Background_fail_HIGH_bin_4-1
 - 0.0200072	Background_fail_HIGH_bin_3-1
 - 0.00703351	Background_fail_HIGH_bin_2-1
 - 0.00368499	lumi
>> Attempt 1 failed, remove the variable with largest eigenvector component...
>> Dropping Background_fail_HIGH_bin_4-1 from the hessian
>> Verifying eigenvalues are all positive (iteration 2)
Eigenvalue 13 : -5.55112e-17
 - 1	Background_fail_HIGH_bin_5-1
 - 8.99269e-08	r
 - -1.65057e-09	Background_fail_HIGH_bin_3-1
 - -4.87589e-10	Background_fail_HIGH_bin_2-1
 - -2.7686e-10	Background_fail_HIGH_bin_1-1
>> Attempt 2 failed, remove the variable with largest eigenvector component...
>> Dropping Background_fail_HIGH_bin_5-1 from the hessian
>> Verifying eigenvalues are all positive (iteration 3)
>> All eigenvalues are positive
>> Inverting Hessian...
>> Matrix inverted
>> Note: the following parameters were dropped to make the covariance matrix pos-def:
     - SVM
     - Background_fail_HIGH_bin_4-1
     - Background_fail_HIGH_bin_5-1

 --- FitDiagnostics ---
Best fit r: 2.11777e-13  -2.11777e-13/+10  (68% CL)
Done in 0.00 min (cpu), 0.00 min (real)
