 <<< Combine >>> 
 <<< v10.0.1 >>>
>>> Random number generator seed is 123456
>>> Method used is FitDiagnostics
Set Default Value of Parameter mask_pass_SIG To : 1
Set Default Value of Parameter mask_pass_HIGH To : 1
Set Default Value of Parameter r To : 1
>>> 2 out of 6 channels masked

>> Found 16 floating parameters
>> The following parameters are protected in the event of negative eigenvalues: r
>> Verifying eigenvalues are all positive (iteration 0)
Eigenvalue 14 : -5.82077e-11
 - 1	Background_fail_HIGH_bin_5-1
 - -7.39122e-08	r
 - 9.30807e-09	SVM
 - 2.63041e-09	Background_fail_HIGH_bin_4-1
 - 7.59746e-10	Background_fail_HIGH_bin_3-1
Eigenvalue 15 : -0.00314541
 - 0.991516	r
 - -0.124352	SVM
 - -0.0359883	Background_fail_HIGH_bin_4-1
 - -0.0104404	Background_fail_HIGH_bin_3-1
 - -0.00389701	Background_fail_HIGH_bin_2-1
>> Attempt 0 failed, remove the variable with largest eigenvector component...
>> Dropping SVM from the hessian
>> Verifying eigenvalues are all positive (iteration 1)
Eigenvalue 13 : -5.82071e-11
 - 1	Background_fail_HIGH_bin_5-1
 - -2.59932e-06	r
 - 9.5742e-08	Background_fail_HIGH_bin_4-1
 - 2.77709e-08	Background_fail_HIGH_bin_3-1
 - 1.02209e-08	Background_fail_HIGH_bin_2-1
Eigenvalue 14 : -8.97974e-05
 - 0.999249	r
 - -0.0368256	Background_fail_HIGH_bin_4-1
 - -0.0106829	Background_fail_HIGH_bin_3-1
 - -0.0039858	Background_fail_HIGH_bin_2-1
 - -0.00357407	lumi
>> Attempt 1 failed, remove the variable with largest eigenvector component...
>> Dropping Background_fail_HIGH_bin_4-1 from the hessian
>> Verifying eigenvalues are all positive (iteration 2)
Eigenvalue 13 : -5.8208e-11
 - -1	Background_fail_HIGH_bin_5-1
 - -1.29056e-06	r
 - 1.38344e-08	Background_fail_HIGH_bin_3-1
 - 5.30186e-09	Background_fail_HIGH_bin_2-1
 - 4.61818e-09	lumi
>> Attempt 2 failed, remove the variable with largest eigenvector component...
>> Dropping Background_fail_HIGH_bin_5-1 from the hessian
>> Verifying eigenvalues are all positive (iteration 3)
>> All eigenvalues are positive
>> Inverting Hessian...
>> Matrix inverted
>> Note: the following parameters were dropped to make the covariance matrix pos-def:
     - SVM
     - Background_fail_HIGH_bin_4-1
     - Background_fail_HIGH_bin_5-1

 --- FitDiagnostics ---
Best fit r: 1.011e-10  -1.011e-10/+10  (68% CL)
Done in 0.00 min (cpu), 0.00 min (real)
