 <<< Combine >>> 
 <<< v10.0.1 >>>
>>> Random number generator seed is 123456
>>> Method used is FitDiagnostics
Set Default Value of Parameter mask_pass_SIG To : 1
Set Default Value of Parameter mask_pass_HIGH To : 1
Set Default Value of Parameter r To : 1
>>> 2 out of 6 channels masked

>> Found 16 floating parameters
>> The following parameters are protected in the event of negative eigenvalues: r
>> Verifying eigenvalues are all positive (iteration 0)
Eigenvalue 14 : -5.82077e-11
 - -1	Background_fail_HIGH_bin_5-1
 - -4.5952e-09	r
 - 1.08126e-09	SVM
 - 7.38362e-10	Background_fail_HIGH_bin_4-1
 - 3.33594e-10	Background_fail_HIGH_bin_3-1
Eigenvalue 15 : -0.0108107
 - 0.969749	r
 - -0.215984	SVM
 - -0.107541	Background_fail_HIGH_bin_4-1
 - -0.0343275	Background_fail_HIGH_bin_3-1
 - -0.012528	Background_fail_HIGH_bin_2-1
>> Attempt 0 failed, remove the variable with largest eigenvector component...
>> Dropping SVM from the hessian
>> Verifying eigenvalues are all positive (iteration 1)
Eigenvalue 13 : -5.82077e-11
 - -1	Background_fail_HIGH_bin_5-1
 - -5.65926e-08	r
 - 6.81791e-09	Background_fail_HIGH_bin_4-1
 - 2.27397e-09	Background_fail_HIGH_bin_3-1
 - 6.37341e-10	Background_fail_HIGH_bin_2-1
Eigenvalue 14 : -0.0009225
 - 0.992509	r
 - -0.115509	Background_fail_HIGH_bin_4-1
 - -0.0368668	Background_fail_HIGH_bin_3-1
 - -0.0134366	Background_fail_HIGH_bin_2-1
 - -0.00514704	Background_fail_HIGH_bin_1-1
>> Attempt 1 failed, remove the variable with largest eigenvector component...
>> Dropping Background_fail_HIGH_bin_4-1 from the hessian
>> Verifying eigenvalues are all positive (iteration 2)
Eigenvalue 13 : -5.82077e-11
 - -1	Background_fail_HIGH_bin_5-1
 - 3.23313e-08	r
 - -1.04439e-09	Background_fail_HIGH_bin_3-1
 - -5.7192e-10	Background_fail_HIGH_bin_2-1
 - -3.10137e-10	Background_fail_HIGH_bin_1-1
>> Attempt 2 failed, remove the variable with largest eigenvector component...
>> Dropping Background_fail_HIGH_bin_5-1 from the hessian
>> Verifying eigenvalues are all positive (iteration 3)
>> All eigenvalues are positive
>> Inverting Hessian...
>> Matrix inverted
>> Note: the following parameters were dropped to make the covariance matrix pos-def:
     - SVM
     - Background_fail_HIGH_bin_4-1
     - Background_fail_HIGH_bin_5-1

 --- FitDiagnostics ---
Best fit r: 1.03368e-11  -1.03368e-11/+10  (68% CL)
Done in 0.00 min (cpu), 0.00 min (real)
