CascadeMinimizer.cc[188] : (in function: improveOnce) - Minimization configured with Type=Minuit2, Algo=Migrad, strategy=0, tolerance=0.1
CascadeMinimizer.cc[215] : (in function: improveOnce) - Minimization finished with status=0
CascadeMinimizer.cc[219] : (in function: improveOnce) - Minimization success! status=0
ToyMCSamplerOpt.cc[146] : (in function: generateAsimov) - Using internal logic for binned/unbinned Asimov dataset generation
ToyMCSamplerOpt.cc[214] : (in function: generateWithHisto) - Generating asimov with histogram for pdf pdf_binpass_LOW_obsOnly: in 4 x-bins
ToyMCSamplerOpt.cc[215] : (in function: generateWithHisto) -  , in 1 y-bins
ToyMCSamplerOpt.cc[146] : (in function: generateAsimov) - Using internal logic for binned/unbinned Asimov dataset generation
ToyMCSamplerOpt.cc[214] : (in function: generateWithHisto) - Generating asimov with histogram for pdf pdf_binpass_SIG_obsOnly: in 6 x-bins
ToyMCSamplerOpt.cc[215] : (in function: generateWithHisto) -  , in 1 y-bins
ToyMCSamplerOpt.cc[146] : (in function: generateAsimov) - Using internal logic for binned/unbinned Asimov dataset generation
ToyMCSamplerOpt.cc[214] : (in function: generateWithHisto) - Generating asimov with histogram for pdf pdf_binpass_HIGH_obsOnly: in 2 x-bins
ToyMCSamplerOpt.cc[215] : (in function: generateWithHisto) -  , in 1 y-bins
ToyMCSamplerOpt.cc[146] : (in function: generateAsimov) - Using internal logic for binned/unbinned Asimov dataset generation
ToyMCSamplerOpt.cc[214] : (in function: generateWithHisto) - Generating asimov with histogram for pdf pdf_binfail_LOW_obsOnly: in 4 x-bins
ToyMCSamplerOpt.cc[215] : (in function: generateWithHisto) -  , in 1 y-bins
ToyMCSamplerOpt.cc[146] : (in function: generateAsimov) - Using internal logic for binned/unbinned Asimov dataset generation
ToyMCSamplerOpt.cc[214] : (in function: generateWithHisto) - Generating asimov with histogram for pdf pdf_binfail_SIG_obsOnly: in 6 x-bins
ToyMCSamplerOpt.cc[215] : (in function: generateWithHisto) -  , in 1 y-bins
ToyMCSamplerOpt.cc[146] : (in function: generateAsimov) - Using internal logic for binned/unbinned Asimov dataset generation
ToyMCSamplerOpt.cc[214] : (in function: generateWithHisto) - Generating asimov with histogram for pdf pdf_binfail_HIGH_obsOnly: in 2 x-bins
ToyMCSamplerOpt.cc[215] : (in function: generateWithHisto) -  , in 1 y-bins
AsymptoticLimits.cc[428] : (in function: runLimitExpected) - Median for expected limits = 0.507812, Sigma for expected limits = 0.259093
AsymptoticLimits.cc[191] : (in function: runLimit) - NLL at global minimum of data = -379325 (r=3.15555e-07)
AsymptoticLimits.cc[211] : (in function: runLimit) - NLL at global minimum of asimov = -379325 (r=5.85778e-14)
AsymptoticLimits.cc[337] : (in function: getCLs) - At r = 1.200000:	q_mu = 12.69886	q_A  = 10.98743	Pmu = 0.00018	1-Pb  = 0.39814	CLs  = 0.00044
AsymptoticLimits.cc[337] : (in function: getCLs) - At r = 0.600000:	q_mu = 5.99394	q_A  = 4.67109	Pmu = 0.00681	1-Pb  = 0.37979	CLs  = 0.01792
AsymptoticLimits.cc[337] : (in function: getCLs) - At r = 0.300000:	q_mu = 2.98263	q_A  = 2.05963	Pmu = 0.03948	1-Pb  = 0.37389	CLs  = 0.10560
AsymptoticLimits.cc[337] : (in function: getCLs) - At r = 0.461170:	q_mu = 4.59705	q_A  = 3.43474	Pmu = 0.01512	1-Pb  = 0.37692	CLs  = 0.04012
AsymptoticLimits.cc[337] : (in function: getCLs) - At r = 0.399605:	q_mu = 3.97943	q_A  = 2.90038	Pmu = 0.02170	1-Pb  = 0.37570	CLs  = 0.05776
AsymptoticLimits.cc[337] : (in function: getCLs) - At r = 0.431413:	q_mu = 4.29837	q_A  = 3.17522	Pmu = 0.01799	1-Pb  = 0.37632	CLs  = 0.04781
AsymptoticLimits.cc[337] : (in function: getCLs) - At r = 0.419032:	q_mu = 4.17418	q_A  = 3.06790	Pmu = 0.01935	1-Pb  = 0.37608	CLs  = 0.05145
AsymptoticLimits.cc[337] : (in function: getCLs) - At r = 0.425380:	q_mu = 4.23784	q_A  = 3.12286	Pmu = 0.01864	1-Pb  = 0.37620	CLs  = 0.04955
AsymptoticLimits.cc[337] : (in function: getCLs) - At r = 0.422901:	q_mu = 4.21298	q_A  = 3.10139	Pmu = 0.01892	1-Pb  = 0.37615	CLs  = 0.05029
AsymptoticLimits.cc[337] : (in function: getCLs) - At r = 0.424171:	q_mu = 4.22571	q_A  = 3.11238	Pmu = 0.01878	1-Pb  = 0.37618	CLs  = 0.04991
