 <<< Combine >>> 
 <<< v10.0.1 >>>
>>> Random number generator seed is 123456
>>> Method used is FitDiagnostics
Set Default Value of Parameter mask_pass_SIG To : 1
Set Default Value of Parameter mask_pass_HIGH To : 1
Set Default Value of Parameter r To : 1
>>> 2 out of 6 channels masked

>> Found 16 floating parameters
>> The following parameters are protected in the event of negative eigenvalues: r
>> Verifying eigenvalues are all positive (iteration 0)
Eigenvalue 14 : -5.82077e-11
 - -1	Background_fail_HIGH_bin_5-1
 - 2.97658e-08	r
 - -4.00756e-09	Background_fail_HIGH_bin_4-1
 - -3.52831e-09	SVM
 - -1.4381e-09	Background_fail_HIGH_bin_3-1
Eigenvalue 15 : -0.00384824
 - 0.98335	r
 - -0.131324	Background_fail_HIGH_bin_4-1
 - -0.114265	SVM
 - -0.047359	Background_fail_HIGH_bin_3-1
 - -0.0199107	Background_fail_HIGH_bin_2-1
>> Attempt 0 failed, remove the variable with largest eigenvector component...
>> Dropping Background_fail_HIGH_bin_4-1 from the hessian
>> Verifying eigenvalues are all positive (iteration 1)
Eigenvalue 13 : -5.82077e-11
 - 1	Background_fail_HIGH_bin_5-1
 - -3.98562e-07	r
 - 4.72437e-08	SVM
 - 1.95423e-08	Background_fail_HIGH_bin_3-1
 - 8.0694e-09	Background_fail_HIGH_bin_2-1
Eigenvalue 14 : -0.000289478
 - 0.991644	r
 - -0.117368	SVM
 - -0.0486093	Background_fail_HIGH_bin_3-1
 - -0.0204261	Background_fail_HIGH_bin_2-1
 - -0.0079559	Background_fail_HIGH_bin_1-1
>> Attempt 1 failed, remove the variable with largest eigenvector component...
>> Dropping SVM from the hessian
>> Verifying eigenvalues are all positive (iteration 2)
Eigenvalue 13 : -5.82077e-11
 - 1	Background_fail_HIGH_bin_5-1
 - 4.89897e-08	r
 - -2.42801e-09	Background_fail_HIGH_bin_3-1
 - -1.16234e-09	Background_fail_HIGH_bin_2-1
 - -4.39339e-10	Background_fail_HIGH_bin_1-1
>> Attempt 2 failed, remove the variable with largest eigenvector component...
>> Dropping Background_fail_HIGH_bin_5-1 from the hessian
>> Verifying eigenvalues are all positive (iteration 3)
>> All eigenvalues are positive
>> Inverting Hessian...
>> Matrix inverted
>> Note: the following parameters were dropped to make the covariance matrix pos-def:
     - Background_fail_HIGH_bin_4-1
     - SVM
     - Background_fail_HIGH_bin_5-1

 --- FitDiagnostics ---
Best fit r: 3.25288e-15  -3.25288e-15/+10  (68% CL)
Done in 0.00 min (cpu), 0.00 min (real)
