 <<< Combine >>> 
 <<< v10.0.1 >>>
>>> Random number generator seed is 123456
>>> Method used is FitDiagnostics
Set Default Value of Parameter mask_pass_SIG To : 1
Set Default Value of Parameter mask_pass_HIGH To : 1
Set Default Value of Parameter r To : 1
>>> 2 out of 6 channels masked

>> Found 16 floating parameters
>> The following parameters are protected in the event of negative eigenvalues: r
>> Verifying eigenvalues are all positive (iteration 0)
Eigenvalue 14 : -5.82077e-11
 - 1	Background_fail_HIGH_bin_5-1
 - 3.41089e-09	r
 - -1.25647e-09	Background_fail_HIGH_bin_1-1
 - -1.03706e-09	Background_fail_HIGH_bin_4-1
 - -1.02254e-09	Background_fail_SIG_bin_2-1
Eigenvalue 15 : -0.00590297
 - -0.848014	r
 - 0.266913	Background_fail_HIGH_bin_1-1
 - 0.24111	Background_fail_HIGH_bin_2-1
 - 0.218988	Background_fail_HIGH_bin_3-1
 - 0.210168	Background_fail_SIG_bin_2-1
>> Attempt 0 failed, remove the variable with largest eigenvector component...
>> Dropping Background_fail_HIGH_bin_1-1 from the hessian
>> Verifying eigenvalues are all positive (iteration 1)
Eigenvalue 14 : -5.82077e-11
 - 1	Background_fail_HIGH_bin_5-1
 - -2.89592e-09	r
 - 8.47031e-10	Background_fail_HIGH_bin_2-1
 - 7.71065e-10	Background_fail_HIGH_bin_3-1
 - 5.87048e-10	Background_fail_SIG_bin_2-1
>> Attempt 1 failed, remove the variable with largest eigenvector component...
>> Dropping Background_fail_HIGH_bin_5-1 from the hessian
>> Verifying eigenvalues are all positive (iteration 2)
>> All eigenvalues are positive
>> Inverting Hessian...
>> Matrix inverted
>> Note: the following parameters were dropped to make the covariance matrix pos-def:
     - Background_fail_HIGH_bin_1-1
     - Background_fail_HIGH_bin_5-1

 --- FitDiagnostics ---
Best fit r: 2.7314e-08  -2.7314e-08/+10  (68% CL)
Done in 0.00 min (cpu), 0.00 min (real)
