 <<< Combine >>> 
 <<< v10.0.1 >>>
>>> Random number generator seed is 123456
>>> Method used is FitDiagnostics
Set Default Value of Parameter mask_pass_SIG To : 1
Set Default Value of Parameter mask_pass_HIGH To : 1
Set Default Value of Parameter r To : 1
>>> 2 out of 6 channels masked

>> Found 16 floating parameters
>> The following parameters are protected in the event of negative eigenvalues: r
>> Verifying eigenvalues are all positive (iteration 0)
Eigenvalue 14 : -5.55112e-17
 - 1	Background_fail_HIGH_bin_5-1
 - 2.32238e-10	r
 - -8.21761e-11	SVM
 - 7.95592e-11	Background_fail_HIGH_bin_3-1
 - -4.10517e-11	Background_fail_LOW_bin_4-1
Eigenvalue 15 : -0.00915181
 - -0.964347	r
 - 0.180948	Background_fail_HIGH_bin_4-1
 - 0.175015	SVM
 - 0.0751177	Background_fail_HIGH_bin_3-1
 - 0.028721	Background_fail_HIGH_bin_2-1
>> Attempt 0 failed, remove the variable with largest eigenvector component...
>> Dropping Background_fail_HIGH_bin_4-1 from the hessian
>> Verifying eigenvalues are all positive (iteration 1)
Eigenvalue 14 : -0.00192885
 - -0.979108	r
 - 0.184332	SVM
 - 0.0790026	Background_fail_HIGH_bin_3-1
 - 0.0301765	Background_fail_HIGH_bin_2-1
 - 0.0134296	Background_fail_HIGH_bin_1-1
>> Attempt 1 failed, remove the variable with largest eigenvector component...
>> Dropping SVM from the hessian
>> Verifying eigenvalues are all positive (iteration 2)
>> All eigenvalues are positive
>> Inverting Hessian...
>> Matrix inverted
>> Note: the following parameters were dropped to make the covariance matrix pos-def:
     - Background_fail_HIGH_bin_4-1
     - SVM

 --- FitDiagnostics ---
Best fit r: 5.84033e-12  -5.84033e-12/+10  (68% CL)
Done in 0.00 min (cpu), 0.00 min (real)
