 <<< Combine >>> 
 <<< v10.0.1 >>>
>>> Random number generator seed is 123456
>>> Method used is FitDiagnostics
Set Default Value of Parameter mask_pass_SIG To : 1
Set Default Value of Parameter mask_pass_HIGH To : 1
Set Default Value of Parameter r To : 1
>>> 2 out of 6 channels masked

>> Found 16 floating parameters
>> The following parameters are protected in the event of negative eigenvalues: r
>> Verifying eigenvalues are all positive (iteration 0)
Eigenvalue 14 : -5.55112e-17
 - 1	Background_fail_HIGH_bin_5-1
 - 1.24912e-10	Background_fail_LOW_bin_3-1
 - 4.67996e-11	Background_rpf_expo_par0
 - 4.65051e-11	Background_fail_LOW_bin_1-1
 - -3.75403e-11	Background_fail_HIGH_bin_1-1
Eigenvalue 15 : -0.0056232
 - -0.967592	r
 - 0.211134	Background_fail_HIGH_bin_4-1
 - 0.0984725	SVM
 - 0.0860224	Background_fail_HIGH_bin_3-1
 - 0.0408587	Background_fail_HIGH_bin_2-1
>> Attempt 0 failed, remove the variable with largest eigenvector component...
>> Dropping Background_fail_HIGH_bin_4-1 from the hessian
>> Verifying eigenvalues are all positive (iteration 1)
Eigenvalue 14 : -5.55112e-17
 - -1	Background_fail_HIGH_bin_5-1
 - -1.24886e-10	Background_fail_LOW_bin_3-1
 - -4.67738e-11	Background_rpf_expo_par0
 - -4.65052e-11	Background_fail_LOW_bin_1-1
 - 3.86416e-11	Background_fail_HIGH_bin_1-1
>> Attempt 1 failed, remove the variable with largest eigenvector component...
>> Dropping Background_fail_HIGH_bin_5-1 from the hessian
>> Verifying eigenvalues are all positive (iteration 2)
>> All eigenvalues are positive
>> Inverting Hessian...
>> Matrix inverted
>> Note: the following parameters were dropped to make the covariance matrix pos-def:
     - Background_fail_HIGH_bin_4-1
     - Background_fail_HIGH_bin_5-1

 --- FitDiagnostics ---
Best fit r: 1.83221e-10  -1.83221e-10/+10  (68% CL)
Done in 0.00 min (cpu), 0.00 min (real)
