 <<< Combine >>> 
 <<< v10.0.1 >>>
>>> Random number generator seed is 123456
>>> Method used is FitDiagnostics
Set Default Value of Parameter mask_pass_SIG To : 1
Set Default Value of Parameter mask_pass_HIGH To : 1
Set Default Value of Parameter r To : 1
>>> 2 out of 6 channels masked

>> Found 16 floating parameters
>> The following parameters are protected in the event of negative eigenvalues: r
>> Verifying eigenvalues are all positive (iteration 0)
Eigenvalue 14 : -5.82077e-11
 - 1	Background_fail_HIGH_bin_5-1
 - -7.49514e-09	r
 - 2.81611e-09	Background_fail_HIGH_bin_4-1
 - 1.81068e-09	Background_fail_HIGH_bin_3-1
 - 1.40085e-09	SVM
Eigenvalue 15 : -0.0149748
 - -0.901701	r
 - 0.331957	Background_fail_HIGH_bin_4-1
 - 0.202622	Background_fail_HIGH_bin_3-1
 - 0.139336	SVM
 - 0.112036	Background_fail_HIGH_bin_2-1
>> Attempt 0 failed, remove the variable with largest eigenvector component...
>> Dropping Background_fail_HIGH_bin_4-1 from the hessian
>> Verifying eigenvalues are all positive (iteration 1)
Eigenvalue 14 : -5.82077e-11
 - 1	Background_fail_HIGH_bin_5-1
 - 1.02437e-08	r
 - -2.47469e-09	Background_fail_HIGH_bin_3-1
 - -1.5547e-09	SVM
 - -1.41821e-09	Background_fail_HIGH_bin_2-1
>> Attempt 1 failed, remove the variable with largest eigenvector component...
>> Dropping Background_fail_HIGH_bin_5-1 from the hessian
>> Verifying eigenvalues are all positive (iteration 2)
>> All eigenvalues are positive
>> Inverting Hessian...
>> Matrix inverted
>> Note: the following parameters were dropped to make the covariance matrix pos-def:
     - Background_fail_HIGH_bin_4-1
     - Background_fail_HIGH_bin_5-1

 --- FitDiagnostics ---
Best fit r: 6.08976e-13  -6.08976e-13/+10  (68% CL)
Done in 0.00 min (cpu), 0.00 min (real)
