 <<< Combine >>> 
 <<< v10.0.1 >>>
>>> Random number generator seed is 123456
>>> Method used is FitDiagnostics
Set Default Value of Parameter mask_pass_SIG To : 1
Set Default Value of Parameter mask_pass_HIGH To : 1
Set Default Value of Parameter r To : 1
>>> 2 out of 6 channels masked

>> Found 16 floating parameters
>> The following parameters are protected in the event of negative eigenvalues: r
>> Verifying eigenvalues are all positive (iteration 0)
Eigenvalue 15 : -0.00794207
 - -0.950829	r
 - 0.254835	Background_fail_HIGH_bin_4-1
 - 0.124183	Background_fail_HIGH_bin_3-1
 - 0.104452	SVM
 - 0.0607943	Background_fail_HIGH_bin_2-1
>> Attempt 0 failed, remove the variable with largest eigenvector component...
>> Dropping Background_fail_HIGH_bin_4-1 from the hessian
>> Verifying eigenvalues are all positive (iteration 1)
>> All eigenvalues are positive
>> Inverting Hessian...
>> Matrix inverted
>> Note: the following parameters were dropped to make the covariance matrix pos-def:
     - Background_fail_HIGH_bin_4-1

 --- FitDiagnostics ---
Best fit r: 1.921e-10  -1.921e-10/+10  (68% CL)
Done in 0.01 min (cpu), 0.01 min (real)
