 <<< Combine >>> 
 <<< v10.0.1 >>>
>>> Random number generator seed is 123456
>>> Method used is FitDiagnostics
Set Default Value of Parameter mask_pass_SIG To : 1
Set Default Value of Parameter mask_pass_HIGH To : 1
Set Default Value of Parameter r To : 1
>>> 2 out of 6 channels masked

>> Found 16 floating parameters
>> The following parameters are protected in the event of negative eigenvalues: r
>> Verifying eigenvalues are all positive (iteration 0)
Eigenvalue 15 : -0.00263005
 - 0.991664	r
 - -0.109354	SVM
 - -0.0636744	Background_fail_HIGH_bin_4-1
 - -0.0221418	Background_fail_HIGH_bin_3-1
 - -0.00852842	Background_fail_HIGH_bin_2-1
>> Attempt 0 failed, remove the variable with largest eigenvector component...
>> Dropping SVM from the hessian
>> Verifying eigenvalues are all positive (iteration 1)
Eigenvalue 14 : -0.000281758
 - 0.997592	r
 - -0.0648098	Background_fail_HIGH_bin_4-1
 - -0.022536	Background_fail_HIGH_bin_3-1
 - -0.00867736	Background_fail_HIGH_bin_2-1
 - -0.00363997	lumi
>> Attempt 1 failed, remove the variable with largest eigenvector component...
>> Dropping Background_fail_HIGH_bin_4-1 from the hessian
>> Verifying eigenvalues are all positive (iteration 2)
>> All eigenvalues are positive
>> Inverting Hessian...
>> Matrix inverted
>> Note: the following parameters were dropped to make the covariance matrix pos-def:
     - SVM
     - Background_fail_HIGH_bin_4-1

 --- FitDiagnostics ---
Best fit r: 2.38108e-11  -2.38108e-11/+10  (68% CL)
Done in 0.00 min (cpu), 0.00 min (real)
