 <<< Combine >>> 
 <<< v10.0.1 >>>
>>> Random number generator seed is 123456
>>> Method used is FitDiagnostics
Set Default Value of Parameter mask_pass_SIG To : 1
Set Default Value of Parameter mask_pass_HIGH To : 1
Set Default Value of Parameter r To : 1
>>> 2 out of 6 channels masked

>> Found 16 floating parameters
>> The following parameters are protected in the event of negative eigenvalues: r
>> Verifying eigenvalues are all positive (iteration 0)
Eigenvalue 14 : -5.55112e-17
 - 1	Background_fail_HIGH_bin_5-1
 - 1.36081e-08	r
 - -1.66999e-09	SVM
 - -3.43343e-10	Background_fail_HIGH_bin_4-1
 - -2.28466e-10	Background_fail_HIGH_bin_3-1
Eigenvalue 15 : -0.00339788
 - -0.991247	r
 - 0.130407	SVM
 - 0.0195018	Background_fail_HIGH_bin_4-1
 - 0.0053035	Background_fail_HIGH_bin_3-1
 - 0.00345909	lumi
>> Attempt 0 failed, remove the variable with largest eigenvector component...
>> Dropping SVM from the hessian
>> Verifying eigenvalues are all positive (iteration 1)
Eigenvalue 14 : -2.77629e-05
 - -0.999777	r
 - 0.0200027	Background_fail_HIGH_bin_4-1
 - 0.0054395	Background_fail_HIGH_bin_3-1
 - 0.00355027	lumi
 - 0.00151866	Background_fail_HIGH_bin_2-1
>> Attempt 1 failed, remove the variable with largest eigenvector component...
>> Dropping Background_fail_HIGH_bin_4-1 from the hessian
>> Verifying eigenvalues are all positive (iteration 2)
>> All eigenvalues are positive
>> Inverting Hessian...
>> Matrix inverted
>> Note: the following parameters were dropped to make the covariance matrix pos-def:
     - SVM
     - Background_fail_HIGH_bin_4-1

 --- FitDiagnostics ---
Best fit r: 9.25356e-13  -9.25356e-13/+10  (68% CL)
Done in 0.00 min (cpu), 0.00 min (real)
