 <<< Combine >>> 
 <<< v10.0.1 >>>
>>> Random number generator seed is 123456
>>> Method used is FitDiagnostics
Set Default Value of Parameter mask_pass_SIG To : 1
Set Default Value of Parameter mask_pass_HIGH To : 1
Set Default Value of Parameter r To : 1
>>> 2 out of 6 channels masked

>> Found 16 floating parameters
>> The following parameters are protected in the event of negative eigenvalues: r
>> Verifying eigenvalues are all positive (iteration 0)
Eigenvalue 14 : -5.82077e-11
 - -1	Background_fail_HIGH_bin_5-1
 - 6.92786e-10	r
 - -2.12661e-10	Background_fail_LOW_bin_1-1
 - -1.88234e-10	SVM
 - -1.56181e-10	Background_fail_LOW_bin_3-1
Eigenvalue 15 : -0.00405953
 - -0.983675	r
 - 0.125427	Background_fail_HIGH_bin_4-1
 - 0.117617	SVM
 - 0.0479731	Background_fail_HIGH_bin_3-1
 - 0.0202942	Background_fail_HIGH_bin_2-1
>> Attempt 0 failed, remove the variable with largest eigenvector component...
>> Dropping Background_fail_HIGH_bin_4-1 from the hessian
>> Verifying eigenvalues are all positive (iteration 1)
Eigenvalue 13 : -5.82077e-11
 - 1	Background_fail_HIGH_bin_5-1
 - 3.32443e-09	r
 - -3.01934e-10	SVM
 - 2.12631e-10	Background_fail_LOW_bin_1-1
 - -1.88695e-10	Background_fail_HIGH_bin_2-1
Eigenvalue 14 : -0.000725697
 - -0.991222	r
 - 0.120505	SVM
 - 0.049146	Background_fail_HIGH_bin_3-1
 - 0.0207807	Background_fail_HIGH_bin_2-1
 - 0.00923282	Background_fail_HIGH_bin_1-1
>> Attempt 1 failed, remove the variable with largest eigenvector component...
>> Dropping SVM from the hessian
>> Verifying eigenvalues are all positive (iteration 2)
Eigenvalue 13 : -5.82076e-11
 - 1	Background_fail_HIGH_bin_5-1
 - 2.12656e-10	Background_fail_LOW_bin_1-1
 - 1.56078e-10	Background_fail_LOW_bin_3-1
 - -1.49167e-10	Background_rpf_expo_par1
 - -1.43569e-10	Background_fail_LOW_bin_4-1
>> Attempt 2 failed, remove the variable with largest eigenvector component...
>> Dropping Background_fail_HIGH_bin_5-1 from the hessian
>> Verifying eigenvalues are all positive (iteration 3)
>> All eigenvalues are positive
>> Inverting Hessian...
>> Matrix inverted
>> Note: the following parameters were dropped to make the covariance matrix pos-def:
     - Background_fail_HIGH_bin_4-1
     - SVM
     - Background_fail_HIGH_bin_5-1

 --- FitDiagnostics ---
Best fit r: 3.34446e-10  -3.34446e-10/+10  (68% CL)
Done in 0.00 min (cpu), 0.00 min (real)
